  3  2   693 10944  4  4  9 11  7  1    0.00   24.00  100.00  600.00    0.00    6.28   45.00   45.00
  100.0  100.0  100.0  100.0  125.0  150.0  190.0  230.0  275.0  350.0  450.0  600.0  600.0  600.0  600.0
  0.1861421E+03 -0.4609670E+02 -0.3188013E+01  0.0000000E+00
  0.2824048E+03 -0.4855952E+00 -0.6927082E+00  0.0000000E+00
  0.4160343E+03  0.6566044E+01  0.1337354E+02  0.0000000E+00
  0.7251852E+03  0.6125828E+02 -0.4884622E+01  0.0000000E+00
  0.1014481E+04  0.9701564E+02 -0.5255679E+02  0.0000000E+00
  0.1250059E+04  0.6242650E+02 -0.3998131E+01  0.0000000E+00
  0.1498301E+04 -0.1705418E+02 -0.6267717E+00  0.0000000E+00
  0.1659486E+04  0.7731810E+02  0.2821165E+01  0.0000000E+00
  0.1827056E+04  0.3004064E+02 -0.1748071E+02  0.0000000E+00
  0.1888863E+04 -0.4758430E+02 -0.2978778E+02  0.0000000E+00
  0.1926922E+04 -0.9355129E+02 -0.3721918E+02  0.0000000E+00
 -0.2119600E+02 -0.8957078E+02 -0.1518788E+02  0.0000000E+00
  0.4369316E+02 -0.1933548E+02 -0.7680352E+00  0.0000000E+00
  0.4159978E+02 -0.4656337E+01  0.3425963E+01  0.0000000E+00
 -0.2525393E+03 -0.3953887E+02 -0.1315522E+02  0.0000000E+00
 -0.5130234E+03 -0.2013302E+03  0.1134889E+01  0.0000000E+00
 -0.5419579E+03  0.2532782E+02  0.2586671E+02  0.0000000E+00
 -0.4658570E+03  0.1560431E+03  0.1441535E+02  0.0000000E+00
 -0.5726892E+03  0.2322078E+03  0.8338667E+01  0.0000000E+00
 -0.6025119E+03  0.1042805E+03  0.3545607E+01  0.0000000E+00
 -0.5973225E+03 -0.6271109E+02  0.7444364E+01  0.0000000E+00
 -0.5946234E+03 -0.1618916E+03  0.9673984E+01  0.0000000E+00
 -0.2598873E+02  0.1944945E+02 -0.1840020E+00  0.0000000E+00
  0.3332578E+02 -0.1001795E+02 -0.3312977E+01  0.0000000E+00
 -0.1421423E+02 -0.1350469E+01  0.3783567E+01  0.0000000E+00
 -0.4455785E+01  0.3252160E+02 -0.4323160E+01  0.0000000E+00
  0.1430810E+02 -0.6663431E+02 -0.9060301E+01  0.0000000E+00
 -0.3020643E+02 -0.2398558E+02  0.9668786E+01  0.0000000E+00
  0.2227729E+03  0.9171762E+02  0.2653062E+02  0.0000000E+00
  0.2870368E+03  0.1495937E+03  0.5880977E+02  0.0000000E+00
  0.1385888E+03  0.3593644E+02  0.4440525E+02  0.0000000E+00
  0.2757415E+02 -0.3742259E+02  0.3838888E+02  0.0000000E+00
 -0.3907563E+02 -0.8164303E+02  0.3470678E+02  0.0000000E+00
  0.2982418E+01 -0.4734973E+00 -0.1419601E+00  0.0000000E+00
  0.1869612E+01  0.1540068E+01  0.5271827E+00  0.0000000E+00
 -0.5773559E+01 -0.2913799E+01 -0.9341997E+00  0.0000000E+00
  0.6899096E+01  0.4576468E+01  0.1553668E+01  0.0000000E+00
 -0.4157189E+01 -0.8376757E+01 -0.3233383E+01  0.0000000E+00
 -0.7122969E+01  0.1123970E+02  0.4397822E+01  0.0000000E+00
 -0.9206206E+02 -0.7090909E+02 -0.2230005E+02  0.0000000E+00
 -0.1442617E+03 -0.3573121E+02 -0.1090221E+02  0.0000000E+00
 -0.1290743E+03  0.1331903E+02 -0.2795693E+01  0.0000000E+00
 -0.7251859E+02  0.2633126E+02  0.5504039E+00  0.0000000E+00
 -0.3922890E+02  0.3449257E+02  0.2599972E+01  0.0000000E+00
  0.8260877E+00  0.5238588E+00  0.6048830E-01  0.0000000E+00
 -0.1795919E+01  0.6025084E+00  0.1809033E+00  0.0000000E+00
  0.5054565E+01 -0.9196651E+00 -0.3899920E+00  0.0000000E+00
  0.3766429E+01  0.2061099E+01  0.7128857E+00  0.0000000E+00
  0.5743669E+01 -0.2219455E+01 -0.1610043E+01  0.0000000E+00
  0.1109216E+01  0.1632783E+02  0.1760292E+01  0.0000000E+00
 -0.3795832E+02 -0.1175502E+02 -0.8954905E+01  0.0000000E+00
 -0.1808672E+03 -0.9566881E+02 -0.1663654E+02  0.0000000E+00
 -0.1490859E+03 -0.6653697E+02 -0.2704287E+02  0.0000000E+00
 -0.6125102E+02 -0.3456905E+02 -0.1714862E+02  0.0000000E+00
 -0.9475443E+01 -0.1552617E+02 -0.1147067E+02  0.0000000E+00
  0.4116971E+00 -0.6381983E+00 -0.1708575E+00  0.0000000E+00
 -0.3729914E+00  0.6507028E+00  0.3012507E+00  0.0000000E+00
  0.9264724E+01 -0.1512395E+01 -0.5653474E+00  0.0000000E+00
 -0.1433034E+02  0.2206717E+01  0.9388758E+00  0.0000000E+00
 -0.1464029E+01 -0.6414952E+01 -0.2044813E+01  0.0000000E+00
  0.2990118E+02  0.9971862E+01  0.4820263E+01  0.0000000E+00
  0.8660562E+02 -0.3229492E+01 -0.8400786E+01  0.0000000E+00
  0.1826786E+03  0.3376627E+02 -0.5748297E+01  0.0000000E+00
  0.1400382E+03  0.5552039E+01 -0.1950577E+01  0.0000000E+00
  0.5410098E+02  0.1491302E+01  0.1260802E+01  0.0000000E+00
  0.3315510E+01 -0.1204436E+01  0.3182164E+01  0.0000000E+00
 -0.9190293E+00 -0.6580422E+00 -0.7057040E-01  0.0000000E+00
  0.8296167E+01  0.6505905E+00  0.2336757E-01  0.0000000E+00
 -0.1370935E+02 -0.1380403E+01 -0.1967366E-01  0.0000000E+00
  0.2140680E+01  0.1860067E+01  0.9182184E-01  0.0000000E+00
 -0.2105392E+02 -0.5502956E+01 -0.1203301E+01  0.0000000E+00
  0.2037634E+02  0.5592365E+00  0.2748858E+01  0.0000000E+00
 -0.8627021E+02 -0.3407621E+02  0.1332824E+01  0.0000000E+00
 -0.5945029E+02 -0.1710140E+02  0.2578343E+01  0.0000000E+00
 -0.1081078E+02 -0.6216969E+01  0.6426873E+01  0.0000000E+00
  0.3564102E+01 -0.3667178E+01  0.3474413E+01  0.0000000E+00
  0.1252172E+02 -0.2052869E+01  0.1788934E+01  0.0000000E+00
  0.8818857E+00 -0.1241338E+00 -0.2449033E-01  0.0000000E+00
 -0.1704516E+01 -0.5872336E+00  0.8589066E-01  0.0000000E+00
 -0.3974476E+01  0.1050728E+01 -0.1342984E+00  0.0000000E+00
  0.4380188E+01 -0.1568816E+01  0.2261534E+00  0.0000000E+00
  0.9460413E+01  0.2721908E+01 -0.3014173E+00  0.0000000E+00
 -0.4357904E+02 -0.3823636E+01  0.9447801E+00  0.0000000E+00
  0.1059178E+02  0.1003957E+02 -0.2336046E+00  0.0000000E+00
  0.3378137E+02  0.1513344E+02 -0.2117269E+01  0.0000000E+00
  0.1574613E+02  0.8771910E+01  0.1352148E+01  0.0000000E+00
  0.5801227E+01 -0.1831394E+01  0.1991854E+01  0.0000000E+00
 -0.2231001E+00 -0.8107032E+01  0.2404807E+01  0.0000000E+00
  0.1634240E+01 -0.1541535E+00 -0.4246627E-01  0.0000000E+00
 -0.5404491E+01 -0.1684117E-01 -0.6185505E-01  0.0000000E+00
  0.7748338E+01 -0.7429216E-01  0.1165641E+00  0.0000000E+00
  0.8925163E+00  0.2292428E+00 -0.1906038E+00  0.0000000E+00
  0.3590193E+01 -0.8638500E-02 -0.1821539E-01  0.0000000E+00
 -0.7221777E+01  0.2779217E+01 -0.9532659E+00  0.0000000E+00
  0.9990220E+01  0.4603419E+01 -0.2485232E+01  0.0000000E+00
  0.4029869E+02  0.2412032E+02 -0.4636902E+01  0.0000000E+00
  0.2767844E+02  0.6918873E+01 -0.3079000E+01  0.0000000E+00
  0.8037388E+01  0.2301701E+01 -0.5409213E+00  0.0000000E+00
 -0.3601234E+01 -0.5951632E+00  0.9619168E+00  0.0000000E+00
 -0.6333977E+01  0.1656326E+02  0.2090988E+02  0.0000000E+00
 -0.3299669E+02 -0.1514943E+02 -0.1286015E+02  0.0000000E+00
  0.4356290E+02  0.8162144E+01  0.1222112E+02  0.0000000E+00
 -0.1144520E+03 -0.2377378E+02 -0.1628701E+02  0.0000000E+00
 -0.1917281E+03 -0.3822978E+02 -0.3497530E+02  0.0000000E+00
 -0.1033962E+03 -0.7994427E+02  0.2276189E+02  0.0000000E+00
 -0.2468174E+03 -0.1732554E+03 -0.3815441E+02  0.0000000E+00
 -0.1167077E+03 -0.1050387E+03 -0.3575180E+02  0.0000000E+00
 -0.1106679E+03 -0.9060916E+02 -0.1738116E+02  0.0000000E+00
 -0.8243576E+02  0.3491336E+02  0.7701261E+01  0.0000000E+00
 -0.6584255E+02  0.1085492E+03  0.2258791E+02  0.0000000E+00
 -0.2013849E+01  0.8979440E+01  0.1982774E+02  0.0000000E+00
 -0.2039528E+02 -0.1847702E+02 -0.1011861E+02  0.0000000E+00
  0.1300844E+02 -0.8360897E+01  0.4893700E+01  0.0000000E+00
  0.7315513E+02  0.3964147E+02 -0.6457031E+01  0.0000000E+00
 -0.1772417E+03 -0.5740864E+02 -0.5336989E+02  0.0000000E+00
  0.2123896E+03  0.2508558E+02  0.2361278E+02  0.0000000E+00
  0.1908863E+03  0.8017371E+02 -0.6071191E+01  0.0000000E+00
  0.2466429E+03  0.8856214E+02  0.1820367E+01  0.0000000E+00
  0.2059433E+03  0.5834915E+02  0.2248064E+01  0.0000000E+00
  0.2204182E+03  0.8532258E+02 -0.9970982E+01  0.0000000E+00
  0.2284371E+03  0.1007736E+03 -0.1711864E+02  0.0000000E+00
  0.9779327E+01  0.1150412E+02  0.1117879E+02  0.0000000E+00
 -0.2851813E+02 -0.3155806E+02 -0.7428840E+01  0.0000000E+00
  0.2412156E+02  0.2326852E+02  0.1161865E+02  0.0000000E+00
 -0.1696827E+02 -0.5467382E+01 -0.1555018E+02  0.0000000E+00
 -0.8958402E+02 -0.1115212E+02 -0.1613908E+01  0.0000000E+00
  0.1057108E+03 -0.3164122E+02  0.3208621E+02  0.0000000E+00
  0.5624768E+01 -0.6209590E+00  0.2128441E+02  0.0000000E+00
 -0.6433378E+02  0.4038635E+02 -0.7282450E+01  0.0000000E+00
 -0.9712017E+02  0.3236815E+01 -0.3968546E+01  0.0000000E+00
 -0.4345174E+02 -0.5063828E+02  0.1056853E+02  0.0000000E+00
 -0.1240121E+02 -0.8258987E+02  0.1911432E+02  0.0000000E+00
 -0.2396015E+01  0.1637438E+00 -0.4161625E-02  0.0000000E+00
 -0.5410676E+00  0.3276256E+00  0.4260310E+00  0.0000000E+00
  0.1395603E+01 -0.8835428E+00 -0.8270307E+00  0.0000000E+00
 -0.2912209E+01  0.1535178E+01  0.1482930E+01  0.0000000E+00
  0.1940426E+01 -0.3353358E+01 -0.3782231E+01  0.0000000E+00
  0.3307194E+02  0.7788214E+01  0.6392419E+01  0.0000000E+00
  0.4449664E+02 -0.2118270E+02 -0.2682899E+02  0.0000000E+00
  0.6987331E+02 -0.6114157E+02 -0.3087071E+02  0.0000000E+00
  0.9682489E+02 -0.2102509E+02 -0.2691731E+02  0.0000000E+00
  0.5613913E+02  0.1222590E+02 -0.1623252E+02  0.0000000E+00
  0.3261497E+02  0.3212766E+02 -0.9930324E+01  0.0000000E+00
 -0.3804110E+00  0.1985179E+00 -0.9020825E-01  0.0000000E+00
  0.2390479E+01 -0.1008206E+01  0.1679278E+00  0.0000000E+00
 -0.1481442E+01  0.1775841E+01 -0.2733992E+00  0.0000000E+00
  0.3137419E+01 -0.2971901E+01  0.5316815E+00  0.0000000E+00
 -0.1958457E+02  0.4960817E+01 -0.1626562E+01  0.0000000E+00
  0.1654706E+02  0.2572045E+01  0.3115281E+01  0.0000000E+00
 -0.4328557E+02  0.4070152E+02 -0.9708401E+01  0.0000000E+00
 -0.4340523E+02  0.7423643E+01 -0.1302391E+02  0.0000000E+00
 -0.2974589E+02 -0.2329698E+02 -0.5150606E+01  0.0000000E+00
 -0.1061810E+02 -0.1808355E+02 -0.1889794E+01  0.0000000E+00
  0.7311927E+00 -0.1537460E+02  0.1075495E+00  0.0000000E+00
 -0.9944479E-02 -0.8372172E-01  0.9264233E-01  0.0000000E+00
 -0.2297082E+01  0.1207411E+01  0.2839296E+00  0.0000000E+00
  0.3103702E+01 -0.2424419E+01 -0.6099218E+00  0.0000000E+00
 -0.3911006E+01  0.4466152E+01  0.1037765E+01  0.0000000E+00
  0.5411973E+01 -0.5813321E+01 -0.2507104E+01  0.0000000E+00
 -0.3115360E+02  0.5892240E+01  0.3785099E+01  0.0000000E+00
  0.2246306E+02 -0.3190663E+02 -0.7467999E+01  0.0000000E+00
  0.1442616E+02  0.5651781E+01 -0.2545777E+01  0.0000000E+00
 -0.4725599E+01  0.7587036E+01 -0.7263727E+01  0.0000000E+00
 -0.2773864E+01  0.1522104E+02 -0.5320995E+01  0.0000000E+00
 -0.1846706E+01  0.1970427E+02 -0.4235523E+01  0.0000000E+00
 -0.1288644E+01 -0.5145658E-02  0.9824069E-01  0.0000000E+00
 -0.4746645E+01 -0.9603586E+00  0.7096034E-01  0.0000000E+00
  0.1747755E+01  0.1671924E+01 -0.2471664E+00  0.0000000E+00
  0.1660759E+00 -0.2761141E+01  0.4978927E+00  0.0000000E+00
  0.1801998E+02  0.5352379E+01 -0.2423091E+01  0.0000000E+00
 -0.4234485E+02 -0.1768580E+02  0.3076401E+01  0.0000000E+00
 -0.5185007E+01  0.1838641E+01 -0.3186169E+01  0.0000000E+00
  0.1897849E+02 -0.1589096E+02 -0.3363630E+01  0.0000000E+00
  0.3197568E+02 -0.2890886E+01 -0.4941406E+01  0.0000000E+00
  0.1709367E+02  0.5616319E+01 -0.5307572E+01  0.0000000E+00
  0.8527084E+01  0.1073594E+02 -0.5537781E+01  0.0000000E+00
  0.3262860E+00  0.7670855E-01 -0.1881278E-01  0.0000000E+00
  0.8569536E-01 -0.1214760E+01  0.7382058E-01  0.0000000E+00
 -0.7604587E+00  0.2185853E+01 -0.1636544E+00  0.0000000E+00
  0.1515279E+01 -0.3790960E+01  0.2597886E+00  0.0000000E+00
  0.1960048E+01  0.4015850E+01 -0.3267115E+00  0.0000000E+00
 -0.1362238E+01 -0.2579076E+01  0.1335560E+01  0.0000000E+00
 -0.6157274E+02  0.2026020E+02 -0.2077861E+01  0.0000000E+00
 -0.1083380E+03  0.4731384E+01  0.3284888E+01  0.0000000E+00
 -0.8907153E+02  0.6317114E+01  0.5110219E+01  0.0000000E+00
 -0.4007340E+02  0.2269558E+01  0.2591525E+01  0.0000000E+00
 -0.1117270E+02 -0.8316379E-01  0.1137547E+01  0.0000000E+00
  0.1970362E+00 -0.2064914E+00  0.4537319E-01  0.0000000E+00
  0.2943677E+01  0.1114981E+01 -0.2942996E-01  0.0000000E+00
 -0.7959435E+00 -0.2245099E+01  0.4020921E-01  0.0000000E+00
  0.2670236E+01  0.3929157E+01  0.1946684E-01  0.0000000E+00
 -0.7552959E+01 -0.7296603E+01 -0.9899645E+00  0.0000000E+00
  0.2580500E+02  0.1448848E+02  0.7103313E+00  0.0000000E+00
  0.1808026E+02 -0.2676802E+02 -0.2855407E+01  0.0000000E+00
  0.5635114E+01 -0.4041502E+01 -0.4687192E+01  0.0000000E+00
 -0.7687120E+01 -0.8064091E+01 -0.2146412E+01  0.0000000E+00
  0.3827702E+00 -0.6221230E+01 -0.2407070E+01  0.0000000E+00
  0.4954466E+01 -0.5185745E+01 -0.2530053E+01  0.0000000E+00
 -0.4839439E+02 -0.1828339E+02  0.1105058E+02  0.0000000E+00
  0.8674717E+01  0.4127143E+02 -0.7536704E+01  0.0000000E+00
 -0.2429152E+01  0.1438063E+01  0.7509577E+01  0.0000000E+00
  0.4978184E+02  0.3257686E+02  0.1547763E+01  0.0000000E+00
  0.1136012E+02 -0.2080409E+01 -0.5354240E+02  0.0000000E+00
  0.6938448E+02 -0.7578446E+01  0.2199405E+02  0.0000000E+00
  0.6698580E+02  0.1044448E+03 -0.5882119E+01  0.0000000E+00
  0.3387474E+02 -0.8751689E+02  0.1276415E+02  0.0000000E+00
 -0.3142535E+02 -0.9186977E+02  0.5451072E+01  0.0000000E+00
 -0.6067077E+02  0.1542502E+02  0.3561546E+01  0.0000000E+00
 -0.7852650E+02  0.7817730E+02  0.2372344E+01  0.0000000E+00
 -0.6143873E+02 -0.3533440E+02  0.1243920E+02  0.0000000E+00
  0.1736602E+02  0.7489630E+02 -0.8188961E+01  0.0000000E+00
  0.1347721E+01 -0.3304143E+02  0.1144964E+02  0.0000000E+00
  0.9216857E+01  0.4873823E+02  0.2483317E+01  0.0000000E+00
 -0.2198614E+01  0.8339466E+01 -0.7966125E+02  0.0000000E+00
  0.4290374E+01 -0.3537628E+01  0.3200505E+02  0.0000000E+00
 -0.6993614E+02 -0.8130823E+02 -0.1800460E+02  0.0000000E+00
 -0.6691561E+02 -0.6500536E+02 -0.9914361E+01  0.0000000E+00
 -0.1081548E+03 -0.5902064E+02 -0.1654494E+02  0.0000000E+00
 -0.9283277E+02 -0.2807509E+02 -0.5005028E+01  0.0000000E+00
 -0.8433084E+02 -0.9901056E+01  0.1675957E+01  0.0000000E+00
  0.2763161E+02  0.2227206E+02 -0.1974936E+01  0.0000000E+00
  0.2663800E+01 -0.5133917E+02 -0.1006690E+01  0.0000000E+00
 -0.6095083E+00  0.4075443E+02 -0.9403386E+00  0.0000000E+00
  0.9889502E+01 -0.2694462E+02  0.2003613E+01  0.0000000E+00
 -0.6195061E+01 -0.3548696E+02 -0.1684778E+02  0.0000000E+00
 -0.1223334E+02  0.2252884E+02  0.1168124E+02  0.0000000E+00
 -0.6412752E+01 -0.3633304E+02 -0.6470814E-01  0.0000000E+00
 -0.3759135E+01  0.9024685E+01 -0.5660418E+01  0.0000000E+00
  0.4610035E+02  0.2703274E+02  0.6208546E+01  0.0000000E+00
  0.5815581E+02  0.2064469E+02  0.2692743E+02  0.0000000E+00
  0.6576683E+02  0.1710716E+02  0.3918703E+02  0.0000000E+00
  0.1918820E+01 -0.1443694E-01  0.6518777E-01  0.0000000E+00
  0.4660485E+00 -0.6163186E+00 -0.2346312E+00  0.0000000E+00
 -0.5104775E+00  0.1241084E+01  0.3904528E+00  0.0000000E+00
 -0.2897528E+01 -0.1783369E+01 -0.5618897E+00  0.0000000E+00
  0.1324118E+00  0.4417307E+01  0.3846835E+00  0.0000000E+00
 -0.7914924E+01 -0.9356074E+01  0.2876235E+00  0.0000000E+00
 -0.6385487E+01  0.2743032E+02  0.1549035E+02  0.0000000E+00
  0.1766934E+02  0.1600449E+01  0.8105268E+01  0.0000000E+00
 -0.2576094E+02  0.1530334E+02 -0.3729852E+01  0.0000000E+00
 -0.4105979E+02  0.1700417E+02 -0.6610673E+01  0.0000000E+00
 -0.5048721E+02  0.1814501E+02 -0.8427701E+01  0.0000000E+00
  0.1440752E+01  0.2512817E+00  0.4564200E-02  0.0000000E+00
 -0.5421520E+00 -0.8200870E+00 -0.3859050E+00  0.0000000E+00
  0.4141224E+01  0.7581204E+00  0.7194782E+00  0.0000000E+00
 -0.4881922E+01 -0.9235336E+00 -0.1303385E+01  0.0000000E+00
  0.1507065E+02  0.4536566E-02  0.2137320E+01  0.0000000E+00
 -0.1767053E+02 -0.8265985E+01 -0.3813306E+01  0.0000000E+00
  0.1731587E+02 -0.5579680E+02  0.6865777E+01  0.0000000E+00
 -0.3326039E+02 -0.1426220E+02  0.1139962E+02  0.0000000E+00
 -0.5209109E+02 -0.1414262E+02 -0.4950328E+01  0.0000000E+00
 -0.1684001E+02 -0.9402708E+01 -0.6358092E+01  0.0000000E+00
  0.3580351E+01 -0.6622789E+01 -0.7363658E+01  0.0000000E+00
  0.7871578E+00 -0.5309293E-01  0.1205589E+00  0.0000000E+00
 -0.1424553E+00 -0.1402191E+00 -0.1874313E+00  0.0000000E+00
  0.1357428E+01  0.9454144E+00  0.3037784E+00  0.0000000E+00
  0.3072079E+01 -0.2095227E+01 -0.3390297E+00  0.0000000E+00
  0.3668799E+01  0.4397011E+01  0.1399942E+00  0.0000000E+00
  0.2224128E+01 -0.8097774E+01 -0.2955929E+01  0.0000000E+00
  0.9382780E+01  0.4489252E+02 -0.8166987E+01  0.0000000E+00
  0.1320233E+02  0.1773878E+02 -0.1070456E+02  0.0000000E+00
  0.6603602E+01  0.6090147E+01 -0.5278305E+01  0.0000000E+00
 -0.1078305E+02 -0.1304186E+01 -0.1681147E+01  0.0000000E+00
 -0.2102732E+02 -0.5761666E+01  0.4850390E+00  0.0000000E+00
 -0.1140845E+01 -0.2888593E+00  0.6669418E-01  0.0000000E+00
  0.1538460E+01  0.1704283E+01 -0.8533947E-01  0.0000000E+00
 -0.4359642E+01 -0.2748862E+01  0.9002119E-01  0.0000000E+00
  0.1714277E+01  0.4290033E+01 -0.2850575E-01  0.0000000E+00
 -0.1355320E+02 -0.7196157E+01 -0.5695962E+00  0.0000000E+00
  0.1508254E+02  0.2100679E+02 -0.5639857E+00  0.0000000E+00
  0.1912219E+02  0.2979527E+01 -0.1331290E+01  0.0000000E+00
  0.2938775E+02 -0.4435976E+01 -0.2641952E+00  0.0000000E+00
 -0.1626319E+01 -0.1019532E+02 -0.7116172E+00  0.0000000E+00
 -0.1358071E+02 -0.1608612E+02 -0.1634570E+01  0.0000000E+00
 -0.2092169E+02 -0.1959271E+02 -0.2179223E+01  0.0000000E+00
 -0.2465575E+00  0.1244720E+00 -0.4754106E-01  0.0000000E+00
 -0.1482405E+00 -0.9526660E+00  0.1106074E+00  0.0000000E+00
  0.3590611E+00  0.1763468E+01 -0.1758512E+00  0.0000000E+00
 -0.3080459E+01 -0.2335208E+01  0.2697749E+00  0.0000000E+00
 -0.2064947E+00  0.3314394E+01 -0.3481297E+00  0.0000000E+00
  0.5435236E+01 -0.4750644E+01  0.1394918E+01  0.0000000E+00
  0.3685871E+01 -0.9237588E+01  0.3820260E+01  0.0000000E+00
  0.7513117E+01  0.6798863E+01 -0.1469336E+01  0.0000000E+00
  0.2215425E+02 -0.2290327E+01  0.2736823E+01  0.0000000E+00
  0.1607768E+02 -0.3373775E+01  0.2652159E+01  0.0000000E+00
  0.1268163E+02 -0.4108953E+01  0.2649259E+01  0.0000000E+00
  0.1166904E+01  0.6828986E-01 -0.1153182E-01  0.0000000E+00
 -0.1304112E+01 -0.4201944E+00  0.2074480E+00  0.0000000E+00
 -0.1735143E+00  0.9762854E+00 -0.3628254E+00  0.0000000E+00
  0.2467650E+01 -0.1310436E+01  0.7569985E+00  0.0000000E+00
  0.4363955E+00  0.2635270E+01 -0.2255157E+01  0.0000000E+00
 -0.6841434E+01 -0.8440688E+01  0.3955260E+01  0.0000000E+00
 -0.2558753E+02  0.5563726E+01 -0.6645166E+01  0.0000000E+00
  0.2635310E+01  0.8070347E+01 -0.2059983E+01  0.0000000E+00
 -0.3327746E+01  0.8068522E+00 -0.3743595E+01  0.0000000E+00
 -0.1032641E+02 -0.2102280E+01 -0.2614580E+01  0.0000000E+00
 -0.1448512E+02 -0.3886919E+01 -0.1971905E+01  0.0000000E+00
 -0.3703673E+02 -0.1517392E+02 -0.1732654E+01  0.0000000E+00
 -0.5803749E+01 -0.1484982E+02  0.3198335E+01  0.0000000E+00
  0.2030588E+02  0.7881609E+01 -0.1940513E+01  0.0000000E+00
 -0.4424694E+01  0.1484049E+02  0.9919402E+00  0.0000000E+00
  0.9220765E+01 -0.1022766E+02  0.7126664E+01  0.0000000E+00
  0.1424779E+02  0.2478103E+02 -0.3505517E+01  0.0000000E+00
  0.7576338E+02  0.1153376E+02 -0.3797460E+01  0.0000000E+00
  0.1054308E+03  0.2790241E+02 -0.2834171E+01  0.0000000E+00
  0.6858373E+02  0.3174205E+02 -0.2288843E+01  0.0000000E+00
  0.3225004E+02  0.4067074E+02 -0.4786630E+01  0.0000000E+00
  0.1057295E+02  0.4594359E+02 -0.6243001E+01  0.0000000E+00
 -0.3841995E+02 -0.2691272E+02 -0.1583169E+01  0.0000000E+00
 -0.2819646E+02 -0.2251867E+02  0.3529302E+01  0.0000000E+00
  0.3737080E+02  0.1594279E+02 -0.4027139E+01  0.0000000E+00
  0.4893939E+01  0.1526487E+02  0.3417205E+01  0.0000000E+00
  0.6688915E+01 -0.4657804E+01  0.8038819E+01  0.0000000E+00
 -0.4905499E+01 -0.1180551E+01 -0.6223853E+00  0.0000000E+00
 -0.5772234E+02 -0.2180115E+02 -0.4121931E+01  0.0000000E+00
 -0.2932647E+02 -0.3317579E+02 -0.7171941E+01  0.0000000E+00
 -0.2319108E+02 -0.2256974E+02 -0.3442186E+01  0.0000000E+00
 -0.3943451E+02  0.3404671E+02 -0.1673891E+01  0.0000000E+00
 -0.4887297E+02  0.6730775E+02 -0.5961747E+00  0.0000000E+00
  0.2254582E+02  0.3569084E+01  0.1048554E+01  0.0000000E+00
 -0.2570401E+02 -0.1487610E+02 -0.1081248E+01  0.0000000E+00
  0.3361761E+02  0.1915597E+02  0.8846726E+00  0.0000000E+00
 -0.4565104E+02 -0.7698673E+01 -0.1665139E+01  0.0000000E+00
  0.3182358E+02 -0.1553452E+02 -0.8340820E+01  0.0000000E+00
 -0.4241257E+02  0.2554231E-02 -0.3222709E-01  0.0000000E+00
 -0.1650693E+02 -0.2929357E+02  0.1086448E+01  0.0000000E+00
 -0.3071519E+02 -0.1351638E+02  0.3951635E+01  0.0000000E+00
 -0.3308488E+02 -0.5664987E+01  0.2079559E+01  0.0000000E+00
 -0.3808303E+02 -0.5176958E+01 -0.3996459E+01  0.0000000E+00
 -0.4103171E+02 -0.4804251E+01 -0.7573408E+01  0.0000000E+00
  0.2709401E+01  0.9167972E-01 -0.8364282E-02  0.0000000E+00
 -0.3128457E+01 -0.6845993E+00  0.3236981E-01  0.0000000E+00
  0.4252278E+01  0.1139602E+01 -0.7179232E-01  0.0000000E+00
 -0.2996904E+01 -0.1763955E+01  0.1956270E+00  0.0000000E+00
  0.9406039E+01  0.3020509E+01 -0.8234024E+00  0.0000000E+00
 -0.1485810E+02 -0.9423278E+01  0.1566482E+01  0.0000000E+00
 -0.5065425E+01  0.2347498E+01 -0.5053771E+01  0.0000000E+00
  0.2133590E+02  0.2309934E+02 -0.4653231E+01  0.0000000E+00
  0.3539119E+02  0.2745270E+02 -0.1582899E+01  0.0000000E+00
  0.2501013E+02  0.1693289E+02 -0.3029230E+00  0.0000000E+00
  0.1908568E+02  0.1081991E+02  0.4808637E+00  0.0000000E+00
  0.6820627E-01  0.3532028E+00  0.4477848E-01  0.0000000E+00
 -0.2383685E+00 -0.3435135E+00 -0.6753002E-01  0.0000000E+00
  0.5231717E+00  0.7043848E+00  0.7445577E-01  0.0000000E+00
 -0.7147427E+00 -0.1361760E+01 -0.3455427E-01  0.0000000E+00
  0.5995881E+01  0.2114520E+01 -0.5473751E+00  0.0000000E+00
 -0.1324749E+02 -0.7557727E+01  0.3548348E+00  0.0000000E+00
  0.1965725E+02  0.1077736E+02  0.1152338E+01  0.0000000E+00
  0.1022145E+02  0.3620773E+02 -0.3865789E+01  0.0000000E+00
  0.3016349E+01  0.9056941E+01 -0.3880942E+01  0.0000000E+00
 -0.4730372E+01 -0.6611589E+01 -0.2430694E+01  0.0000000E+00
 -0.9340971E+01 -0.1608314E+02 -0.1581292E+01  0.0000000E+00
  0.3172878E+00 -0.1633668E+00 -0.1933101E-01  0.0000000E+00
  0.2987286E+01  0.3283108E+00  0.8602913E-01  0.0000000E+00
 -0.4193119E+01 -0.8536281E+00 -0.1713747E+00  0.0000000E+00
  0.2957604E+01  0.1740414E+01  0.2291802E+00  0.0000000E+00
 -0.9608112E+01 -0.3176493E+01 -0.5693639E+00  0.0000000E+00
  0.1637676E+01  0.6754783E+01  0.7293027E+00  0.0000000E+00
  0.1462855E+01 -0.6081761E+01  0.2672193E+00  0.0000000E+00
 -0.2016876E+02 -0.7660547E+01 -0.2922969E+01  0.0000000E+00
 -0.1130288E+02 -0.1044662E+02  0.1505874E+00  0.0000000E+00
  0.1021094E+01 -0.1880935E+01  0.1433312E+01  0.0000000E+00
  0.8331352E+01  0.3100944E+01  0.2217855E+01  0.0000000E+00
  0.9135652E+00 -0.4503765E+00 -0.6895524E-02  0.0000000E+00
  0.3836758E+00  0.1011756E+00  0.1020689E+00  0.0000000E+00
 -0.2258636E+01 -0.3044225E+00 -0.1518832E+00  0.0000000E+00
  0.5662780E+01  0.8013265E+00  0.2587532E+00  0.0000000E+00
 -0.8537827E+01 -0.1160270E+01 -0.9817475E+00  0.0000000E+00
  0.9264131E+01  0.3976431E+01  0.1027022E+01  0.0000000E+00
 -0.8683995E+01  0.1223348E+02 -0.3077923E+01  0.0000000E+00
 -0.4196052E+02 -0.1662063E+01 -0.3330703E+01  0.0000000E+00
 -0.3643777E+02  0.2466052E+01 -0.1726658E+01  0.0000000E+00
 -0.9405990E+01  0.1704298E+00 -0.7002166E+00  0.0000000E+00
  0.6477589E+01 -0.1126035E+01 -0.8127495E-01  0.0000000E+00
  0.1203404E+01 -0.1071461E+00 -0.3302941E-01  0.0000000E+00
 -0.2941803E+01 -0.6180792E-01  0.3194132E-01  0.0000000E+00
  0.4171946E+01  0.1805591E+00 -0.2943944E-01  0.0000000E+00
 -0.6208567E+01 -0.2049114E+00  0.4626650E-01  0.0000000E+00
  0.1094583E+02  0.1010880E+01  0.3103613E-01  0.0000000E+00
 -0.2557947E+01 -0.9265277E+00 -0.1911686E+00  0.0000000E+00
  0.1059332E+02  0.2420958E+01 -0.2573081E+01  0.0000000E+00
  0.3583307E+02  0.4792850E+01  0.3821734E+01  0.0000000E+00
  0.1038703E+02  0.2610478E+01 -0.5716263E+00  0.0000000E+00
 -0.2527283E+01  0.4404523E+01 -0.2280398E+01  0.0000000E+00
 -0.1036903E+02  0.5427457E+01 -0.3328954E+01  0.0000000E+00
 -0.7186922E+00  0.2466758E-01 -0.1296249E-02  0.0000000E+00
  0.2465804E+01 -0.9301238E-01 -0.1338695E+00  0.0000000E+00
  0.1081115E+00  0.1545299E+00  0.2583436E+00  0.0000000E+00
 -0.3231567E+01 -0.3076946E+00 -0.3941485E+00  0.0000000E+00
 -0.1092581E+01  0.1016952E+01  0.1202411E+00  0.0000000E+00
  0.1622135E+02 -0.7432598E+00 -0.4175670E+00  0.0000000E+00
 -0.2334147E+02 -0.1378460E+02 -0.3636588E+00  0.0000000E+00
 -0.2245107E+01 -0.4624032E+01 -0.1017946E+01  0.0000000E+00
  0.4195892E+01 -0.2460284E+01  0.2650048E+01  0.0000000E+00
  0.4942373E+01  0.3302565E+01  0.2568910E+01  0.0000000E+00
  0.5450827E+01  0.6697557E+01  0.2561741E+01  0.0000000E+00
  0.2536093E+02  0.2504578E+02  0.2737190E+00  0.0000000E+00
 -0.3457325E+02 -0.7973625E+01 -0.4523962E+01  0.0000000E+00
  0.1388874E+02 -0.1164796E+01  0.8410764E+01  0.0000000E+00
 -0.1501118E+02  0.1273981E+02 -0.7051679E+01  0.0000000E+00
  0.4875573E+02  0.1399059E+02 -0.2279674E+02  0.0000000E+00
 -0.1673819E+02 -0.1835677E+02  0.7322469E+01  0.0000000E+00
 -0.3280041E+02  0.2064251E+02 -0.2424339E+01  0.0000000E+00
 -0.4973759E+02 -0.2146710E+01  0.5012891E+01  0.0000000E+00
 -0.2663669E+02 -0.1766089E+02  0.9066768E+00  0.0000000E+00
 -0.2160377E+01 -0.5103631E+01 -0.2628827E+01  0.0000000E+00
  0.1242621E+02  0.2072900E+01 -0.4744658E+01  0.0000000E+00
  0.2763894E+02  0.3336936E+02  0.1505447E+01  0.0000000E+00
 -0.4585068E+02 -0.6823165E+01 -0.5844564E+01  0.0000000E+00
  0.1336230E+02 -0.9112997E+01  0.1063606E+02  0.0000000E+00
 -0.2577236E+02  0.1476387E+02 -0.8720376E+01  0.0000000E+00
  0.3910177E+02  0.5328652E+01 -0.2769618E+02  0.0000000E+00
 -0.4580517E+00  0.1770024E+02  0.1125127E+02  0.0000000E+00
  0.2487061E+02 -0.7032536E+00 -0.7836814E+01  0.0000000E+00
 -0.7383760E+01 -0.2955476E+02 -0.5212304E+01  0.0000000E+00
 -0.2259431E+02 -0.2003748E+02 -0.5103594E+00  0.0000000E+00
 -0.6425526E+01  0.1501718E+02  0.4239604E+01  0.0000000E+00
  0.2871762E+01  0.3564169E+02  0.7072197E+01  0.0000000E+00
 -0.2498046E+00 -0.6281217E+01  0.1535729E+00  0.0000000E+00
  0.2247395E+01  0.8086859E+01  0.7708483E+00  0.0000000E+00
 -0.3528864E+01 -0.6595410E+01 -0.1697338E+00  0.0000000E+00
  0.1643723E+02  0.9264044E+01 -0.1425517E-01  0.0000000E+00
  0.9309876E+01  0.9490082E+01 -0.1171456E+02  0.0000000E+00
  0.6256994E+01  0.2108521E+01  0.1994076E+01  0.0000000E+00
  0.4238890E+01 -0.1326878E+01 -0.9915159E+00  0.0000000E+00
 -0.7697190E+01  0.9090320E+01  0.3490976E+01  0.0000000E+00
 -0.1726751E+02 -0.1908214E+02  0.3042723E+01  0.0000000E+00
 -0.2112164E+02 -0.2108146E+02  0.4745209E+01  0.0000000E+00
 -0.2348785E+02 -0.2256647E+02  0.5736710E+01  0.0000000E+00
 -0.2936738E+01  0.4141456E-01 -0.4085784E-01  0.0000000E+00
 -0.3276388E+00 -0.5823981E+00  0.6889562E-01  0.0000000E+00
 -0.2063938E+01  0.1181528E+01 -0.1160278E+00  0.0000000E+00
  0.3956314E+01 -0.1782104E+01  0.2487344E+00  0.0000000E+00
 -0.3627578E-01  0.2550678E+01 -0.1090156E+01  0.0000000E+00
  0.7617217E+01 -0.3113459E+01  0.1464468E+01  0.0000000E+00
  0.3309430E+02  0.4951401E+01  0.2640910E+01  0.0000000E+00
  0.3083990E+02 -0.5219437E+00 -0.1915075E+01  0.0000000E+00
  0.4869500E+01  0.6757877E+01 -0.1321649E+01  0.0000000E+00
  0.3973182E+00  0.6609058E+01 -0.1513455E+01  0.0000000E+00
 -0.2512744E+01  0.6600273E+01 -0.1618440E+01  0.0000000E+00
 -0.2346943E+01 -0.3039956E+00  0.1380815E-01  0.0000000E+00
  0.3218906E+00  0.4064217E+00 -0.1069676E+00  0.0000000E+00
  0.9372408E+00 -0.5733357E+00  0.1717985E+00  0.0000000E+00
 -0.1487502E+01  0.8837700E+00 -0.3035082E+00  0.0000000E+00
  0.6710150E+00 -0.8453057E+00  0.3549231E-03  0.0000000E+00
  0.4199977E+01  0.4359407E+01 -0.1426478E+01  0.0000000E+00
 -0.1084487E+02  0.3815453E+01 -0.1976003E+01  0.0000000E+00
 -0.2668378E+02  0.9034412E+01 -0.2818274E+01  0.0000000E+00
 -0.3713513E+02 -0.3589912E+01  0.2289042E+01  0.0000000E+00
 -0.1432247E+02 -0.8588663E+01  0.2622091E+01  0.0000000E+00
 -0.1086585E+01 -0.1165168E+02  0.2873601E+01  0.0000000E+00
 -0.3672822E+00  0.2544452E+00  0.5610415E-01  0.0000000E+00
 -0.1166787E+01 -0.1738716E+00 -0.1400886E+00  0.0000000E+00
  0.4298345E+01  0.3714894E-01  0.2590414E+00  0.0000000E+00
 -0.8702114E+01 -0.9582049E-01 -0.3298547E+00  0.0000000E+00
 -0.5652146E+00  0.1415109E+01  0.2081185E+00  0.0000000E+00
 -0.6014618E+01 -0.5797214E+01 -0.8930911E+00  0.0000000E+00
 -0.2839397E+01  0.4556853E+01 -0.2824732E+01  0.0000000E+00
  0.1709989E+02 -0.5924075E+01  0.7188528E-01  0.0000000E+00
  0.2868716E+02 -0.5495176E+01 -0.5955490E+00  0.0000000E+00
  0.1382080E+02 -0.4984406E+01 -0.1184256E+01  0.0000000E+00
  0.5247255E+01 -0.4679103E+01 -0.1535809E+01  0.0000000E+00
  0.6111753E+00  0.3653673E+00 -0.9774629E-02  0.0000000E+00
 -0.2470676E+00 -0.8261885E+00 -0.4318552E-01  0.0000000E+00
 -0.3699479E-01  0.1401179E+01  0.8031367E-01  0.0000000E+00
  0.5836954E+00 -0.2284400E+01 -0.3990473E-01  0.0000000E+00
 -0.1394676E+01  0.2918888E+01 -0.8940808E+00  0.0000000E+00
 -0.9386292E+01 -0.9178660E+01  0.7717429E+00  0.0000000E+00
  0.5384347E+01  0.2456211E+01  0.1327153E+01  0.0000000E+00
  0.2140262E+02 -0.9731928E+01 -0.1193896E+01  0.0000000E+00
  0.1476389E+02 -0.6848202E+01 -0.9661050E+00  0.0000000E+00
  0.5107959E+01 -0.3135263E+01 -0.5510078E+00  0.0000000E+00
 -0.6183482E+00 -0.9289739E+00 -0.3055759E+00  0.0000000E+00
 -0.6413285E-01  0.1241862E+00 -0.4664305E-02  0.0000000E+00
  0.9523226E+00  0.9647313E-01  0.5982373E-01  0.0000000E+00
 -0.6543331E+00 -0.6734210E-02 -0.1086284E+00  0.0000000E+00
  0.2265856E+01 -0.5003519E-01  0.1371700E+00  0.0000000E+00
  0.5698825E+01 -0.3378174E+00  0.4809891E-01  0.0000000E+00
 -0.3632802E+01  0.4738428E+01 -0.1431325E+00  0.0000000E+00
  0.3506864E+00 -0.2615508E+01  0.2016554E+01  0.0000000E+00
 -0.1710094E+02  0.1669785E-01 -0.2999621E+00  0.0000000E+00
 -0.1924652E+02 -0.6473861E+01 -0.1334150E+01  0.0000000E+00
 -0.1534736E+02 -0.4678026E+01 -0.8169572E+00  0.0000000E+00
 -0.1308447E+02 -0.3698482E+01 -0.5258514E+00  0.0000000E+00
 -0.1218281E+01  0.1306063E+00  0.3980264E-02  0.0000000E+00
 -0.8226042E+00  0.1186787E+00  0.2588628E-01  0.0000000E+00
 -0.2904311E+00 -0.3156061E+00 -0.4460811E-01  0.0000000E+00
  0.1576923E+01  0.4103452E+00  0.1761923E+00  0.0000000E+00
  0.8902756E+01  0.3773138E+00 -0.1209058E+01  0.0000000E+00
 -0.3625022E+01  0.1959413E+01  0.1518071E+01  0.0000000E+00
  0.1925767E+01  0.8997066E+01 -0.5107988E+01  0.0000000E+00
 -0.1996660E+02 -0.4440771E+01 -0.2248258E+01  0.0000000E+00
  0.6060431E+01  0.4696519E+01 -0.2103493E+00  0.0000000E+00
  0.8642373E+01  0.1694412E+01 -0.8494371E+00  0.0000000E+00
  0.1044172E+02  0.3894762E-01 -0.1200122E+01  0.0000000E+00
  0.1375603E+02 -0.1241857E+02 -0.5699610E+00  0.0000000E+00
 -0.2056269E+02  0.1481014E+01 -0.1285414E+00  0.0000000E+00
  0.3214484E+02  0.3895892E+01  0.1092646E+01  0.0000000E+00
 -0.4828878E+02  0.7076185E+01  0.3688862E+00  0.0000000E+00
  0.2364033E+02  0.8457727E+01 -0.6972878E+01  0.0000000E+00
 -0.1766487E+02 -0.1976515E+02  0.2532123E+01  0.0000000E+00
 -0.8364892E+01  0.4751756E+01  0.1577226E+00  0.0000000E+00
 -0.1248404E+02 -0.7160199E+01  0.2847636E+01  0.0000000E+00
  0.1001043E+01  0.5653675E+01  0.1483181E+01  0.0000000E+00
  0.5016831E+01  0.1261572E+02 -0.9877388E+00  0.0000000E+00
  0.7518653E+01  0.1683439E+02 -0.2449491E+01  0.0000000E+00
  0.1663046E+02 -0.1006508E+02  0.4687270E+00  0.0000000E+00
 -0.2493912E+02 -0.3361117E+00 -0.8963859E+00  0.0000000E+00
  0.3841622E+02  0.4046188E+01  0.8977165E+00  0.0000000E+00
 -0.4596375E+02  0.5069653E+01  0.1880701E+01  0.0000000E+00
  0.3220844E+02  0.8385934E+01 -0.9480698E+01  0.0000000E+00
 -0.2239899E+02 -0.2101422E+02  0.4822853E+01  0.0000000E+00
  0.1954648E+02  0.8365482E+01 -0.2590818E+00  0.0000000E+00
  0.4159753E+02  0.1701598E+02  0.6550948E+00  0.0000000E+00
  0.3967313E+02  0.2446693E+02 -0.2131604E+00  0.0000000E+00
  0.1575265E+02  0.2337100E+02  0.2546090E+01  0.0000000E+00
  0.1729280E+01  0.2281898E+02  0.4151847E+01  0.0000000E+00
 -0.3206581E+01  0.4318417E+01 -0.1557634E+01  0.0000000E+00
  0.4270932E+01 -0.2452018E+01  0.1606650E+01  0.0000000E+00
  0.1631529E+01 -0.2661474E+01 -0.8308300E+00  0.0000000E+00
  0.3479150E+01  0.1411807E+02 -0.8952392E+00  0.0000000E+00
 -0.5420461E+01 -0.1047701E+02  0.1603721E+01  0.0000000E+00
 -0.5492008E+01  0.1481528E+01 -0.3305054E+01  0.0000000E+00
  0.8248221E+01 -0.1924579E+02 -0.6463501E+00  0.0000000E+00
  0.1017501E+02  0.7525902E+01  0.3050718E+00  0.0000000E+00
  0.1530339E+02  0.2988990E+01 -0.2547007E+01  0.0000000E+00
  0.2422448E+02 -0.2594367E+02 -0.3178031E+01  0.0000000E+00
  0.2950279E+02 -0.4292494E+02 -0.3578822E+01  0.0000000E+00
  0.1541307E+01  0.1851400E+00 -0.8397545E-02  0.0000000E+00
 -0.4665371E+00 -0.4604314E+00 -0.1512423E-01  0.0000000E+00
  0.1390566E+01  0.7827701E+00  0.2618050E-01  0.0000000E+00
  0.1890438E+01 -0.1108945E+01 -0.6629373E-01  0.0000000E+00
 -0.2876923E+01  0.1387442E+01 -0.1430599E+00  0.0000000E+00
  0.5970993E+01 -0.2468967E+01  0.1404662E+00  0.0000000E+00
 -0.7855142E+01  0.9190780E+01  0.4650606E+01  0.0000000E+00
  0.6829597E+01  0.7268985E+01  0.2613668E+01  0.0000000E+00
 -0.5612324E+01 -0.7075972E+01  0.2570438E+01  0.0000000E+00
 -0.6488471E+01 -0.6967002E+01  0.1619482E+01  0.0000000E+00
 -0.7139043E+01 -0.7061685E+01  0.1061937E+01  0.0000000E+00
  0.2228955E+00 -0.3056016E-01 -0.1474714E-01  0.0000000E+00
 -0.2435202E+00  0.3015865E+00  0.2105759E-01  0.0000000E+00
 -0.3890482E+00 -0.5839047E+00 -0.4384473E-01  0.0000000E+00
  0.7487303E+00  0.9425187E+00  0.5880316E-01  0.0000000E+00
 -0.2686447E+01 -0.1107837E+01 -0.2556926E+00  0.0000000E+00
  0.2288918E+00  0.7207757E+00  0.6496208E-01  0.0000000E+00
 -0.6808067E+01 -0.2815760E+01  0.5540019E+00  0.0000000E+00
 -0.2113184E+02 -0.4899834E+01 -0.1561873E+01  0.0000000E+00
 -0.1338560E+02  0.1056515E+02 -0.3716943E+01  0.0000000E+00
 -0.5671888E+01  0.8069025E+01 -0.2210924E+01  0.0000000E+00
 -0.1068373E+01  0.6779933E+01 -0.1353403E+01  0.0000000E+00
  0.1534801E+01 -0.4379616E-01  0.3108685E-01  0.0000000E+00
 -0.1170467E+01  0.5470096E-01 -0.9097349E-01  0.0000000E+00
 -0.7083537E-01 -0.6439712E-01  0.1782142E+00  0.0000000E+00
 -0.2081943E+01  0.3309546E+00 -0.2671017E+00  0.0000000E+00
  0.1891083E+01 -0.3197277E+00  0.2330931E+00  0.0000000E+00
  0.2640664E+01  0.1764584E+00 -0.6724434E+00  0.0000000E+00
  0.7319223E+01 -0.2275716E+01 -0.3746037E+00  0.0000000E+00
  0.1549508E+02  0.5317828E+01 -0.8793282E+00  0.0000000E+00
  0.1919769E+02  0.3654222E+01  0.5456016E+00  0.0000000E+00
  0.1018497E+02 -0.3744400E+00  0.1577899E+01  0.0000000E+00
  0.4949139E+01 -0.2749878E+01  0.2197504E+01  0.0000000E+00
 -0.2759310E+00 -0.4717768E-01  0.1661755E-01  0.0000000E+00
  0.2034332E+00 -0.3995174E+00 -0.1025800E+00  0.0000000E+00
 -0.9876534E+00  0.7266497E+00  0.1851151E+00  0.0000000E+00
  0.2168704E+01 -0.1486433E+01 -0.2909425E+00  0.0000000E+00
 -0.1547199E+01  0.2142161E+01  0.4642780E+00  0.0000000E+00
  0.3715762E+01 -0.3500950E+01 -0.6188788E+00  0.0000000E+00
 -0.7486445E+01  0.3401971E+01 -0.7913391E+00  0.0000000E+00
 -0.5014600E+00  0.3716365E+01 -0.2839562E+00  0.0000000E+00
 -0.4718981E+01 -0.5574419E+01  0.6280075E+00  0.0000000E+00
 -0.5155373E+01 -0.1643843E+01  0.1636943E+01  0.0000000E+00
 -0.5456058E+01  0.5515393E+00  0.2236761E+01  0.0000000E+00
 -0.2602743E+00 -0.2759506E-01 -0.1838915E-01  0.0000000E+00
  0.3409415E+00 -0.2034459E+00  0.4459601E-02  0.0000000E+00
  0.1362877E+01  0.3230953E+00 -0.3179435E-01  0.0000000E+00
 -0.2198530E+01 -0.6489397E+00  0.7820638E-01  0.0000000E+00
  0.2914473E+01  0.1691662E+01 -0.2761304E+00  0.0000000E+00
 -0.2961666E+01 -0.2711122E+01 -0.1716035E+00  0.0000000E+00
  0.7088704E+01  0.7553983E+01  0.2923636E+00  0.0000000E+00
 -0.4929041E+01 -0.1129407E+01  0.1804891E+01  0.0000000E+00
  0.4084900E+01 -0.4383953E+01 -0.1434045E+01  0.0000000E+00
  0.4043924E+01 -0.3812409E+01 -0.2293093E+01  0.0000000E+00
  0.4120422E+01 -0.3513258E+01 -0.2831286E+01  0.0000000E+00
 -0.1322379E+00 -0.8115646E-01 -0.1282343E-01  0.0000000E+00
  0.1095985E+00  0.1088603E+00  0.4323499E-01  0.0000000E+00
 -0.2363922E-01 -0.1253017E+00 -0.8689578E-01  0.0000000E+00
 -0.1910368E+01  0.9630571E+00  0.1432156E+00  0.0000000E+00
  0.3533525E+01 -0.1335883E+01 -0.5351416E+00  0.0000000E+00
 -0.8723927E+01  0.2874740E+01  0.7801533E+00  0.0000000E+00
  0.1776965E+02  0.5673610E+00 -0.1168787E+01  0.0000000E+00
 -0.1083753E+02  0.9749479E+00  0.6352919E+00  0.0000000E+00
 -0.7529896E+01 -0.5882439E+01 -0.2478743E+00  0.0000000E+00
 -0.1306822E+01 -0.6765818E+01  0.1050607E+00  0.0000000E+00
  0.2371980E+01 -0.7357248E+01  0.3016076E+00  0.0000000E+00
  0.5239997E+01  0.3330057E+02  0.7671985E+00  0.0000000E+00
 -0.5403093E+01 -0.1093638E+02 -0.3754579E+01  0.0000000E+00
  0.2719967E+01  0.6267149E+01  0.5317501E+01  0.0000000E+00
 -0.1474676E+01 -0.2127570E+01 -0.4199048E+01  0.0000000E+00
 -0.1751162E+02 -0.1659050E+02 -0.9948353E+01  0.0000000E+00
  0.2086393E+02  0.4764054E+01  0.4475996E+01  0.0000000E+00
 -0.8381853E+00 -0.1508753E+02 -0.2683271E+01  0.0000000E+00
  0.5186872E+01 -0.2335084E+02 -0.9830265E+00  0.0000000E+00
  0.2008076E+01 -0.9632096E+01  0.1319706E+01  0.0000000E+00
  0.7442658E+01  0.4860731E+01  0.4210343E+01  0.0000000E+00
  0.1058925E+02  0.1349972E+02  0.5927484E+01  0.0000000E+00
  0.5925382E+01  0.3998542E+02  0.3672727E+00  0.0000000E+00
 -0.7823607E+01 -0.1380939E+02 -0.5012337E+01  0.0000000E+00
  0.4792121E+01  0.8494365E+01  0.6323625E+01  0.0000000E+00
 -0.1020995E+02  0.3832322E+01 -0.5123559E+01  0.0000000E+00
 -0.7529391E+01 -0.1814583E+02 -0.1217651E+02  0.0000000E+00
  0.1931385E+02 -0.1293446E+02  0.6672707E+01  0.0000000E+00
 -0.3012235E+01  0.3179447E+02 -0.3212496E+01  0.0000000E+00
 -0.7658633E+00  0.1142261E+02  0.1847588E+01  0.0000000E+00
 -0.4228770E+01 -0.7656770E+01 -0.9584697E+00  0.0000000E+00
  0.7811920E+01 -0.3004069E+02 -0.2955179E+01  0.0000000E+00
  0.1482256E+02 -0.4335570E+02 -0.4155069E+01  0.0000000E+00
  0.1357854E+01  0.5635568E+01  0.2901339E+00  0.0000000E+00
  0.4979838E+01  0.6587737E-01  0.5491969E+00  0.0000000E+00
 -0.1216731E+02 -0.3468206E+00 -0.2939735E+00  0.0000000E+00
  0.1766764E+02  0.6858906E+01  0.7163071E+00  0.0000000E+00
 -0.1959103E+02  0.2823918E+01 -0.5008669E+01  0.0000000E+00
  0.1501861E+02  0.7464618E+01  0.1253883E+01  0.0000000E+00
 -0.6218789E+00  0.9046333E+01  0.7955673E+00  0.0000000E+00
 -0.1668174E+02  0.6914356E+01 -0.1040394E+01  0.0000000E+00
 -0.2051595E+01  0.6569193E+01 -0.1625851E+01  0.0000000E+00
  0.2353124E+02  0.4275888E+01  0.7411696E+00  0.0000000E+00
  0.3867318E+02  0.2929843E+01  0.2119443E+01  0.0000000E+00
  0.2939698E+01 -0.1987286E+00 -0.1685844E-01  0.0000000E+00
 -0.1993683E+01  0.5602384E+00  0.3321311E-01  0.0000000E+00
  0.2511950E+01 -0.1027197E+01 -0.7611351E-01  0.0000000E+00
 -0.3792454E+01  0.1702001E+01  0.1783439E+00  0.0000000E+00
  0.1548812E+01 -0.2468473E+01 -0.9394480E+00  0.0000000E+00
 -0.2574733E+01  0.4778390E+01  0.8584736E+00  0.0000000E+00
 -0.2449773E+02 -0.1133220E+02 -0.2980868E+01  0.0000000E+00
 -0.4202411E+01 -0.7355226E+01 -0.2011021E+01  0.0000000E+00
 -0.2408981E+00  0.4936948E+01  0.7915246E-01  0.0000000E+00
 -0.1366737E+01  0.5284643E+01  0.4275056E+00  0.0000000E+00
 -0.1979936E+01  0.5624594E+01  0.6547061E+00  0.0000000E+00
 -0.7243370E-01 -0.1973175E+00 -0.1145510E-01  0.0000000E+00
  0.2549153E+01 -0.5664836E-01  0.3242685E-01  0.0000000E+00
 -0.2283273E+01  0.1720176E+00 -0.9025182E-02  0.0000000E+00
  0.2326136E+01 -0.2474409E+00  0.3958220E-01  0.0000000E+00
 -0.3997500E+01  0.2515111E+00 -0.7480672E+00  0.0000000E+00
  0.9003279E+00  0.2039186E+01  0.1056281E+01  0.0000000E+00
  0.1620282E+02 -0.1112417E+01 -0.2081902E+01  0.0000000E+00
  0.2546674E+02 -0.1055920E+02 -0.2797844E+00  0.0000000E+00
  0.1185049E+02 -0.1434458E+02  0.1302888E+01  0.0000000E+00
  0.4839531E+01 -0.7202485E+01  0.1325129E+01  0.0000000E+00
  0.5822504E+00 -0.3062948E+01  0.1355623E+01  0.0000000E+00
  0.1355155E+01  0.3701194E+00  0.8457427E-02  0.0000000E+00
  0.2363872E+01 -0.4727187E+00  0.2724475E-01  0.0000000E+00
 -0.3636232E+01  0.6768805E+00 -0.7042585E-01  0.0000000E+00
  0.4839101E+01 -0.1233500E+01  0.1777515E+00  0.0000000E+00
 -0.1948172E+01  0.1508174E+01 -0.5825838E+00  0.0000000E+00
  0.4465232E+01 -0.3401893E+01  0.7977004E+00  0.0000000E+00
  0.7709020E+01  0.5353275E+01 -0.1148349E+01  0.0000000E+00
 -0.1058025E+02  0.9229609E+01  0.2758866E-03  0.0000000E+00
 -0.6557749E+01 -0.7882278E-01 -0.1094717E+01  0.0000000E+00
 -0.1657525E+01 -0.5188962E+00 -0.1640072E+01  0.0000000E+00
  0.1255217E+01 -0.8818110E+00 -0.1970913E+01  0.0000000E+00
  0.5617159E+00  0.1635787E+00  0.1029087E-01  0.0000000E+00
 -0.9928835E+00  0.4554486E+00 -0.7273426E-01  0.0000000E+00
  0.1365347E+01 -0.9010306E+00  0.1163460E+00  0.0000000E+00
 -0.1728505E+01  0.1452955E+01 -0.8098835E-01  0.0000000E+00
  0.5690175E+01 -0.1639395E+01 -0.7990030E+00  0.0000000E+00
 -0.1314569E+02  0.1054140E+01  0.3165142E+00  0.0000000E+00
  0.2921070E+01 -0.3151446E+01  0.6604506E+00  0.0000000E+00
 -0.5335990E+01  0.8628100E+01  0.1296452E+01  0.0000000E+00
 -0.1065270E+02  0.1518685E+02  0.3372479E+00  0.0000000E+00
 -0.5174776E+01  0.7948593E+01 -0.3181793E+00  0.0000000E+00
 -0.2027652E+01  0.3784843E+01 -0.7125077E+00  0.0000000E+00
  0.1956677E+00  0.1703045E+00 -0.1465189E-01  0.0000000E+00
 -0.1722584E+00 -0.4674421E-01  0.8102946E-01  0.0000000E+00
 -0.1703080E+00  0.6088766E-01 -0.1560787E+00  0.0000000E+00
  0.1642340E+01  0.1892951E+00  0.2544357E+00  0.0000000E+00
 -0.6373644E+01 -0.3282406E+00 -0.2902603E+00  0.0000000E+00
 -0.5414756E+00  0.1931348E+01  0.1084397E+01  0.0000000E+00
 -0.9481500E+01 -0.5575562E+01 -0.3065454E+01  0.0000000E+00
 -0.1026319E+00 -0.2291162E+01 -0.5865762E+00  0.0000000E+00
  0.8626694E+01 -0.1084207E+02  0.6071905E+00  0.0000000E+00
  0.6874592E+01 -0.6955807E+01  0.5244513E+00  0.0000000E+00
  0.5945807E+01 -0.4776070E+01  0.4892985E+00  0.0000000E+00
 -0.7153689E+00  0.3094567E+00  0.1887271E-02  0.0000000E+00
  0.6665916E+00 -0.3410631E+00  0.3194119E-01  0.0000000E+00
 -0.9059158E+00  0.5126412E+00 -0.5993537E-01  0.0000000E+00
  0.7214442E+00 -0.7898188E+00  0.1082786E+00  0.0000000E+00
 -0.3961872E+01  0.1181502E+01 -0.8379164E+00  0.0000000E+00
  0.7048964E+01 -0.1558585E+01  0.6580575E+00  0.0000000E+00
 -0.9627795E+01  0.3469809E+01 -0.3598277E+01  0.0000000E+00
 -0.2934606E+01  0.7869718E+01  0.4021113E+00  0.0000000E+00
 -0.9824111E+00  0.2806029E+01 -0.5510792E+00  0.0000000E+00
  0.1326637E+01  0.1228620E+01 -0.1267654E+01  0.0000000E+00
  0.2698806E+01  0.2480843E+00 -0.1697137E+01  0.0000000E+00
