  1  2   693 10944  4  4  9 11  7  1    0.00   24.00  100.00  600.00    0.00    6.28   45.00   45.00
  100.0  100.0  100.0  100.0  125.0  150.0  190.0  230.0  275.0  350.0  450.0  600.0  600.0  600.0  600.0
  0.1002081E+02 -0.1737316E-01  0.1775355E-01  0.0000000E+00
  0.1027057E+02  0.4994322E-01  0.9829218E-02  0.0000000E+00
  0.1039608E+02  0.3208135E-01  0.4530961E-01  0.0000000E+00
  0.1034940E+02  0.3817425E-01  0.2124236E-01  0.0000000E+00
  0.1069745E+02  0.1334036E+00  0.1508325E-01  0.0000000E+00
  0.1116389E+02  0.2016428E+00 -0.4993993E-01  0.0000000E+00
  0.1158738E+02  0.5255112E+00 -0.3588284E-01  0.0000000E+00
  0.1143929E+02  0.7206048E+00 -0.9792161E-02  0.0000000E+00
  0.1114736E+02  0.6747863E+00  0.4033234E-02  0.0000000E+00
  0.1095284E+02  0.6156372E+00  0.1265428E-01  0.0000000E+00
  0.1083569E+02  0.5804955E+00  0.1785719E-01  0.0000000E+00
 -0.7442960E+00 -0.1021117E+00  0.4074799E-01  0.0000000E+00
 -0.6052817E+00 -0.5746418E-02  0.3603015E-01  0.0000000E+00
 -0.9154827E+00 -0.9345449E-01  0.6255662E-01  0.0000000E+00
 -0.9184606E+00 -0.8290833E-02  0.6460004E-01  0.0000000E+00
 -0.1056944E+01 -0.3495935E-01  0.4420594E-01  0.0000000E+00
 -0.7515001E+00 -0.1045071E+00  0.1162217E-03  0.0000000E+00
 -0.3353060E+00 -0.8343934E-01 -0.2075083E-01  0.0000000E+00
 -0.1632766E+00 -0.2857300E-01 -0.2165959E-01  0.0000000E+00
 -0.1746170E+00 -0.2060252E-01 -0.8522949E-02  0.0000000E+00
 -0.1819952E+00 -0.3868766E-01 -0.1326943E-02  0.0000000E+00
 -0.1864410E+00 -0.4918234E-01  0.3033951E-02  0.0000000E+00
  0.2022648E-01 -0.5966903E-01  0.1843823E-01  0.0000000E+00
  0.1557620E-01 -0.4743643E-01 -0.5205855E-03  0.0000000E+00
  0.3098051E-01  0.4042243E-02  0.4011743E-01  0.0000000E+00
  0.5348236E-01 -0.1889689E-01  0.5932470E-02  0.0000000E+00
 -0.4405106E-01 -0.9722266E-02  0.1979773E-01  0.0000000E+00
 -0.2200520E+00 -0.3169743E-01 -0.1214706E-01  0.0000000E+00
 -0.2460993E+00 -0.1788868E-01 -0.2510575E-01  0.0000000E+00
 -0.3012235E+00 -0.3453381E-02 -0.2673136E-01  0.0000000E+00
 -0.2729275E+00 -0.3651756E-01 -0.1980895E-01  0.0000000E+00
 -0.2489895E+00 -0.7589179E-01 -0.1715858E-01  0.0000000E+00
 -0.2346587E+00 -0.9931201E-01 -0.1552864E-01  0.0000000E+00
  0.3466311E-01  0.1870730E-02 -0.2420081E-03  0.0000000E+00
  0.9417723E-01 -0.5566896E-03 -0.1238354E-03  0.0000000E+00
  0.5861773E-01  0.2108262E-02 -0.8847322E-03  0.0000000E+00
  0.1731460E+00 -0.3125247E-02 -0.9556118E-05  0.0000000E+00
 -0.7590433E-01  0.5575533E-02 -0.1194679E-02  0.0000000E+00
 -0.9774940E-01 -0.1018546E-01  0.2038368E-02  0.0000000E+00
  0.1327067E-01  0.3449076E-01 -0.6537799E-02  0.0000000E+00
  0.5851509E-01  0.2014257E-01 -0.5771324E-02  0.0000000E+00
  0.3936105E-01  0.1573823E-01  0.1356284E-02  0.0000000E+00
  0.2027280E-01  0.2363651E-01  0.6601708E-02  0.0000000E+00
  0.8884774E-02  0.2820820E-01  0.9751937E-02  0.0000000E+00
  0.2074095E-01  0.5362614E-03  0.2982628E-03  0.0000000E+00
  0.7514528E-02 -0.1141173E-02  0.9650232E-04  0.0000000E+00
  0.1219782E-01  0.1727580E-02  0.1561960E-03  0.0000000E+00
  0.2906675E-01 -0.3914787E-02  0.6234145E-04  0.0000000E+00
 -0.6267532E-01  0.9264858E-02  0.2092990E-03  0.0000000E+00
 -0.9379396E-01 -0.3604908E-01  0.1028843E-02  0.0000000E+00
 -0.1647556E-01  0.2665654E-02  0.5642533E-02  0.0000000E+00
 -0.6080642E-02  0.2703872E-02  0.4360752E-02  0.0000000E+00
 -0.7029773E-02 -0.7987654E-02  0.1068997E-01  0.0000000E+00
 -0.6648864E-02 -0.1203239E-01  0.1027572E-01  0.0000000E+00
 -0.6436757E-02 -0.1452119E-01  0.1010382E-01  0.0000000E+00
  0.5292442E-01  0.9566592E-03 -0.1061658E-04  0.0000000E+00
  0.4348178E-01 -0.9021436E-03  0.7210787E-05  0.0000000E+00
  0.1024362E+00  0.2328928E-02 -0.2401262E-03  0.0000000E+00
  0.1476869E+00 -0.3169336E-02 -0.1420064E-03  0.0000000E+00
  0.1343993E+00  0.5325695E-02  0.1722725E-03  0.0000000E+00
  0.2136383E-01 -0.8229817E-02 -0.1353731E-02  0.0000000E+00
  0.1972260E-01  0.3283238E-01  0.2490628E-02  0.0000000E+00
  0.2814106E-01  0.3067802E-01  0.5379485E-02  0.0000000E+00
  0.2458331E-01  0.3806772E-01  0.2326104E-02  0.0000000E+00
  0.1758959E-01  0.3877556E-01  0.1615158E-02  0.0000000E+00
  0.1345630E-01  0.3927201E-01  0.1164968E-02  0.0000000E+00
  0.2202098E-02  0.1067168E-02 -0.3934504E-04  0.0000000E+00
  0.2697457E-01  0.1948558E-03 -0.1529155E-03  0.0000000E+00
  0.2584103E-02 -0.5316350E-03  0.1172903E-03  0.0000000E+00
  0.2827475E-01  0.1550398E-02 -0.7130193E-03  0.0000000E+00
  0.1412073E-01 -0.3595732E-02  0.1232687E-02  0.0000000E+00
  0.6090053E-01  0.2001825E-01 -0.3621790E-02  0.0000000E+00
  0.5368292E-01  0.1227605E-01  0.6987826E-02  0.0000000E+00
  0.4999572E-01 -0.2313928E-01  0.2828953E-02  0.0000000E+00
  0.4537638E-01 -0.1429831E-01  0.4534227E-02  0.0000000E+00
  0.3661919E-01  0.5110877E-02  0.4652375E-02  0.0000000E+00
  0.3144093E-01  0.1657125E-01  0.4740745E-02  0.0000000E+00
 -0.4472690E-01  0.4426997E-03  0.1655586E-03  0.0000000E+00
 -0.3225112E-01  0.5102067E-03 -0.8699103E-04  0.0000000E+00
 -0.3658514E-01  0.6476817E-04  0.2150422E-03  0.0000000E+00
 -0.3240899E-01 -0.1032946E-02 -0.1723934E-03  0.0000000E+00
  0.2872555E-02  0.2799308E-02  0.5005666E-03  0.0000000E+00
 -0.2413167E-01 -0.9969392E-02  0.1674415E-03  0.0000000E+00
 -0.4412873E-02  0.2334518E-02  0.3953407E-02  0.0000000E+00
  0.8033218E-02  0.1035177E-01  0.2994963E-02  0.0000000E+00
  0.2301767E-02  0.1086758E-01  0.5712087E-03  0.0000000E+00
 -0.8200698E-03  0.7742481E-02 -0.6040473E-03  0.0000000E+00
 -0.2711946E-02  0.5918921E-02 -0.1319223E-02  0.0000000E+00
 -0.7691425E-02  0.9729671E-03  0.2666797E-03  0.0000000E+00
  0.1784889E-01 -0.1198456E-02  0.9834420E-04  0.0000000E+00
 -0.8015617E-02  0.1723906E-02 -0.4664100E-04  0.0000000E+00
  0.5904807E-02 -0.2477541E-02  0.1648483E-03  0.0000000E+00
  0.1188082E-01  0.4078656E-02 -0.8523626E-04  0.0000000E+00
  0.4070806E-01 -0.9758563E-02  0.3496981E-03  0.0000000E+00
  0.2031314E-01  0.1175664E-01  0.9365898E-03  0.0000000E+00
  0.2469182E-01  0.8628380E-02  0.6142217E-03  0.0000000E+00
  0.1740044E-01  0.6949622E-02  0.2456737E-02  0.0000000E+00
  0.9328193E-02  0.1408592E-01  0.2263625E-02  0.0000000E+00
  0.4520849E-02  0.1824310E-01  0.2171201E-02  0.0000000E+00
 -0.1403401E+00 -0.9537970E-01  0.2774043E-01  0.0000000E+00
 -0.1509007E+00 -0.5831714E-01  0.4381505E-02  0.0000000E+00
 -0.2595839E+00 -0.9792624E-03  0.1490501E-02  0.0000000E+00
 -0.2800449E+00  0.1399110E-01 -0.1461814E-02  0.0000000E+00
 -0.8528251E-01  0.9379744E-01 -0.2020902E-01  0.0000000E+00
  0.4738388E-01 -0.6788438E-02  0.9863540E-02  0.0000000E+00
  0.1284810E-01  0.9549884E-01  0.7199774E-02  0.0000000E+00
 -0.8632147E-01  0.1106154E+00 -0.6911285E-02  0.0000000E+00
 -0.9165761E-01  0.7825242E-01 -0.5472529E-02  0.0000000E+00
 -0.8481530E-01  0.3022199E-01 -0.5738474E-02  0.0000000E+00
 -0.8087203E-01  0.1741589E-02 -0.5876944E-02  0.0000000E+00
  0.6929651E-02 -0.6426116E-01  0.2873103E-01  0.0000000E+00
  0.4674910E-01 -0.8698095E-01  0.1914775E-01  0.0000000E+00
 -0.6617523E-01 -0.1422061E-01 -0.1774962E-01  0.0000000E+00
 -0.6838165E-01  0.3056898E-01  0.3641619E-02  0.0000000E+00
 -0.6846456E-02  0.1632281E+00 -0.1769551E-01  0.0000000E+00
 -0.1342092E+00 -0.5486701E-01  0.1536874E-02  0.0000000E+00
 -0.1665640E+00 -0.9194842E-01 -0.2480327E-01  0.0000000E+00
 -0.1852111E+00 -0.3119482E-01 -0.4945536E-01  0.0000000E+00
 -0.1368117E+00 -0.2658506E-01 -0.4311404E-01  0.0000000E+00
 -0.1009613E+00 -0.6210247E-01 -0.4144991E-01  0.0000000E+00
 -0.7943438E-01 -0.8283748E-01 -0.4040420E-01  0.0000000E+00
 -0.3312503E-01 -0.4067440E-01  0.1932059E-01  0.0000000E+00
 -0.6924195E-01 -0.6294046E-01  0.7142214E-03  0.0000000E+00
 -0.3869947E-01 -0.1426033E-01  0.2260997E-01  0.0000000E+00
 -0.6415266E-01 -0.6110053E-01  0.9411174E-03  0.0000000E+00
 -0.5497141E-01 -0.2864632E-01  0.2302346E-01  0.0000000E+00
 -0.4314954E-01 -0.1104840E+00 -0.1596079E-02  0.0000000E+00
 -0.6343891E-01 -0.1408179E+00  0.1536865E-01  0.0000000E+00
 -0.3804480E-01 -0.1056682E+00  0.9077122E-02  0.0000000E+00
 -0.2723274E-01 -0.7651069E-01  0.1404867E-01  0.0000000E+00
 -0.1342647E-01 -0.7150705E-01  0.1458557E-01  0.0000000E+00
 -0.5224656E-02 -0.6825195E-01  0.1495622E-01  0.0000000E+00
  0.1687947E+00  0.1070683E-03  0.2821841E-04  0.0000000E+00
  0.8318801E-01  0.1126563E-02 -0.5278119E-03  0.0000000E+00
  0.1918005E+00 -0.7583871E-03  0.4667862E-03  0.0000000E+00
  0.1916343E+00  0.2570963E-02 -0.7762201E-03  0.0000000E+00
  0.1462709E+00 -0.7764980E-02  0.1763642E-02  0.0000000E+00
  0.9713556E-01  0.1774234E-01 -0.3318608E-02  0.0000000E+00
  0.4874358E-01 -0.1095371E-01  0.7299190E-02  0.0000000E+00
  0.1580964E-01  0.1372219E-01 -0.5036939E-02  0.0000000E+00
  0.2535601E-01  0.9582228E-02 -0.4514709E-02  0.0000000E+00
  0.2166105E-01 -0.4767278E-02 -0.7770725E-02  0.0000000E+00
  0.1960519E-01 -0.1321413E-01 -0.9670988E-02  0.0000000E+00
 -0.1489741E-01  0.2766533E-03  0.3624850E-03  0.0000000E+00
 -0.5749304E-01 -0.9282559E-03 -0.4695202E-03  0.0000000E+00
 -0.4692818E-01  0.1257042E-02  0.6867419E-03  0.0000000E+00
 -0.8972966E-01 -0.1385708E-02 -0.1206885E-02  0.0000000E+00
 -0.1968431E-01  0.6139204E-02  0.2068868E-02  0.0000000E+00
  0.3806069E-01 -0.3712916E-01 -0.5456759E-02  0.0000000E+00
  0.9874682E-02 -0.9189792E-01  0.1282480E-01  0.0000000E+00
  0.2467218E-01 -0.5953826E-01  0.2957777E-02  0.0000000E+00
  0.1313773E-01 -0.5542811E-01  0.5142017E-03  0.0000000E+00
  0.5958891E-02 -0.5879522E-01 -0.2832037E-02  0.0000000E+00
  0.1626096E-02 -0.6071894E-01 -0.4818059E-02  0.0000000E+00
  0.7671116E-03  0.6584021E-03  0.6340062E-05  0.0000000E+00
  0.1386071E-01 -0.3599757E-03 -0.1171956E-03  0.0000000E+00
 -0.1329214E-01  0.1524338E-02  0.6467898E-04  0.0000000E+00
  0.3375355E-01 -0.2229021E-02 -0.2904741E-03  0.0000000E+00
 -0.6015334E-01  0.4360015E-02  0.5389730E-03  0.0000000E+00
  0.3099044E-01 -0.1044673E-01 -0.2443721E-03  0.0000000E+00
  0.7913312E-02  0.9956549E-02  0.7044752E-02  0.0000000E+00
  0.8755938E-03  0.2083945E-01  0.1313108E-02  0.0000000E+00
  0.3123406E-02  0.1364013E-01  0.1129865E-02  0.0000000E+00
  0.4851272E-02  0.8739470E-02 -0.2205077E-02  0.0000000E+00
  0.5887768E-02  0.5787976E-02 -0.4159589E-02  0.0000000E+00
 -0.4861710E-03  0.2489386E-03  0.8330397E-04  0.0000000E+00
 -0.1158136E-01  0.1452838E-02 -0.2423617E-03  0.0000000E+00
 -0.2375405E-01 -0.2494013E-02  0.2786570E-03  0.0000000E+00
 -0.3202936E-01  0.5579014E-02 -0.6849465E-03  0.0000000E+00
  0.2559790E-01 -0.1264736E-01  0.5118811E-03  0.0000000E+00
  0.7146350E-01  0.4148862E-01  0.7535162E-03  0.0000000E+00
  0.4192101E-01  0.9188941E-02  0.3435295E-02  0.0000000E+00
  0.1128815E-01 -0.1265778E-01  0.2708898E-02  0.0000000E+00
  0.8119597E-02 -0.1223920E-01 -0.1207237E-02  0.0000000E+00
  0.1017201E-01  0.1822995E-02 -0.2828286E-02  0.0000000E+00
  0.1133723E-01  0.1006154E-01 -0.3821321E-02  0.0000000E+00
 -0.7614597E-01  0.9241238E-04  0.4334179E-04  0.0000000E+00
 -0.2786894E-01 -0.8250331E-03  0.1687595E-03  0.0000000E+00
 -0.1208394E+00  0.5574738E-03 -0.6179196E-04  0.0000000E+00
 -0.9842519E-01 -0.3414745E-03  0.1478741E-04  0.0000000E+00
 -0.1305933E+00  0.2076471E-02  0.4618725E-04  0.0000000E+00
 -0.5819963E-01 -0.6557645E-02 -0.5231688E-03  0.0000000E+00
 -0.2105718E-01 -0.1942796E-02 -0.2966612E-02  0.0000000E+00
 -0.1496331E-01  0.1170212E-02 -0.1155667E-02  0.0000000E+00
 -0.1282135E-01 -0.3092681E-02  0.2776549E-02  0.0000000E+00
 -0.7193647E-02 -0.7954113E-02  0.3506879E-02  0.0000000E+00
 -0.3876261E-02 -0.1084854E-01  0.3978163E-02  0.0000000E+00
 -0.3448815E-01  0.5877591E-03  0.3191099E-03  0.0000000E+00
 -0.1620412E-01 -0.7537799E-03  0.2085733E-03  0.0000000E+00
 -0.1115897E-01  0.1004502E-02 -0.6160026E-04  0.0000000E+00
  0.1884984E-03 -0.1768241E-02 -0.1829625E-04  0.0000000E+00
 -0.1378685E-01  0.3856905E-02 -0.2974648E-03  0.0000000E+00
 -0.2094866E-01 -0.1253609E-01 -0.1028718E-03  0.0000000E+00
  0.4350935E-02  0.1137337E-01 -0.1367642E-02  0.0000000E+00
 -0.1366304E-01  0.6722780E-03  0.3779770E-02  0.0000000E+00
 -0.1044460E-01  0.1037515E-03  0.1080109E-02  0.0000000E+00
 -0.8498451E-02  0.2079298E-02 -0.1961922E-02  0.0000000E+00
 -0.7323263E-02  0.3230753E-02 -0.3772898E-02  0.0000000E+00
 -0.2030995E-01 -0.5291602E-01 -0.1130571E-01  0.0000000E+00
 -0.6260601E-01 -0.1688532E+00 -0.9825432E-02  0.0000000E+00
 -0.3410051E-01 -0.7312869E-01 -0.1393967E-01  0.0000000E+00
  0.1278956E-01  0.8802722E-02  0.4261647E-02  0.0000000E+00
 -0.3992425E-01 -0.4704787E-01  0.4882183E-03  0.0000000E+00
  0.2218781E-01  0.8326465E-01  0.6987066E-02  0.0000000E+00
  0.5992233E-02  0.1593055E-01 -0.3753788E-02  0.0000000E+00
  0.5150568E-01  0.1013917E-01 -0.1415908E-01  0.0000000E+00
  0.3940788E-01 -0.1983297E-02 -0.9535952E-02  0.0000000E+00
  0.2843408E-01  0.9011831E-03 -0.4727872E-02  0.0000000E+00
  0.2187359E-01  0.2452716E-02 -0.1861212E-02  0.0000000E+00
 -0.9625327E-01 -0.1714203E+00 -0.9536740E-02  0.0000000E+00
 -0.1492540E+00 -0.2575162E+00 -0.8040550E-02  0.0000000E+00
 -0.9210138E-01 -0.6733124E-01 -0.4645231E-02  0.0000000E+00
 -0.5436595E-01  0.2650135E-01  0.5813323E-02  0.0000000E+00
 -0.5101925E-01 -0.5545219E-01 -0.7566959E-02  0.0000000E+00
  0.8223748E-01  0.1296027E+00  0.5808007E-02  0.0000000E+00
  0.4178817E-01  0.1143691E+00  0.9598650E-02  0.0000000E+00
  0.6461732E-01  0.5672693E-01 -0.2760603E-02  0.0000000E+00
  0.4753673E-01  0.1388384E-01  0.1887368E-02  0.0000000E+00
  0.3108405E-01  0.5112302E-02  0.6739585E-02  0.0000000E+00
  0.2126048E-01 -0.5055855E-03  0.9631924E-02  0.0000000E+00
 -0.4558118E-01  0.1486055E-02 -0.2727286E-02  0.0000000E+00
 -0.8433139E-02 -0.1672878E-01 -0.9424706E-02  0.0000000E+00
 -0.7667135E-01 -0.7178501E-02 -0.1003309E-01  0.0000000E+00
 -0.5606914E-01 -0.7133640E-01 -0.9171869E-03  0.0000000E+00
 -0.4987244E-01  0.7382280E-02 -0.1471087E-01  0.0000000E+00
 -0.2470295E-01 -0.9748119E-02  0.7962744E-02  0.0000000E+00
 -0.2338556E-01  0.1854363E-01  0.1308307E-01  0.0000000E+00
 -0.3010595E-01 -0.4124864E-01  0.1656550E-01  0.0000000E+00
 -0.3780253E-01 -0.4125980E-01  0.1074443E-01  0.0000000E+00
 -0.3652659E-01 -0.5081586E-01  0.7127136E-02  0.0000000E+00
 -0.3586767E-01 -0.5641591E-01  0.4944785E-02  0.0000000E+00
 -0.2568843E-01  0.2308343E-02  0.2692165E-04  0.0000000E+00
 -0.1503731E-01  0.1730004E-02  0.1716000E-03  0.0000000E+00
 -0.1405906E-01 -0.2783976E-03 -0.1818935E-03  0.0000000E+00
 -0.6637435E-01  0.1549816E-02 -0.3321667E-05  0.0000000E+00
  0.6062840E-02 -0.3224344E-02  0.2273600E-03  0.0000000E+00
 -0.2065168E-01  0.1117249E-01  0.5073596E-04  0.0000000E+00
 -0.1528957E-01  0.6969777E-02 -0.4945781E-02  0.0000000E+00
  0.4715436E-02  0.9657046E-02 -0.1499831E-01  0.0000000E+00
  0.1178058E-01  0.1070170E-01 -0.8408756E-02  0.0000000E+00
  0.1360204E-01  0.9024233E-02 -0.2170471E-02  0.0000000E+00
  0.1474794E-01  0.8054754E-02  0.1554672E-02  0.0000000E+00
 -0.2533722E-02  0.5862917E-03 -0.4358136E-04  0.0000000E+00
  0.1821287E-01 -0.2312086E-02 -0.2568987E-04  0.0000000E+00
 -0.4333165E-01  0.1923971E-02  0.3876549E-05  0.0000000E+00
 -0.1770783E-01 -0.2912520E-02  0.4520334E-03  0.0000000E+00
 -0.1005531E-01  0.2757748E-02 -0.8673964E-03  0.0000000E+00
 -0.1196704E-01  0.7576269E-02  0.8985309E-03  0.0000000E+00
 -0.8249463E-02  0.4540792E-01 -0.6162269E-02  0.0000000E+00
 -0.9431399E-02 -0.3087692E-02  0.6672674E-02  0.0000000E+00
 -0.1952444E-01 -0.2698726E-01  0.7679121E-02  0.0000000E+00
 -0.2637286E-01 -0.4078787E-01  0.5388172E-02  0.0000000E+00
 -0.3049530E-01 -0.4913778E-01  0.4057968E-02  0.0000000E+00
  0.3862785E-01  0.1473356E-02 -0.1024492E-03  0.0000000E+00
  0.5131154E-01  0.2080861E-03 -0.4307785E-04  0.0000000E+00
  0.5275634E-01 -0.3312734E-03 -0.2969868E-03  0.0000000E+00
  0.2152508E-01  0.1061897E-02  0.3208516E-03  0.0000000E+00
  0.2855632E-01 -0.1298821E-03 -0.4168050E-03  0.0000000E+00
 -0.2400804E-01 -0.6511072E-02  0.7741226E-03  0.0000000E+00
 -0.1596468E-01 -0.3301614E-01 -0.3954615E-02  0.0000000E+00
 -0.1591095E-01 -0.3457980E-02 -0.3326331E-02  0.0000000E+00
 -0.6880431E-02 -0.5785685E-02  0.8269324E-03  0.0000000E+00
  0.1998184E-02 -0.6484130E-02  0.3872672E-02  0.0000000E+00
  0.7296822E-02 -0.6919942E-02  0.5701764E-02  0.0000000E+00
  0.2728947E-01  0.1525718E-02 -0.1306475E-04  0.0000000E+00
  0.2948852E-01 -0.2245203E-02  0.4657992E-04  0.0000000E+00
  0.1241512E-01  0.3819348E-02  0.7048322E-04  0.0000000E+00
  0.1507231E-01 -0.5429748E-02  0.7754850E-04  0.0000000E+00
  0.7413200E-02  0.1067610E-01 -0.6496700E-03  0.0000000E+00
 -0.2326679E-01 -0.2967888E-01  0.2546787E-02  0.0000000E+00
 -0.2089589E-02  0.1516000E-01 -0.2338852E-02  0.0000000E+00
  0.6344506E-02 -0.1220450E-01  0.6240349E-02  0.0000000E+00
  0.6667210E-02 -0.2206981E-01  0.5215505E-02  0.0000000E+00
  0.2482023E-02 -0.2000319E-01  0.3951355E-02  0.0000000E+00
  0.3573188E-04 -0.1890621E-01  0.3200022E-02  0.0000000E+00
  0.2299732E-01  0.5691527E-03 -0.5264973E-04  0.0000000E+00
  0.4622094E-01  0.7856403E-03  0.1215667E-03  0.0000000E+00
  0.2146424E-01 -0.1037779E-02 -0.2942870E-03  0.0000000E+00
  0.4755826E-01  0.1633730E-02  0.3423251E-03  0.0000000E+00
  0.1426823E-01 -0.3654996E-02 -0.5315876E-03  0.0000000E+00
  0.4593201E-02  0.1001086E-01  0.1239815E-02  0.0000000E+00
 -0.4973403E-03 -0.6994117E-02  0.1606792E-02  0.0000000E+00
 -0.5650646E-02  0.3177527E-02 -0.1648029E-03  0.0000000E+00
 -0.3888191E-02  0.3844216E-02  0.3093706E-03  0.0000000E+00
 -0.2729289E-03 -0.2661059E-02  0.1007395E-02  0.0000000E+00
  0.1862026E-02 -0.6462256E-02  0.1420683E-02  0.0000000E+00
  0.5989430E-02  0.1275773E-02 -0.5452774E-04  0.0000000E+00
  0.1500936E-02 -0.1360328E-03 -0.1296863E-03  0.0000000E+00
  0.1401714E-01 -0.6450196E-03  0.2272218E-03  0.0000000E+00
  0.4164053E-02  0.1201011E-02 -0.4250570E-03  0.0000000E+00
 -0.1217335E-01 -0.2695562E-02  0.5454749E-03  0.0000000E+00
 -0.2344469E-01  0.8207367E-02 -0.1407298E-02  0.0000000E+00
  0.3262667E-02 -0.8937557E-02 -0.9032883E-04  0.0000000E+00
  0.3560575E-02 -0.9620167E-02  0.4132718E-03  0.0000000E+00
  0.5189589E-02 -0.1144853E-01  0.3231143E-03  0.0000000E+00
  0.4165447E-02 -0.2751935E-02  0.1045529E-02  0.0000000E+00
  0.3584329E-02  0.2317145E-02  0.1467404E-02  0.0000000E+00
  0.4374051E-01  0.4608163E-01 -0.1784497E-02  0.0000000E+00
  0.4995651E-01  0.2214037E-01  0.2449402E-02  0.0000000E+00
  0.4866967E-01  0.2061033E-02  0.3392799E-03  0.0000000E+00
  0.6889653E-01  0.2794720E-01 -0.2118416E-02  0.0000000E+00
  0.1775228E-01 -0.1463944E-01  0.2147733E-02  0.0000000E+00
  0.7603548E-02  0.5464373E-02 -0.1562657E-03  0.0000000E+00
 -0.1885616E-01 -0.3016371E-01  0.6915260E-02  0.0000000E+00
 -0.3817667E-01 -0.1118795E-01  0.6094752E-03  0.0000000E+00
 -0.3242983E-01 -0.1647359E-01  0.9083109E-03  0.0000000E+00
 -0.1713260E-01 -0.8619511E-02 -0.1884653E-02  0.0000000E+00
 -0.8114312E-02 -0.4082251E-02 -0.3516166E-02  0.0000000E+00
  0.4560289E-01 -0.1987268E-02 -0.2547735E-02  0.0000000E+00
  0.4051791E-01  0.9928485E-04  0.3205928E-03  0.0000000E+00
  0.7615720E-01 -0.5580570E-02 -0.7972164E-03  0.0000000E+00
  0.8819652E-01  0.3134261E-01 -0.5681646E-02  0.0000000E+00
  0.1302709E-01 -0.3465313E-01  0.1873526E-02  0.0000000E+00
  0.4013157E-01  0.2769325E-01 -0.4005752E-02  0.0000000E+00
  0.3823253E-01  0.1921127E-01 -0.2386200E-02  0.0000000E+00
  0.4392221E-01  0.2533294E-01 -0.1691669E-02  0.0000000E+00
  0.2620959E-01  0.4708751E-02 -0.5614175E-03  0.0000000E+00
  0.1176416E-01  0.4946878E-02 -0.4734859E-02  0.0000000E+00
  0.3109908E-02  0.4853904E-02 -0.7165440E-02  0.0000000E+00
 -0.3226197E-02  0.1200037E-01 -0.1696544E-02  0.0000000E+00
 -0.7515530E-02 -0.1437525E-01 -0.4889723E-02  0.0000000E+00
  0.3151338E-03  0.1384484E-01 -0.2061871E-02  0.0000000E+00
  0.1194113E-02 -0.3565907E-01 -0.4716757E-02  0.0000000E+00
 -0.3243793E-01  0.1046694E-01 -0.3573224E-02  0.0000000E+00
  0.2166704E-01 -0.2092980E-01  0.2226104E-03  0.0000000E+00
  0.2579958E-01  0.2177847E-01 -0.6212349E-02  0.0000000E+00
  0.3353250E-01  0.8831536E-02  0.2728766E-02  0.0000000E+00
  0.1916195E-01  0.2810629E-02 -0.1313019E-02  0.0000000E+00
  0.1064406E-01 -0.4318060E-02 -0.2485967E-02  0.0000000E+00
  0.5496880E-02 -0.8559603E-02 -0.3217562E-02  0.0000000E+00
  0.1979276E-01 -0.5283236E-03  0.1052319E-03  0.0000000E+00
 -0.3118999E-02 -0.3383633E-03 -0.2630977E-03  0.0000000E+00
  0.2741783E-01  0.1922929E-04  0.3080661E-03  0.0000000E+00
 -0.1365326E-02  0.5127608E-03 -0.3473138E-03  0.0000000E+00
 -0.9451408E-02 -0.1796148E-02  0.3654487E-03  0.0000000E+00
 -0.1022934E-01  0.5058306E-02 -0.6819247E-03  0.0000000E+00
  0.3298951E-02 -0.1303288E-01  0.2448594E-02  0.0000000E+00
  0.2063426E-02 -0.1456516E-01  0.1600646E-02  0.0000000E+00
  0.3416643E-03 -0.1100028E-01 -0.5179120E-03  0.0000000E+00
 -0.6474261E-03 -0.6335684E-02 -0.3257213E-02  0.0000000E+00
 -0.1245514E-02 -0.3564771E-02 -0.4884855E-02  0.0000000E+00
  0.9207067E-02 -0.2527746E-03  0.3188244E-05  0.0000000E+00
 -0.1538689E-01 -0.1254520E-03 -0.3014340E-03  0.0000000E+00
  0.3642243E-02  0.6940311E-03  0.1701834E-03  0.0000000E+00
  0.4311776E-02 -0.8220789E-03 -0.2215810E-03  0.0000000E+00
 -0.2608870E-01  0.1705459E-02  0.4346680E-05  0.0000000E+00
  0.1086622E-01 -0.4870080E-02  0.7803422E-04  0.0000000E+00
  0.1309192E-01  0.1263504E-01 -0.2649588E-02  0.0000000E+00
  0.9275112E-02  0.1143356E-01  0.9660575E-03  0.0000000E+00
  0.4391276E-02  0.2504739E-02 -0.4857824E-02  0.0000000E+00
  0.4656205E-02  0.9202487E-03 -0.5323990E-02  0.0000000E+00
  0.4757052E-02 -0.1071148E-03 -0.5662021E-02  0.0000000E+00
 -0.2600911E-01 -0.1083822E-02 -0.1295335E-05  0.0000000E+00
 -0.2238947E-01 -0.5452036E-03 -0.8710381E-04  0.0000000E+00
 -0.2752954E-01 -0.2171736E-03  0.1549737E-03  0.0000000E+00
 -0.3069120E-01  0.1004140E-02 -0.3592342E-03  0.0000000E+00
 -0.8017873E-02 -0.1436536E-02  0.5306379E-03  0.0000000E+00
 -0.3551081E-01  0.1091860E-02 -0.6762832E-03  0.0000000E+00
 -0.7750707E-02 -0.4127856E-02  0.2459614E-02  0.0000000E+00
 -0.2510356E-02 -0.6445330E-02  0.3292481E-02  0.0000000E+00
 -0.1276192E-02 -0.2837814E-02  0.4302100E-02  0.0000000E+00
 -0.1674070E-02  0.2934640E-03  0.3938236E-02  0.0000000E+00
 -0.1893697E-02  0.2166741E-02  0.3736834E-02  0.0000000E+00
  0.8638363E-02 -0.5682326E-03  0.6793795E-04  0.0000000E+00
 -0.1930464E-01  0.8249432E-03 -0.2524426E-03  0.0000000E+00
  0.8838442E-02 -0.4073113E-03  0.2167526E-03  0.0000000E+00
 -0.1080818E-02  0.8939775E-03 -0.3339160E-03  0.0000000E+00
 -0.1862109E-01 -0.9804145E-03  0.2683112E-03  0.0000000E+00
 -0.2285024E-01  0.1548451E-03 -0.4073226E-03  0.0000000E+00
  0.6355494E-02 -0.4624884E-02  0.9924358E-03  0.0000000E+00
 -0.4397686E-02  0.1657678E-01 -0.3668713E-03  0.0000000E+00
 -0.4307875E-02  0.1446208E-01 -0.2378254E-02  0.0000000E+00
 -0.4821142E-04  0.1154712E-01 -0.1542995E-02  0.0000000E+00
  0.2446682E-02  0.9817538E-02 -0.1076749E-02  0.0000000E+00
 -0.1255162E-02 -0.5746093E-03 -0.7905191E-04  0.0000000E+00
  0.1197171E-01 -0.1281190E-02  0.2191997E-03  0.0000000E+00
 -0.1011158E-01  0.1703564E-02 -0.2184500E-03  0.0000000E+00
  0.7015148E-02 -0.1923610E-02  0.3264399E-03  0.0000000E+00
  0.2814403E-01  0.3535020E-02 -0.4661057E-03  0.0000000E+00
 -0.1079701E-01 -0.6920781E-02  0.8299748E-03  0.0000000E+00
 -0.3573995E-02  0.1051057E-01 -0.4134810E-02  0.0000000E+00
  0.4541402E-02  0.2709513E-02 -0.2192206E-03  0.0000000E+00
  0.4259775E-02  0.4540821E-02 -0.1075265E-05  0.0000000E+00
  0.6370067E-03  0.4268729E-02 -0.1007261E-02  0.0000000E+00
 -0.1486283E-02  0.4130364E-02 -0.1593517E-02  0.0000000E+00
  0.4208625E-02 -0.6138810E-03  0.9732586E-04  0.0000000E+00
 -0.1546540E-01  0.8850156E-03  0.1068964E-03  0.0000000E+00
  0.8847441E-02 -0.2674410E-03 -0.2186595E-03  0.0000000E+00
 -0.1680141E-01  0.3350146E-03  0.2408338E-03  0.0000000E+00
 -0.1929806E-01 -0.2058183E-02 -0.7037629E-03  0.0000000E+00
 -0.2278126E-01  0.5388088E-02  0.1406308E-02  0.0000000E+00
 -0.7210165E-02  0.1384071E-02 -0.3803103E-02  0.0000000E+00
 -0.9332839E-02  0.9044982E-02  0.3105541E-03  0.0000000E+00
 -0.4669068E-02  0.1261177E-01 -0.7653813E-03  0.0000000E+00
 -0.8932183E-03  0.8244908E-02 -0.4020663E-03  0.0000000E+00
  0.1368954E-02  0.5728292E-02 -0.2016950E-03  0.0000000E+00
  0.1925988E-01  0.1849524E-01  0.5580325E-02  0.0000000E+00
  0.2365480E-01  0.2100752E-01 -0.5305768E-02  0.0000000E+00
  0.3032838E-01 -0.6593579E-03  0.3457647E-02  0.0000000E+00
  0.4076667E-01  0.2164174E-01 -0.1242276E-02  0.0000000E+00
  0.4853567E-01  0.1557538E-01  0.4012964E-02  0.0000000E+00
  0.3265649E-01  0.3103165E-01 -0.8106087E-03  0.0000000E+00
  0.1205103E-01 -0.1935425E-01 -0.7865125E-03  0.0000000E+00
  0.4082203E-02 -0.1552552E-01 -0.6244493E-02  0.0000000E+00
 -0.1042328E-02 -0.1024546E-01 -0.4390726E-02  0.0000000E+00
 -0.3785273E-02 -0.1688476E-01 -0.3154388E-02  0.0000000E+00
 -0.5448589E-02 -0.2071090E-01 -0.2409541E-02  0.0000000E+00
  0.4411994E-01  0.1553783E-01  0.9226564E-02  0.0000000E+00
  0.4192748E-01  0.4544950E-01 -0.5442640E-02  0.0000000E+00
  0.5075665E-01  0.1980388E-02  0.8551481E-02  0.0000000E+00
  0.5816310E-01  0.2432913E-01 -0.1742621E-02  0.0000000E+00
  0.8483972E-01  0.3248397E-01  0.7854669E-02  0.0000000E+00
  0.3997382E-01  0.2806992E-01 -0.1739364E-02  0.0000000E+00
  0.1116665E-01 -0.3141172E-01  0.8336901E-02  0.0000000E+00
 -0.2190950E-02 -0.2386729E-01 -0.3753692E-02  0.0000000E+00
 -0.3730079E-02 -0.8851514E-02 -0.2443245E-02  0.0000000E+00
 -0.5170705E-02 -0.1390421E-01 -0.6661641E-03  0.0000000E+00
 -0.6031504E-02 -0.1669301E-01  0.3885595E-03  0.0000000E+00
 -0.9892419E-03  0.2200241E-01 -0.7341928E-04  0.0000000E+00
  0.1093173E-01 -0.1149791E-01 -0.4294039E-02  0.0000000E+00
  0.7616629E-02 -0.6737910E-02 -0.2679573E-02  0.0000000E+00
  0.3944561E-01  0.1455844E-01 -0.4699395E-02  0.0000000E+00
 -0.7763465E-02 -0.2858438E-01  0.2237219E-03  0.0000000E+00
 -0.3789518E-01  0.2435511E-01 -0.4669813E-03  0.0000000E+00
 -0.1225561E-01  0.9670344E-02 -0.7565551E-03  0.0000000E+00
 -0.2461831E-01  0.1399657E-01 -0.1371890E-02  0.0000000E+00
 -0.1967745E-01  0.5290091E-02 -0.2595794E-03  0.0000000E+00
 -0.1063859E-01 -0.1131214E-01  0.1164327E-03  0.0000000E+00
 -0.5291608E-02 -0.2112777E-01  0.3492962E-03  0.0000000E+00
  0.4596367E-01  0.4820309E-03  0.3507807E-04  0.0000000E+00
  0.2381718E-01  0.2156385E-03  0.2542683E-04  0.0000000E+00
  0.2080581E-01 -0.4673428E-03  0.1087571E-03  0.0000000E+00
  0.2958544E-01  0.1006094E-02 -0.3021424E-03  0.0000000E+00
  0.5622537E-01 -0.2256332E-02  0.7446601E-03  0.0000000E+00
  0.2067270E-01  0.8413194E-02 -0.1160809E-02  0.0000000E+00
 -0.3457765E-02 -0.1296046E-01  0.8926714E-03  0.0000000E+00
 -0.2087183E-01 -0.8445980E-03 -0.5509151E-02  0.0000000E+00
 -0.1065036E-01  0.2462607E-02 -0.1531313E-02  0.0000000E+00
 -0.3828145E-02 -0.2250752E-02  0.1263250E-02  0.0000000E+00
  0.2795148E-03 -0.4972539E-02  0.2943617E-02  0.0000000E+00
  0.1403682E-02  0.7364775E-04  0.4604549E-04  0.0000000E+00
  0.1181083E-01  0.1158423E-02 -0.1027575E-03  0.0000000E+00
  0.2553831E-01 -0.1082903E-02  0.2976652E-04  0.0000000E+00
  0.6433421E-01  0.1661960E-02  0.1172043E-03  0.0000000E+00
  0.4911749E-02 -0.2200707E-02 -0.2584701E-03  0.0000000E+00
 -0.4912038E-01  0.3332153E-03  0.6837145E-03  0.0000000E+00
 -0.2278322E-01 -0.1271067E-01  0.2136261E-02  0.0000000E+00
 -0.1764587E-01 -0.3009986E-02  0.5137969E-02  0.0000000E+00
 -0.7448336E-02 -0.2456119E-02  0.4356822E-02  0.0000000E+00
 -0.1480738E-02 -0.5277004E-02  0.3413463E-02  0.0000000E+00
  0.2127151E-02 -0.6921966E-02  0.2852196E-02  0.0000000E+00
  0.4837714E-02 -0.2288097E-03 -0.1258645E-03  0.0000000E+00
 -0.1897396E-01  0.8883167E-03 -0.7399366E-04  0.0000000E+00
  0.3576073E-02 -0.8263162E-03  0.3379563E-04  0.0000000E+00
 -0.2986514E-02  0.3491515E-03 -0.8299170E-04  0.0000000E+00
  0.2701812E-01 -0.5360821E-03  0.3087997E-03  0.0000000E+00
  0.1278973E-01 -0.2338010E-02 -0.6744172E-03  0.0000000E+00
  0.2623995E-02  0.2160584E-02  0.3892988E-02  0.0000000E+00
 -0.6135290E-02  0.3497731E-02 -0.6660148E-03  0.0000000E+00
 -0.1945313E-02  0.3061005E-02 -0.7081947E-03  0.0000000E+00
  0.9781144E-04 -0.3288694E-02 -0.3667816E-03  0.0000000E+00
  0.1340612E-02 -0.7010287E-02 -0.1673986E-03  0.0000000E+00
  0.5287096E-02  0.5495597E-03  0.4130567E-04  0.0000000E+00
 -0.2379927E-02  0.1078436E-02  0.4217275E-05  0.0000000E+00
  0.1335733E-01 -0.5932650E-03 -0.8724377E-04  0.0000000E+00
  0.3571295E-01  0.2991158E-03  0.7203132E-04  0.0000000E+00
  0.9182984E-02 -0.5604047E-03 -0.3918316E-03  0.0000000E+00
 -0.7683018E-02 -0.2870127E-03  0.4533977E-03  0.0000000E+00
 -0.3880586E-02 -0.5947360E-02 -0.4466475E-02  0.0000000E+00
 -0.1452446E-02  0.7675542E-03 -0.2220416E-02  0.0000000E+00
  0.7405914E-02 -0.5929744E-02 -0.2634849E-03  0.0000000E+00
  0.6672256E-02 -0.8101561E-02  0.8671920E-03  0.0000000E+00
  0.6342327E-02 -0.9448594E-02  0.1550885E-02  0.0000000E+00
 -0.1522808E-01 -0.3157505E-03 -0.1083934E-03  0.0000000E+00
 -0.2325705E-01 -0.3451029E-03  0.6726415E-04  0.0000000E+00
 -0.1017230E-01  0.1371297E-02 -0.2356729E-03  0.0000000E+00
 -0.1226281E-01 -0.1757125E-02  0.3531415E-03  0.0000000E+00
 -0.3752324E-02  0.2956286E-02 -0.2347787E-03  0.0000000E+00
 -0.8646379E-02 -0.6092408E-02  0.3564403E-03  0.0000000E+00
 -0.9058318E-03  0.9231223E-02 -0.2709399E-02  0.0000000E+00
 -0.3894699E-02  0.6715800E-02 -0.7281090E-03  0.0000000E+00
 -0.6252426E-02  0.3248780E-02  0.5665183E-03  0.0000000E+00
 -0.4637797E-02 -0.1912515E-02  0.1692247E-02  0.0000000E+00
 -0.3718765E-02 -0.4974028E-02  0.2365344E-02  0.0000000E+00
  0.4083706E-02  0.4859241E-04 -0.9456640E-04  0.0000000E+00
  0.9112356E-03  0.1650794E-02  0.6782637E-05  0.0000000E+00
 -0.4574629E-02 -0.6142617E-03 -0.6521954E-04  0.0000000E+00
 -0.6500203E-02  0.8222055E-03 -0.1082016E-03  0.0000000E+00
 -0.1508404E-02 -0.2056004E-02 -0.1766420E-04  0.0000000E+00
  0.1311514E-01  0.5389987E-02  0.2141811E-03  0.0000000E+00
  0.3904227E-02 -0.5316590E-02 -0.1051643E-02  0.0000000E+00
  0.7671203E-02  0.4548836E-02 -0.1026744E-02  0.0000000E+00
  0.4775666E-02  0.2188313E-02  0.2576989E-03  0.0000000E+00
  0.1875785E-02 -0.1742104E-03  0.1751866E-02  0.0000000E+00
  0.1461236E-03 -0.1582878E-02  0.2641007E-02  0.0000000E+00
 -0.1269395E-01 -0.1991012E-02 -0.4126282E-02  0.0000000E+00
 -0.2169473E-01 -0.2092978E-01 -0.1341116E-02  0.0000000E+00
 -0.6041138E-02  0.6550469E-02 -0.7687181E-03  0.0000000E+00
 -0.8804656E-02  0.1214598E-02  0.4874034E-03  0.0000000E+00
 -0.1409728E-01  0.1179929E-01  0.1785151E-03  0.0000000E+00
 -0.8572528E-02  0.2564699E-02  0.1001899E-03  0.0000000E+00
 -0.1127907E-02 -0.1246793E-01 -0.1523581E-02  0.0000000E+00
 -0.2060895E-02 -0.6077706E-03 -0.8853477E-03  0.0000000E+00
 -0.2560150E-02  0.1658696E-02  0.1907839E-03  0.0000000E+00
  0.1552344E-02  0.2783162E-02  0.7065333E-03  0.0000000E+00
  0.3954360E-02  0.3467164E-02  0.1020239E-02  0.0000000E+00
 -0.1759358E-01 -0.3996795E-02 -0.4494055E-02  0.0000000E+00
 -0.2115325E-01 -0.8555038E-02  0.2137965E-03  0.0000000E+00
 -0.2401207E-01  0.3186221E-02  0.1688585E-02  0.0000000E+00
 -0.1937404E-01 -0.1812105E-02  0.2443634E-03  0.0000000E+00
 -0.2014675E-01  0.1442762E-01  0.1627766E-02  0.0000000E+00
 -0.2117875E-01  0.8587548E-02 -0.3488329E-03  0.0000000E+00
 -0.7314831E-02 -0.8456004E-02 -0.6241860E-02  0.0000000E+00
 -0.2537904E-02  0.7970628E-02 -0.9971820E-03  0.0000000E+00
 -0.6033116E-03  0.4754440E-02  0.1305877E-02  0.0000000E+00
  0.2963484E-02  0.6790745E-02  0.2060081E-02  0.0000000E+00
  0.5073313E-02  0.7946233E-02  0.2527234E-02  0.0000000E+00
 -0.2640580E-03  0.1017622E-01 -0.1814662E-02  0.0000000E+00
 -0.1172125E-01 -0.2602979E-02 -0.3291600E-02  0.0000000E+00
  0.1094732E-01 -0.1072000E-01  0.3638301E-02  0.0000000E+00
 -0.1608452E-01  0.1457095E-02 -0.1331029E-02  0.0000000E+00
  0.8259364E-02  0.7290088E-02  0.2945637E-02  0.0000000E+00
 -0.3958891E-02  0.2335676E-02  0.1584415E-02  0.0000000E+00
  0.6318671E-02 -0.9948131E-03  0.9448085E-03  0.0000000E+00
 -0.2869563E-02  0.2368159E-01  0.1885011E-02  0.0000000E+00
 -0.3092572E-02  0.1334921E-01  0.1209668E-02  0.0000000E+00
 -0.2945793E-03  0.2683880E-02  0.4182221E-03  0.0000000E+00
  0.1340943E-02 -0.3673845E-02 -0.5256989E-04  0.0000000E+00
 -0.3152148E-02 -0.3461879E-03 -0.5125890E-04  0.0000000E+00
  0.9645499E-02  0.3401025E-03 -0.2685572E-03  0.0000000E+00
 -0.2834181E-01  0.9188752E-04  0.1255567E-03  0.0000000E+00
 -0.6766390E-02 -0.5773144E-03  0.1590619E-04  0.0000000E+00
 -0.9924051E-02  0.9461487E-03  0.3581777E-04  0.0000000E+00
 -0.5246201E-02  0.8606676E-03 -0.4474539E-03  0.0000000E+00
 -0.3631814E-02  0.1302957E-01  0.1014274E-02  0.0000000E+00
 -0.2160963E-02  0.6817743E-02 -0.6500481E-04  0.0000000E+00
 -0.6778507E-03  0.2877776E-02  0.5771437E-03  0.0000000E+00
  0.1705435E-02  0.4655808E-02 -0.1056716E-03  0.0000000E+00
  0.3117289E-02  0.5651444E-02 -0.4983562E-03  0.0000000E+00
 -0.5558286E-03 -0.3436289E-03  0.6062484E-04  0.0000000E+00
 -0.2466382E-02 -0.4617517E-04 -0.3285730E-03  0.0000000E+00
  0.1206089E-01 -0.4178178E-03  0.1879116E-03  0.0000000E+00
 -0.1098700E-01  0.4255663E-03 -0.3018409E-03  0.0000000E+00
  0.2303981E-02  0.6797657E-04  0.1828724E-03  0.0000000E+00
 -0.5134922E-02 -0.3946168E-02 -0.2452754E-03  0.0000000E+00
 -0.2858899E-03 -0.1117002E-01  0.4826308E-03  0.0000000E+00
 -0.5063288E-03  0.3294312E-02  0.8590567E-03  0.0000000E+00
 -0.1204767E-02  0.4596998E-02  0.1586797E-02  0.0000000E+00
 -0.2796729E-03  0.1299938E-02  0.1358924E-02  0.0000000E+00
  0.2542837E-03 -0.6151028E-03  0.1233759E-02  0.0000000E+00
  0.9456228E-02  0.3185150E-03 -0.5928100E-04  0.0000000E+00
  0.2058284E-01 -0.5092856E-03 -0.1713779E-03  0.0000000E+00
 -0.4994989E-02  0.9579992E-03  0.9490710E-04  0.0000000E+00
  0.2065347E-01 -0.1294775E-02 -0.6665574E-04  0.0000000E+00
 -0.9179709E-04  0.2726801E-02  0.3483272E-03  0.0000000E+00
  0.1341957E-02 -0.7410623E-02 -0.7061344E-03  0.0000000E+00
 -0.4370684E-02  0.1417432E-01  0.1619067E-02  0.0000000E+00
  0.4807917E-02  0.2289590E-02  0.9411047E-03  0.0000000E+00
  0.1931384E-02  0.2327734E-02  0.1046537E-02  0.0000000E+00
 -0.4704576E-04 -0.2763781E-03  0.6815125E-03  0.0000000E+00
 -0.1237368E-02 -0.1800434E-02  0.4689403E-03  0.0000000E+00
  0.4382448E-02 -0.3887954E-03 -0.3425825E-05  0.0000000E+00
  0.1009130E-02  0.1388330E-02 -0.2151774E-04  0.0000000E+00
  0.7441406E-02 -0.1307202E-02 -0.1040399E-03  0.0000000E+00
 -0.1640685E-02  0.2113104E-02  0.2416849E-03  0.0000000E+00
 -0.2099889E-02 -0.4138354E-02 -0.4031681E-03  0.0000000E+00
  0.1434663E-04  0.7782620E-02  0.4659316E-03  0.0000000E+00
 -0.1036499E-02 -0.1169388E-01  0.7407676E-04  0.0000000E+00
  0.4856786E-03 -0.2852022E-02 -0.1270140E-02  0.0000000E+00
  0.1721685E-02 -0.2417899E-02 -0.1004315E-02  0.0000000E+00
  0.1214908E-03 -0.4481800E-02 -0.1822774E-02  0.0000000E+00
 -0.8012976E-03 -0.5685476E-02 -0.2298784E-02  0.0000000E+00
  0.5855619E-02  0.4490538E-03  0.3082955E-04  0.0000000E+00
  0.4794877E-02 -0.1445457E-02 -0.1042665E-03  0.0000000E+00
  0.9999659E-03  0.8516691E-03 -0.2210670E-04  0.0000000E+00
  0.1236515E-01 -0.1009741E-02  0.6996524E-04  0.0000000E+00
 -0.1599682E-02  0.1578842E-02 -0.2811926E-03  0.0000000E+00
  0.9203716E-03 -0.3735062E-02  0.8515966E-03  0.0000000E+00
 -0.3712454E-03  0.4099321E-02 -0.1548417E-02  0.0000000E+00
  0.1050369E-03 -0.2246279E-02  0.5308253E-03  0.0000000E+00
 -0.1118967E-02 -0.1610269E-02  0.1099462E-02  0.0000000E+00
 -0.1263012E-02  0.5035609E-03  0.8716830E-03  0.0000000E+00
 -0.1360697E-02  0.1747401E-02  0.7446810E-03  0.0000000E+00
  0.1251370E-02 -0.2596313E-04  0.6549835E-05  0.0000000E+00
  0.8447873E-03 -0.1035449E-03 -0.2406325E-03  0.0000000E+00
 -0.5877726E-02  0.6630298E-03  0.1785700E-03  0.0000000E+00
  0.1191451E-01 -0.9768058E-03  0.2546133E-03  0.0000000E+00
 -0.3691125E-02  0.1299006E-02 -0.2809631E-03  0.0000000E+00
  0.1389100E-01  0.1673812E-03  0.3218183E-03  0.0000000E+00
  0.3479607E-02 -0.9852938E-05 -0.9210989E-03  0.0000000E+00
  0.3919042E-02  0.5726080E-02  0.1278011E-02  0.0000000E+00
  0.1362780E-02  0.7345624E-03  0.4995385E-03  0.0000000E+00
  0.8804321E-03 -0.2179722E-02 -0.2599818E-03  0.0000000E+00
  0.5691960E-03 -0.3942790E-02 -0.7131296E-03  0.0000000E+00
 -0.6133090E-02  0.1247517E-01 -0.1369130E-02  0.0000000E+00
 -0.8981969E-02 -0.1939443E-01  0.3811105E-02  0.0000000E+00
 -0.3607695E-02 -0.8426554E-02 -0.6770489E-03  0.0000000E+00
 -0.2774741E-01 -0.1476888E-01 -0.9059729E-03  0.0000000E+00
  0.9434366E-02  0.7197046E-02  0.5241164E-02  0.0000000E+00
 -0.5592415E-02  0.1037827E-01  0.2504343E-02  0.0000000E+00
  0.1005719E-02  0.1037902E-01 -0.8772449E-03  0.0000000E+00
 -0.1440514E-01  0.7011584E-02  0.4348035E-02  0.0000000E+00
 -0.1071279E-01  0.2217170E-02  0.2926680E-02  0.0000000E+00
 -0.5863595E-02  0.2675736E-02  0.7944619E-03  0.0000000E+00
 -0.2983573E-02  0.2890388E-02 -0.4697516E-03  0.0000000E+00
 -0.1186246E-02  0.3850391E-01 -0.1413815E-02  0.0000000E+00
 -0.2567594E-02 -0.1542346E-01  0.1618743E-02  0.0000000E+00
 -0.7114390E-02 -0.1120093E-01  0.3419260E-02  0.0000000E+00
 -0.3105610E-01 -0.1583272E-01 -0.3735089E-02  0.0000000E+00
  0.4760825E-02  0.8766594E-02  0.7992069E-02  0.0000000E+00
 -0.1538658E-01  0.1715913E-01  0.3490378E-02  0.0000000E+00
 -0.9893509E-02  0.4034959E-02 -0.1733590E-02  0.0000000E+00
 -0.2475202E-01  0.1352314E-02  0.4308241E-02  0.0000000E+00
 -0.1617651E-01 -0.6893572E-02  0.2148054E-02  0.0000000E+00
 -0.6440745E-02 -0.4622057E-02 -0.1025598E-03  0.0000000E+00
 -0.6452184E-03 -0.3384436E-02 -0.1444382E-02  0.0000000E+00
  0.9595442E-03  0.8324664E-02 -0.3630402E-03  0.0000000E+00
 -0.1553321E-01 -0.7647462E-02  0.1031294E-02  0.0000000E+00
  0.2272432E-02  0.1480605E-01  0.2218492E-02  0.0000000E+00
 -0.2523192E-01  0.1956488E-02  0.2723628E-02  0.0000000E+00
  0.2733759E-02 -0.3447845E-02  0.1977625E-02  0.0000000E+00
 -0.5010941E-03 -0.7067466E-02  0.6852260E-03  0.0000000E+00
 -0.7549923E-02 -0.6248598E-02 -0.1289940E-02  0.0000000E+00
 -0.1582764E-01  0.1218185E-01 -0.1912012E-02  0.0000000E+00
 -0.1105061E-01  0.6131024E-02 -0.1556061E-02  0.0000000E+00
 -0.3010633E-02  0.2539749E-02 -0.1568062E-02  0.0000000E+00
  0.1749337E-02  0.3699980E-03 -0.1571040E-02  0.0000000E+00
 -0.1145113E-01 -0.9470231E-03  0.4439840E-04  0.0000000E+00
  0.4157409E-02 -0.7103853E-03  0.1087416E-03  0.0000000E+00
 -0.2526245E-01  0.1083335E-02 -0.2196953E-03  0.0000000E+00
 -0.2769864E-02 -0.9905486E-03  0.1744881E-03  0.0000000E+00
 -0.1527723E-01  0.1672846E-02 -0.4311490E-03  0.0000000E+00
 -0.1590615E-02  0.7559538E-04  0.7633982E-03  0.0000000E+00
  0.1611603E-02  0.1137802E-01 -0.1702405E-02  0.0000000E+00
 -0.9517087E-02  0.7001906E-02  0.7490697E-02  0.0000000E+00
 -0.6193681E-02 -0.1520902E-02  0.3515178E-02  0.0000000E+00
 -0.1402260E-02  0.1014519E-02  0.1444201E-02  0.0000000E+00
  0.1439896E-02  0.2403238E-02  0.1874555E-03  0.0000000E+00
  0.2468213E-02  0.1267383E-03  0.1081112E-03  0.0000000E+00
 -0.1465675E-01 -0.4362016E-03 -0.6367335E-04  0.0000000E+00
 -0.4419734E-02  0.2820990E-03  0.7600403E-04  0.0000000E+00
 -0.3219378E-01 -0.6103869E-04 -0.2182392E-03  0.0000000E+00
  0.2078457E-02 -0.3821729E-03  0.6758227E-03  0.0000000E+00
 -0.9783327E-02 -0.2321289E-02 -0.1245934E-02  0.0000000E+00
 -0.6510020E-02  0.3228021E-03  0.2980031E-02  0.0000000E+00
 -0.8424530E-02  0.9682003E-02 -0.2419805E-02  0.0000000E+00
 -0.4664089E-02  0.2829677E-02 -0.2827781E-02  0.0000000E+00
  0.9772093E-03  0.2390245E-02 -0.2725143E-02  0.0000000E+00
  0.4321604E-02  0.2057403E-02 -0.2669920E-02  0.0000000E+00
 -0.1339487E-01 -0.5900213E-03  0.1757057E-05  0.0000000E+00
  0.9961623E-02 -0.1571883E-02  0.5392893E-06  0.0000000E+00
 -0.1979570E-01  0.1938042E-02  0.6721249E-04  0.0000000E+00
 -0.2103734E-02 -0.1867216E-02 -0.1603115E-03  0.0000000E+00
 -0.1704718E-01  0.3701550E-02  0.6269008E-04  0.0000000E+00
  0.1223400E-01 -0.7950894E-02 -0.3779498E-03  0.0000000E+00
  0.3651172E-02  0.1048175E-01  0.6336907E-03  0.0000000E+00
  0.4439366E-03  0.1693805E-02  0.2778963E-03  0.0000000E+00
  0.1476196E-02  0.9466377E-03 -0.7935184E-03  0.0000000E+00
  0.2173679E-03  0.2121784E-02 -0.9529899E-03  0.0000000E+00
 -0.5079710E-03  0.2801258E-02 -0.1057874E-02  0.0000000E+00
 -0.5938322E-02 -0.7258113E-03  0.5664584E-04  0.0000000E+00
 -0.3032147E-02 -0.1143820E-02  0.9845238E-04  0.0000000E+00
 -0.1342685E-01  0.1238201E-02 -0.5782982E-04  0.0000000E+00
 -0.2121423E-01 -0.8035235E-03  0.2014149E-03  0.0000000E+00
  0.4465849E-02  0.2913213E-03 -0.3532109E-03  0.0000000E+00
 -0.4700563E-02  0.5059623E-03  0.5891563E-03  0.0000000E+00
  0.3807385E-03 -0.1108823E-02 -0.1114820E-02  0.0000000E+00
  0.1731453E-02  0.5578700E-02 -0.1881746E-02  0.0000000E+00
 -0.1040035E-02  0.3699615E-02 -0.1171474E-02  0.0000000E+00
 -0.6858782E-03  0.3016087E-02 -0.5354457E-03  0.0000000E+00
 -0.5093941E-03  0.2595300E-02 -0.1549571E-03  0.0000000E+00
  0.6014706E-02 -0.6055007E-03 -0.1633071E-03  0.0000000E+00
  0.4929327E-02  0.8215421E-05 -0.1731971E-04  0.0000000E+00
  0.4433955E-02 -0.3223566E-03 -0.1422020E-03  0.0000000E+00
 -0.3935101E-02  0.6677043E-03  0.2159480E-03  0.0000000E+00
 -0.2199313E-02 -0.8197564E-03 -0.1824685E-04  0.0000000E+00
  0.5965189E-02  0.1078620E-02 -0.1564450E-04  0.0000000E+00
  0.3517434E-03  0.9196433E-03  0.8190117E-03  0.0000000E+00
  0.1762092E-02 -0.4681490E-02  0.1219522E-02  0.0000000E+00
  0.2891104E-02  0.5496594E-03  0.3995799E-03  0.0000000E+00
  0.6384404E-03  0.1680083E-02  0.5795077E-04  0.0000000E+00
 -0.6678503E-03  0.2401271E-02 -0.1509061E-03  0.0000000E+00
 -0.1239263E-01 -0.7095801E-04  0.4672228E-04  0.0000000E+00
  0.8487359E-02 -0.4831787E-03 -0.1755044E-03  0.0000000E+00
 -0.7262716E-02  0.4251661E-03  0.2763494E-03  0.0000000E+00
  0.1150165E-02 -0.2853685E-03 -0.9895691E-04  0.0000000E+00
  0.3161182E-02  0.2129003E-03  0.3422788E-03  0.0000000E+00
  0.5413886E-02 -0.1916842E-03 -0.6713965E-03  0.0000000E+00
  0.2657766E-02  0.1797287E-03  0.1129752E-02  0.0000000E+00
  0.3533738E-03  0.7707264E-03  0.7366858E-03  0.0000000E+00
 -0.1355494E-03  0.5744576E-02 -0.9412842E-03  0.0000000E+00
  0.7478407E-03  0.4082281E-02 -0.1434474E-02  0.0000000E+00
  0.1259238E-02  0.3164653E-02 -0.1741872E-02  0.0000000E+00
