  2  2   693 10944  4  4  9 11  7  1    0.00   24.00  100.00  600.00    0.00    6.28   45.00   45.00
  100.0  100.0  100.0  100.0  125.0  150.0  190.0  230.0  275.0  350.0  450.0  600.0  600.0  600.0  600.0
  0.1941345E+03 -0.4379674E+02 -0.3263889E+01  0.0000000E+00
  0.2471925E+03 -0.7018109E+01  0.3650194E+00  0.0000000E+00
  0.4763738E+03  0.1378583E+02  0.1147513E+02  0.0000000E+00
  0.7067384E+03  0.6340669E+02 -0.2977586E+01  0.0000000E+00
  0.6872590E+03  0.1213051E+03 -0.3232083E+02  0.0000000E+00
  0.9757659E+03  0.2429594E+03  0.1596645E+02  0.0000000E+00
  0.1041655E+04  0.2915760E+03  0.2355468E+02  0.0000000E+00
  0.1028606E+04  0.2509110E+03  0.1784171E+02  0.0000000E+00
  0.1236290E+04  0.5237425E+02  0.7099714E+01  0.0000000E+00
  0.1395122E+04 -0.6247576E+02  0.9090942E+01  0.0000000E+00
  0.1490418E+04 -0.1319287E+03  0.1013467E+02  0.0000000E+00
 -0.1725613E+02 -0.8829384E+02 -0.1544377E+02  0.0000000E+00
  0.3031488E+02 -0.2772483E+02  0.1774532E+01  0.0000000E+00
  0.5497517E+02  0.1121551E+02 -0.6465307E+00  0.0000000E+00
 -0.1337584E+03 -0.7160601E+02 -0.1076797E+02  0.0000000E+00
 -0.2309503E+03 -0.1180662E+03 -0.1957852E+02  0.0000000E+00
 -0.4014330E+02 -0.2999685E+02 -0.2597611E+00  0.0000000E+00
 -0.7249246E+02 -0.4287205E+02  0.3951368E+01  0.0000000E+00
 -0.8741252E+02 -0.5335448E+02 -0.4790968E+01  0.0000000E+00
 -0.9742582E+02 -0.2980240E+02 -0.4497683E+01  0.0000000E+00
 -0.9064685E+02 -0.1388607E+02  0.3956257E+01  0.0000000E+00
 -0.8679212E+02 -0.4308152E+01  0.8907070E+01  0.0000000E+00
 -0.2714064E+02  0.2206503E+02 -0.2633937E+00  0.0000000E+00
  0.3928729E+02 -0.1618336E+02 -0.2752842E+01  0.0000000E+00
 -0.2250087E+02  0.1587581E+02  0.2750755E+01  0.0000000E+00
  0.9389818E+01 -0.8235491E+01 -0.3123673E+01  0.0000000E+00
 -0.2530154E+02  0.8141012E-01 -0.1106914E+02  0.0000000E+00
 -0.8201171E+02 -0.6606184E+02  0.7639652E+00  0.0000000E+00
 -0.2728536E+02  0.4759580E+01  0.2053256E+02  0.0000000E+00
 -0.5908489E+02 -0.6718341E+02 -0.5235917E+01  0.0000000E+00
 -0.3069198E+02 -0.6602741E+02  0.1116871E+02  0.0000000E+00
 -0.2390028E+01 -0.6414508E+02  0.4325063E+02  0.0000000E+00
  0.1449152E+02 -0.6303345E+02  0.6220974E+02  0.0000000E+00
  0.2685490E+01 -0.3806951E+00 -0.6620721E-01  0.0000000E+00
  0.2444283E+00  0.2313626E+00  0.2435909E+00  0.0000000E+00
 -0.2526700E+01 -0.6853067E+00 -0.4526420E+00  0.0000000E+00
  0.4026355E+01  0.6742916E+00  0.6639975E+00  0.0000000E+00
 -0.8888053E+01 -0.2738724E+01 -0.1465677E+01  0.0000000E+00
  0.2651757E+01 -0.3840957E+01  0.1805933E+01  0.0000000E+00
 -0.6748080E+01  0.4114898E+01 -0.5443684E+01  0.0000000E+00
 -0.1603132E+02  0.8101430E+01  0.7010192E+01  0.0000000E+00
 -0.2875863E+02  0.2743780E+02 -0.3602905E+01  0.0000000E+00
 -0.1765559E+02  0.2608417E+02 -0.1020141E+02  0.0000000E+00
 -0.1129624E+02  0.2550057E+02 -0.1417776E+02  0.0000000E+00
  0.5392318E+00  0.7616811E+00  0.1369375E+00  0.0000000E+00
 -0.2279689E+01 -0.9505810E+00 -0.2405465E+00  0.0000000E+00
  0.6365912E+01  0.1932332E+01  0.3821538E+00  0.0000000E+00
  0.2082192E+01 -0.3570682E+01 -0.5679171E+00  0.0000000E+00
  0.5417883E+01  0.7867298E+01  0.1056714E+01  0.0000000E+00
 -0.1121534E+02 -0.1405933E+02 -0.2388099E+01  0.0000000E+00
  0.3447304E+02  0.3990241E+02  0.6686634E+01  0.0000000E+00
  0.1857677E+02  0.2399820E+01 -0.2095003E+01  0.0000000E+00
  0.1702977E+02 -0.3540421E+00  0.4172087E+01  0.0000000E+00
  0.4736176E+01  0.3600821E+01  0.8156598E+01  0.0000000E+00
 -0.2476582E+01  0.5882442E+01  0.1055557E+02  0.0000000E+00
  0.1252830E+00 -0.3914906E+00 -0.1488140E+00  0.0000000E+00
  0.9123039E+00 -0.6094394E+00  0.1170297E+00  0.0000000E+00
  0.5660770E+01  0.8767282E+00 -0.2158173E+00  0.0000000E+00
 -0.7391133E+01 -0.1525151E+01  0.3407225E+00  0.0000000E+00
  0.3439907E+01  0.1855848E+01 -0.1036919E+01  0.0000000E+00
  0.3149989E+01  0.3736225E+01  0.1969192E+01  0.0000000E+00
 -0.9065256E+01  0.6480887E+01 -0.3437115E+01  0.0000000E+00
  0.9871372E+01  0.6017901E+01  0.2337524E+01  0.0000000E+00
 -0.2550079E+01  0.2449140E+00  0.2139705E+01  0.0000000E+00
 -0.7395028E+01 -0.3821035E+01 -0.1072046E+01  0.0000000E+00
 -0.1036656E+02 -0.6263608E+01 -0.2953205E+01  0.0000000E+00
  0.1325471E+00 -0.3657718E+00 -0.7293488E-01  0.0000000E+00
  0.4202802E+01 -0.3381132E+00  0.3404150E-01  0.0000000E+00
 -0.7715378E+01  0.4328826E+00 -0.3004952E-01  0.0000000E+00
 -0.6520880E+01 -0.7547843E+00  0.7347012E-01  0.0000000E+00
 -0.3332840E+01 -0.1752540E+00 -0.5879187E+00  0.0000000E+00
  0.4042874E+01  0.1143597E+01  0.1144231E+01  0.0000000E+00
  0.7448011E+01  0.4802024E+01 -0.2851920E+01  0.0000000E+00
  0.1199964E+02  0.1480214E+01  0.1641705E+01  0.0000000E+00
  0.6497200E+01 -0.4806627E+01 -0.2557963E+01  0.0000000E+00
  0.4328545E+01 -0.6597286E+01 -0.4590217E+01  0.0000000E+00
  0.2996161E+01 -0.7713606E+01 -0.5824871E+01  0.0000000E+00
  0.4843020E+00 -0.1925242E+00 -0.6833353E-02  0.0000000E+00
  0.1827631E+00  0.9571551E-02  0.3614981E-01  0.0000000E+00
 -0.6955847E+01 -0.6148233E-02 -0.3107232E-01  0.0000000E+00
  0.9171549E+01 -0.8018946E-01  0.1726505E-01  0.0000000E+00
 -0.7675531E+01 -0.1483799E+01 -0.1069287E-01  0.0000000E+00
 -0.2903957E+00 -0.2413010E+01 -0.2804498E+00  0.0000000E+00
 -0.9081783E+01 -0.2718942E+01  0.3041467E-01  0.0000000E+00
  0.5160754E+01  0.5053744E+00 -0.7278227E-02  0.0000000E+00
  0.6674572E+01  0.4156613E+01  0.1750588E+01  0.0000000E+00
 -0.2419638E+01  0.1515310E+01  0.1670188E+01  0.0000000E+00
 -0.7723074E+01  0.9977674E-02  0.1642295E+01  0.0000000E+00
  0.1105387E+01 -0.1671271E+00 -0.6757259E-01  0.0000000E+00
 -0.4146689E+01  0.3374802E+00  0.5108285E-01  0.0000000E+00
  0.5580301E+01 -0.7688179E+00 -0.1024397E+00  0.0000000E+00
  0.5922987E+01  0.1559086E+01  0.1121998E+00  0.0000000E+00
 -0.4991768E+01 -0.2294425E+01 -0.4522179E+00  0.0000000E+00
 -0.1707091E+01  0.2657132E+00  0.3813696E+00  0.0000000E+00
 -0.1140068E+02 -0.5755453E+01 -0.5241444E+00  0.0000000E+00
 -0.2198484E+01 -0.2024646E+01  0.6528921E+00  0.0000000E+00
 -0.9538978E+01  0.1185468E+01  0.6448093E+00  0.0000000E+00
 -0.7165035E+01 -0.3672311E+01  0.4747190E+00  0.0000000E+00
 -0.5855609E+01 -0.6476533E+01  0.3750599E+00  0.0000000E+00
 -0.8713527E+01  0.1716320E+02  0.2035531E+02  0.0000000E+00
 -0.1522647E+02 -0.3083400E+00 -0.7043765E+01  0.0000000E+00
  0.1031869E+02 -0.1285550E+02  0.3214550E+01  0.0000000E+00
 -0.3198259E+02 -0.3619197E+02 -0.1260788E+02  0.0000000E+00
 -0.7354040E+02 -0.3126407E+01 -0.6470790E+01  0.0000000E+00
 -0.3232555E+02 -0.2221957E+02 -0.1173728E+00  0.0000000E+00
 -0.8897032E+02 -0.1860734E+02 -0.1227632E+02  0.0000000E+00
 -0.7390351E+02 -0.3238910E+02 -0.1778924E+02  0.0000000E+00
 -0.3356786E+02 -0.2441031E+02 -0.1043043E+02  0.0000000E+00
 -0.1140966E+02  0.3067469E+02  0.1248587E+00  0.0000000E+00
  0.2013206E+01  0.6301112E+02  0.6385135E+01  0.0000000E+00
 -0.1506043E+01  0.1450549E+02  0.1959757E+02  0.0000000E+00
 -0.1798345E+02 -0.1467947E+02 -0.4835184E+01  0.0000000E+00
  0.1806681E+02 -0.1154562E+02 -0.4059993E+01  0.0000000E+00
  0.3353517E+02 -0.1541358E+02  0.9364641E+00  0.0000000E+00
 -0.1265551E+03 -0.2344665E+01 -0.2166542E+02  0.0000000E+00
  0.5311678E+02  0.2313638E+01  0.6639014E+01  0.0000000E+00
 -0.2528276E+02  0.1769607E+02 -0.6048032E+01  0.0000000E+00
  0.1760356E+02 -0.5657008E+01 -0.1166723E+02  0.0000000E+00
  0.2565972E+02 -0.3119311E+02 -0.7749511E+01  0.0000000E+00
  0.3418516E+02  0.1468240E+02 -0.8316783E+00  0.0000000E+00
  0.3926849E+02  0.4124725E+02  0.3260986E+01  0.0000000E+00
  0.8478672E+01  0.1066406E+02  0.1052884E+02  0.0000000E+00
 -0.2155618E+02 -0.2827816E+02 -0.3853111E+01  0.0000000E+00
  0.7508750E+01  0.2151499E+02  0.5542456E+01  0.0000000E+00
  0.2645843E+02 -0.1823765E+02 -0.8601410E+01  0.0000000E+00
 -0.3622838E+02  0.8938622E+01  0.7796919E+01  0.0000000E+00
  0.1920696E+02 -0.3771944E+01 -0.1458097E+00  0.0000000E+00
 -0.2507219E+02  0.2989126E+02 -0.5270606E+00  0.0000000E+00
 -0.7965840E+01 -0.7774796E+01 -0.8909810E+01  0.0000000E+00
  0.3542140E+01 -0.1275483E+02 -0.8753243E+01  0.0000000E+00
 -0.2137467E+02  0.9261412E+01 -0.1281598E+02  0.0000000E+00
 -0.3583028E+02  0.2209077E+02 -0.1519402E+02  0.0000000E+00
 -0.3847798E+01  0.1695907E+00  0.1087751E+00  0.0000000E+00
  0.6949722E+00 -0.7426850E+00  0.2913701E-01  0.0000000E+00
 -0.1693849E+01  0.1180573E+01 -0.1067541E+00  0.0000000E+00
  0.3735614E+01 -0.1937119E+01  0.2393728E+00  0.0000000E+00
 -0.1197786E+02  0.1565817E+01 -0.9132022E+00  0.0000000E+00
  0.1661071E+02  0.6836083E+00  0.1880034E+01  0.0000000E+00
  0.9712034E+01  0.3156966E+01 -0.4266619E+01  0.0000000E+00
  0.2646379E+02 -0.7759597E+01 -0.1037062E+01  0.0000000E+00
  0.1304582E+02 -0.2705108E+01 -0.6578943E+01  0.0000000E+00
 -0.8082927E-02  0.1885352E+01 -0.5604328E+01  0.0000000E+00
 -0.7798149E+01  0.4626294E+01 -0.5094184E+01  0.0000000E+00
 -0.2474254E+00 -0.1995950E+00 -0.4430079E-01  0.0000000E+00
  0.1806966E+01  0.2028622E+00 -0.1182302E+00  0.0000000E+00
 -0.2956156E+00 -0.3499378E+00  0.2327552E+00  0.0000000E+00
  0.1966785E+01  0.1242351E+01 -0.3795696E+00  0.0000000E+00
 -0.1061848E+02 -0.7389361E+00  0.5012577E+00  0.0000000E+00
  0.1878403E+02  0.2658998E+01 -0.3854553E+00  0.0000000E+00
 -0.1253350E+02  0.3164241E+01  0.5886045E+00  0.0000000E+00
  0.1884021E+01  0.3081969E+01 -0.4317504E+01  0.0000000E+00
  0.1846638E+02  0.4399971E+01 -0.1937579E+01  0.0000000E+00
  0.8836011E+01  0.7708086E+01  0.3068065E+01  0.0000000E+00
  0.3385299E+01  0.9656110E+01  0.6022366E+01  0.0000000E+00
 -0.5802706E+00  0.2043119E+00  0.1174469E+00  0.0000000E+00
  0.3740902E+00 -0.1291958E+00  0.4025105E-01  0.0000000E+00
 -0.5851696E+00 -0.1358855E+00 -0.1810841E+00  0.0000000E+00
  0.4547440E-02  0.2100443E+00  0.2371647E+00  0.0000000E+00
  0.2081905E+01  0.1125629E+01 -0.6102315E+00  0.0000000E+00
 -0.1812013E-01 -0.3540872E+01  0.8453479E-01  0.0000000E+00
  0.6645820E+01  0.7684760E+01 -0.2553240E+01  0.0000000E+00
  0.7770231E+00 -0.5562218E+01  0.7156484E+00  0.0000000E+00
 -0.1331404E+02  0.1636206E+02 -0.2673000E+01  0.0000000E+00
 -0.1157816E+02  0.1566921E+02 -0.4514285E+01  0.0000000E+00
 -0.1071679E+02  0.1550438E+02 -0.5628031E+01  0.0000000E+00
 -0.1881846E+01  0.1514618E+00  0.1305753E+00  0.0000000E+00
 -0.3321567E+01 -0.3770390E+00  0.5734357E-01  0.0000000E+00
  0.4235568E+00  0.5189561E+00 -0.1796492E+00  0.0000000E+00
 -0.1448483E+01 -0.1217933E+01  0.2822388E+00  0.0000000E+00
  0.7078284E+01  0.3784944E+00 -0.8037110E+00  0.0000000E+00
 -0.7474430E+01 -0.1940002E+01  0.5893723E+00  0.0000000E+00
 -0.1305632E+02 -0.1818890E+01 -0.7959653E+00  0.0000000E+00
 -0.9958257E+01 -0.2848670E+01  0.1019341E+01  0.0000000E+00
  0.3794291E+01  0.4560480E+01 -0.1763763E+01  0.0000000E+00
  0.4413389E+01  0.5461625E+01 -0.2310426E+01  0.0000000E+00
  0.4928896E+01  0.6069790E+01 -0.2660711E+01  0.0000000E+00
  0.8214576E-01  0.1493659E-01 -0.8211341E-02  0.0000000E+00
 -0.7284442E+00 -0.3103956E+00  0.2273824E-01  0.0000000E+00
  0.4113156E+00  0.5866503E+00 -0.7542034E-01  0.0000000E+00
  0.7359920E+00 -0.1286851E+01  0.1094957E+00  0.0000000E+00
 -0.7061804E+00  0.1036473E+01 -0.2699454E+00  0.0000000E+00
  0.1091269E+01 -0.3000191E+01  0.8795240E+00  0.0000000E+00
  0.1006888E+02  0.8641158E+01 -0.1274930E+00  0.0000000E+00
 -0.1647238E+01 -0.1966568E+01  0.1394486E+01  0.0000000E+00
 -0.1858767E+02  0.1957611E+01 -0.1318965E+01  0.0000000E+00
 -0.1198687E+02  0.1912137E+01 -0.2113255E+01  0.0000000E+00
 -0.8310642E+01  0.1928975E+01 -0.2607822E+01  0.0000000E+00
  0.3955773E-01  0.1058576E+00  0.6156127E-02  0.0000000E+00
  0.3661806E+01 -0.8189159E-01  0.3053607E-01  0.0000000E+00
 -0.1727867E+01  0.2223070E-01 -0.5623083E-01  0.0000000E+00
  0.2764408E+01 -0.1237280E+00  0.1211091E+00  0.0000000E+00
  0.7336229E+01  0.6107519E+00 -0.5197232E+00  0.0000000E+00
 -0.1072494E+02  0.5014056E+00  0.8693378E+00  0.0000000E+00
  0.1138989E+01  0.1471529E+01 -0.2291390E+01  0.0000000E+00
 -0.1576608E+02 -0.5619929E+01  0.2439726E+00  0.0000000E+00
 -0.1844012E+02 -0.1263379E+01 -0.2444078E+01  0.0000000E+00
 -0.5707625E+01  0.3090870E+01 -0.3460991E+01  0.0000000E+00
  0.1714594E+01  0.5686502E+01 -0.4084933E+01  0.0000000E+00
 -0.4469875E+02 -0.1439817E+02  0.1087209E+02  0.0000000E+00
 -0.4484857E+00  0.3161516E+02 -0.7004121E+01  0.0000000E+00
  0.5139787E+01  0.1432480E+02  0.5643901E+01  0.0000000E+00
  0.2801454E+02  0.1992921E+02  0.4730214E+01  0.0000000E+00
  0.1028882E+02 -0.1614037E+01 -0.1708605E+02  0.0000000E+00
  0.2583675E+02  0.1817154E+02  0.5107573E+01  0.0000000E+00
  0.2002931E+02  0.9603941E+01 -0.1196907E+02  0.0000000E+00
  0.3517670E+02  0.1997025E+02  0.9134178E+01  0.0000000E+00
  0.2185139E+02 -0.3589870E+01 -0.2209596E+01  0.0000000E+00
  0.1609586E+02 -0.3219642E+02 -0.1861947E+02  0.0000000E+00
  0.1257609E+02 -0.4920556E+02 -0.2835191E+02  0.0000000E+00
 -0.5860514E+02 -0.3022390E+02  0.1221161E+02  0.0000000E+00
  0.1341622E+02  0.6888070E+02 -0.7091604E+01  0.0000000E+00
 -0.3213997E+01 -0.2540065E+02  0.8015315E+01  0.0000000E+00
  0.2094740E+02  0.3804897E+02  0.6923553E+01  0.0000000E+00
  0.1393837E+02 -0.1483443E+02 -0.2558208E+02  0.0000000E+00
  0.1179281E+02  0.2604775E+02  0.8926923E+01  0.0000000E+00
  0.1515782E+02 -0.3432218E+01 -0.1049587E+02  0.0000000E+00
  0.4489321E+01  0.4182998E+02  0.8490415E+01  0.0000000E+00
  0.1040068E+01 -0.1074520E+02 -0.5483224E+01  0.0000000E+00
  0.1294870E+02 -0.6451597E+02 -0.1194914E+02  0.0000000E+00
  0.1987522E+02 -0.9657951E+02 -0.1588987E+02  0.0000000E+00
  0.3161702E+02  0.2433858E+02 -0.1442720E+01  0.0000000E+00
 -0.1444096E+02 -0.5697472E+02 -0.2552084E+01  0.0000000E+00
  0.2458352E+02  0.4335151E+02  0.1003605E+01  0.0000000E+00
 -0.1674430E+02  0.1516044E+02  0.1961394E+01  0.0000000E+00
 -0.1547682E+02 -0.4330166E+02 -0.7250954E+01  0.0000000E+00
  0.1935909E+02  0.2882499E+02  0.2848271E+01  0.0000000E+00
 -0.8050677E+01 -0.1527022E+02 -0.7557197E+01  0.0000000E+00
  0.8327604E+01 -0.1757983E+00  0.7396227E+01  0.0000000E+00
 -0.1091662E+01 -0.8271753E+01 -0.5310122E+01  0.0000000E+00
 -0.5459521E+01 -0.2315876E+02 -0.1860592E+02  0.0000000E+00
 -0.8123671E+01 -0.3195938E+02 -0.2652901E+02  0.0000000E+00
  0.2132444E+01 -0.3122450E+00  0.6230460E-01  0.0000000E+00
 -0.3730615E+00  0.8945226E+00 -0.2837524E+00  0.0000000E+00
  0.1043417E+01 -0.1554274E+01  0.4622449E+00  0.0000000E+00
 -0.3756197E+01  0.2602386E+01 -0.7015737E+00  0.0000000E+00
  0.4826623E+01 -0.4385150E+01  0.1056885E+01  0.0000000E+00
 -0.4725799E+01  0.4547041E+01 -0.2170006E+01  0.0000000E+00
 -0.3485362E+01 -0.1009707E+02  0.5701046E+01  0.0000000E+00
 -0.7119858E+01  0.2562645E+01 -0.2328094E+01  0.0000000E+00
  0.9415119E+00  0.2044537E+01  0.1546588E+01  0.0000000E+00
 -0.6066304E+00 -0.2712143E+01  0.3925064E+01  0.0000000E+00
 -0.1422589E+01 -0.5500412E+01  0.5358491E+01  0.0000000E+00
  0.1770912E+01  0.1579983E+00 -0.7009057E-01  0.0000000E+00
 -0.1904825E+01 -0.7193197E-01  0.3292094E-01  0.0000000E+00
  0.5222433E+01 -0.6906768E+00 -0.2224330E-01  0.0000000E+00
 -0.6693635E+01  0.1043643E+01  0.1154884E-01  0.0000000E+00
  0.2403416E+01 -0.2909597E+01 -0.3119390E+00  0.0000000E+00
  0.6079028E-01  0.1996251E+01  0.8895265E+00  0.0000000E+00
 -0.1593298E+01 -0.7788665E+01 -0.1726915E+00  0.0000000E+00
 -0.1756361E+02 -0.2185553E+02  0.7602093E+01  0.0000000E+00
  0.1667260E+02 -0.1706354E+02 -0.1464434E+01  0.0000000E+00
  0.2994838E+02 -0.1664371E+02 -0.6550094E+01  0.0000000E+00
  0.3809094E+02 -0.1633666E+02 -0.9625516E+01  0.0000000E+00
  0.7452743E+00  0.1943141E-01  0.1058913E+00  0.0000000E+00
 -0.1139945E+01  0.9420460E-01 -0.4384519E-01  0.0000000E+00
  0.4224825E+01  0.4205252E+00  0.6388244E-01  0.0000000E+00
 -0.5095444E+01 -0.3645344E+00  0.2847986E-01  0.0000000E+00
  0.1721793E+01  0.4172208E+00 -0.2257898E+00  0.0000000E+00
  0.3453811E+00  0.2069406E+01 -0.1205043E+00  0.0000000E+00
 -0.3010207E+01 -0.1053515E+02  0.1260101E+01  0.0000000E+00
  0.1274326E+01  0.6025115E+01  0.5481684E-01  0.0000000E+00
 -0.1731227E+02  0.2118095E+01 -0.9001088E+00  0.0000000E+00
 -0.2002945E+02 -0.5579570E+01 -0.1233981E+01  0.0000000E+00
 -0.2182031E+02 -0.1012502E+02 -0.1439732E+01  0.0000000E+00
 -0.8858101E+00 -0.1126600E+00  0.8517026E-01  0.0000000E+00
  0.1150595E+01  0.2204226E+00 -0.1844692E+00  0.0000000E+00
 -0.1778081E+01  0.1738349E+00  0.2767423E+00  0.0000000E+00
  0.1575108E+01 -0.5354264E+00 -0.3747855E+00  0.0000000E+00
  0.5276214E+01  0.1014096E+01  0.3005977E+00  0.0000000E+00
 -0.4111164E+00  0.4963798E+00 -0.1422591E+01  0.0000000E+00
 -0.2997970E+01 -0.2915300E+01  0.3118823E+01  0.0000000E+00
 -0.6143791E+01 -0.5476981E+01  0.9260607E-01  0.0000000E+00
  0.1146552E+02  0.5580500E+00  0.1281175E+01  0.0000000E+00
  0.1327299E+02  0.2017602E+01  0.2303220E+01  0.0000000E+00
  0.1452312E+02  0.2938897E+01  0.2913499E+01  0.0000000E+00
 -0.1822747E+00 -0.3351770E+00 -0.3169532E-01  0.0000000E+00
  0.6921311E+00  0.1031879E+01  0.2272991E-01  0.0000000E+00
 -0.1666611E+01 -0.1495059E+01 -0.3623177E-01  0.0000000E+00
  0.3274968E+01  0.2486782E+01  0.1182329E+00  0.0000000E+00
  0.2236156E+00 -0.3471296E+01 -0.2638988E+00  0.0000000E+00
  0.5719243E+00  0.3989680E+01  0.5762891E+00  0.0000000E+00
  0.2519581E+01 -0.3342550E+01 -0.1479795E+01  0.0000000E+00
  0.3148805E+01  0.8568806E+01  0.1344789E+01  0.0000000E+00
 -0.1077586E+02 -0.5426026E+01 -0.1137410E+01  0.0000000E+00
 -0.8612152E+01 -0.9099871E+01 -0.2936438E+01  0.0000000E+00
 -0.7498408E+01 -0.1140300E+02 -0.4015867E+01  0.0000000E+00
  0.5754720E+00  0.3926713E-01  0.4744570E-01  0.0000000E+00
  0.7089287E+00  0.1985528E-01 -0.9710143E-01  0.0000000E+00
 -0.2682882E+01  0.2962617E-01  0.1612224E+00  0.0000000E+00
  0.3451004E+01  0.5638690E+00 -0.1817845E+00  0.0000000E+00
 -0.4047130E+01 -0.9534340E+00 -0.4804930E-03  0.0000000E+00
  0.3460027E+01  0.1009424E+01 -0.4644754E+00  0.0000000E+00
  0.1315347E+01  0.1864899E+01  0.1375075E+01  0.0000000E+00
  0.4803720E+00 -0.6404750E+00 -0.1712493E+01  0.0000000E+00
 -0.7778890E+01  0.2131734E+01 -0.1375821E+01  0.0000000E+00
 -0.3945014E+01  0.3368453E+01  0.6238364E+00  0.0000000E+00
 -0.1792462E+01  0.4122047E+01  0.1797452E+01  0.0000000E+00
 -0.3552711E+02 -0.1183388E+02 -0.1265696E+01  0.0000000E+00
 -0.1326669E+02 -0.1178738E+02  0.1583732E+01  0.0000000E+00
  0.2505041E+02  0.7928100E+01  0.1047491E+01  0.0000000E+00
 -0.2216167E+02 -0.1577204E+02 -0.6377789E+01  0.0000000E+00
  0.2579630E+02  0.6592944E+01  0.3749790E+01  0.0000000E+00
  0.6801441E+00 -0.2955036E+01 -0.2970354E+00  0.0000000E+00
  0.2215583E-01  0.6092535E+01  0.5894788E+00  0.0000000E+00
  0.1910112E+01 -0.9252202E-01 -0.7141914E+00  0.0000000E+00
 -0.1491479E+01 -0.6456334E+01 -0.1833706E+01  0.0000000E+00
 -0.5581743E+01 -0.5574246E+01 -0.1815971E+01  0.0000000E+00
 -0.8014534E+01 -0.5129769E+01 -0.1818327E+01  0.0000000E+00
 -0.3835815E+02 -0.2199263E+02 -0.1036012E+01  0.0000000E+00
 -0.2932518E+02 -0.1773661E+02  0.8394561E+00  0.0000000E+00
  0.3139236E+02  0.1162870E+02  0.9738259E+00  0.0000000E+00
 -0.1743865E+01  0.1776199E+01 -0.7514948E+01  0.0000000E+00
  0.3248824E+02 -0.1491793E+01  0.2850664E+01  0.0000000E+00
  0.1726292E+02  0.5836629E+01 -0.6587514E+00  0.0000000E+00
 -0.6330430E+00 -0.8592613E+00 -0.1561572E+01  0.0000000E+00
  0.9940833E+01  0.6401074E+01 -0.1379499E+01  0.0000000E+00
 -0.1219168E+01 -0.6470001E+01  0.1987777E+01  0.0000000E+00
 -0.1026152E+02 -0.1039218E+02  0.3903797E+01  0.0000000E+00
 -0.1568122E+02 -0.1283059E+02  0.5062710E+01  0.0000000E+00
  0.2098989E+02  0.2203814E+01  0.1062205E+01  0.0000000E+00
 -0.1680601E+02 -0.1087670E+02 -0.9618535E+00  0.0000000E+00
  0.1098065E+02  0.1099440E+02  0.1441564E+01  0.0000000E+00
 -0.3002091E+01 -0.1473549E+02 -0.2853273E+01  0.0000000E+00
 -0.1487021E+01 -0.3425248E+01  0.1163987E+01  0.0000000E+00
 -0.4471540E+01  0.6455524E+00 -0.8147901E+00  0.0000000E+00
  0.2657517E+01 -0.2075669E+01 -0.8112206E+00  0.0000000E+00
  0.7802084E+01  0.8244565E+01  0.4814834E+00  0.0000000E+00
 -0.1303040E+02 -0.3272924E+01 -0.1630016E+01  0.0000000E+00
 -0.1627739E+02 -0.1655951E+02 -0.6234234E+01  0.0000000E+00
 -0.1840924E+02 -0.2446637E+02 -0.8953684E+01  0.0000000E+00
  0.1596977E+01 -0.2146687E+00  0.4818276E-02  0.0000000E+00
 -0.2310157E+01  0.4160196E+00  0.3301872E-01  0.0000000E+00
  0.3101575E+01 -0.6329695E+00 -0.6609306E-01  0.0000000E+00
 -0.2532361E+01  0.1362337E+01  0.1219725E+00  0.0000000E+00
  0.7636855E+01 -0.1064318E+01 -0.3292339E+00  0.0000000E+00
  0.6643331E+01  0.6897371E+00  0.4486627E+00  0.0000000E+00
 -0.5498244E+01 -0.1238480E+01 -0.3848649E+00  0.0000000E+00
 -0.3202172E+01 -0.2493005E+01  0.4344818E+00  0.0000000E+00
  0.6550185E+01  0.2646870E+00  0.1204615E+01  0.0000000E+00
  0.6064121E+01  0.3024871E+01  0.7692591E+00  0.0000000E+00
  0.5887524E+01  0.4670354E+01  0.5229741E+00  0.0000000E+00
 -0.1145056E+00  0.1341569E+00  0.2271350E-01  0.0000000E+00
  0.1589494E-01 -0.2401883E+00 -0.3987373E-01  0.0000000E+00
 -0.1160154E+01  0.5832824E+00  0.3494793E-01  0.0000000E+00
  0.1372630E+01 -0.6383242E+00 -0.4332974E-01  0.0000000E+00
  0.5745166E+01  0.1382904E+01  0.1280115E+00  0.0000000E+00
 -0.9583958E+01 -0.1706802E+01  0.9722776E-01  0.0000000E+00
 -0.5987768E+00 -0.2720338E+01  0.2436553E-01  0.0000000E+00
 -0.1200638E+01  0.2532062E+01 -0.4112021E+00  0.0000000E+00
 -0.1672967E+02 -0.1106805E+02 -0.8774619E+00  0.0000000E+00
 -0.1179829E+02 -0.8031348E+01  0.6197198E+00  0.0000000E+00
 -0.9084589E+01 -0.6405003E+01  0.1490119E+01  0.0000000E+00
 -0.1172757E+00 -0.2578299E-01 -0.9503913E-02  0.0000000E+00
  0.4015129E+01 -0.2675521E+00 -0.8239303E-02  0.0000000E+00
 -0.5117719E+01  0.2487254E+00  0.1307519E-01  0.0000000E+00
  0.6697021E+01 -0.5298309E+00 -0.8128635E-01  0.0000000E+00
 -0.1149800E+02 -0.5181595E+00  0.2554043E-01  0.0000000E+00
  0.4398381E+01  0.1505973E+01 -0.1220335E+00  0.0000000E+00
 -0.7190621E+01 -0.3239235E+01  0.1706874E+00  0.0000000E+00
  0.3094358E+00  0.3251726E+01 -0.6271100E+00  0.0000000E+00
  0.9712996E+01 -0.1410654E+00 -0.1269298E+00  0.0000000E+00
  0.5287373E+01 -0.3454935E+01 -0.4315954E+00  0.0000000E+00
  0.2802478E+01 -0.5430526E+01 -0.6040083E+00  0.0000000E+00
  0.1235237E+01 -0.1784283E+00  0.3603994E-01  0.0000000E+00
 -0.1797016E+01  0.5858019E-01  0.1229072E-01  0.0000000E+00
  0.3228184E+01 -0.4392237E+00  0.9380586E-02  0.0000000E+00
 -0.4772449E+01  0.4726585E+00 -0.3291834E-01  0.0000000E+00
  0.8545175E+00 -0.8335218E+00  0.1120593E+00  0.0000000E+00
 -0.2960513E+01 -0.4129106E-01 -0.2494858E+00  0.0000000E+00
 -0.4703614E+01 -0.5116476E+00 -0.5574183E+00  0.0000000E+00
  0.2715347E+00  0.3947480E+01 -0.8973310E+00  0.0000000E+00
 -0.4964079E+01 -0.2873027E+01  0.8390475E+00  0.0000000E+00
 -0.3777617E+01 -0.3297140E+01  0.1336097E+01  0.0000000E+00
 -0.3140796E+01 -0.3620907E+01  0.1645991E+01  0.0000000E+00
  0.9435045E+00 -0.9082347E-01 -0.2179296E-01  0.0000000E+00
 -0.2140982E+01  0.2111688E+00 -0.8546892E-02  0.0000000E+00
  0.1808865E+01 -0.4046251E+00  0.4085699E-01  0.0000000E+00
 -0.2846804E+01  0.6699836E+00 -0.9090648E-01  0.0000000E+00
  0.2771240E-03 -0.4054390E+00  0.1320142E+00  0.0000000E+00
 -0.5267869E+00 -0.4063426E+00 -0.1464895E+00  0.0000000E+00
 -0.1755353E+01 -0.1983767E+01  0.1141899E+00  0.0000000E+00
  0.4877519E+01  0.1872886E+01  0.4040883E+00  0.0000000E+00
  0.5949175E+01 -0.2971161E+00 -0.1392434E+01  0.0000000E+00
  0.3945611E+01 -0.3192674E+01 -0.1404637E+01  0.0000000E+00
  0.2783752E+01 -0.4910137E+01 -0.1431451E+01  0.0000000E+00
 -0.8206787E+00  0.9045263E-01 -0.5620167E-01  0.0000000E+00
  0.2982694E+01 -0.1804085E+00  0.3591594E-01  0.0000000E+00
 -0.9316884E+00  0.4146837E+00 -0.4315985E-01  0.0000000E+00
  0.9782318E+00 -0.4208578E+00  0.5843861E-01  0.0000000E+00
 -0.8740708E+00  0.4250155E+00 -0.5692752E-01  0.0000000E+00
  0.6510124E+00  0.4932583E+00  0.1568981E+00  0.0000000E+00
 -0.1218160E+01  0.2311243E+00  0.4070906E+00  0.0000000E+00
  0.4942483E+01  0.1438578E+01  0.6637242E-01  0.0000000E+00
  0.9463393E+01  0.8716729E+00 -0.2154210E+00  0.0000000E+00
  0.3485262E+01 -0.1512620E+01 -0.3042731E+00  0.0000000E+00
  0.3752580E-01 -0.2913241E+01 -0.3593136E+00  0.0000000E+00
  0.2555922E+02  0.2512973E+02 -0.3589639E+00  0.0000000E+00
 -0.3118255E+02 -0.6388515E+01 -0.1928939E+00  0.0000000E+00
  0.7411915E+00 -0.4251142E+01  0.1368905E+00  0.0000000E+00
  0.6203891E+02  0.2975737E+02 -0.1253559E-01  0.0000000E+00
 -0.3128244E+02 -0.2661279E+01 -0.3759186E+01  0.0000000E+00
  0.1792723E+02  0.6921123E+01  0.5256794E+00  0.0000000E+00
  0.2256396E+01 -0.2855784E+01  0.1703755E+00  0.0000000E+00
 -0.5076427E+01 -0.5184385E+01  0.6341492E+00  0.0000000E+00
 -0.1020121E+02  0.1458268E+01  0.7889242E+00  0.0000000E+00
  0.4913432E+01  0.6494702E+01  0.3674382E+00  0.0000000E+00
  0.1370342E+02  0.9516872E+01  0.1227402E+00  0.0000000E+00
  0.2750490E+02  0.3260960E+02  0.1089471E+01  0.0000000E+00
 -0.4238904E+02 -0.7163408E+01 -0.6594452E+00  0.0000000E+00
 -0.6330503E+00 -0.6165189E+01  0.4865461E+00  0.0000000E+00
  0.5282697E+02  0.2451344E+02 -0.4905807E+00  0.0000000E+00
 -0.4421122E+02 -0.1181921E+01 -0.6412648E+01  0.0000000E+00
  0.2318414E+02  0.1076142E+02  0.2258260E+01  0.0000000E+00
 -0.1423490E+01 -0.1232163E+02  0.9019569E+00  0.0000000E+00
 -0.2164757E+01  0.6264345E+01 -0.1311660E+01  0.0000000E+00
  0.8783207E+00  0.5874328E+01 -0.5194912E+00  0.0000000E+00
  0.1131344E+01 -0.2649476E+02 -0.1028249E+01  0.0000000E+00
  0.1311633E+01 -0.4544905E+02 -0.1317221E+01  0.0000000E+00
  0.9613094E-01 -0.4414783E+01  0.2474516E+00  0.0000000E+00
  0.2530100E+00  0.5058254E+01  0.7915631E+00  0.0000000E+00
  0.2614852E+01 -0.2945172E+01 -0.7992428E+00  0.0000000E+00
  0.3598248E+01  0.1147112E+02  0.6001553E+00  0.0000000E+00
 -0.3410559E+01  0.2764460E+01 -0.4687593E+01  0.0000000E+00
 -0.3494860E+01 -0.6880732E+01  0.4568501E+01  0.0000000E+00
  0.5077022E+01  0.4468037E+00  0.4958656E+00  0.0000000E+00
 -0.8653474E+01 -0.8378347E+01  0.4715104E+01  0.0000000E+00
 -0.1430964E+02 -0.1190761E+01  0.8503994E+00  0.0000000E+00
  0.6710611E+01  0.1387392E+02 -0.1612396E-01  0.0000000E+00
  0.1895059E+02  0.2277370E+02 -0.5661147E+00  0.0000000E+00
 -0.2999746E+01  0.1507129E-01 -0.3450836E-02  0.0000000E+00
 -0.1426149E+01  0.1004866E+00 -0.9855174E-01  0.0000000E+00
 -0.1167185E+01 -0.2640031E+00  0.1619426E+00  0.0000000E+00
  0.3830694E+01  0.8165400E+00 -0.1933130E+00  0.0000000E+00
 -0.1140286E+02 -0.4568097E+00 -0.1105914E-01  0.0000000E+00
  0.1005123E+02  0.2588060E+01  0.5986203E-01  0.0000000E+00
 -0.9581198E-01 -0.1988001E+01  0.8494398E+00  0.0000000E+00
  0.4116691E+01  0.4154214E+01 -0.2799120E+01  0.0000000E+00
  0.5000474E+01 -0.3344860E+01 -0.2943101E+00  0.0000000E+00
 -0.1423349E+00 -0.5961655E+01  0.4855482E+00  0.0000000E+00
 -0.3142316E+01 -0.7575127E+01  0.9697785E+00  0.0000000E+00
 -0.2606574E+01 -0.2287680E+00 -0.4792257E-02  0.0000000E+00
  0.2003631E+01 -0.1608128E+00  0.2427554E-01  0.0000000E+00
 -0.1233258E+01  0.5135083E+00 -0.3219066E-01  0.0000000E+00
  0.3796144E+01 -0.1169759E+01  0.7633403E-01  0.0000000E+00
 -0.7313077E+01  0.1808747E+01 -0.4732085E+00  0.0000000E+00
 -0.2367919E+01 -0.2199959E+01  0.6140281E+00  0.0000000E+00
  0.6831917E+01 -0.2260494E+00 -0.2500177E+01  0.0000000E+00
 -0.5334547E+01 -0.5742488E-01 -0.5324544E+00  0.0000000E+00
 -0.1722240E+01 -0.2013235E+01 -0.5147767E-01  0.0000000E+00
  0.4186995E+01 -0.2689436E+01 -0.2940053E+00  0.0000000E+00
  0.7683251E+01 -0.3106421E+01 -0.4302924E+00  0.0000000E+00
 -0.1309174E+01  0.2833191E+00  0.3703414E-01  0.0000000E+00
  0.1703855E+01  0.7399120E-01 -0.5331553E-02  0.0000000E+00
  0.4702956E+00 -0.1310171E+00  0.3265019E-01  0.0000000E+00
 -0.3933556E+01 -0.1543071E+00 -0.8208254E-01  0.0000000E+00
  0.4027068E+01 -0.4427257E-01  0.3444304E-02  0.0000000E+00
  0.5926337E+01 -0.2985808E+00 -0.4087357E+00  0.0000000E+00
 -0.5381556E+01  0.5909200E+00 -0.5728278E-01  0.0000000E+00
  0.8257202E+01  0.2284777E+01  0.4648872E+00  0.0000000E+00
 -0.5556561E+01 -0.4051468E+01 -0.1239014E+01  0.0000000E+00
 -0.7173564E+01 -0.2381697E+01 -0.1953500E+01  0.0000000E+00
 -0.8271854E+01 -0.1474986E+01 -0.2390107E+01  0.0000000E+00
  0.1041977E+01  0.1739647E+00 -0.1803552E-01  0.0000000E+00
 -0.1640519E+01 -0.1453643E+00 -0.2002080E-01  0.0000000E+00
  0.1866518E+01 -0.3322759E-01  0.5768755E-01  0.0000000E+00
 -0.6351134E+01  0.7410865E+00 -0.8075587E-01  0.0000000E+00
  0.4984202E+01 -0.4281598E+00 -0.3356501E+00  0.0000000E+00
 -0.4111708E+01 -0.6911065E-01  0.9708991E-01  0.0000000E+00
  0.3557384E+01  0.2098555E+01  0.3059594E+00  0.0000000E+00
 -0.2397742E+01 -0.1108783E+01 -0.1484862E+01  0.0000000E+00
  0.7986793E+00 -0.2875442E+01 -0.1522727E+00  0.0000000E+00
  0.2344612E+01 -0.2452359E+01  0.5224639E+00  0.0000000E+00
  0.3284253E+01 -0.2224322E+01  0.9320682E+00  0.0000000E+00
  0.2362652E+00  0.2721300E-01 -0.1548900E-01  0.0000000E+00
  0.1314972E+01 -0.2247562E+00  0.7967837E-01  0.0000000E+00
 -0.2364395E+01  0.2777952E+00 -0.1443077E+00  0.0000000E+00
  0.7987751E+01 -0.1647802E+00  0.2342583E+00  0.0000000E+00
 -0.4446805E+01  0.3278209E+00 -0.3825840E+00  0.0000000E+00
  0.2481729E+01  0.1045126E+00  0.7508636E+00  0.0000000E+00
 -0.2390639E+00  0.2539584E+01 -0.3994781E+00  0.0000000E+00
  0.6692886E+01  0.7199199E+00  0.1355320E+01  0.0000000E+00
 -0.1060563E+01 -0.5273711E+00 -0.6300805E+00  0.0000000E+00
 -0.9281058E+00  0.3550786E+00 -0.1920457E+01  0.0000000E+00
 -0.9375086E+00  0.8571380E+00 -0.2697099E+01  0.0000000E+00
 -0.7725521E+00  0.8381298E-01  0.2334644E-01  0.0000000E+00
 -0.1863989E+01  0.1445385E+00 -0.4316179E-01  0.0000000E+00
  0.1679740E+01 -0.1351726E+00  0.2494146E-01  0.0000000E+00
 -0.5221520E+00 -0.2003054E+00  0.1703794E-01  0.0000000E+00
  0.6017735E+01  0.3694409E+00 -0.4446681E+00  0.0000000E+00
  0.3070965E+01 -0.6869761E+00  0.3980077E+00  0.0000000E+00
 -0.3537567E+01  0.1212426E+01 -0.4300658E+00  0.0000000E+00
  0.1892917E+01 -0.2841944E+01  0.5157480E+00  0.0000000E+00
 -0.4899259E+01 -0.1731920E+01 -0.9172999E+00  0.0000000E+00
 -0.2592065E+01 -0.6167460E+00 -0.1112494E+01  0.0000000E+00
 -0.1317467E+01  0.4860691E-01 -0.1242428E+01  0.0000000E+00
  0.1261358E+02 -0.1466761E+02 -0.1376050E+01  0.0000000E+00
 -0.9998401E+01  0.2147006E+01  0.8933730E+00  0.0000000E+00
  0.1112717E+02  0.5741918E+01  0.4930044E+00  0.0000000E+00
 -0.3726950E+01 -0.1087065E+02 -0.8362699E+00  0.0000000E+00
 -0.1435304E+02  0.1441004E+02  0.2634220E+01  0.0000000E+00
 -0.2691446E+01  0.3360305E+01 -0.6778159E+00  0.0000000E+00
  0.1932976E+01  0.3085480E+01  0.2648192E+00  0.0000000E+00
 -0.2177133E+01 -0.6082529E+01  0.1500404E+01  0.0000000E+00
 -0.4253413E+00  0.6913155E+01 -0.1828331E+00  0.0000000E+00
 -0.1287684E+01  0.2833049E+02 -0.3734621E+01  0.0000000E+00
 -0.1772029E+01  0.4101326E+02 -0.5832757E+01  0.0000000E+00
  0.1581789E+02 -0.1361159E+02 -0.7878555E+00  0.0000000E+00
 -0.1376016E+02 -0.6058260E+01  0.4479563E+00  0.0000000E+00
  0.1691521E+02  0.1343580E+02  0.3213351E+00  0.0000000E+00
 -0.3517720E+01 -0.1664927E+02 -0.8647627E+00  0.0000000E+00
 -0.1278808E+02  0.2087597E+02  0.3412044E+01  0.0000000E+00
 -0.4732416E+01  0.2551960E+01 -0.7279890E+00  0.0000000E+00
  0.1911644E+01 -0.9151762E+01  0.1883997E+00  0.0000000E+00
  0.3059846E+01 -0.3571975E+01  0.8952661E+00  0.0000000E+00
  0.4485341E+01  0.4124920E+01  0.6678357E+00  0.0000000E+00
 -0.3368460E+01 -0.8621656E+00 -0.9938058E+00  0.0000000E+00
 -0.7949044E+01 -0.3696224E+01 -0.1969291E+01  0.0000000E+00
 -0.3823129E+01  0.5343308E+01 -0.1739972E+01  0.0000000E+00
  0.7300800E+01 -0.3623636E+01  0.1444354E+01  0.0000000E+00
 -0.3083486E+01  0.2367471E+01 -0.4615843E+00  0.0000000E+00
  0.4214442E+01 -0.5643799E+01  0.1466616E+01  0.0000000E+00
 -0.1205067E+02  0.4586167E+01 -0.6908374E-02  0.0000000E+00
  0.6048149E-01 -0.2648266E+00  0.1072144E-01  0.0000000E+00
 -0.3748299E+01  0.1041678E+01 -0.1004369E+01  0.0000000E+00
  0.3932259E+01  0.1032087E+00  0.2205872E+01  0.0000000E+00
  0.3708239E+01  0.3858934E+01 -0.1577960E+01  0.0000000E+00
 -0.4810562E+01  0.1142681E+02 -0.6214818E+01  0.0000000E+00
 -0.9797861E+01  0.1589931E+02 -0.8971148E+01  0.0000000E+00
  0.1058635E+01  0.5496065E-01 -0.2544036E-02  0.0000000E+00
 -0.9882211E+00 -0.2678726E+00 -0.1383187E-01  0.0000000E+00
  0.2486447E+01  0.4819823E+00  0.1116878E-01  0.0000000E+00
 -0.2841200E+01 -0.8895996E+00 -0.3528812E-01  0.0000000E+00
  0.3226175E+01 -0.4275052E+00  0.2372313E+00  0.0000000E+00
 -0.5558518E+01  0.4864962E+00 -0.3296669E-01  0.0000000E+00
 -0.2733092E+01  0.1450081E+01 -0.1015645E-01  0.0000000E+00
 -0.3015680E+01 -0.2077476E+01  0.6062145E+00  0.0000000E+00
 -0.2778060E+01  0.1663025E+01  0.1528790E+01  0.0000000E+00
 -0.1327751E+01  0.2285418E+01  0.1204431E+01  0.0000000E+00
 -0.4759619E+00  0.2691142E+01  0.1024539E+01  0.0000000E+00
  0.4042508E+00  0.1069980E-01 -0.1851378E-01  0.0000000E+00
  0.3763927E+00 -0.2020908E+00  0.3588730E-01  0.0000000E+00
 -0.1234232E+01  0.3458706E+00 -0.7841055E-01  0.0000000E+00
 -0.4076246E+00 -0.8426560E+00  0.1147586E+00  0.0000000E+00
 -0.8966131E+00  0.1110263E+01  0.1481818E+00  0.0000000E+00
 -0.2002304E+01  0.2663397E+00 -0.8156643E-01  0.0000000E+00
 -0.2093272E+01 -0.1066080E+01 -0.1855083E+00  0.0000000E+00
  0.2706608E+01  0.2348445E+01  0.2669928E+00  0.0000000E+00
 -0.1127689E+01 -0.2888923E+01 -0.7888871E+00  0.0000000E+00
 -0.5037996E+01 -0.5733275E+01 -0.9693188E+00  0.0000000E+00
 -0.7366778E+01 -0.7454061E+01 -0.1086261E+01  0.0000000E+00
  0.1348720E+01 -0.1039226E+00 -0.8219902E-03  0.0000000E+00
 -0.8565022E+00  0.2880142E-01  0.2301593E-01  0.0000000E+00
 -0.4041398E+00 -0.1095419E+00  0.2223548E-04  0.0000000E+00
  0.1063377E+00  0.2906572E+00 -0.6179031E-02  0.0000000E+00
 -0.6114469E+00  0.1756332E+01  0.9858816E-01  0.0000000E+00
 -0.8750690E+00 -0.1325701E+01 -0.1230440E+00  0.0000000E+00
 -0.2471737E+00  0.3411036E+01  0.4959425E+00  0.0000000E+00
 -0.3376945E+01 -0.2143610E+01  0.4307257E+00  0.0000000E+00
 -0.1297407E-01  0.1150080E+01  0.8867634E+00  0.0000000E+00
  0.2266893E+01  0.1847203E+01  0.7303589E+00  0.0000000E+00
  0.3637716E+01  0.2291329E+01  0.6436621E+00  0.0000000E+00
 -0.1503550E+00  0.4924581E-01 -0.3880154E-02  0.0000000E+00
 -0.1160557E+01 -0.1739897E+00  0.3417789E-01  0.0000000E+00
  0.8002083E+00  0.3362478E+00 -0.5839742E-01  0.0000000E+00
 -0.9662655E+00 -0.3725231E+00  0.7465595E-01  0.0000000E+00
  0.3451555E+01  0.4952216E+00  0.1772022E+00  0.0000000E+00
  0.6159884E+00 -0.1772250E+01  0.1276961E+00  0.0000000E+00
  0.1114963E+01  0.1887950E+01 -0.2787036E+00  0.0000000E+00
  0.8703771E+00 -0.4755967E+00  0.3830686E+00  0.0000000E+00
 -0.2032110E+01 -0.3866910E-01 -0.3707288E-01  0.0000000E+00
 -0.2271618E+01  0.1145842E+01 -0.5039814E+00  0.0000000E+00
 -0.2443543E+01  0.1843661E+01 -0.7816905E+00  0.0000000E+00
 -0.7624355E+00  0.8693362E-01 -0.6116780E-02  0.0000000E+00
  0.8074994E+00 -0.2914087E+00 -0.1907196E-01  0.0000000E+00
 -0.1854308E+00  0.6248331E+00  0.4739992E-02  0.0000000E+00
  0.6804005E+00 -0.8927648E+00  0.8509195E-02  0.0000000E+00
 -0.4386117E+00 -0.1849943E+00 -0.1546987E-01  0.0000000E+00
 -0.2259574E+01 -0.3840164E+00 -0.7689261E-01  0.0000000E+00
  0.1959331E+01  0.7102935E+00  0.2644597E+00  0.0000000E+00
 -0.9684142E+00 -0.2041708E+01  0.4744668E-01  0.0000000E+00
 -0.1637235E+01 -0.1617584E+01  0.7016287E-01  0.0000000E+00
 -0.3246288E+00 -0.1588842E+01  0.1482368E+00  0.0000000E+00
  0.4361861E+00 -0.1566966E+01  0.1941193E+00  0.0000000E+00
 -0.1853975E+00 -0.2135103E-01 -0.3621059E-01  0.0000000E+00
 -0.1848100E+00 -0.8902076E-01  0.5281457E-01  0.0000000E+00
  0.5255208E+00  0.2276176E+00 -0.7328228E-01  0.0000000E+00
 -0.1552123E+00 -0.2826137E+00  0.8309385E-01  0.0000000E+00
  0.5426597E+00  0.1086954E+01  0.1876713E+00  0.0000000E+00
 -0.2661682E+01 -0.1316897E+01 -0.3488185E-01  0.0000000E+00
  0.3283292E+01  0.1427242E+01 -0.4356402E+00  0.0000000E+00
 -0.2265337E+01 -0.3592354E+00  0.4907828E+00  0.0000000E+00
 -0.2856273E+01 -0.1511201E+01  0.5445337E+00  0.0000000E+00
  0.6261171E-01 -0.2332574E+01 -0.5008944E-02  0.0000000E+00
  0.1763380E+01 -0.2825135E+01 -0.3260141E+00  0.0000000E+00
  0.4520750E+01  0.3282716E+02  0.3434893E+00  0.0000000E+00
 -0.6470153E+00 -0.6283232E+01 -0.1673586E+01  0.0000000E+00
 -0.3528832E+01 -0.5195182E+01  0.1611223E+01  0.0000000E+00
  0.4085312E+02  0.2428305E+02 -0.4389468E+00  0.0000000E+00
 -0.1218925E+00 -0.1841390E+02 -0.8797391E+01  0.0000000E+00
 -0.3805030E+01  0.1131609E+02  0.2992372E+01  0.0000000E+00
 -0.3873072E+01 -0.1408470E+01 -0.2521002E+00  0.0000000E+00
 -0.2138047E+01  0.5399009E+00  0.5905133E+00  0.0000000E+00
  0.1513599E+01  0.1257801E+01  0.9392858E+00  0.0000000E+00
  0.1088867E+01  0.6680747E+01 -0.1115076E+01  0.0000000E+00
  0.8814591E+00  0.9863111E+01 -0.2314277E+01  0.0000000E+00
  0.3819036E+01  0.3816352E+02  0.3172985E+00  0.0000000E+00
 -0.3573163E+00 -0.4891394E+01 -0.2574120E+01  0.0000000E+00
 -0.4584248E+01 -0.8389054E+01  0.1766047E+01  0.0000000E+00
  0.3991649E+02  0.3146434E+02 -0.6419744E+00  0.0000000E+00
  0.7370462E+01 -0.2888902E+02 -0.1120399E+02  0.0000000E+00
 -0.3100980E+01  0.1207916E+02  0.3654110E+01  0.0000000E+00
  0.8280589E+00 -0.3400316E+01 -0.3453888E+00  0.0000000E+00
 -0.7467660E+00 -0.3801511E+01  0.1176716E+01  0.0000000E+00
 -0.8100147E+00  0.2009603E+01  0.5038801E+00  0.0000000E+00
 -0.4636007E+01  0.1098274E+02 -0.8462711E+00  0.0000000E+00
 -0.6875214E+01  0.1629884E+02 -0.1644109E+01  0.0000000E+00
  0.2893870E+01  0.4645847E+01 -0.9867226E-01  0.0000000E+00
 -0.3986202E+01  0.4392766E+01  0.5970348E+00  0.0000000E+00
  0.4927315E+01 -0.3131366E+01  0.3739375E+00  0.0000000E+00
  0.7966750E+01  0.6891349E+01 -0.4784269E+00  0.0000000E+00
  0.6664323E+01  0.3493416E+00 -0.3969286E+01  0.0000000E+00
 -0.6923126E+01  0.2990092E+01  0.7181832E+00  0.0000000E+00
  0.9772518E+00  0.2992558E+01 -0.1432068E+01  0.0000000E+00
 -0.7562294E+01  0.4519950E+01  0.1315136E+01  0.0000000E+00
 -0.1683643E+01  0.3557632E+01  0.1204718E+01  0.0000000E+00
  0.1780123E+01  0.2578823E+00 -0.4050840E+01  0.0000000E+00
  0.3873946E+01 -0.1684472E+01 -0.7129166E+01  0.0000000E+00
  0.2645005E+01  0.7504775E-02 -0.1151912E-01  0.0000000E+00
 -0.1930036E+00  0.3331375E+00  0.1097695E-01  0.0000000E+00
 -0.3570747E+00 -0.3901507E+00 -0.7582823E-04  0.0000000E+00
  0.1286255E+01  0.5800640E+00  0.2127729E-01  0.0000000E+00
  0.7206216E+00 -0.1037551E+00 -0.2875349E+00  0.0000000E+00
  0.2720333E+01 -0.8702848E+00  0.1862527E+00  0.0000000E+00
 -0.5359830E+01 -0.1766264E+01 -0.3070761E+00  0.0000000E+00
 -0.8476349E-01  0.1947929E+01  0.1449540E+00  0.0000000E+00
  0.1883781E+01 -0.2565241E+01 -0.1789963E+00  0.0000000E+00
 -0.8450528E+00 -0.4001272E+01  0.1278656E+00  0.0000000E+00
 -0.2419188E+01 -0.4890871E+01  0.3037884E+00  0.0000000E+00
  0.5896298E+00 -0.2433533E+00  0.1828507E-01  0.0000000E+00
  0.1279428E+01 -0.9919471E-01  0.3539778E-02  0.0000000E+00
  0.5658721E+00  0.2360817E+00  0.5258233E-01  0.0000000E+00
  0.1055139E+01 -0.2343610E+00 -0.4975064E-01  0.0000000E+00
  0.3669050E+01  0.6106969E+00 -0.1140656E+00  0.0000000E+00
 -0.5070820E+01  0.6056790E+00 -0.2093712E+00  0.0000000E+00
 -0.1142753E+01  0.5831602E+00  0.1184048E+01  0.0000000E+00
 -0.3024718E+01 -0.1253559E+01  0.1895330E+00  0.0000000E+00
  0.1053748E-01  0.9898664E+01  0.2168829E+00  0.0000000E+00
 -0.6970074E+00  0.8293628E+01 -0.4072834E-01  0.0000000E+00
 -0.1076359E+01  0.7476820E+01 -0.1912870E+00  0.0000000E+00
  0.1460366E+01  0.4194254E+00  0.1049584E-01  0.0000000E+00
  0.5316360E+00 -0.3168878E+00 -0.7911126E-02  0.0000000E+00
 -0.1248159E+01  0.2907393E+00 -0.3781924E-01  0.0000000E+00
  0.7482574E+00 -0.2670209E+00  0.7469101E-01  0.0000000E+00
 -0.5758880E+00 -0.1605082E+00 -0.3429109E+00  0.0000000E+00
  0.2585283E+01  0.4501202E+00  0.3582040E+00  0.0000000E+00
  0.6434402E+00  0.1317961E+01 -0.5298949E+00  0.0000000E+00
  0.2135981E+01 -0.1544010E+01  0.2158746E-01  0.0000000E+00
  0.1703629E+01 -0.3159490E+01 -0.1386830E+00  0.0000000E+00
  0.1018869E+01 -0.1873658E+00  0.6385468E-01  0.0000000E+00
  0.6129506E+00  0.1533748E+01  0.1806496E+00  0.0000000E+00
  0.3118003E+00  0.2254325E+00 -0.3103808E-01  0.0000000E+00
  0.6543067E+00 -0.1956236E+00 -0.6056275E-01  0.0000000E+00
 -0.2358817E+01  0.2961380E+00  0.7075522E-01  0.0000000E+00
  0.1362385E+01 -0.8362258E+00 -0.1221610E+00  0.0000000E+00
 -0.6012116E+01  0.9952360E+00 -0.1548395E+00  0.0000000E+00
  0.2600760E+01 -0.1463973E+01  0.4363268E-01  0.0000000E+00
 -0.4012437E+01 -0.8671276E+00 -0.5130804E+00  0.0000000E+00
  0.3978171E+00 -0.7230375E+00 -0.4598644E+00  0.0000000E+00
  0.3629637E+01 -0.1888889E+00  0.5620014E+00  0.0000000E+00
  0.5416843E+00  0.3404229E+00  0.1454346E+01  0.0000000E+00
 -0.1228880E+01  0.6558224E+00  0.1987369E+01  0.0000000E+00
  0.3963349E+00 -0.3595755E-01  0.1137807E-01  0.0000000E+00
 -0.1286027E+01  0.1960894E-01  0.2286723E-01  0.0000000E+00
  0.1583651E+01 -0.3739126E-01 -0.1755658E-01  0.0000000E+00
 -0.1402668E+00  0.1804804E+00  0.5296238E-01  0.0000000E+00
  0.8569086E+00 -0.2154669E+00 -0.1156118E+00  0.0000000E+00
 -0.5367056E+00  0.3326761E+00  0.1909558E+00  0.0000000E+00
  0.1221999E+01 -0.2296361E-01 -0.9039435E+00  0.0000000E+00
 -0.1208661E+01 -0.2408330E+01  0.3109006E+00  0.0000000E+00
 -0.2134342E+01 -0.3027101E-01 -0.5090032E-01  0.0000000E+00
 -0.4316797E+00  0.1868643E+01 -0.7308525E+00  0.0000000E+00
  0.5543980E+00  0.3006018E+01 -0.1132400E+01  0.0000000E+00
 -0.1307192E+00  0.1486126E+00  0.4630330E-01  0.0000000E+00
  0.9847315E-01 -0.1105331E+00 -0.2328089E-02  0.0000000E+00
 -0.2404174E+00 -0.4935965E-03  0.2817053E-01  0.0000000E+00
  0.3327443E+00  0.7471948E+00 -0.1382222E-01  0.0000000E+00
 -0.1294609E+01 -0.7604454E+00 -0.3007377E+00  0.0000000E+00
  0.3166645E+01  0.9530314E+00  0.1778726E+00  0.0000000E+00
  0.5682809E+00  0.4726891E+00  0.3582364E-01  0.0000000E+00
  0.4959816E+00 -0.1338174E+01 -0.2696509E+00  0.0000000E+00
  0.1280209E+01 -0.1243393E+01  0.8795397E+00  0.0000000E+00
  0.8277006E+00  0.1403618E+01  0.9624658E+00  0.0000000E+00
  0.5720701E+00  0.2952848E+01  0.1023643E+01  0.0000000E+00
