  2  2   882 12096  4  4  9 14  7  1    0.00   24.00  100.00 1000.00    0.00    6.28   45.00   45.00
  100.0  100.0  100.0  100.0  125.0  150.0  190.0  230.0  275.0  350.0  450.0  550.0  650.0  850.0 1000.0 1000.0 1000.0 1000.0
  0.1772545E+03 -0.1859071E+02 -0.2128403E+01  0.0000000E+00
  0.2125180E+03 -0.1460471E+02  0.1089718E+01  0.0000000E+00
  0.4974245E+03  0.6513275E+02  0.6322723E+01  0.0000000E+00
  0.5021988E+03 -0.7150846E+02  0.4887177E+01  0.0000000E+00
  0.6838653E+03  0.1055828E+03 -0.5189207E+01  0.0000000E+00
  0.9767318E+03  0.2621850E+03  0.5938672E+01  0.0000000E+00
  0.9411979E+03  0.2748326E+03  0.2245273E+02  0.0000000E+00
  0.1093081E+04  0.2848720E+03  0.2095325E+02  0.0000000E+00
  0.1083912E+04  0.2446006E+03  0.2570565E+02  0.0000000E+00
  0.1364918E+04  0.1221689E+03  0.1371023E+02  0.0000000E+00
  0.1440395E+04  0.8776616E+02  0.1719268E+02  0.0000000E+00
  0.1424397E+04  0.9432223E+02  0.1687832E+02  0.0000000E+00
  0.1413083E+04  0.9895771E+02  0.1665253E+02  0.0000000E+00
  0.1408199E+04  0.1009588E+03  0.1655519E+02  0.0000000E+00
 -0.8834619E+01 -0.1162185E+02 -0.3389433E+01  0.0000000E+00
  0.1024222E+01  0.5334954E+01  0.3731223E+01  0.0000000E+00
  0.4738130E+02  0.1729754E+02 -0.6108612E+01  0.0000000E+00
 -0.2616614E+03 -0.9568101E+02  0.9229391E+01  0.0000000E+00
 -0.2444769E+03 -0.1094970E+03  0.9057399E+01  0.0000000E+00
 -0.2402735E+02 -0.2822329E+01 -0.8201038E+01  0.0000000E+00
 -0.1195238E+03 -0.7038187E+02  0.6754153E+01  0.0000000E+00
 -0.7879129E+02 -0.4487792E+02  0.6073414E+01  0.0000000E+00
 -0.1091828E+03 -0.2338121E+02  0.1192459E+02  0.0000000E+00
 -0.1894713E+03  0.1096281E+03  0.1070259E+02  0.0000000E+00
 -0.1929819E+03  0.8523908E+02  0.9676845E+01  0.0000000E+00
 -0.1895785E+03  0.8796462E+02  0.9641075E+01  0.0000000E+00
 -0.1871912E+03  0.8990571E+02  0.9616862E+01  0.0000000E+00
 -0.1861600E+03  0.9074316E+02  0.9606369E+01  0.0000000E+00
 -0.3801600E+01  0.1656659E+01 -0.7252713E+00  0.0000000E+00
  0.2291629E+02  0.1753908E+02  0.4672743E+00  0.0000000E+00
 -0.7986392E+01  0.6811995E+01 -0.1517938E+01  0.0000000E+00
 -0.7114536E+01  0.9895645E+01  0.5464918E+01  0.0000000E+00
 -0.4948922E+02 -0.2325043E+02 -0.6498132E+01  0.0000000E+00
 -0.6155084E+02 -0.2945470E+02  0.3123343E+01  0.0000000E+00
 -0.4674463E+02 -0.2873594E+02  0.5141566E+01  0.0000000E+00
 -0.4134882E+02 -0.5138352E+02  0.8561884E+01  0.0000000E+00
 -0.5162194E+02 -0.2851507E+02  0.9785399E+01  0.0000000E+00
 -0.8639997E+02  0.2187886E+02  0.5459108E+01  0.0000000E+00
 -0.1013110E+03  0.5755674E+02  0.1031716E+02  0.0000000E+00
 -0.9897338E+02  0.5420249E+02  0.9550545E+01  0.0000000E+00
 -0.9731139E+02  0.5180503E+02  0.9006751E+01  0.0000000E+00
 -0.9659426E+02  0.5077101E+02  0.8772062E+01  0.0000000E+00
 -0.3364933E-02  0.6106437E-01  0.1046600E-01  0.0000000E+00
  0.2241712E+01  0.7830550E-01 -0.2357610E-01  0.0000000E+00
 -0.6813369E+01 -0.3944824E+00  0.1730512E-01  0.0000000E+00
  0.8163869E+01  0.5642469E+00 -0.4334424E-01  0.0000000E+00
 -0.8050045E+01 -0.5033144E+00  0.5996910E-01  0.0000000E+00
 -0.8794059E+01 -0.2613856E+01 -0.3413906E+00  0.0000000E+00
 -0.6787903E+00 -0.2661268E+01 -0.1666699E+01  0.0000000E+00
 -0.2508387E+02  0.1749015E+02 -0.7214933E+00  0.0000000E+00
 -0.1111111E+02  0.1231535E+02 -0.1031681E+01  0.0000000E+00
 -0.6337174E+02  0.2264884E+02  0.3317372E+01  0.0000000E+00
 -0.3879777E+01  0.4685116E+01 -0.1865956E-01  0.0000000E+00
 -0.1267766E+01  0.1740962E+01 -0.1783428E-01  0.0000000E+00
  0.4859315E+00 -0.3034828E+00 -0.1388025E-01  0.0000000E+00
  0.1246424E+01 -0.1187430E+01 -0.1229677E-01  0.0000000E+00
  0.2247364E+00  0.1102921E+00  0.2880799E-02  0.0000000E+00
 -0.3159337E+01 -0.2184626E-02 -0.3347004E-01  0.0000000E+00
  0.3902958E+01  0.1703393E+00  0.7337981E-01  0.0000000E+00
  0.1206280E+02 -0.1442065E+00 -0.1002452E+00  0.0000000E+00
 -0.1400039E+02  0.3405678E+00  0.1844599E+00  0.0000000E+00
  0.2322453E+01  0.3985431E+01 -0.6703166E+00  0.0000000E+00
  0.9368046E+01  0.2026573E+02  0.7276611E+00  0.0000000E+00
  0.1509787E+02 -0.2703918E+01  0.3663107E+01  0.0000000E+00
  0.3134130E+01  0.2500973E+02  0.3457691E+01  0.0000000E+00
  0.6841266E+01 -0.7434951E+01  0.4416932E+01  0.0000000E+00
 -0.1793621E+01 -0.5622310E+01  0.3244617E+00  0.0000000E+00
 -0.6779887E+00 -0.2188396E+01  0.1132658E+00  0.0000000E+00
  0.1206961E+00  0.2115410E+00 -0.3001354E-01  0.0000000E+00
  0.4651188E+00  0.1248620E+01 -0.9208895E-01  0.0000000E+00
 -0.1626087E+01  0.9281348E-01  0.1100573E-02  0.0000000E+00
  0.2965778E+00 -0.2457413E-01  0.4009048E-01  0.0000000E+00
  0.7530776E+01  0.2383114E+00 -0.6841729E-01  0.0000000E+00
 -0.9016577E+01 -0.1908144E+00  0.1136716E+00  0.0000000E+00
  0.8260935E+01 -0.3781646E+00 -0.2606679E+00  0.0000000E+00
 -0.7922663E+01  0.1966055E+01  0.8714440E+00  0.0000000E+00
  0.1752036E+01  0.2777444E+01  0.3423731E+00  0.0000000E+00
  0.6773634E+01  0.9850209E+01 -0.9059665E+00  0.0000000E+00
  0.7915126E+01 -0.2977741E+01 -0.2593799E+00  0.0000000E+00
  0.2571343E+02  0.1061755E+01 -0.3681224E+00  0.0000000E+00
  0.7111901E+01 -0.3910872E+01 -0.7785626E+00  0.0000000E+00
  0.2643597E+01 -0.1508782E+01 -0.3020997E+00  0.0000000E+00
 -0.4711730E+00  0.1879849E+00  0.3272052E-01  0.0000000E+00
 -0.1817444E+01  0.9205294E+00  0.1773370E+00  0.0000000E+00
 -0.1243512E+01 -0.3179484E-01 -0.2169093E-02  0.0000000E+00
  0.1003198E+02 -0.1029158E+00  0.4107149E-01  0.0000000E+00
 -0.1360321E+02  0.2032206E+00 -0.8306097E-01  0.0000000E+00
 -0.2769368E+01 -0.5933732E+00  0.1237572E+00  0.0000000E+00
 -0.5478176E+01  0.2939207E+00 -0.2622697E+00  0.0000000E+00
  0.4489074E+01 -0.1253552E+01  0.8959725E+00  0.0000000E+00
  0.4755013E+01  0.2641450E+01 -0.6539348E+00  0.0000000E+00
  0.8824503E+01  0.3642664E+01  0.5037961E-01  0.0000000E+00
  0.1230148E+02  0.2399126E+01  0.3966747E+00  0.0000000E+00
  0.2047094E+02 -0.2848768E+01  0.1966548E+01  0.0000000E+00
 -0.1380465E+01  0.2420489E+01 -0.1090488E+00  0.0000000E+00
 -0.6210460E+00  0.9699207E+00 -0.4654780E-01  0.0000000E+00
 -0.6183443E-01 -0.5527447E-01  0.4331348E-03  0.0000000E+00
  0.1787569E+00 -0.4978626E+00  0.2061170E-01  0.0000000E+00
  0.1783421E+01 -0.1391956E-01  0.5444183E-02  0.0000000E+00
 -0.7683541E+00 -0.3221088E+00 -0.3343541E-01  0.0000000E+00
 -0.6498030E+01  0.4712264E+00  0.6095383E-01  0.0000000E+00
  0.6844277E+01 -0.1018288E+01 -0.5992290E-01  0.0000000E+00
 -0.4936857E+01  0.1470183E+01  0.1280346E+00  0.0000000E+00
  0.3660158E+01 -0.1063787E+01 -0.5123622E+00  0.0000000E+00
 -0.3277935E+01  0.4818418E+00 -0.9541133E-01  0.0000000E+00
  0.5798573E+01 -0.3453142E+01 -0.4218900E+00  0.0000000E+00
 -0.4213268E+00  0.1240268E+01  0.1698589E+00  0.0000000E+00
  0.1641142E+02 -0.4372813E+01  0.7303031E+00  0.0000000E+00
  0.5821885E+01 -0.5021414E+01  0.1398444E+00  0.0000000E+00
  0.2154972E+01 -0.1911986E+01  0.5570029E-01  0.0000000E+00
 -0.4060109E+00  0.2708449E+00 -0.2607630E-02  0.0000000E+00
 -0.1512743E+01  0.1213741E+01 -0.2782256E-01  0.0000000E+00
  0.4163965E+00 -0.1394717E+00  0.7230205E-02  0.0000000E+00
 -0.4923956E+01  0.6659923E-01 -0.1875546E-02  0.0000000E+00
  0.4716250E+01 -0.1194058E+00  0.3059621E-03  0.0000000E+00
  0.3319437E+01  0.2152876E+00  0.1922699E-02  0.0000000E+00
 -0.1545307E+00 -0.1611237E+00  0.1594554E+00  0.0000000E+00
  0.9321844E+00 -0.1725597E+01 -0.4215120E+00  0.0000000E+00
 -0.4067399E+01  0.1725968E+01  0.6530104E-01  0.0000000E+00
  0.2401857E+01 -0.6658757E+00 -0.6173517E+00  0.0000000E+00
 -0.4779355E+01  0.4051578E+01  0.7177598E-01  0.0000000E+00
  0.1033243E+02 -0.5911157E+01 -0.4834188E+00  0.0000000E+00
  0.2690779E+01 -0.8947923E+00 -0.7889589E+00  0.0000000E+00
  0.9439709E+00 -0.2987866E+00 -0.3068676E+00  0.0000000E+00
 -0.2711947E+00  0.1127207E+00  0.3227881E-01  0.0000000E+00
 -0.7965101E+00  0.2907312E+00  0.1787498E+00  0.0000000E+00
  0.1864411E+02  0.1711620E+02 -0.4252345E+01  0.0000000E+00
 -0.3012669E+02 -0.2544927E+02  0.3518833E+00  0.0000000E+00
 -0.7029432E+01  0.6641076E+01  0.9728267E+00  0.0000000E+00
 -0.8978309E+02 -0.5632388E+02  0.2896957E+01  0.0000000E+00
  0.3672277E+02  0.2336549E+02 -0.1319297E+01  0.0000000E+00
 -0.5444466E+02 -0.5444601E+02  0.1339136E+02  0.0000000E+00
 -0.5603260E+02 -0.2660285E+02  0.2547954E+01  0.0000000E+00
 -0.6382858E+02 -0.4087210E+02  0.5636183E+01  0.0000000E+00
 -0.6088124E+02  0.1071936E+02  0.2747019E+01  0.0000000E+00
 -0.6587972E+02  0.1332682E+02  0.6445772E+00  0.0000000E+00
 -0.2729323E+02  0.3275649E+01 -0.7247183E+00  0.0000000E+00
 -0.2906028E+02  0.4949654E+01 -0.8412159E+00  0.0000000E+00
 -0.3034404E+02  0.6132741E+01 -0.9211988E+00  0.0000000E+00
 -0.3089697E+02  0.6643497E+01 -0.9558150E+00  0.0000000E+00
  0.2270172E+02  0.1300984E+02 -0.5257393E+01  0.0000000E+00
 -0.1380457E+02  0.1898177E+01  0.3101427E+01  0.0000000E+00
 -0.1747004E+02 -0.3020413E+02 -0.4302001E+01  0.0000000E+00
 -0.1574803E+02 -0.9139344E+01  0.1155673E+01  0.0000000E+00
  0.3330714E+02  0.5199482E+02 -0.4322592E+01  0.0000000E+00
 -0.4368178E+01 -0.2900095E+02 -0.6673163E+00  0.0000000E+00
  0.1122772E+02 -0.3999629E+01 -0.2680529E+01  0.0000000E+00
 -0.9365379E+01 -0.1520644E+02 -0.1350463E+01  0.0000000E+00
  0.2560631E+02 -0.3987318E+02  0.6848777E-01  0.0000000E+00
  0.3123134E+02 -0.4601471E+02 -0.2949580E+01  0.0000000E+00
 -0.2646750E+01  0.1418809E+02 -0.5668207E+01  0.0000000E+00
  0.3746809E+01  0.4533776E+01 -0.5109775E+01  0.0000000E+00
  0.8275861E+01 -0.2313603E+01 -0.4715725E+01  0.0000000E+00
  0.1023072E+02 -0.5268808E+01 -0.4545586E+01  0.0000000E+00
  0.2136131E+01  0.4555685E+01  0.3354221E+01  0.0000000E+00
 -0.2133095E+02 -0.3764412E+02 -0.1649380E+01  0.0000000E+00
  0.1988222E+02  0.3207880E+02  0.2677234E+01  0.0000000E+00
  0.4639973E+01 -0.1647787E+02  0.2413908E+01  0.0000000E+00
  0.1217301E+02 -0.1481510E+02  0.1582126E+01  0.0000000E+00
 -0.1831880E+02 -0.6894252E+00  0.1218234E+01  0.0000000E+00
 -0.1123175E+02 -0.5940336E+01  0.1595781E+01  0.0000000E+00
 -0.2042126E+02 -0.2919515E+01  0.1064971E+01  0.0000000E+00
 -0.1409358E+02 -0.5323259E+01 -0.3204306E+00  0.0000000E+00
 -0.2296555E+02 -0.1782511E+02  0.2397031E+01  0.0000000E+00
 -0.3356361E+02 -0.6577617E+01  0.4997980E+01  0.0000000E+00
 -0.2875468E+02 -0.7390418E+01  0.4241149E+01  0.0000000E+00
 -0.2536269E+02 -0.7983074E+01  0.3707186E+01  0.0000000E+00
 -0.2389808E+02 -0.8238255E+01  0.3476633E+01  0.0000000E+00
  0.8401110E+00 -0.1121227E+00  0.2030817E-01  0.0000000E+00
 -0.1162692E+00  0.8054703E-01 -0.2344715E-01  0.0000000E+00
 -0.4247754E+01 -0.2003655E+00  0.5064321E-01  0.0000000E+00
  0.5760593E+01  0.3029545E+00 -0.1026646E+00  0.0000000E+00
  0.5914302E+01 -0.1030840E+01  0.1506139E+00  0.0000000E+00
  0.1015531E+02  0.9389468E+01 -0.6287101E+00  0.0000000E+00
  0.1885534E+02  0.6625424E+00  0.9905600E-01  0.0000000E+00
  0.2212731E+02  0.5010014E+01 -0.2893252E+01  0.0000000E+00
  0.2939220E+02 -0.8815018E+01 -0.1322740E+01  0.0000000E+00
  0.6277135E+02 -0.1441015E+02 -0.4681730E+01  0.0000000E+00
  0.4443924E+01  0.2439523E+00 -0.1503646E+01  0.0000000E+00
  0.1562600E+01  0.1272701E+00 -0.5691386E+00  0.0000000E+00
 -0.3894175E+00  0.3293860E-01  0.8217235E-01  0.0000000E+00
 -0.1235228E+01 -0.7352443E-02  0.3636880E+00  0.0000000E+00
 -0.1473998E+01  0.1369116E-01 -0.2590585E-01  0.0000000E+00
  0.4581830E+00 -0.3715233E+00  0.5484191E-01  0.0000000E+00
  0.2961683E+01  0.6527880E+00 -0.6504102E-01  0.0000000E+00
 -0.6908377E+01 -0.1266109E+01  0.6592920E-01  0.0000000E+00
  0.1255750E+02  0.2176871E+01 -0.9109997E-01  0.0000000E+00
  0.4889728E+01  0.8286457E+00  0.4437055E+00  0.0000000E+00
  0.8456962E+01 -0.2331377E+01 -0.6588552E+00  0.0000000E+00
  0.1174410E+01  0.5527239E+01 -0.5611050E+00  0.0000000E+00
  0.1025420E+02 -0.6282138E+01  0.1141518E+01  0.0000000E+00
 -0.3234673E+01  0.5804951E+01 -0.3951105E+01  0.0000000E+00
 -0.5373592E+01  0.2139963E+01  0.5891156E-01  0.0000000E+00
 -0.2093201E+01  0.8060131E+00  0.3673801E-01  0.0000000E+00
  0.2099028E+00 -0.1175615E+00  0.1529481E-01  0.0000000E+00
  0.1204744E+01 -0.5169906E+00  0.6250436E-02  0.0000000E+00
 -0.6542938E+00 -0.6110002E-01  0.1190647E-01  0.0000000E+00
  0.8658092E+00  0.1564169E+00 -0.1749713E-01  0.0000000E+00
  0.3987119E+01 -0.1477616E+00  0.2686785E-01  0.0000000E+00
 -0.8115280E+01 -0.1078516E+00 -0.3966670E-01  0.0000000E+00
 -0.4102128E+01  0.9960476E+00 -0.3553347E-01  0.0000000E+00
  0.1260452E+01 -0.3829170E+01  0.2381521E+00  0.0000000E+00
 -0.6094433E+01  0.2564670E+01  0.3638273E+00  0.0000000E+00
  0.5914110E+00 -0.4112356E+01 -0.2144601E+01  0.0000000E+00
 -0.7144575E+01  0.5161694E+01  0.1648113E+00  0.0000000E+00
  0.1824760E+02 -0.4805106E+01 -0.1006189E+01  0.0000000E+00
  0.8742477E+01 -0.4429826E+01 -0.6024357E+00  0.0000000E+00
  0.3378731E+01 -0.1713188E+01 -0.2282608E+00  0.0000000E+00
 -0.3764332E+00  0.1909172E+00  0.3364212E-01  0.0000000E+00
 -0.1998892E+01  0.1013527E+01  0.1468024E+00  0.0000000E+00
  0.1854586E+01 -0.4743151E-01  0.5843776E-02  0.0000000E+00
 -0.2568010E+01  0.4108203E+00 -0.8574655E-03  0.0000000E+00
 -0.7842876E+00 -0.8176060E+00 -0.2529022E-01  0.0000000E+00
  0.4737265E+01  0.1594331E+01  0.5019113E-01  0.0000000E+00
 -0.5564625E+01 -0.2181649E+01 -0.1115504E+00  0.0000000E+00
 -0.1067963E+02  0.9707395E+00  0.7169104E-01  0.0000000E+00
 -0.2670162E+00 -0.4864994E+01 -0.2063947E+00  0.0000000E+00
 -0.1731468E+01  0.5741144E+01  0.8356501E+00  0.0000000E+00
  0.5369020E+01 -0.1195877E+02  0.1222703E+01  0.0000000E+00
  0.1013333E+00  0.1086338E+02  0.2872823E+00  0.0000000E+00
  0.2067983E+01 -0.6693262E+00 -0.7439802E+00  0.0000000E+00
  0.8107332E+00 -0.3102519E+00 -0.2880181E+00  0.0000000E+00
 -0.7886817E-01 -0.3761150E-01  0.3335964E-01  0.0000000E+00
 -0.4628783E+00  0.7939259E-01  0.1721343E+00  0.0000000E+00
 -0.1303596E+00  0.1518204E-02 -0.4280938E-02  0.0000000E+00
 -0.2696299E+01  0.2330196E+00 -0.5851499E-02  0.0000000E+00
  0.1900366E+00 -0.5098597E+00  0.1037586E-01  0.0000000E+00
  0.4211090E+01  0.9024962E+00  0.2396034E-03  0.0000000E+00
  0.4620997E+01 -0.1850656E+01  0.7179538E-01  0.0000000E+00
 -0.2711178E+01  0.7950950E-01 -0.1951846E+00  0.0000000E+00
 -0.1524686E+01 -0.2136365E+00  0.5047916E+00  0.0000000E+00
 -0.1416805E+02 -0.2452480E+01 -0.6942694E+00  0.0000000E+00
 -0.5769804E+01  0.1804618E+01  0.1731018E+00  0.0000000E+00
 -0.1904516E+02 -0.2922776E+01 -0.1755800E+00  0.0000000E+00
 -0.3071062E+01  0.4913761E+00  0.7511684E+00  0.0000000E+00
 -0.1146609E+01  0.2027290E+00  0.2945280E+00  0.0000000E+00
  0.1835478E+00 -0.6482324E-02 -0.2763488E-01  0.0000000E+00
  0.7588942E+00 -0.9660815E-01 -0.1667369E+00  0.0000000E+00
 -0.4136328E-01  0.1504555E+00  0.9734320E-02  0.0000000E+00
  0.9526894E+00 -0.2743569E+00 -0.2198056E-02  0.0000000E+00
  0.2911847E+01  0.4296701E+00  0.9495586E-02  0.0000000E+00
 -0.3663949E+01 -0.8677117E+00  0.2165034E-01  0.0000000E+00
  0.3597739E+01  0.1407902E+01 -0.6747878E-01  0.0000000E+00
 -0.8968562E+01  0.1424988E+01  0.6934923E-01  0.0000000E+00
 -0.3006305E+01  0.4555330E+00 -0.4106088E+00  0.0000000E+00
 -0.5148513E+01 -0.1315262E+01 -0.5266772E+00  0.0000000E+00
 -0.4243748E+01 -0.3663612E+01  0.3181350E+00  0.0000000E+00
 -0.8878667E+01  0.5449492E+01  0.2706334E+00  0.0000000E+00
  0.4306362E+01 -0.1656037E+01 -0.3760343E+00  0.0000000E+00
  0.1724298E+01 -0.6682101E+00 -0.1545222E+00  0.0000000E+00
 -0.1071228E+00  0.3604318E-01  0.1343530E-02  0.0000000E+00
 -0.8975258E+00  0.3398516E+00  0.6865815E-01  0.0000000E+00
  0.7717041E+01 -0.9187264E+01  0.4273329E+01  0.0000000E+00
  0.2708300E+01 -0.1628290E+02 -0.2837276E+01  0.0000000E+00
 -0.8768628E+01  0.3997871E+02 -0.1261665E+01  0.0000000E+00
  0.3113395E+02  0.1250290E+01 -0.2128682E+01  0.0000000E+00
  0.3326778E+02 -0.3247009E+02  0.1746233E+01  0.0000000E+00
  0.9163112E+01  0.1830991E+02 -0.3874858E+01  0.0000000E+00
  0.2784827E+02 -0.1234838E+02  0.1611610E-01  0.0000000E+00
  0.1439333E+02  0.2567447E+02 -0.5197138E+00  0.0000000E+00
  0.2913974E+02 -0.4903796E+00  0.1400656E+01  0.0000000E+00
  0.1335493E+02  0.3307894E+02  0.5105679E+01  0.0000000E+00
  0.9518983E+01  0.2336835E+02  0.4699726E+01  0.0000000E+00
  0.7881480E+01  0.2616399E+02  0.4924920E+01  0.0000000E+00
  0.6730235E+01  0.2814433E+02  0.5083812E+01  0.0000000E+00
  0.6233010E+01  0.2899910E+02  0.5152418E+01  0.0000000E+00
  0.8832333E+01 -0.3619383E+01  0.2916281E+01  0.0000000E+00
  0.4080889E+01 -0.7717343E+01 -0.2136821E+01  0.0000000E+00
 -0.6220938E+00  0.4331086E+02 -0.1992181E+01  0.0000000E+00
  0.1551531E+02  0.1465246E+02  0.5609015E+01  0.0000000E+00
  0.4029080E+02 -0.2662228E+02  0.5986124E+01  0.0000000E+00
 -0.4066221E+01  0.1217207E+02 -0.2882501E+01  0.0000000E+00
  0.1071849E+02 -0.1782359E+02  0.5534203E+01  0.0000000E+00
  0.7467861E+01  0.5348057E+01  0.3302736E+00  0.0000000E+00
  0.3363112E+01 -0.5180920E+00  0.5057063E+00  0.0000000E+00
  0.1548090E+02 -0.1089671E+02  0.2243097E-01  0.0000000E+00
  0.1562891E+02 -0.1561117E+02  0.2541347E-01  0.0000000E+00
  0.1467725E+02 -0.1465908E+02 -0.7482514E-01  0.0000000E+00
  0.1400825E+02 -0.1398479E+02 -0.1441538E+00  0.0000000E+00
  0.1371931E+02 -0.1369375E+02 -0.1741402E+00  0.0000000E+00
  0.4744097E+01  0.3456758E+01 -0.4507021E+01  0.0000000E+00
  0.1537904E+02 -0.6137433E+01  0.3712705E+01  0.0000000E+00
 -0.1831295E+02  0.2029848E-01 -0.4121659E+01  0.0000000E+00
 -0.6768895E+01 -0.1858449E+01 -0.1372161E+01  0.0000000E+00
  0.1864563E+01 -0.1193103E+02  0.2696908E+01  0.0000000E+00
 -0.1527800E+01  0.9588431E+01 -0.2024598E+01  0.0000000E+00
  0.2930861E+01 -0.8303810E+01 -0.1657602E+01  0.0000000E+00
 -0.6091217E+01  0.1128999E+02 -0.2544674E+01  0.0000000E+00
  0.8178233E+01 -0.1103836E+02 -0.2033971E+01  0.0000000E+00
  0.1378924E+02 -0.5692587E+01 -0.1959858E+00  0.0000000E+00
  0.5932249E+00  0.1180517E+02  0.4183149E+00  0.0000000E+00
 -0.1418590E+01  0.1022736E+02  0.5064124E+00  0.0000000E+00
 -0.2824938E+01  0.9109032E+01  0.5668573E+00  0.0000000E+00
 -0.3432638E+01  0.8626348E+01  0.5930194E+00  0.0000000E+00
  0.4259959E+00  0.1878070E+00 -0.1554208E-02  0.0000000E+00
 -0.1654951E+01 -0.4234133E+00 -0.8605721E-02  0.0000000E+00
  0.3298412E+01  0.6800912E+00  0.6327984E-02  0.0000000E+00
 -0.6615545E+01 -0.1332170E+01  0.2940342E-01  0.0000000E+00
  0.3104719E+01  0.2105842E+01 -0.1223661E-01  0.0000000E+00
  0.2298821E+00 -0.1085366E+01 -0.4971462E-01  0.0000000E+00
 -0.4462391E+01 -0.2555243E+01  0.8766921E+00  0.0000000E+00
 -0.5805391E+01 -0.3219302E+01  0.3099149E+01  0.0000000E+00
 -0.4720234E+01  0.2432008E+01  0.1157490E+01  0.0000000E+00
 -0.2001378E+02  0.2081285E+02  0.6566545E+00  0.0000000E+00
 -0.6823528E+01  0.5034443E+01 -0.1626163E+00  0.0000000E+00
 -0.2626239E+01  0.1918751E+01 -0.6782261E-01  0.0000000E+00
  0.3069820E+00 -0.2517622E+00  0.8045590E-03  0.0000000E+00
  0.1574507E+01 -0.1189955E+01  0.3037100E-01  0.0000000E+00
  0.4423164E-01  0.1231233E+00 -0.9431584E-02  0.0000000E+00
  0.1632915E+01 -0.2051998E+00  0.3000074E-01  0.0000000E+00
 -0.3964860E+01  0.2712271E+00 -0.7479445E-01  0.0000000E+00
  0.3577478E+01 -0.6098044E+00  0.7488658E-01  0.0000000E+00
 -0.3155756E+01  0.7516113E+00 -0.4688652E-01  0.0000000E+00
 -0.2246140E+01  0.1584926E+01  0.1103684E+00  0.0000000E+00
 -0.5426948E-01 -0.3637872E-01  0.5705157E+00  0.0000000E+00
  0.1808046E+01  0.5888205E+01  0.1089985E+01  0.0000000E+00
 -0.1259409E+01 -0.4991213E+01  0.6597018E+00  0.0000000E+00
  0.9977893E+01  0.6426106E+01  0.1890840E+01  0.0000000E+00
  0.3197365E+01  0.2300111E+01  0.1688238E+00  0.0000000E+00
  0.1224658E+01  0.8812729E+00  0.5778662E-01  0.0000000E+00
 -0.1541463E+00 -0.1050383E+00 -0.1763961E-01  0.0000000E+00
 -0.7499573E+00 -0.5314484E+00 -0.5031441E-01  0.0000000E+00
  0.4249300E+00  0.3133335E-01  0.4936253E-02  0.0000000E+00
  0.6378069E+00  0.5978565E-01 -0.5259976E-02  0.0000000E+00
 -0.1539482E+01  0.1548775E+00  0.1352594E-01  0.0000000E+00
  0.2658379E+01  0.4116731E-01 -0.2796624E-01  0.0000000E+00
 -0.5696647E+01 -0.6725532E+00 -0.4150099E-01  0.0000000E+00
  0.6542810E+01  0.2019342E+01 -0.4924923E-01  0.0000000E+00
  0.1319294E+01 -0.1233168E+01 -0.1022338E+01  0.0000000E+00
 -0.4679367E+00 -0.1024866E+01 -0.8332884E+00  0.0000000E+00
 -0.1813046E+01  0.1945190E+01 -0.7447988E+00  0.0000000E+00
 -0.1054334E+02  0.7520153E+01  0.7323666E+00  0.0000000E+00
  0.1027837E+01 -0.1165491E+01  0.1820438E-01  0.0000000E+00
  0.4404593E+00 -0.4843989E+00  0.6920931E-02  0.0000000E+00
  0.1199201E-01  0.4794213E-02 -0.2113577E-03  0.0000000E+00
 -0.1724905E+00  0.2156963E+00 -0.3321374E-02  0.0000000E+00
  0.3802844E+00 -0.1602827E+00  0.2063667E-02  0.0000000E+00
 -0.1889818E+01  0.2908940E+00 -0.3601275E-01  0.0000000E+00
  0.2351101E+01 -0.4854708E+00  0.1086340E+00  0.0000000E+00
  0.7878408E+00  0.8572680E+00 -0.1603362E+00  0.0000000E+00
  0.2598772E+00 -0.1647094E+01  0.2691552E+00  0.0000000E+00
 -0.1592701E+01 -0.5246275E+00 -0.3953267E+00  0.0000000E+00
 -0.1907947E+01  0.3858001E+00  0.4853596E+00  0.0000000E+00
  0.1649506E+01  0.1060323E+01  0.1077610E+01  0.0000000E+00
 -0.3539047E+01  0.2629082E+01 -0.4685779E-01  0.0000000E+00
 -0.4934360E+01  0.5532299E+01  0.9150242E+00  0.0000000E+00
 -0.1619163E+01  0.5301368E+01 -0.5343484E+00  0.0000000E+00
 -0.6291253E+00  0.2071025E+01 -0.2118093E+00  0.0000000E+00
  0.6621136E-01 -0.1995496E+00  0.1663865E-01  0.0000000E+00
  0.3665543E+00 -0.1180240E+01  0.1152440E+00  0.0000000E+00
 -0.1072165E+01 -0.1020441E+00  0.6774769E-02  0.0000000E+00
 -0.1789423E+00  0.1176586E+00  0.2373406E-01  0.0000000E+00
  0.7104340E+00 -0.4512388E+00 -0.6310163E-01  0.0000000E+00
  0.2637563E+00  0.8917382E+00  0.1066419E+00  0.0000000E+00
 -0.3908010E+01 -0.1769050E+01 -0.1491939E+00  0.0000000E+00
 -0.1105000E+01  0.1008132E+01  0.3341887E+00  0.0000000E+00
  0.1387614E+00 -0.3794044E+00 -0.2682723E+00  0.0000000E+00
  0.8173102E+00  0.1250240E+01 -0.4973429E+00  0.0000000E+00
  0.4553207E+01 -0.2178448E+01 -0.2204698E+00  0.0000000E+00
  0.1311268E+02 -0.3135579E+01 -0.6276285E-01  0.0000000E+00
 -0.4738110E+00  0.4947557E+00 -0.8565438E-01  0.0000000E+00
 -0.2149517E+00  0.1927767E+00 -0.3320235E-01  0.0000000E+00
 -0.1693560E-01 -0.2199993E-01  0.3623666E-02  0.0000000E+00
  0.6799627E-01 -0.1146728E+00  0.1953089E-01  0.0000000E+00
 -0.5290881E+00 -0.2679655E-01  0.9628694E-03  0.0000000E+00
  0.6954920E+00 -0.2442911E+00 -0.1715161E-02  0.0000000E+00
  0.2876553E+00  0.4740094E+00 -0.3911611E-01  0.0000000E+00
 -0.2335851E+01 -0.6502860E+00  0.8598518E-01  0.0000000E+00
  0.4822558E+01  0.7192559E+00 -0.5163686E-02  0.0000000E+00
 -0.1908853E+01 -0.6766531E+00  0.5460485E-01  0.0000000E+00
  0.1067581E+01 -0.4365882E+00 -0.7585922E-01  0.0000000E+00
  0.4146791E+01 -0.4430440E+00 -0.4080089E+00  0.0000000E+00
  0.8747412E+00  0.3340929E+01  0.5765466E+00  0.0000000E+00
  0.3297407E+01 -0.7203429E+01  0.1175926E+01  0.0000000E+00
  0.4477942E+01 -0.2151337E+01 -0.2707113E+00  0.0000000E+00
  0.1745065E+01 -0.8258578E+00 -0.1096632E+00  0.0000000E+00
 -0.1729562E+00  0.9565994E-01  0.5648760E-02  0.0000000E+00
 -0.1001484E+01  0.4940530E+00  0.5537511E-01  0.0000000E+00
  0.8102914E+01 -0.2078457E+01 -0.1704594E+01  0.0000000E+00
 -0.8702276E-02  0.9875650E-01  0.7021967E+00  0.0000000E+00
 -0.1203130E+02 -0.3025836E+01 -0.5817561E+00  0.0000000E+00
 -0.1155162E+02  0.9493627E+01  0.1696358E+01  0.0000000E+00
 -0.8004157E+01  0.1140283E+01  0.7160717E+00  0.0000000E+00
 -0.2151202E+02 -0.5215747E+01  0.5947252E-01  0.0000000E+00
 -0.2055738E+00 -0.3130200E+01  0.7300629E+00  0.0000000E+00
 -0.4094972E+01 -0.4223860E+01  0.8290016E+00  0.0000000E+00
  0.6944462E+01 -0.6858406E+01  0.9207457E+00  0.0000000E+00
  0.7866148E+01 -0.6313631E+01  0.1825609E+00  0.0000000E+00
  0.1364618E+02 -0.6949089E+00  0.1239360E+01  0.0000000E+00
  0.1331012E+02 -0.8653275E+00  0.1116148E+01  0.0000000E+00
  0.1306715E+02 -0.9907987E+00  0.1028383E+01  0.0000000E+00
  0.1296246E+02 -0.1044782E+01  0.9905194E+00  0.0000000E+00
  0.7798787E+01 -0.3660689E+01 -0.2227736E+01  0.0000000E+00
  0.1304826E+02  0.1190229E+02  0.1190147E+01  0.0000000E+00
 -0.2640073E+02 -0.1548805E+02 -0.1890413E+01  0.0000000E+00
  0.5428458E+01  0.3754686E+02  0.1629784E+01  0.0000000E+00
  0.1184284E+02  0.5215822E+01  0.8690959E+00  0.0000000E+00
 -0.2057264E+02 -0.1194466E+01  0.2321427E+00  0.0000000E+00
 -0.1242123E+00  0.2488550E+01  0.5847152E+00  0.0000000E+00
 -0.5216848E+01 -0.2475073E+01  0.7590608E+00  0.0000000E+00
 -0.8894116E+01  0.1083626E+02  0.8892484E+00  0.0000000E+00
 -0.5815532E+01  0.5583061E+01 -0.4535221E+00  0.0000000E+00
  0.1035797E+01  0.3712406E+01 -0.5426765E+00  0.0000000E+00
  0.1245953E+01  0.4044756E+01 -0.5234164E+00  0.0000000E+00
  0.1386354E+01  0.4279687E+01 -0.5099880E+00  0.0000000E+00
  0.1447265E+01  0.4381108E+01 -0.5041839E+00  0.0000000E+00
  0.3979521E+01  0.3887336E+01  0.4550820E+00  0.0000000E+00
 -0.5118961E+01 -0.5971856E+01  0.6368544E+00  0.0000000E+00
  0.7391532E+01  0.7044992E+01 -0.1152258E+01  0.0000000E+00
 -0.1588186E+02 -0.1725294E+02  0.1133339E+01  0.0000000E+00
  0.1678823E+01  0.3255680E+01  0.2851863E+00  0.0000000E+00
 -0.1693820E+01  0.1599957E+00  0.5572735E+00  0.0000000E+00
  0.7175716E+01  0.8411106E+00  0.8865942E+00  0.0000000E+00
  0.1217485E+02  0.4237270E+01  0.4470898E+00  0.0000000E+00
  0.4981596E+01  0.1626987E+01 -0.2009367E+00  0.0000000E+00
  0.7124343E+01  0.1736882E+01 -0.5396794E+00  0.0000000E+00
 -0.6426288E+01  0.7632720E+01  0.5647023E+00  0.0000000E+00
 -0.5953122E+01  0.6452177E+01  0.4078313E+00  0.0000000E+00
 -0.5601867E+01  0.5616515E+01  0.2963052E+00  0.0000000E+00
 -0.5450847E+01  0.5255799E+01  0.2481823E+00  0.0000000E+00
  0.3340729E+00 -0.1744831E-02  0.9724857E-02  0.0000000E+00
 -0.1206859E+01  0.1976738E+00 -0.2763463E-01  0.0000000E+00
  0.2674178E+01 -0.3863356E+00  0.4021825E-01  0.0000000E+00
 -0.5536226E+01  0.5963043E+00 -0.5014458E-01  0.0000000E+00
 -0.3553207E+01 -0.5632356E+00  0.2147516E-01  0.0000000E+00
  0.1293322E+01 -0.4574418E+00 -0.4067556E-02  0.0000000E+00
 -0.6377722E+01 -0.1383031E+01 -0.1110616E+00  0.0000000E+00
 -0.4211984E+01  0.7761602E+00 -0.1546240E+00  0.0000000E+00
 -0.1087685E+02  0.2415609E+01  0.3237651E+00  0.0000000E+00
 -0.5266135E+01 -0.1421764E+01 -0.2275815E+00  0.0000000E+00
 -0.9118295E+00  0.8508621E+00 -0.1874490E-01  0.0000000E+00
 -0.3420083E+00  0.3338716E+00 -0.9902701E-02  0.0000000E+00
  0.5295789E-01 -0.3162728E-01 -0.3940602E-02  0.0000000E+00
  0.2237544E+00 -0.1894133E+00 -0.1356141E-02  0.0000000E+00
 -0.5439582E+00  0.1065815E+00 -0.9094832E-02  0.0000000E+00
  0.1298481E+01 -0.1422657E+00 -0.3479033E-02  0.0000000E+00
  0.1190944E+00  0.2716685E+00  0.6144903E-02  0.0000000E+00
 -0.3093649E+01 -0.5209174E+00 -0.4914286E-01  0.0000000E+00
 -0.2697463E+01  0.1035316E+01 -0.2918823E-01  0.0000000E+00
 -0.5659385E+01 -0.7501788E+00  0.4838945E-01  0.0000000E+00
 -0.7370330E+00 -0.1705369E+01  0.1332378E+00  0.0000000E+00
 -0.2077463E+00  0.2226970E+01  0.9674388E+00  0.0000000E+00
 -0.4173491E+01  0.6894256E+00  0.1504213E+00  0.0000000E+00
  0.6091582E+01 -0.1295042E+01 -0.8413570E+00  0.0000000E+00
  0.4358863E+00  0.5744233E+00 -0.6503809E-01  0.0000000E+00
  0.1513058E+00  0.2289832E+00 -0.1941686E-01  0.0000000E+00
 -0.4073265E-01 -0.1679269E-01  0.1167463E-01  0.0000000E+00
 -0.1239727E+00 -0.1228362E+00  0.2513952E-01  0.0000000E+00
  0.6217637E+00  0.1193470E+00  0.7354161E-02  0.0000000E+00
 -0.1055115E+01 -0.1652502E+00  0.6099251E-02  0.0000000E+00
 -0.1191375E+01  0.4432441E+00 -0.9316626E-02  0.0000000E+00
  0.6781388E+01 -0.6769921E+00  0.1004188E-01  0.0000000E+00
 -0.4971324E+01  0.1296774E+01  0.1613476E-01  0.0000000E+00
  0.6887461E+01 -0.2022739E+01  0.3161449E-01  0.0000000E+00
 -0.1868067E+01 -0.4248615E-01 -0.3049902E+00  0.0000000E+00
 -0.3045436E+01 -0.2604329E+01 -0.3556699E+00  0.0000000E+00
 -0.2549922E+01 -0.8478744E+00  0.2403707E+00  0.0000000E+00
 -0.2951487E+01 -0.1817945E+00  0.1388555E+00  0.0000000E+00
 -0.1301526E+00 -0.1279127E+01  0.2069884E+00  0.0000000E+00
 -0.4375715E-01 -0.5000588E+00  0.7711199E-01  0.0000000E+00
  0.1375668E-01  0.4836582E-01 -0.1428904E-01  0.0000000E+00
  0.3871629E-01  0.2852072E+00 -0.5376214E-01  0.0000000E+00
  0.3187173E+00 -0.7626650E-02  0.1603540E-01  0.0000000E+00
 -0.1617938E+01 -0.2808524E+00 -0.1590562E-01  0.0000000E+00
  0.2833610E+00  0.3787466E+00  0.3368397E-01  0.0000000E+00
  0.3825505E+01 -0.7451987E+00  0.2294874E-02  0.0000000E+00
  0.2457567E+00  0.1296447E+01 -0.7473792E-02  0.0000000E+00
 -0.2130496E+01 -0.1864499E+01 -0.9716256E-01  0.0000000E+00
 -0.4470466E+01  0.1590656E+01 -0.2861510E+00  0.0000000E+00
 -0.2709802E+01  0.2333612E-01 -0.5220444E+00  0.0000000E+00
 -0.6486149E+01  0.4383960E+01  0.2011646E+00  0.0000000E+00
  0.5481095E+01 -0.2067296E+01 -0.5302226E+00  0.0000000E+00
  0.3426594E+01 -0.7841222E+00 -0.2584957E+00  0.0000000E+00
  0.1322491E+01 -0.2975205E+00 -0.9721416E-01  0.0000000E+00
 -0.1507686E+00  0.4204229E-01  0.1576429E-01  0.0000000E+00
 -0.7873008E+00  0.1887955E+00  0.6457539E-01  0.0000000E+00
 -0.7793444E+00 -0.3123479E-01  0.1593748E-01  0.0000000E+00
  0.7728768E+00  0.3956750E-01 -0.2967440E-01  0.0000000E+00
  0.8557672E+00 -0.3312757E+00  0.2711106E-01  0.0000000E+00
 -0.4047775E+01  0.3916403E+00 -0.6222067E-02  0.0000000E+00
  0.2276879E+01 -0.7727941E+00  0.6812786E-02  0.0000000E+00
 -0.2014216E+00  0.9613188E+00 -0.2252346E-01  0.0000000E+00
  0.4971542E+01  0.4463150E+00  0.8126305E-02  0.0000000E+00
 -0.1564888E+01  0.9678390E-01  0.3453915E+00  0.0000000E+00
  0.4683078E+01  0.5321748E+00  0.4664755E-02  0.0000000E+00
  0.9798504E+00 -0.1104889E+01  0.3302635E+00  0.0000000E+00
 -0.3943383E+01  0.4420413E+00  0.8842682E-01  0.0000000E+00
 -0.1542060E+01  0.1768555E+00  0.3543633E-01  0.0000000E+00
  0.1476829E+00 -0.1062479E-01 -0.1436966E-02  0.0000000E+00
  0.8774375E+00 -0.9156037E-01 -0.1737686E-01  0.0000000E+00
 -0.2240501E+00 -0.1068153E+00  0.1528313E-01  0.0000000E+00
  0.9391065E+00  0.1676371E+00 -0.1420423E-01  0.0000000E+00
 -0.1075608E+01 -0.1523985E+00 -0.1139012E-01  0.0000000E+00
  0.7456156E+00  0.2421944E+00 -0.1129784E-01  0.0000000E+00
 -0.2304214E+01 -0.1260364E+00 -0.3143042E-01  0.0000000E+00
  0.4226628E+01  0.1222359E+00  0.7918176E-01  0.0000000E+00
 -0.1847083E+01  0.1837039E+01  0.4454944E-01  0.0000000E+00
  0.4055290E+01 -0.1398427E+01 -0.6275602E+00  0.0000000E+00
 -0.2410447E+01  0.3519598E+00 -0.7440598E-01  0.0000000E+00
  0.3931726E+01  0.1732109E-01 -0.6618463E+00  0.0000000E+00
  0.1454584E+01  0.4975449E+00  0.8739380E-02  0.0000000E+00
  0.5488183E+00  0.2029353E+00  0.5818691E-02  0.0000000E+00
 -0.7991055E-01 -0.6417765E-02  0.2677636E-02  0.0000000E+00
 -0.3517627E+00 -0.9675482E-01  0.1361384E-02  0.0000000E+00
 -0.5194544E+01  0.2820806E+00  0.1313207E+01  0.0000000E+00
  0.1172404E+02 -0.5013399E+01 -0.5869220E+00  0.0000000E+00
 -0.1511067E+02  0.7066735E+00 -0.1519213E+01  0.0000000E+00
  0.2224512E+02  0.1835288E+02  0.7633696E+00  0.0000000E+00
  0.5418065E+01 -0.4008076E+01  0.1370415E+00  0.0000000E+00
 -0.1356154E+02 -0.2198921E+01  0.1202959E+00  0.0000000E+00
 -0.4055733E+01 -0.2466806E+01  0.6969338E-01  0.0000000E+00
 -0.5972614E+01 -0.7365681E+01 -0.1116862E+00  0.0000000E+00
 -0.6096123E+01 -0.2318809E+01  0.7477743E+00  0.0000000E+00
 -0.8595687E+01  0.2391131E+00  0.5311494E+00  0.0000000E+00
 -0.6015353E+01 -0.2598708E+01  0.1384964E+01  0.0000000E+00
 -0.6755092E+01 -0.1930686E+01  0.1291248E+01  0.0000000E+00
 -0.7273696E+01 -0.1460659E+01  0.1224143E+01  0.0000000E+00
 -0.7497741E+01 -0.1257664E+01  0.1195206E+01  0.0000000E+00
 -0.6251292E+01  0.1558163E+01  0.4968887E+00  0.0000000E+00
  0.9020905E+01 -0.1244859E+02 -0.6186471E+00  0.0000000E+00
 -0.1934864E+02  0.9846630E+01 -0.9330888E-01  0.0000000E+00
  0.1631644E+02  0.3264341E+01  0.2139316E+00  0.0000000E+00
  0.7000870E+01 -0.2220648E+01  0.5596788E+00  0.0000000E+00
 -0.1137236E+02 -0.3545624E+01  0.2683094E+00  0.0000000E+00
  0.5338613E+01  0.1187477E+01  0.2118768E+00  0.0000000E+00
  0.1469862E+00 -0.5017841E+01 -0.2206226E+00  0.0000000E+00
 -0.1213808E+01 -0.3055696E+00 -0.2562178E+00  0.0000000E+00
 -0.9070078E+01 -0.1401911E+01 -0.7945505E+00  0.0000000E+00
 -0.1421996E+02 -0.3240499E+01 -0.3424664E+00  0.0000000E+00
 -0.1497709E+02 -0.2743095E+01 -0.5507083E+00  0.0000000E+00
 -0.1550048E+02 -0.2393018E+01 -0.6973295E+00  0.0000000E+00
 -0.1572687E+02 -0.2241831E+01 -0.7606480E+00  0.0000000E+00
 -0.1900446E+01 -0.2406279E+01 -0.1308933E+01  0.0000000E+00
  0.3268862E+01  0.4384318E-01  0.9430660E+00  0.0000000E+00
  0.1657941E+01 -0.6830374E+01 -0.5457844E+00  0.0000000E+00
 -0.3698216E+01  0.4907417E+01 -0.9218859E-01  0.0000000E+00
 -0.2712480E+01  0.7219301E+01 -0.4026308E+00  0.0000000E+00
 -0.2262937E+01 -0.3951425E+00 -0.6013664E+00  0.0000000E+00
 -0.3130190E+01 -0.8121402E+00 -0.7979948E+00  0.0000000E+00
  0.2714362E+01 -0.3319860E+01  0.1203553E+00  0.0000000E+00
  0.1754550E+00 -0.1823286E+01  0.1969488E+00  0.0000000E+00
 -0.1350955E+02  0.4489397E+01 -0.5225135E+00  0.0000000E+00
  0.1934321E+01 -0.1668373E+01  0.1014743E+01  0.0000000E+00
  0.2360065E+00 -0.8789214E+00  0.9950221E+00  0.0000000E+00
 -0.9759499E+00 -0.3185055E+00  0.9790819E+00  0.0000000E+00
 -0.1498736E+01 -0.7665748E-01  0.9722741E+00  0.0000000E+00
  0.1347840E+00 -0.1566793E+00 -0.6429855E-02  0.0000000E+00
  0.6281589E+00  0.1644199E+00  0.1641936E-01  0.0000000E+00
 -0.2273843E+01 -0.4647753E+00 -0.1140093E-02  0.0000000E+00
  0.5027689E+01  0.5614884E+00  0.5115371E-01  0.0000000E+00
 -0.1576563E+01 -0.3233269E+00 -0.1312502E+00  0.0000000E+00
 -0.1595749E+01 -0.1736726E+01  0.2690158E+00  0.0000000E+00
  0.4623363E+01 -0.5132942E+00 -0.3259518E+00  0.0000000E+00
 -0.5355524E+01  0.1700280E+01 -0.2570337E+00  0.0000000E+00
  0.2586512E+01 -0.3613812E+01 -0.3151445E+00  0.0000000E+00
 -0.1835359E+01  0.4637964E+01 -0.1421745E+00  0.0000000E+00
 -0.2191311E+01  0.1450179E+00  0.2836568E+00  0.0000000E+00
 -0.8434456E+00  0.4096398E-01  0.1130699E+00  0.0000000E+00
  0.1020794E+00 -0.2464107E-01 -0.7307739E-02  0.0000000E+00
  0.5105346E+00 -0.5325661E-01 -0.5928287E-01  0.0000000E+00
  0.2991933E+00 -0.5986629E-01  0.1121472E-02  0.0000000E+00
 -0.1418900E+01  0.2275306E+00  0.9273078E-02  0.0000000E+00
  0.2524569E+01 -0.3797607E+00 -0.2557073E-01  0.0000000E+00
  0.2564093E+00  0.6198493E+00  0.5110598E-01  0.0000000E+00
  0.5047817E+00 -0.6411392E+00 -0.2161017E+00  0.0000000E+00
 -0.2653776E+01  0.5801210E+00  0.4163680E+00  0.0000000E+00
 -0.2292088E+01  0.4082734E+00  0.1547582E+00  0.0000000E+00
  0.1349044E+01  0.2424842E+00  0.1880080E+00  0.0000000E+00
 -0.5761037E+01 -0.1036134E+01  0.1885496E+00  0.0000000E+00
  0.3569126E+01  0.3094580E+01  0.3387797E+00  0.0000000E+00
  0.2220158E+01 -0.1246169E+01  0.3444750E+00  0.0000000E+00
  0.8604414E+00 -0.4912892E+00  0.1359982E+00  0.0000000E+00
 -0.9095830E-01  0.4289859E-01 -0.1033388E-01  0.0000000E+00
 -0.5020419E+00  0.2734895E+00 -0.7354426E-01  0.0000000E+00
  0.1973907E+00  0.9573605E-02  0.4116149E-03  0.0000000E+00
 -0.1634318E+01 -0.1075085E+00  0.2926952E-01  0.0000000E+00
  0.2392743E+01  0.2547563E+00 -0.2732276E-01  0.0000000E+00
 -0.3846231E+01 -0.5778364E+00 -0.1588274E-01  0.0000000E+00
  0.7085874E+00  0.1307556E+01  0.6207354E-01  0.0000000E+00
 -0.2225782E+00 -0.4615810E+00 -0.1642525E+00  0.0000000E+00
  0.1643801E+01 -0.1147213E+01  0.1996537E+00  0.0000000E+00
 -0.2424335E+01  0.2119749E+01 -0.2098886E+00  0.0000000E+00
  0.4950384E+01 -0.3283664E+01 -0.2301449E+00  0.0000000E+00
  0.4228505E+00  0.4175761E+00 -0.4170392E+00  0.0000000E+00
 -0.2001206E+01  0.1642761E+01  0.1841593E+00  0.0000000E+00
 -0.7887411E+00  0.6356707E+00  0.7423689E-01  0.0000000E+00
  0.6417151E-01 -0.7181413E-01 -0.3932775E-02  0.0000000E+00
  0.4325316E+00 -0.3774014E+00 -0.3766163E-01  0.0000000E+00
 -0.2011732E+00  0.9841010E-01 -0.7398885E-02  0.0000000E+00
  0.1410322E+01 -0.6600209E-01  0.3191079E-01  0.0000000E+00
 -0.3329542E+01  0.2755626E+00 -0.2072944E-01  0.0000000E+00
  0.4047962E+00 -0.2474770E+00 -0.8154777E-02  0.0000000E+00
  0.1491582E+01 -0.7302777E-01  0.4254670E-01  0.0000000E+00
 -0.2294292E+01  0.4002564E+00 -0.2486421E+00  0.0000000E+00
 -0.5145382E+00 -0.1735960E+01 -0.3941327E+00  0.0000000E+00
 -0.1044146E+01  0.1490661E+01 -0.1089995E+00  0.0000000E+00
 -0.4238378E+00 -0.2395022E+00 -0.3650167E+00  0.0000000E+00
  0.9468078E+01 -0.1862880E+01  0.4198489E+00  0.0000000E+00
  0.1492611E+01 -0.4406849E-01  0.1012990E+00  0.0000000E+00
  0.5603397E+00 -0.1084971E-01  0.4077289E-01  0.0000000E+00
 -0.8517058E-01  0.1033476E-01 -0.1052241E-02  0.0000000E+00
 -0.3643362E+00  0.1956462E-01 -0.1914381E-01  0.0000000E+00
  0.3817529E-01  0.5425415E-01  0.9899432E-02  0.0000000E+00
  0.1208600E+01 -0.4002507E-01 -0.3042551E-01  0.0000000E+00
 -0.4672387E+00 -0.3801880E-01  0.3514468E-01  0.0000000E+00
 -0.1222244E+01  0.2968656E+00 -0.2840996E-01  0.0000000E+00
 -0.1299574E+01 -0.4473454E+00 -0.5769981E-02  0.0000000E+00
  0.3374061E+00  0.2487884E+00 -0.3818791E-01  0.0000000E+00
 -0.2293318E+01 -0.1043350E+01  0.6662505E-01  0.0000000E+00
  0.2337120E+01  0.2297803E+01 -0.1421685E+00  0.0000000E+00
 -0.3865998E+00 -0.1831148E+01  0.4180045E+00  0.0000000E+00
  0.3418473E+01  0.8674556E+00 -0.6404952E+00  0.0000000E+00
  0.1604468E+01 -0.2177090E-01 -0.2226578E+00  0.0000000E+00
  0.6111488E+00 -0.1077019E-01 -0.8555281E-01  0.0000000E+00
 -0.8227665E-01 -0.7733474E-03  0.9989565E-02  0.0000000E+00
 -0.3819540E+00  0.3459926E-02  0.5128634E-01  0.0000000E+00
 -0.1672096E+00  0.7878497E-01  0.4717629E-02  0.0000000E+00
  0.8927379E+00 -0.1430309E+00 -0.3172693E-02  0.0000000E+00
 -0.4561097E+00  0.1036270E-01 -0.1710019E-01  0.0000000E+00
  0.1572017E+01  0.4769988E-01  0.2376464E-01  0.0000000E+00
 -0.5034702E+01  0.7400288E+00 -0.2000991E-01  0.0000000E+00
  0.1845056E+01  0.6748304E-01  0.2062532E+00  0.0000000E+00
 -0.1057728E+01 -0.1313851E+00 -0.2870756E-01  0.0000000E+00
  0.1553432E+01 -0.1436831E+01  0.4897622E-01  0.0000000E+00
 -0.1707274E+00  0.5314541E-02  0.5656093E-03  0.0000000E+00
  0.6293563E+00 -0.2474001E+00 -0.1805932E-01  0.0000000E+00
 -0.2180257E-01 -0.3422893E+00  0.2398652E+00  0.0000000E+00
 -0.1965994E-01 -0.1336242E+00  0.9284264E-01  0.0000000E+00
 -0.1636173E-01  0.1300631E-01 -0.1069483E-01  0.0000000E+00
 -0.1500411E-01  0.7633942E-01 -0.5540679E-01  0.0000000E+00
  0.4533728E+01  0.1447798E+00 -0.1743064E+01  0.0000000E+00
  0.2709771E+01  0.1663164E+01 -0.6495794E-01  0.0000000E+00
 -0.1214032E+02 -0.6477451E+01  0.6010729E+00  0.0000000E+00
 -0.3653929E+01  0.2432943E+02  0.1464145E+01  0.0000000E+00
  0.9217677E+01 -0.1254934E+02  0.3274792E+00  0.0000000E+00
  0.8282899E+00  0.6707121E+01 -0.2233963E+00  0.0000000E+00
  0.1017366E+01 -0.1770885E+01  0.5589070E+00  0.0000000E+00
 -0.2144464E+01  0.4009312E+01  0.2683352E+00  0.0000000E+00
 -0.2972878E+01 -0.1764845E+01  0.4060288E+00  0.0000000E+00
 -0.8772550E+01  0.7370563E+00  0.1367056E-02  0.0000000E+00
 -0.6965235E+01 -0.2640376E+01  0.7940189E+00  0.0000000E+00
 -0.6637925E+01 -0.2513435E+01  0.8286669E+00  0.0000000E+00
 -0.6409641E+01 -0.2419543E+01  0.8520349E+00  0.0000000E+00
 -0.6310977E+01 -0.2379163E+01  0.8621643E+00  0.0000000E+00
  0.5846929E+01  0.1176472E+01 -0.2316387E+01  0.0000000E+00
  0.3515514E+01 -0.1766351E+01 -0.3528386E-01  0.0000000E+00
 -0.1180576E+02 -0.2775424E+01  0.3096739E+00  0.0000000E+00
 -0.1431798E+02  0.2146556E+02  0.1941605E+01  0.0000000E+00
  0.7852910E+01 -0.1929654E+02 -0.1350401E+00  0.0000000E+00
  0.6708261E+00  0.7412506E+01  0.2967029E+00  0.0000000E+00
  0.1770564E+01 -0.5309128E+01  0.2986964E+00  0.0000000E+00
 -0.3949067E+01  0.5566974E+01  0.6346440E-01  0.0000000E+00
  0.3022604E+01 -0.3426805E+01 -0.2317068E+00  0.0000000E+00
 -0.2514189E+01 -0.3540238E-02 -0.5946289E-01  0.0000000E+00
 -0.7087175E+01 -0.3916649E+01  0.2229333E+00  0.0000000E+00
 -0.6053995E+01 -0.3967747E+01  0.2486129E+00  0.0000000E+00
 -0.5324042E+01 -0.3999463E+01  0.2663868E+00  0.0000000E+00
 -0.5008903E+01 -0.4013316E+01  0.2740738E+00  0.0000000E+00
 -0.7090555E+00  0.3466300E+01  0.5635385E+00  0.0000000E+00
 -0.2180109E+01 -0.3415346E+01 -0.2176732E+00  0.0000000E+00
 -0.1404222E+01  0.6923767E+01 -0.7658268E+00  0.0000000E+00
 -0.1415593E+01 -0.5800389E+01  0.8179925E+00  0.0000000E+00
  0.9843320E+01  0.1709018E+01  0.1451140E+00  0.0000000E+00
 -0.4375274E+01  0.2258053E+01 -0.2724164E+00  0.0000000E+00
 -0.3057146E+00  0.2069597E+01  0.5721463E+00  0.0000000E+00
 -0.5680551E-01 -0.7784577E+00  0.4121280E+00  0.0000000E+00
 -0.3007248E+01  0.7309884E-01  0.6800848E-01  0.0000000E+00
 -0.2182873E+01 -0.1271463E+01 -0.3003023E+00  0.0000000E+00
 -0.7164920E+01  0.2882614E+01  0.2914619E+00  0.0000000E+00
 -0.6540451E+01  0.2710775E+01  0.3744799E+00  0.0000000E+00
 -0.6095062E+01  0.2585210E+01  0.4318258E+00  0.0000000E+00
 -0.5902932E+01  0.2531154E+01  0.4566316E+00  0.0000000E+00
  0.2783776E+00  0.1446828E+00  0.1528356E-01  0.0000000E+00
  0.4892748E+00 -0.2874352E+00 -0.1350678E-01  0.0000000E+00
  0.5672574E+00  0.6087699E+00  0.1342106E-01  0.0000000E+00
 -0.1750603E+01 -0.9723324E+00 -0.2400833E-01  0.0000000E+00
  0.3490729E+00  0.1219212E+01  0.1629757E-01  0.0000000E+00
  0.7626973E+00 -0.1631855E+01  0.8173327E-01  0.0000000E+00
  0.9527981E+00  0.5953753E+00 -0.3710609E+00  0.0000000E+00
  0.7692469E+00  0.1995571E+01  0.4205442E-02  0.0000000E+00
  0.4103301E+01  0.5389965E+00 -0.2471346E+00  0.0000000E+00
  0.1101735E+01 -0.1901782E+00 -0.2899275E+00  0.0000000E+00
  0.1034676E+01 -0.9465741E+00  0.3603172E+00  0.0000000E+00
  0.4107496E+00 -0.3724586E+00  0.1388194E+00  0.0000000E+00
 -0.2909689E-01  0.3144636E-01 -0.1735565E-01  0.0000000E+00
 -0.2190234E+00  0.2058849E+00 -0.8479187E-01  0.0000000E+00
  0.1232473E+00 -0.4643438E-01 -0.3555527E-02  0.0000000E+00
  0.6042308E+00  0.2318084E+00 -0.9543042E-02  0.0000000E+00
 -0.9956398E+00 -0.4689893E+00  0.7466317E-02  0.0000000E+00
  0.1042057E+01  0.7589866E+00 -0.2750719E-01  0.0000000E+00
  0.1646560E+01 -0.1157004E+01  0.4804583E-01  0.0000000E+00
 -0.1268657E+00  0.1646387E+01 -0.1064804E+00  0.0000000E+00
 -0.1604016E+01  0.7873977E+00  0.2147026E+00  0.0000000E+00
  0.1238096E+01  0.7398206E+00 -0.2254062E+00  0.0000000E+00
 -0.2455433E+01 -0.9721398E+00  0.2166548E+00  0.0000000E+00
  0.1053097E+01  0.3427861E+01 -0.5334738E+00  0.0000000E+00
  0.4109855E+00 -0.6915577E+00  0.1382891E+00  0.0000000E+00
  0.1560335E+00 -0.2787644E+00  0.5548035E-01  0.0000000E+00
 -0.2081623E-01  0.1632566E-01 -0.3707488E-02  0.0000000E+00
 -0.9728793E-01  0.1435962E+00 -0.2923504E-01  0.0000000E+00
 -0.3985494E+00 -0.2281004E-01  0.4663918E-02  0.0000000E+00
 -0.1246092E+01  0.1037601E+00  0.2342024E-01  0.0000000E+00
  0.2220115E+01 -0.3524251E+00 -0.2748750E-01  0.0000000E+00
 -0.1899971E+01  0.3763369E+00  0.2729055E-01  0.0000000E+00
 -0.6643662E+00 -0.3637754E+00 -0.2931816E-01  0.0000000E+00
 -0.8513432E+00  0.1372439E+01  0.9455906E-02  0.0000000E+00
  0.2125533E+01  0.5754109E+00  0.1459954E-01  0.0000000E+00
  0.1532793E+00  0.1405471E+01  0.2008417E+00  0.0000000E+00
  0.2548721E+01  0.2555637E+00  0.1349896E+00  0.0000000E+00
  0.6081812E+00 -0.1016584E+01 -0.9421103E-01  0.0000000E+00
  0.2166651E+00 -0.5384283E+00  0.6832396E-01  0.0000000E+00
  0.8520436E-01 -0.2141848E+00  0.2888426E-01  0.0000000E+00
 -0.7424983E-02  0.1417594E-01  0.1100800E-02  0.0000000E+00
 -0.4742394E-01  0.1127905E+00 -0.1089704E-01  0.0000000E+00
 -0.7443219E-02 -0.8581544E-01 -0.6531342E-02  0.0000000E+00
 -0.1324147E+01  0.2335938E+00 -0.5314282E-02  0.0000000E+00
  0.2839350E+01 -0.2045428E+00  0.5013605E-01  0.0000000E+00
 -0.2294675E+01  0.3102797E+00 -0.5550432E-01  0.0000000E+00
 -0.2196835E+01 -0.1156422E+01  0.1032593E+00  0.0000000E+00
  0.8962482E+00  0.6250971E+00 -0.1875019E+00  0.0000000E+00
 -0.3195884E+00  0.1113648E+01 -0.9089705E-01  0.0000000E+00
  0.1041563E+01 -0.1391931E+01 -0.2761483E+00  0.0000000E+00
  0.2459483E+01 -0.4212035E+00  0.2601391E+00  0.0000000E+00
  0.2087183E+01  0.1439521E+01  0.1126875E+00  0.0000000E+00
  0.2248074E-01 -0.4490729E+00  0.7283417E-01  0.0000000E+00
  0.2537775E-02 -0.1777544E+00  0.2901580E-01  0.0000000E+00
 -0.9151252E-02  0.1450262E-01 -0.1828950E-02  0.0000000E+00
 -0.1428588E-01  0.9748405E-01 -0.1514946E-01  0.0000000E+00
  0.6884154E+00 -0.2481705E-01 -0.9261867E-02  0.0000000E+00
  0.3826460E+00 -0.8166769E-01 -0.9586430E-02  0.0000000E+00
 -0.1533522E+01  0.7359799E-01  0.1086508E-01  0.0000000E+00
  0.1649989E+01 -0.2011507E-01  0.1858171E-01  0.0000000E+00
 -0.3248738E+01 -0.3381333E+00 -0.8075944E-02  0.0000000E+00
 -0.2298303E+00 -0.1437661E+00 -0.1309134E-01  0.0000000E+00
 -0.1416046E+00  0.4322537E+00 -0.2088920E+00  0.0000000E+00
 -0.1086372E+01 -0.7530609E+00  0.4842598E+00  0.0000000E+00
 -0.1575465E+01  0.6512381E+00 -0.1786594E+00  0.0000000E+00
  0.1173636E+01 -0.1552823E+01  0.1519844E+00  0.0000000E+00
 -0.9529475E-01 -0.2034160E+00 -0.2060057E+00  0.0000000E+00
 -0.4400177E-01 -0.7404749E-01 -0.7963524E-01  0.0000000E+00
 -0.6284472E-02  0.1401553E-01  0.9474045E-02  0.0000000E+00
  0.9944505E-02  0.5215794E-01  0.4795105E-01  0.0000000E+00
  0.5205989E+00 -0.3899825E-01  0.1111635E-01  0.0000000E+00
 -0.1064893E+01  0.7862844E-01 -0.1455029E-02  0.0000000E+00
  0.4299956E+00 -0.3038003E+00 -0.1866787E-01  0.0000000E+00
 -0.1601634E+01  0.6546429E+00  0.1475424E-01  0.0000000E+00
  0.3222038E+01 -0.9645018E+00 -0.7413477E-03  0.0000000E+00
 -0.6846883E-01  0.9383931E+00  0.8439280E-01  0.0000000E+00
 -0.9654565E+00 -0.4320808E+00  0.2832108E+00  0.0000000E+00
  0.1103447E+01 -0.3197027E+00  0.4904929E+00  0.0000000E+00
  0.5788633E+00  0.8714997E+00  0.1344576E+00  0.0000000E+00
  0.5637733E+00 -0.2705060E+01 -0.1601059E+00  0.0000000E+00
 -0.4892516E+00 -0.5995730E+00  0.1241826E+00  0.0000000E+00
 -0.1944874E+00 -0.2252216E+00  0.4713059E-01  0.0000000E+00
  0.1362861E-01  0.3471755E-01 -0.7468763E-02  0.0000000E+00
  0.1034825E+00  0.1471069E+00 -0.3103458E-01  0.0000000E+00
 -0.3290584E-01  0.4686204E+01  0.6763634E+00  0.0000000E+00
  0.3334496E+01 -0.4213463E+01 -0.5821725E+00  0.0000000E+00
  0.5871552E+01  0.2956934E+01  0.2092641E+00  0.0000000E+00
  0.1273026E+02 -0.1069520E+02  0.1804107E+00  0.0000000E+00
 -0.1825697E+02 -0.5041721E+01  0.5987653E+00  0.0000000E+00
  0.5613561E+01  0.4295609E+01 -0.1569473E-01  0.0000000E+00
 -0.2843896E+01 -0.2355708E+01  0.3510188E+00  0.0000000E+00
  0.3264393E+00 -0.1189494E+01 -0.2527371E+00  0.0000000E+00
 -0.6926451E+00 -0.2063855E+00  0.3052420E+00  0.0000000E+00
 -0.2662972E+01 -0.1872315E+01  0.9769315E-01  0.0000000E+00
  0.6609461E+01  0.4112224E+01  0.3492067E+00  0.0000000E+00
  0.6413004E+01  0.4056181E+01  0.3992789E+00  0.0000000E+00
  0.6262512E+01  0.4008058E+01  0.4341387E+00  0.0000000E+00
  0.6197972E+01  0.3987597E+01  0.4492076E+00  0.0000000E+00
  0.7122677E+00  0.6919358E+01  0.8237870E+00  0.0000000E+00
  0.6630825E+00 -0.8893092E+01 -0.8376847E+00  0.0000000E+00
  0.6277386E+01  0.5827871E+01  0.6480650E+00  0.0000000E+00
  0.1217517E+02 -0.8746318E+01 -0.4809073E+00  0.0000000E+00
 -0.1528362E+02 -0.7518103E+01  0.5991701E+00  0.0000000E+00
  0.4801020E+01  0.6907940E+01 -0.2848495E+00  0.0000000E+00
 -0.4524696E+01 -0.1905063E+01 -0.2386293E+00  0.0000000E+00
  0.3008924E+01  0.2926820E+01 -0.4141851E-01  0.0000000E+00
  0.7463963E+00  0.1115177E+01 -0.6294584E-01  0.0000000E+00
  0.2195618E+01 -0.7469343E+00 -0.1783358E+00  0.0000000E+00
  0.3130877E+01  0.5072233E+01  0.4474445E+00  0.0000000E+00
  0.2233933E+01  0.4881101E+01  0.5103265E+00  0.0000000E+00
  0.1602888E+01  0.4739232E+01  0.5538343E+00  0.0000000E+00
  0.1330353E+01  0.4678236E+01  0.5726514E+00  0.0000000E+00
 -0.7677831E+00  0.1204249E+01 -0.1951338E+00  0.0000000E+00
  0.4102924E+01 -0.2411975E+00 -0.4002846E-01  0.0000000E+00
 -0.2109364E+01 -0.1733932E+01  0.2890241E-01  0.0000000E+00
  0.4193925E+01  0.7462562E+01  0.6430896E+00  0.0000000E+00
  0.1637071E+01 -0.2584051E+01 -0.1175039E+01  0.0000000E+00
 -0.1453366E+01 -0.2875291E+00  0.3715469E+00  0.0000000E+00
  0.1432651E+01 -0.5365059E+00 -0.3076178E-01  0.0000000E+00
 -0.5283153E+01  0.9461383E+00 -0.1776507E+00  0.0000000E+00
 -0.5822395E+00 -0.2216858E-01  0.1525631E+00  0.0000000E+00
 -0.3720736E+01 -0.1443004E+01  0.7817066E-01  0.0000000E+00
 -0.8356445E+01 -0.3152935E+01 -0.1105325E+01  0.0000000E+00
 -0.7838002E+01 -0.3025735E+01 -0.1020723E+01  0.0000000E+00
 -0.7469651E+01 -0.2935454E+01 -0.9600357E+00  0.0000000E+00
 -0.7310699E+01 -0.2896492E+01 -0.9338690E+00  0.0000000E+00
 -0.3827942E+00  0.1099901E+00  0.3449377E-02  0.0000000E+00
  0.1380156E+01 -0.2280727E+00  0.8262015E-02  0.0000000E+00
 -0.2226319E+01  0.3614498E+00 -0.2881194E-01  0.0000000E+00
  0.1623323E+01 -0.5348165E+00  0.6232941E-01  0.0000000E+00
  0.3937839E+01  0.5779580E+00 -0.6802240E-01  0.0000000E+00
 -0.2788794E+01  0.1803140E+00  0.2132168E+00  0.0000000E+00
 -0.1135489E+01 -0.3297256E+00 -0.1815151E+00  0.0000000E+00
  0.1550124E+01  0.5996648E+00  0.1767423E-02  0.0000000E+00
 -0.3539766E+01 -0.5423571E+00 -0.2625601E+00  0.0000000E+00
  0.4811272E+01  0.3790318E+00  0.1930882E+00  0.0000000E+00
  0.1439457E+01  0.7457663E+00  0.6426408E-01  0.0000000E+00
  0.5466896E+00  0.2876304E+00  0.2643501E-01  0.0000000E+00
 -0.7486237E-01 -0.3254122E-01  0.1170347E-03  0.0000000E+00
 -0.3435404E+00 -0.1708972E+00 -0.1126015E-01  0.0000000E+00
  0.2912334E+00  0.6668858E-01  0.2935323E-02  0.0000000E+00
 -0.5809375E+00  0.8199192E-01 -0.1526973E-01  0.0000000E+00
  0.1296970E+01 -0.7243378E-01  0.6761474E-02  0.0000000E+00
  0.4059912E+00  0.4280806E+00 -0.4420266E-02  0.0000000E+00
 -0.1512225E+01 -0.4924387E+00 -0.4812774E-01  0.0000000E+00
 -0.2855970E+01 -0.3049941E+00  0.5690876E-01  0.0000000E+00
 -0.1305648E+01 -0.6732355E+00  0.3113046E+00  0.0000000E+00
 -0.1447020E+01  0.7277527E+00  0.1551906E+00  0.0000000E+00
  0.3987143E+00  0.3844450E+00 -0.2525188E+00  0.0000000E+00
 -0.4811869E+00 -0.3190090E+01  0.2758748E+00  0.0000000E+00
 -0.2575754E+00  0.2749557E+01 -0.8413985E-01  0.0000000E+00
 -0.9639289E-01  0.1082505E+01 -0.3157872E-01  0.0000000E+00
  0.1544321E-01 -0.9455861E-01  0.5743044E-02  0.0000000E+00
  0.6380130E-01 -0.6027522E+00  0.2184889E-01  0.0000000E+00
 -0.2295937E+00  0.1027109E+00 -0.8005128E-02  0.0000000E+00
 -0.4425487E+00  0.1683969E+00  0.1243951E-01  0.0000000E+00
  0.5022271E+00 -0.3031989E+00 -0.1066754E-01  0.0000000E+00
 -0.1682060E+01  0.5347384E+00 -0.1641068E-01  0.0000000E+00
  0.5184537E+01 -0.5558678E+00 -0.4909273E-01  0.0000000E+00
 -0.1381425E+01 -0.9078114E+00  0.1171924E+00  0.0000000E+00
 -0.7685744E+00  0.1246083E+01 -0.9601329E-01  0.0000000E+00
 -0.2078098E+00 -0.2010966E+01 -0.2621767E+00  0.0000000E+00
 -0.2881367E+01  0.5272872E+00  0.1887053E+00  0.0000000E+00
  0.2938666E+00 -0.9085899E+00 -0.1225224E+00  0.0000000E+00
  0.2989037E+00 -0.1108787E+01 -0.5200456E-01  0.0000000E+00
  0.1190667E+00 -0.4297411E+00 -0.1964688E-01  0.0000000E+00
 -0.6907972E-02  0.4775806E-01  0.2807418E-02  0.0000000E+00
 -0.6133426E-01  0.2539885E+00  0.1251655E-01  0.0000000E+00
 -0.3692943E+00 -0.1084623E+00 -0.8512279E-02  0.0000000E+00
 -0.5452369E+00  0.1513724E+00  0.2760222E-01  0.0000000E+00
 -0.5988837E+00 -0.2491694E+00 -0.2242091E-01  0.0000000E+00
  0.6376215E+00  0.2632382E+00 -0.9799377E-02  0.0000000E+00
 -0.1307968E+01 -0.3685741E+00 -0.1076767E-01  0.0000000E+00
  0.3822974E+00  0.4698611E+00  0.4839999E-01  0.0000000E+00
  0.5634472E+00 -0.6107334E+00 -0.3769272E+00  0.0000000E+00
  0.2653436E+01 -0.8570097E-01  0.2287672E+00  0.0000000E+00
 -0.6830604E+00 -0.2250978E+01 -0.2794547E+00  0.0000000E+00
  0.2331091E+01  0.1086881E+01  0.3124458E+00  0.0000000E+00
  0.2029322E+01  0.2822746E+00 -0.1029364E+00  0.0000000E+00
  0.7818415E+00  0.1011834E+00 -0.4276514E-01  0.0000000E+00
 -0.9218596E-01 -0.2316368E-01 -0.1057291E-03  0.0000000E+00
 -0.4697952E+00 -0.7698075E-01  0.1830598E-01  0.0000000E+00
  0.7219667E+00 -0.7646812E-01 -0.2014672E-02  0.0000000E+00
 -0.1168924E+00 -0.1187714E+00 -0.2824975E-01  0.0000000E+00
  0.6934739E+00  0.9848372E-01  0.4063261E-01  0.0000000E+00
  0.9955576E-01  0.7386411E-01 -0.3014287E-01  0.0000000E+00
  0.2982892E+01 -0.6112402E+00  0.5264687E-01  0.0000000E+00
 -0.4828591E+00  0.8477376E-01 -0.1124522E+00  0.0000000E+00
  0.1441620E+01  0.9336992E+00  0.1370301E-01  0.0000000E+00
 -0.7480701E-01 -0.1011457E+01 -0.5047246E-01  0.0000000E+00
 -0.5688284E+00  0.4385454E+00  0.1108789E+00  0.0000000E+00
 -0.2979395E+01  0.2248643E+01 -0.4036528E+00  0.0000000E+00
 -0.1164044E+01 -0.1119867E+01 -0.1751547E+00  0.0000000E+00
 -0.4488949E+00 -0.4354480E+00 -0.6624396E-01  0.0000000E+00
  0.5118639E-01  0.4836527E-01  0.9925079E-02  0.0000000E+00
  0.2672739E+00  0.2572299E+00  0.4283770E-01  0.0000000E+00
  0.3536070E+00 -0.5602605E-01 -0.2528495E-02  0.0000000E+00
  0.3682708E+00 -0.1559498E-01  0.1588501E-01  0.0000000E+00
 -0.3754916E-01  0.9083520E-01 -0.1348140E-01  0.0000000E+00
  0.4547627E+00 -0.2017572E+00  0.4160011E-01  0.0000000E+00
  0.3320707E+00  0.9738868E-01 -0.8123439E-01  0.0000000E+00
 -0.9524722E-01  0.9360985E+00  0.6662741E-01  0.0000000E+00
  0.4896438E+00 -0.8260607E+00  0.1632585E+00  0.0000000E+00
  0.9690580E+00  0.1138870E+01 -0.4016849E-01  0.0000000E+00
 -0.1123349E+01 -0.1999867E+01  0.6079625E-01  0.0000000E+00
  0.2433508E+01  0.2234442E+01  0.2224211E+00  0.0000000E+00
  0.7955008E+00  0.3178819E+00  0.1225666E+00  0.0000000E+00
  0.3053498E+00  0.1207154E+00  0.4784574E-01  0.0000000E+00
 -0.3618989E-01 -0.1496578E-01 -0.4458309E-02  0.0000000E+00
 -0.1838162E+00 -0.7367600E-01 -0.2705716E-01  0.0000000E+00
