  1  2   882 12096  4  4  9 14  7  1    0.00   24.00  100.00 1000.00    0.00    6.28   45.00   45.00
  100.0  100.0  100.0  100.0  125.0  150.0  190.0  230.0  275.0  350.0  450.0  550.0  650.0  850.0 1000.0 1000.0 1000.0 1000.0
  0.1019875E+02  0.1244512E+00  0.2399699E-01  0.0000000E+00
  0.1041950E+02  0.1412519E+00  0.1150092E-01  0.0000000E+00
  0.1037037E+02  0.4289836E-01  0.3808268E-01  0.0000000E+00
  0.1040379E+02  0.1350528E+00  0.3615588E-01  0.0000000E+00
  0.1072169E+02  0.8957476E-01 -0.3468976E-02  0.0000000E+00
  0.1115756E+02  0.1872601E+00 -0.3185449E-01  0.0000000E+00
  0.1146216E+02  0.4140780E+00 -0.4165644E-01  0.0000000E+00
  0.1135092E+02  0.6405432E+00 -0.1582501E-01  0.0000000E+00
  0.1115780E+02  0.6603720E+00 -0.1043541E-01  0.0000000E+00
  0.1087748E+02  0.6410497E+00  0.6228323E-02  0.0000000E+00
  0.1084221E+02  0.5965475E+00  0.6372329E-02  0.0000000E+00
  0.1084948E+02  0.6035817E+00  0.6194834E-02  0.0000000E+00
  0.1085461E+02  0.6085770E+00  0.6069835E-02  0.0000000E+00
  0.1085682E+02  0.6107326E+00  0.6015855E-02  0.0000000E+00
 -0.7884257E+00  0.3717211E-01  0.1982218E-01  0.0000000E+00
 -0.6960871E+00  0.3535929E-01  0.2484776E-01  0.0000000E+00
 -0.8128012E+00  0.1350495E+00  0.5027894E-01  0.0000000E+00
 -0.9873715E+00  0.2047717E+00  0.5945381E-01  0.0000000E+00
 -0.9338530E+00  0.3803032E-01  0.2931754E-01  0.0000000E+00
 -0.6974903E+00 -0.1427184E+00 -0.2563452E-02  0.0000000E+00
 -0.3476679E+00 -0.1217681E+00 -0.2243678E-01  0.0000000E+00
 -0.2210078E+00 -0.3119756E-01 -0.2110354E-01  0.0000000E+00
 -0.1604037E+00  0.4571244E-01 -0.2606520E-01  0.0000000E+00
 -0.1466957E+00  0.6062527E-02 -0.1682519E-01  0.0000000E+00
 -0.1411117E+00  0.4863996E-02 -0.1589945E-01  0.0000000E+00
 -0.1420709E+00  0.5543628E-02 -0.1601427E-01  0.0000000E+00
 -0.1427534E+00  0.6023929E-02 -0.1609609E-01  0.0000000E+00
 -0.1430479E+00  0.6231281E-02 -0.1613139E-01  0.0000000E+00
  0.5566913E-02  0.2668679E-01  0.1547646E-01  0.0000000E+00
 -0.2754114E-01 -0.8694782E-02  0.6109772E-02  0.0000000E+00
 -0.1097837E-01  0.1465921E-01  0.2391895E-01  0.0000000E+00
  0.5218349E-02 -0.2752585E-01  0.1965437E-01  0.0000000E+00
 -0.5152705E-01  0.4890495E-01 -0.1381592E-01  0.0000000E+00
 -0.2031817E+00  0.1238025E-01 -0.2346852E-02  0.0000000E+00
 -0.2312421E+00  0.2672174E-01 -0.1525202E-01  0.0000000E+00
 -0.2725831E+00  0.2227846E-01 -0.8315772E-02  0.0000000E+00
 -0.2399166E+00 -0.3003311E-01 -0.8365260E-02  0.0000000E+00
 -0.1989606E+00 -0.4313664E-01 -0.6377526E-02  0.0000000E+00
 -0.1699035E+00 -0.3284834E-01 -0.1289131E-02  0.0000000E+00
 -0.1738294E+00 -0.3338985E-01 -0.1894651E-02  0.0000000E+00
 -0.1766202E+00 -0.3378176E-01 -0.2327438E-02  0.0000000E+00
 -0.1778244E+00 -0.3395061E-01 -0.2514098E-02  0.0000000E+00
  0.6246219E-01 -0.1575198E-03  0.7050377E-04  0.0000000E+00
  0.8602853E-01 -0.5450616E-03 -0.2639655E-03  0.0000000E+00
  0.5387632E-01  0.4396112E-03  0.1112640E-03  0.0000000E+00
  0.8516251E-01 -0.8268132E-03 -0.3390374E-03  0.0000000E+00
 -0.6711287E-01  0.1073876E-02  0.1462282E-03  0.0000000E+00
 -0.4120533E-01  0.1427482E-02  0.6821959E-03  0.0000000E+00
 -0.8046620E-02 -0.4340997E-02  0.2752818E-02  0.0000000E+00
  0.4716207E-01  0.2346402E-01  0.5061410E-02  0.0000000E+00
  0.2953830E-01  0.2683450E-01  0.2623876E-02  0.0000000E+00
  0.3031288E-01  0.7452102E-02  0.1680264E-02  0.0000000E+00
 -0.1511749E-02 -0.3095656E-02  0.1040921E-02  0.0000000E+00
 -0.5931164E-03 -0.1214778E-02  0.3992170E-03  0.0000000E+00
  0.8954585E-04  0.1154068E-03 -0.4980325E-04  0.0000000E+00
  0.3830307E-03  0.6896329E-03 -0.2438166E-03  0.0000000E+00
 -0.3424827E-01  0.3048423E-03  0.8940156E-04  0.0000000E+00
 -0.2837380E-01 -0.8129626E-03  0.7712890E-04  0.0000000E+00
 -0.4305227E-01  0.7022789E-03  0.1908011E-03  0.0000000E+00
  0.1123643E-02 -0.2354717E-02  0.2409998E-04  0.0000000E+00
 -0.6702994E-01  0.4894972E-02  0.1173777E-03  0.0000000E+00
 -0.9060115E-01 -0.1468169E-01 -0.8925146E-04  0.0000000E+00
 -0.5077655E-01 -0.1299422E-01 -0.5691038E-03  0.0000000E+00
 -0.2276208E-01  0.3717648E-02  0.6876476E-02  0.0000000E+00
 -0.1071847E-01  0.3379143E-02  0.2525974E-02  0.0000000E+00
 -0.2435368E-02 -0.7189918E-02  0.7283403E-02  0.0000000E+00
  0.7514337E-03 -0.1581392E-02  0.3654391E-04  0.0000000E+00
  0.3416453E-03 -0.5807712E-03 -0.9193683E-05  0.0000000E+00
  0.5096970E-04  0.1147293E-03 -0.3167862E-04  0.0000000E+00
 -0.7448001E-04  0.4154149E-03 -0.4174802E-04  0.0000000E+00
  0.4388049E-01 -0.1374556E-03 -0.5660311E-04  0.0000000E+00
  0.7269676E-01  0.1652800E-03 -0.1383625E-03  0.0000000E+00
  0.9387669E-01  0.4183482E-06  0.1656396E-03  0.0000000E+00
  0.1707890E+00  0.7291347E-03 -0.4409453E-03  0.0000000E+00
  0.9453829E-01 -0.2329476E-02  0.7872476E-03  0.0000000E+00
  0.6875711E-01  0.3886538E-02 -0.1998900E-02  0.0000000E+00
  0.3885626E-02  0.4415476E-03  0.4820660E-02  0.0000000E+00
  0.1199987E-01 -0.2713587E-02  0.1643065E-02  0.0000000E+00
 -0.3284177E-02 -0.5351191E-02 -0.3674394E-03  0.0000000E+00
  0.1431624E-01 -0.3318324E-02 -0.1118957E-02  0.0000000E+00
 -0.1145799E-03 -0.2589032E-04  0.4100827E-03  0.0000000E+00
 -0.1075371E-03  0.1297524E-04  0.1557892E-03  0.0000000E+00
 -0.8528335E-04  0.3583885E-04 -0.2380413E-04  0.0000000E+00
 -0.7631132E-04  0.4587894E-04 -0.1013419E-03  0.0000000E+00
 -0.1630815E-01 -0.5239983E-03  0.2238374E-03  0.0000000E+00
  0.1123817E-01  0.9890196E-03  0.5099756E-04  0.0000000E+00
 -0.2388105E-01 -0.2017853E-02  0.1550029E-03  0.0000000E+00
  0.2910843E-01  0.2522955E-02 -0.1404166E-04  0.0000000E+00
 -0.8788351E-02 -0.4523526E-02  0.1820149E-03  0.0000000E+00
  0.4670632E-01  0.1366987E-01 -0.4301435E-03  0.0000000E+00
  0.3738093E-01  0.8123632E-02  0.9794564E-03  0.0000000E+00
  0.3635682E-01 -0.7533322E-02  0.1585303E-02  0.0000000E+00
  0.2643647E-01 -0.1882402E-02  0.2566986E-02  0.0000000E+00
  0.4030922E-01 -0.8866341E-02 -0.1214655E-02  0.0000000E+00
  0.4400257E-03 -0.6209685E-03  0.8147341E-04  0.0000000E+00
  0.3222616E-04 -0.2038199E-03  0.5333785E-04  0.0000000E+00
 -0.2032624E-03  0.7762505E-04  0.3134877E-04  0.0000000E+00
 -0.3068660E-03  0.1996208E-03  0.2193364E-04  0.0000000E+00
 -0.3403862E-01 -0.1898131E-03 -0.2263308E-03  0.0000000E+00
 -0.3036121E-01 -0.8454817E-03  0.1628533E-03  0.0000000E+00
 -0.1330254E-01  0.1553210E-02 -0.1194813E-03  0.0000000E+00
  0.1284383E-01 -0.1407201E-02 -0.8829586E-04  0.0000000E+00
  0.6286240E-02  0.1620018E-02  0.1881282E-03  0.0000000E+00
 -0.1063885E-01 -0.4289018E-02 -0.2294858E-03  0.0000000E+00
 -0.6399662E-02 -0.2851783E-02 -0.4433445E-03  0.0000000E+00
 -0.5504583E-02 -0.3279372E-02 -0.1007137E-02  0.0000000E+00
 -0.6538591E-02 -0.1940338E-02  0.2868695E-05  0.0000000E+00
 -0.2175095E-03 -0.1354184E-02 -0.6665137E-03  0.0000000E+00
  0.1441341E-02 -0.4473288E-03 -0.1394703E-03  0.0000000E+00
  0.5083943E-03 -0.1590821E-03 -0.4938227E-04  0.0000000E+00
 -0.1477522E-03  0.4203226E-04  0.1279250E-04  0.0000000E+00
 -0.4311370E-03  0.1289515E-03  0.3968933E-04  0.0000000E+00
 -0.1000661E-01 -0.5377837E-03  0.5995159E-04  0.0000000E+00
  0.3611157E-01  0.4601863E-03 -0.7248737E-04  0.0000000E+00
 -0.1034771E-01  0.4725368E-04  0.2482303E-03  0.0000000E+00
  0.3033132E-01 -0.8340810E-03 -0.1766770E-03  0.0000000E+00
  0.6001502E-02  0.2549083E-02  0.4184890E-03  0.0000000E+00
  0.2792358E-01 -0.7265551E-02 -0.4946140E-03  0.0000000E+00
  0.1459346E-01 -0.1318332E-02  0.1534868E-02  0.0000000E+00
  0.4179205E-02  0.1081981E-02 -0.2160928E-02  0.0000000E+00
  0.1466061E-02  0.4508916E-03  0.3581988E-03  0.0000000E+00
  0.5871360E-02  0.1477965E-02  0.8599173E-03  0.0000000E+00
 -0.5605713E-03 -0.1312326E-02 -0.2254947E-03  0.0000000E+00
 -0.2911733E-03 -0.5003624E-03 -0.8373517E-04  0.0000000E+00
 -0.9392866E-04  0.7307172E-04  0.1653013E-04  0.0000000E+00
 -0.9027872E-05  0.3206454E-03  0.5981337E-04  0.0000000E+00
 -0.1949765E+00 -0.4727454E-01  0.1827826E-01  0.0000000E+00
 -0.1896044E+00 -0.2335681E-01  0.3010691E-02  0.0000000E+00
 -0.2149264E+00 -0.1421422E-01  0.1544183E-01  0.0000000E+00
 -0.2788730E+00 -0.4080839E-01 -0.6392035E-02  0.0000000E+00
 -0.1637020E+00  0.1939362E-02 -0.8784951E-02  0.0000000E+00
  0.1954976E-01  0.9220403E-01 -0.3662518E-02  0.0000000E+00
 -0.2912433E-01  0.1372929E+00  0.5179746E-02  0.0000000E+00
 -0.4973379E-01  0.8571829E-01  0.1701404E-01  0.0000000E+00
 -0.8442690E-01  0.5799718E-01  0.2229931E-01  0.0000000E+00
 -0.9395533E-01  0.1154637E-01  0.2697107E-01  0.0000000E+00
 -0.8527955E-01  0.1281340E-01  0.2571478E-01  0.0000000E+00
 -0.8563265E-01  0.1286234E-01  0.2633506E-01  0.0000000E+00
 -0.8589283E-01  0.1288808E-01  0.2677082E-01  0.0000000E+00
 -0.8600476E-01  0.1289952E-01  0.2695904E-01  0.0000000E+00
  0.7031341E-01 -0.3463670E-01  0.8952555E-02  0.0000000E+00
  0.4660780E-01 -0.4762184E-01  0.5763121E-02  0.0000000E+00
 -0.1557580E-01  0.2127422E-01  0.6412331E-02  0.0000000E+00
 -0.1522391E-01  0.4455987E-01 -0.4559509E-02  0.0000000E+00
 -0.1137920E+00  0.2917216E-01 -0.2737420E-03  0.0000000E+00
 -0.9904435E-01 -0.9085994E-02  0.4490228E-02  0.0000000E+00
 -0.1267983E+00 -0.3150834E-01 -0.3426398E-02  0.0000000E+00
 -0.1106893E+00 -0.3812931E-01 -0.4581206E-02  0.0000000E+00
 -0.1014977E+00 -0.8245695E-01 -0.1310155E-01  0.0000000E+00
 -0.7486165E-01 -0.3897549E-01  0.1005160E-01  0.0000000E+00
 -0.7738100E-01 -0.1510014E-01  0.2853217E-02  0.0000000E+00
 -0.7760180E-01 -0.1984655E-01  0.3391639E-02  0.0000000E+00
 -0.7775182E-01 -0.2320125E-01  0.3778772E-02  0.0000000E+00
 -0.7781681E-01 -0.2464952E-01  0.3945659E-02  0.0000000E+00
 -0.2226545E-01 -0.1254715E-01  0.6262941E-02  0.0000000E+00
 -0.4587710E-02 -0.1516944E-01  0.1092626E-01  0.0000000E+00
 -0.1240123E-02  0.1039835E-02  0.8732363E-02  0.0000000E+00
  0.5938035E-02  0.6912413E-02  0.6705543E-03  0.0000000E+00
 -0.7587367E-01 -0.2862384E-01  0.5585199E-02  0.0000000E+00
 -0.3198108E-01 -0.3160032E-01 -0.2178307E-02  0.0000000E+00
 -0.6377933E-02 -0.8282321E-01 -0.4360456E-02  0.0000000E+00
  0.8687073E-02 -0.6016569E-01 -0.3806251E-02  0.0000000E+00
 -0.3083330E-02 -0.5019499E-01 -0.1422100E-02  0.0000000E+00
  0.5023660E-02 -0.2835868E-01  0.1165316E-01  0.0000000E+00
 -0.3741502E-02 -0.2948964E-01  0.8067831E-02  0.0000000E+00
 -0.5448898E-02 -0.3032208E-01  0.8023752E-02  0.0000000E+00
 -0.6634987E-02 -0.3090543E-01  0.7996571E-02  0.0000000E+00
 -0.7147794E-02 -0.3115745E-01  0.7984692E-02  0.0000000E+00
  0.1331316E+00 -0.1790942E-03  0.7580285E-04  0.0000000E+00
  0.1481781E+00 -0.3404059E-03 -0.3139706E-03  0.0000000E+00
  0.1358285E+00 -0.5264173E-03  0.2007967E-03  0.0000000E+00
  0.1818779E+00  0.8600739E-03 -0.5173982E-03  0.0000000E+00
  0.1073448E+00 -0.3474756E-02  0.8928026E-03  0.0000000E+00
  0.8816772E-01  0.1222536E-01 -0.1810886E-02  0.0000000E+00
  0.5117080E-01  0.2075513E-01  0.1344574E-02  0.0000000E+00
  0.3945136E-01 -0.4607904E-02  0.8245167E-02  0.0000000E+00
  0.2860960E-01 -0.1795024E-01  0.1026197E-02  0.0000000E+00
  0.3874993E-01 -0.7204702E-02  0.1328991E-02  0.0000000E+00
 -0.2142092E-02  0.3538758E-02 -0.4122182E-03  0.0000000E+00
 -0.9093031E-03  0.1416801E-02 -0.1778071E-03  0.0000000E+00
  0.7269791E-05 -0.8392172E-04 -0.1119731E-04  0.0000000E+00
  0.4012981E-03 -0.7317644E-03  0.6069555E-04  0.0000000E+00
  0.2513937E-01 -0.1100503E-03  0.2717777E-03  0.0000000E+00
 -0.8352127E-02  0.5646277E-03 -0.1498007E-03  0.0000000E+00
  0.3303821E-01  0.1038397E-02  0.3706891E-03  0.0000000E+00
 -0.1371231E-01 -0.2426390E-02 -0.2807019E-03  0.0000000E+00
 -0.2402425E-01  0.5259637E-02  0.4776864E-03  0.0000000E+00
  0.3841220E-01 -0.2378350E-01 -0.7067901E-03  0.0000000E+00
  0.5716361E-01 -0.4290989E-01  0.5305885E-02  0.0000000E+00
  0.8671519E-01 -0.7037458E-02  0.2823347E-02  0.0000000E+00
  0.5840925E-01  0.5328637E-02  0.2464376E-02  0.0000000E+00
  0.5290379E-01  0.3425780E-01 -0.4278346E-02  0.0000000E+00
  0.1388546E-02 -0.6162226E-04 -0.1217208E-02  0.0000000E+00
  0.3846830E-03 -0.6882384E-04 -0.4620853E-03  0.0000000E+00
 -0.2536799E-03 -0.3194802E-04  0.6271549E-04  0.0000000E+00
 -0.5318863E-03 -0.1757173E-04  0.2896058E-03  0.0000000E+00
  0.1225134E-01  0.4004427E-03 -0.1130485E-03  0.0000000E+00
 -0.3921237E-01 -0.1173549E-02 -0.1015100E-03  0.0000000E+00
  0.5122352E-03  0.1483788E-02  0.1089548E-03  0.0000000E+00
  0.3246805E-01 -0.2868515E-02 -0.4338878E-03  0.0000000E+00
  0.6501524E-02  0.4449487E-02  0.3529312E-03  0.0000000E+00
 -0.2198505E-02 -0.1229717E-01  0.5690689E-04  0.0000000E+00
  0.3059581E-02  0.3727572E-03  0.4825789E-02  0.0000000E+00
 -0.1240342E-01  0.4544835E-02  0.2627951E-02  0.0000000E+00
 -0.3602792E-02  0.2118901E-02  0.3299066E-02  0.0000000E+00
  0.4118812E-02 -0.6138826E-02 -0.6231333E-03  0.0000000E+00
  0.8784939E-03  0.8236535E-03  0.1174591E-02  0.0000000E+00
  0.2658012E-03  0.3648066E-03  0.4779979E-03  0.0000000E+00
 -0.1591685E-03  0.3131695E-04 -0.1285674E-04  0.0000000E+00
 -0.3429297E-03 -0.1123142E-03 -0.2248184E-03  0.0000000E+00
  0.4274603E-01 -0.4001849E-04  0.1814583E-03  0.0000000E+00
 -0.2769298E-01  0.4225042E-03 -0.8290006E-04  0.0000000E+00
  0.4313780E-01 -0.9445952E-03  0.8166381E-04  0.0000000E+00
 -0.2901800E-01  0.2372023E-02 -0.1862512E-03  0.0000000E+00
  0.3292930E-01 -0.5544274E-02  0.1449125E-04  0.0000000E+00
  0.4820706E-01  0.1672967E-01 -0.1855749E-03  0.0000000E+00
  0.4131879E-01  0.5033433E-02 -0.2492655E-02  0.0000000E+00
  0.3506075E-01  0.1291092E-01  0.2178892E-02  0.0000000E+00
  0.1794679E-01  0.7044379E-02 -0.7586651E-03  0.0000000E+00
  0.5932266E-02  0.1104861E-01  0.1623103E-02  0.0000000E+00
  0.8164365E-03  0.1177937E-02  0.6058100E-03  0.0000000E+00
  0.3198923E-03  0.4313320E-03  0.2402510E-03  0.0000000E+00
 -0.2295241E-04 -0.7990360E-04 -0.1471200E-04  0.0000000E+00
 -0.1712596E-03 -0.3012147E-03 -0.1249077E-03  0.0000000E+00
 -0.8974855E-02  0.4480163E-03 -0.1737522E-03  0.0000000E+00
 -0.7055241E-01  0.4210832E-03 -0.7731413E-04  0.0000000E+00
 -0.8837063E-01  0.3187583E-04 -0.3012189E-04  0.0000000E+00
 -0.8248462E-01 -0.5072744E-03 -0.3452973E-03  0.0000000E+00
 -0.4863066E-01 -0.2806528E-03  0.3533232E-03  0.0000000E+00
 -0.6275409E-01 -0.2312721E-02 -0.7999137E-03  0.0000000E+00
 -0.5851604E-02 -0.2683526E-02 -0.1587635E-02  0.0000000E+00
 -0.6749686E-02  0.1815814E-02  0.7708618E-04  0.0000000E+00
 -0.1133092E-02  0.6782419E-02 -0.4062329E-03  0.0000000E+00
 -0.3149350E-02  0.1337128E-02  0.1802275E-02  0.0000000E+00
 -0.5483088E-03 -0.1046271E-02 -0.3067993E-03  0.0000000E+00
 -0.2465366E-03 -0.4435861E-03 -0.1139529E-03  0.0000000E+00
 -0.3767858E-04 -0.1749290E-04  0.2465223E-04  0.0000000E+00
  0.5265027E-04  0.1664511E-03  0.8440428E-04  0.0000000E+00
  0.2323803E-01  0.9475111E-04  0.1010552E-03  0.0000000E+00
 -0.2326728E-01  0.1807640E-03 -0.1013683E-03  0.0000000E+00
  0.1149493E-01  0.2751710E-03  0.2551829E-03  0.0000000E+00
 -0.2380607E-01 -0.7077566E-03 -0.3672998E-03  0.0000000E+00
  0.1284386E-01  0.3857018E-03  0.2565789E-03  0.0000000E+00
 -0.2762355E-01 -0.8545740E-03 -0.1331117E-03  0.0000000E+00
 -0.2120093E-01  0.2207636E-02  0.1947625E-02  0.0000000E+00
 -0.1804217E-01  0.5870660E-02 -0.4203406E-02  0.0000000E+00
 -0.1366443E-01 -0.5584582E-02  0.1010528E-02  0.0000000E+00
 -0.1834428E-01  0.1062245E-02 -0.1320437E-02  0.0000000E+00
 -0.1048711E-02  0.1394849E-02 -0.1757793E-03  0.0000000E+00
 -0.4230442E-03  0.5252612E-03 -0.6252135E-04  0.0000000E+00
 -0.7200980E-05 -0.8592142E-04  0.1474534E-04  0.0000000E+00
  0.1732938E-03 -0.3499009E-03  0.4820499E-04  0.0000000E+00
  0.9077541E-01  0.6316058E-01 -0.3798697E-02  0.0000000E+00
 -0.3083510E-02 -0.4150711E-01 -0.1940342E-02  0.0000000E+00
  0.4541069E-01  0.1310665E-01 -0.2347590E-01  0.0000000E+00
 -0.1547042E-01 -0.1116777E+00 -0.9127095E-02  0.0000000E+00
  0.4438195E-01  0.7478698E-01  0.1261861E-01  0.0000000E+00
  0.6130131E-03 -0.1475062E-01  0.4933423E-03  0.0000000E+00
  0.2415728E-01  0.1605516E-02 -0.3397211E-02  0.0000000E+00
  0.2432533E-01 -0.1979532E-01 -0.1243892E-01  0.0000000E+00
  0.3946293E-01  0.3547386E-02 -0.1144711E-01  0.0000000E+00
  0.4199480E-01  0.1937720E-01 -0.9584134E-02  0.0000000E+00
  0.4360505E-01  0.1038453E-01 -0.8706099E-02  0.0000000E+00
  0.4342290E-01  0.1169891E-01 -0.8655026E-02  0.0000000E+00
  0.4329420E-01  0.1263623E-01 -0.8619041E-02  0.0000000E+00
  0.4323863E-01  0.1304056E-01 -0.8603503E-02  0.0000000E+00
  0.5175551E-01  0.8982490E-01 -0.1656278E-01  0.0000000E+00
 -0.6901258E-01 -0.4199079E-03  0.1460087E-01  0.0000000E+00
  0.2858892E-01  0.6097720E-01 -0.2207202E-01  0.0000000E+00
 -0.8299470E-01 -0.9381517E-01 -0.1063160E-01  0.0000000E+00
  0.7314700E-01  0.9629964E-01  0.1125689E-01  0.0000000E+00
  0.3106902E-01  0.4262737E-02 -0.8412189E-02  0.0000000E+00
  0.4959919E-01  0.4672856E-01 -0.2350716E-02  0.0000000E+00
  0.3176737E-01 -0.7000537E-02 -0.3353103E-03  0.0000000E+00
  0.3194707E-01  0.2104710E-02  0.7530433E-02  0.0000000E+00
  0.4131444E-01 -0.9106539E-02  0.2884790E-02  0.0000000E+00
  0.4899024E-01 -0.1765951E-01  0.4214979E-02  0.0000000E+00
  0.4729890E-01 -0.1694779E-01  0.4103839E-02  0.0000000E+00
  0.4610471E-01 -0.1643108E-01  0.4023542E-02  0.0000000E+00
  0.4558912E-01 -0.1620852E-01  0.3988942E-02  0.0000000E+00
 -0.4262534E-01  0.3945644E-01 -0.1647604E-01  0.0000000E+00
 -0.1704678E-01 -0.3815582E-02 -0.3348262E-02  0.0000000E+00
 -0.2800396E-01 -0.2887769E-01 -0.2671444E-01  0.0000000E+00
 -0.3036040E-01 -0.1586291E-02 -0.1939509E-01  0.0000000E+00
 -0.2605213E-02 -0.1615296E-02  0.7578412E-02  0.0000000E+00
 -0.1047411E-01  0.1580762E-01  0.5823195E-02  0.0000000E+00
  0.3163865E-02  0.2730770E-01  0.7687530E-02  0.0000000E+00
  0.3482281E-02  0.2527819E-01  0.1939620E-02  0.0000000E+00
  0.1337127E-01  0.1757718E-01 -0.3317993E-03  0.0000000E+00
  0.8567742E-02  0.8705841E-02  0.1288458E-02  0.0000000E+00
  0.1299224E-01 -0.6337405E-02 -0.5012771E-03  0.0000000E+00
  0.1240511E-01 -0.3217102E-02 -0.1921697E-03  0.0000000E+00
  0.1198715E-01 -0.1009308E-02  0.2684631E-04  0.0000000E+00
  0.1180682E-01 -0.5626943E-04  0.1213778E-03  0.0000000E+00
 -0.5389082E-02  0.5067731E-03 -0.1519533E-03  0.0000000E+00
 -0.4383365E-01  0.1372556E-03  0.1304582E-04  0.0000000E+00
 -0.1168723E-01  0.4623722E-03 -0.6140576E-04  0.0000000E+00
 -0.8072614E-01 -0.2853579E-03  0.9029664E-04  0.0000000E+00
  0.1689650E-01 -0.5937636E-03 -0.7267588E-03  0.0000000E+00
 -0.4532378E-02  0.1904978E-02  0.9224252E-03  0.0000000E+00
 -0.2736666E-02  0.1056787E-01 -0.4609943E-02  0.0000000E+00
 -0.1884369E-01 -0.4311749E-02 -0.6296204E-02  0.0000000E+00
 -0.1520095E-01  0.5151864E-02 -0.6348746E-02  0.0000000E+00
 -0.9061103E-02 -0.7445579E-03  0.2090370E-02  0.0000000E+00
  0.7090402E-03  0.6560789E-03 -0.4247078E-03  0.0000000E+00
  0.3013727E-03  0.2308420E-03 -0.1645944E-03  0.0000000E+00
  0.2695686E-05 -0.6858903E-04  0.2073091E-04  0.0000000E+00
 -0.1258580E-03 -0.1978980E-03  0.1006834E-03  0.0000000E+00
 -0.9758158E-02  0.8472181E-03 -0.9977527E-04  0.0000000E+00
  0.7431190E-02  0.5980730E-03  0.2973532E-03  0.0000000E+00
  0.1268298E-02 -0.9465453E-03 -0.3574794E-03  0.0000000E+00
  0.1978294E-02  0.3167240E-03  0.2487475E-03  0.0000000E+00
  0.1898240E-01 -0.5546651E-03 -0.3870342E-03  0.0000000E+00
 -0.2663915E-01  0.6292146E-02  0.4008685E-03  0.0000000E+00
 -0.1144306E-01  0.1440819E-01 -0.2568374E-02  0.0000000E+00
 -0.1182195E-01 -0.3474353E-02 -0.3774210E-02  0.0000000E+00
 -0.8487683E-02  0.1136544E-01  0.3003054E-04  0.0000000E+00
 -0.2174369E-02 -0.1934714E-01  0.4335817E-02  0.0000000E+00
  0.1462669E-02 -0.2821893E-02  0.5919881E-03  0.0000000E+00
  0.5752728E-03 -0.9807514E-03  0.2094003E-03  0.0000000E+00
 -0.5167488E-04  0.2845939E-03 -0.5536416E-04  0.0000000E+00
 -0.3223438E-03  0.8321822E-03 -0.1698726E-03  0.0000000E+00
  0.2071401E-01 -0.6915545E-03 -0.6332680E-04  0.0000000E+00
  0.3655736E-01  0.1673608E-03 -0.1723998E-03  0.0000000E+00
  0.2382576E-01  0.6844119E-03  0.1875496E-03  0.0000000E+00
  0.5080853E-02 -0.5400372E-03 -0.1980589E-03  0.0000000E+00
  0.2301467E-01  0.1365805E-02 -0.3754898E-03  0.0000000E+00
 -0.3797750E-02 -0.6078849E-02  0.1003316E-02  0.0000000E+00
 -0.9310568E-02 -0.7930941E-03 -0.2681542E-02  0.0000000E+00
 -0.1611575E-01  0.2380085E-02 -0.2481765E-02  0.0000000E+00
 -0.4579694E-02 -0.2218865E-02  0.1439460E-03  0.0000000E+00
 -0.7137596E-02  0.4373725E-02  0.2854128E-02  0.0000000E+00
 -0.4764561E-03 -0.2254931E-02 -0.1048667E-02  0.0000000E+00
 -0.1605404E-03 -0.9047741E-03 -0.4347422E-03  0.0000000E+00
  0.5321775E-04  0.5040162E-04  0.1475926E-05  0.0000000E+00
  0.1458495E-03  0.4627275E-03  0.1897105E-03  0.0000000E+00
  0.8112740E-02  0.2411652E-03 -0.1994795E-03  0.0000000E+00
  0.9401016E-02 -0.6262956E-03  0.2196248E-03  0.0000000E+00
  0.1497824E-01 -0.7382039E-04 -0.1738380E-03  0.0000000E+00
  0.5744207E-02 -0.5801998E-03 -0.3231027E-03  0.0000000E+00
  0.2144549E-01  0.1968124E-02  0.5960229E-03  0.0000000E+00
 -0.2511634E-01 -0.9290493E-02 -0.8485546E-03  0.0000000E+00
 -0.1212585E-03 -0.3540185E-02  0.1429228E-02  0.0000000E+00
 -0.1251794E-01 -0.6571566E-02 -0.1340868E-02  0.0000000E+00
 -0.6834668E-02  0.3025080E-02  0.1022635E-02  0.0000000E+00
 -0.8978383E-02 -0.3160536E-02 -0.2486179E-02  0.0000000E+00
  0.1303439E-03 -0.1937642E-03 -0.1453657E-03  0.0000000E+00
  0.5868843E-04 -0.8582247E-04 -0.3571822E-04  0.0000000E+00
 -0.3687648E-05 -0.1332084E-04  0.3791362E-04  0.0000000E+00
 -0.3018398E-04  0.1811799E-04  0.6984366E-04  0.0000000E+00
  0.1644790E-01 -0.7627033E-03  0.2222732E-03  0.0000000E+00
  0.3859492E-01  0.1423113E-03 -0.2027282E-04  0.0000000E+00
  0.1067604E-01  0.8217454E-03  0.1596549E-03  0.0000000E+00
  0.3401165E-01 -0.3637184E-03 -0.3162446E-03  0.0000000E+00
  0.1710607E-01  0.3836389E-03  0.1819329E-03  0.0000000E+00
  0.1107688E-01  0.2344787E-02 -0.5001521E-03  0.0000000E+00
  0.4792840E-02 -0.3331546E-04  0.1707794E-02  0.0000000E+00
  0.4305584E-02 -0.8689456E-03 -0.1505703E-02  0.0000000E+00
  0.2846952E-02  0.1394993E-03 -0.4763658E-03  0.0000000E+00
  0.1959904E-02  0.3557661E-02 -0.4686510E-04  0.0000000E+00
 -0.2838744E-03 -0.1336529E-02 -0.1128398E-03  0.0000000E+00
 -0.9160971E-04 -0.5129520E-03 -0.1041198E-03  0.0000000E+00
  0.4724284E-04  0.6952661E-04 -0.9802775E-04  0.0000000E+00
  0.1070772E-03  0.3209752E-03 -0.9539506E-04  0.0000000E+00
  0.1767986E-01 -0.5901548E-03 -0.1910606E-03  0.0000000E+00
 -0.1656817E-02  0.1570114E-02  0.2822768E-03  0.0000000E+00
  0.1011434E-01 -0.1653440E-02 -0.3144384E-03  0.0000000E+00
  0.2800457E-02  0.8693326E-03  0.1737377E-03  0.0000000E+00
  0.2407840E-01 -0.1178497E-02  0.1201923E-03  0.0000000E+00
 -0.1467876E-01  0.3178568E-02 -0.1234648E-03  0.0000000E+00
  0.5625443E-02  0.5635057E-02 -0.1363561E-03  0.0000000E+00
 -0.3293679E-02  0.1549968E-02  0.3198723E-02  0.0000000E+00
  0.2153285E-02  0.6189448E-03  0.1890832E-03  0.0000000E+00
  0.2014265E-02 -0.1265795E-02 -0.3338118E-03  0.0000000E+00
  0.3282627E-03 -0.2114067E-02 -0.1866360E-03  0.0000000E+00
  0.1466929E-03 -0.8570161E-03 -0.7167296E-04  0.0000000E+00
  0.2161016E-04  0.2598343E-04  0.9282558E-05  0.0000000E+00
 -0.3250895E-04  0.4073843E-03  0.4424255E-04  0.0000000E+00
  0.2386435E-01 -0.8408498E-02 -0.2384347E-02  0.0000000E+00
  0.5934345E-02 -0.3142950E-01 -0.3124912E-02  0.0000000E+00
  0.1436426E-01 -0.2797690E-01 -0.7844866E-02  0.0000000E+00
  0.3642003E-01 -0.3082223E-02 -0.2319718E-02  0.0000000E+00
  0.1354158E-01 -0.4276543E-01 -0.1320317E-02  0.0000000E+00
 -0.2019958E-02  0.1465775E-01  0.1551359E-04  0.0000000E+00
 -0.1885548E-01 -0.2143959E-01 -0.7076675E-03  0.0000000E+00
 -0.3435654E-01 -0.2422964E-01 -0.1493478E-02  0.0000000E+00
 -0.2750845E-01 -0.2593585E-01  0.9009523E-03  0.0000000E+00
 -0.1910584E-01 -0.2222565E-01  0.5191461E-03  0.0000000E+00
 -0.6850186E-02 -0.1723290E-01 -0.2608696E-02  0.0000000E+00
 -0.7438945E-02 -0.1740468E-01 -0.2601987E-02  0.0000000E+00
 -0.7867525E-02 -0.1753036E-01 -0.2594196E-02  0.0000000E+00
 -0.8052089E-02 -0.1758446E-01 -0.2590944E-02  0.0000000E+00
  0.1078907E-01  0.1257071E-01 -0.3959440E-02  0.0000000E+00
  0.2821529E-01 -0.1787162E-01  0.4515440E-02  0.0000000E+00
  0.3737914E-01 -0.1096329E-02 -0.1365325E-01  0.0000000E+00
  0.8234369E-01  0.4966461E-01 -0.3163952E-02  0.0000000E+00
  0.4444985E-01 -0.2818739E-01  0.3537645E-02  0.0000000E+00
  0.3512371E-01  0.1315729E-01 -0.2610536E-02  0.0000000E+00
  0.4131046E-01  0.1050837E-01 -0.2199244E-02  0.0000000E+00
  0.2415551E-01  0.1592599E-01 -0.4639188E-02  0.0000000E+00
  0.1941793E-01  0.2348831E-01 -0.8053276E-04  0.0000000E+00
  0.1296696E-01  0.1578211E-01  0.4478570E-02  0.0000000E+00
  0.1287141E-01  0.7206612E-02  0.5315432E-02  0.0000000E+00
  0.1321365E-01  0.9219817E-02  0.5955106E-02  0.0000000E+00
  0.1345600E-01  0.1063876E-01  0.6402342E-02  0.0000000E+00
  0.1356061E-01  0.1125149E-01  0.6595598E-02  0.0000000E+00
 -0.6139621E-02  0.1634981E-01 -0.4603424E-02  0.0000000E+00
 -0.2954426E-01 -0.1188535E-01 -0.6921566E-02  0.0000000E+00
 -0.2292678E-01 -0.1059640E-01 -0.1011111E-01  0.0000000E+00
 -0.9386750E-02  0.2968393E-02  0.2206761E-02  0.0000000E+00
 -0.2950412E-01 -0.4735976E-02 -0.3308480E-02  0.0000000E+00
  0.1741386E-01  0.1724525E-02  0.8336825E-03  0.0000000E+00
  0.4337975E-02 -0.1312613E-01 -0.2078924E-02  0.0000000E+00
  0.2207114E-01  0.2518797E-02 -0.3319132E-02  0.0000000E+00
  0.1429328E-01  0.5689409E-02  0.3793879E-02  0.0000000E+00
  0.2073608E-01  0.1407376E-02 -0.5436715E-03  0.0000000E+00
  0.2024014E-01  0.3294984E-02  0.7198148E-03  0.0000000E+00
  0.1915344E-01  0.3071708E-02  0.1078540E-02  0.0000000E+00
  0.1839284E-01  0.2914577E-02  0.1326310E-02  0.0000000E+00
  0.1806421E-01  0.2846715E-02  0.1433489E-02  0.0000000E+00
 -0.2722545E-01  0.2946059E-03 -0.6090638E-04  0.0000000E+00
 -0.1345330E-01 -0.1076773E-03  0.1918205E-03  0.0000000E+00
  0.1366408E-01 -0.4639745E-03 -0.3347365E-03  0.0000000E+00
 -0.2567847E-02  0.6143414E-03  0.3792245E-03  0.0000000E+00
 -0.1126069E-02 -0.7567690E-03 -0.3464606E-03  0.0000000E+00
 -0.7333057E-02 -0.1572072E-02  0.4779740E-03  0.0000000E+00
  0.9066939E-02 -0.6853090E-02 -0.9799827E-03  0.0000000E+00
 -0.4189568E-02 -0.8240796E-02  0.6748809E-03  0.0000000E+00
  0.4082186E-02  0.1448545E-02 -0.4335170E-02  0.0000000E+00
 -0.2252478E-02  0.1709278E-02  0.7829346E-03  0.0000000E+00
  0.3346853E-03 -0.2848233E-02 -0.4470373E-03  0.0000000E+00
  0.1204085E-03 -0.1136040E-02 -0.1720649E-03  0.0000000E+00
 -0.3333585E-04  0.6958322E-04  0.2295511E-04  0.0000000E+00
 -0.9962423E-04  0.5902302E-03  0.1071221E-03  0.0000000E+00
 -0.1339988E-01  0.2634806E-03  0.1057564E-03  0.0000000E+00
 -0.1786019E-01  0.5219611E-03 -0.6386291E-04  0.0000000E+00
 -0.3791841E-02  0.5217048E-03  0.6513313E-04  0.0000000E+00
 -0.1918493E-01  0.1914349E-03  0.1621725E-03  0.0000000E+00
  0.9267720E-03 -0.9309605E-03  0.2372538E-03  0.0000000E+00
  0.8841607E-02  0.6923982E-02 -0.5236518E-03  0.0000000E+00
 -0.5508940E-03 -0.2503938E-02 -0.5626986E-03  0.0000000E+00
  0.1429090E-01  0.1416854E-03 -0.1119945E-02  0.0000000E+00
  0.3821618E-02 -0.8998108E-02 -0.3510930E-02  0.0000000E+00
  0.1372477E-01 -0.5564659E-02  0.1395854E-02  0.0000000E+00
  0.6648942E-03  0.9963804E-03 -0.5243438E-03  0.0000000E+00
  0.2059209E-03  0.4210222E-03 -0.1906185E-03  0.0000000E+00
 -0.9893271E-04  0.1232576E-04  0.4609952E-04  0.0000000E+00
 -0.2312606E-03 -0.1640395E-03  0.1482618E-03  0.0000000E+00
 -0.2233195E-01  0.6299869E-04  0.9360759E-04  0.0000000E+00
 -0.2023389E-01  0.4668769E-03  0.6213237E-04  0.0000000E+00
 -0.2555733E-01 -0.9986126E-03 -0.9030970E-04  0.0000000E+00
 -0.3587400E-01  0.1434577E-02  0.1009390E-03  0.0000000E+00
 -0.3427781E-01 -0.1830543E-02 -0.7025843E-04  0.0000000E+00
 -0.1055557E-01  0.4906402E-02 -0.4899921E-04  0.0000000E+00
 -0.9870404E-02 -0.2583610E-02 -0.1095731E-02  0.0000000E+00
 -0.1962695E-02  0.2974442E-02  0.1565380E-03  0.0000000E+00
 -0.1441249E-02  0.5952202E-02  0.8242349E-04  0.0000000E+00
 -0.3999286E-02 -0.2620932E-02  0.9263754E-03  0.0000000E+00
  0.2009698E-03  0.1323144E-02  0.5298994E-03  0.0000000E+00
  0.6530362E-04  0.5347035E-03  0.2225314E-03  0.0000000E+00
 -0.3560857E-04 -0.2590786E-04  0.8028043E-05  0.0000000E+00
 -0.7898820E-04 -0.2678045E-03 -0.8467640E-04  0.0000000E+00
 -0.6408313E-02  0.2579305E-03  0.5098004E-04  0.0000000E+00
 -0.1229940E-01 -0.3639105E-03 -0.4086205E-04  0.0000000E+00
  0.1833660E-01  0.1281387E-02  0.1318563E-03  0.0000000E+00
 -0.2975393E-01 -0.8677909E-04  0.2150599E-03  0.0000000E+00
  0.1037523E-01 -0.1999652E-03 -0.2175459E-03  0.0000000E+00
 -0.1788198E-01 -0.1811182E-02  0.1683650E-03  0.0000000E+00
 -0.3613866E-03 -0.2933375E-02  0.6170157E-03  0.0000000E+00
 -0.3976963E-02 -0.5657511E-02  0.1709463E-03  0.0000000E+00
 -0.1235683E-02 -0.1134112E-02  0.3154870E-02  0.0000000E+00
 -0.5191712E-02 -0.8908034E-04 -0.1610062E-02  0.0000000E+00
  0.6676855E-03 -0.8722523E-03 -0.3914201E-03  0.0000000E+00
  0.2481616E-03 -0.3279754E-03 -0.1330116E-03  0.0000000E+00
 -0.5352191E-04  0.5385316E-04  0.4578894E-04  0.0000000E+00
 -0.1835715E-03  0.2187982E-03  0.1231208E-03  0.0000000E+00
 -0.1761822E-01  0.1140076E-03  0.2795019E-04  0.0000000E+00
  0.2018600E-01  0.2356477E-03  0.7895810E-04  0.0000000E+00
 -0.2169380E-01 -0.7136439E-03 -0.7550807E-04  0.0000000E+00
 -0.2411049E-01  0.6421911E-03  0.1013499E-03  0.0000000E+00
 -0.4324571E-02 -0.2116415E-03 -0.1207807E-03  0.0000000E+00
  0.6925997E-02 -0.8125701E-03  0.3784195E-03  0.0000000E+00
 -0.7399363E-02  0.3260966E-02 -0.4233365E-03  0.0000000E+00
  0.4822431E-02 -0.2590728E-02 -0.3893915E-03  0.0000000E+00
  0.3353559E-02 -0.1105775E-02  0.1362434E-02  0.0000000E+00
  0.6673652E-02  0.3564155E-04 -0.9466271E-03  0.0000000E+00
 -0.1244770E-02  0.1115455E-02  0.4473383E-03  0.0000000E+00
 -0.4980739E-03  0.4425281E-03  0.2261733E-03  0.0000000E+00
  0.3490268E-04 -0.3221844E-04  0.6931637E-04  0.0000000E+00
  0.2648024E-03 -0.2372025E-03  0.1619501E-05  0.0000000E+00
  0.4472763E-02  0.5284348E-03  0.1609566E-04  0.0000000E+00
 -0.1209469E-01  0.4437428E-05 -0.5354318E-04  0.0000000E+00
  0.1704191E-01  0.1312513E-02  0.1235615E-03  0.0000000E+00
 -0.1153116E-01 -0.5419487E-03  0.9385805E-04  0.0000000E+00
  0.2874712E-02  0.1083291E-02 -0.7768327E-04  0.0000000E+00
 -0.2115041E-01 -0.9917364E-03 -0.5219765E-04  0.0000000E+00
 -0.7402097E-02 -0.1950269E-02 -0.2303724E-03  0.0000000E+00
 -0.8898397E-02 -0.1753793E-02 -0.3309812E-03  0.0000000E+00
 -0.5463070E-02 -0.1896361E-02 -0.6810621E-05  0.0000000E+00
 -0.7648318E-02  0.6740060E-03  0.9057248E-03  0.0000000E+00
  0.8212911E-03  0.3169531E-03  0.5100498E-03  0.0000000E+00
  0.3661981E-03  0.1502958E-03  0.2158924E-03  0.0000000E+00
  0.3548155E-04  0.3306180E-04  0.1072759E-04  0.0000000E+00
 -0.1069581E-03 -0.1756933E-04 -0.7794541E-04  0.0000000E+00
  0.4129626E-02  0.4253920E-01 -0.1027999E-01  0.0000000E+00
  0.2410638E-01 -0.6363946E-02 -0.1460795E-02  0.0000000E+00
 -0.2422588E-02  0.3705337E-01 -0.5896602E-02  0.0000000E+00
  0.7094123E-01  0.3335509E-01  0.9090513E-02  0.0000000E+00
  0.5786163E-02 -0.5844448E-03 -0.2139334E-02  0.0000000E+00
 -0.1235401E-01  0.8339841E-02  0.1175025E-02  0.0000000E+00
  0.8513708E-02  0.7949373E-02 -0.2956341E-02  0.0000000E+00
 -0.1146520E-01  0.6627953E-02  0.1074562E-02  0.0000000E+00
 -0.1177309E-01 -0.9535406E-03  0.2538572E-02  0.0000000E+00
 -0.1544297E-01 -0.9665530E-02 -0.4624750E-03  0.0000000E+00
 -0.1179668E-01  0.9904104E-03  0.7567814E-03  0.0000000E+00
 -0.1242336E-01 -0.6417757E-03  0.7144135E-03  0.0000000E+00
 -0.1286571E-01 -0.1797859E-02  0.6837450E-03  0.0000000E+00
 -0.1305670E-01 -0.2296863E-02  0.6705313E-03  0.0000000E+00
  0.2719547E-01  0.3601794E-01 -0.6948258E-02  0.0000000E+00
  0.2408675E-01  0.2080581E-01  0.1051976E-02  0.0000000E+00
 -0.7144092E-02 -0.4206795E-02 -0.5321095E-02  0.0000000E+00
  0.7370095E-01  0.3322817E-01  0.8084122E-02  0.0000000E+00
  0.3925115E-02 -0.5201407E-02  0.4810619E-02  0.0000000E+00
 -0.2455305E-01  0.1686165E-02 -0.3046736E-02  0.0000000E+00
 -0.1293247E-02 -0.4295487E-02  0.2579167E-02  0.0000000E+00
 -0.1963124E-01 -0.1505797E-01  0.4248828E-02  0.0000000E+00
 -0.7287072E-02 -0.6108645E-02  0.1443010E-02  0.0000000E+00
 -0.1048345E-01 -0.1018630E-02 -0.5171179E-02  0.0000000E+00
 -0.1110207E-01  0.6488569E-02 -0.5555699E-02  0.0000000E+00
 -0.1107714E-01  0.5844839E-02 -0.5565792E-02  0.0000000E+00
 -0.1106004E-01  0.5383264E-02 -0.5570981E-02  0.0000000E+00
 -0.1105263E-01  0.5184240E-02 -0.5573293E-02  0.0000000E+00
  0.9031367E-03  0.8349678E-02 -0.1889035E-02  0.0000000E+00
 -0.3189427E-02  0.3418017E-02  0.1215196E-02  0.0000000E+00
 -0.1508916E-01  0.5034659E-02 -0.6373869E-02  0.0000000E+00
 -0.9934680E-02  0.3040550E-02  0.6430730E-02  0.0000000E+00
  0.1269540E-01  0.1892890E-03 -0.2996422E-02  0.0000000E+00
 -0.1882151E-01  0.1202854E-01  0.1572648E-02  0.0000000E+00
 -0.1188695E-01  0.3199379E-02  0.2599237E-02  0.0000000E+00
 -0.1778104E-01  0.2257609E-02 -0.1901172E-04  0.0000000E+00
 -0.6760324E-02 -0.4894383E-02  0.1164671E-02  0.0000000E+00
 -0.1078001E-01  0.7373946E-03 -0.1862556E-02  0.0000000E+00
 -0.1501896E-01  0.5104458E-02 -0.3412878E-02  0.0000000E+00
 -0.1434292E-01  0.3860402E-02 -0.3305689E-02  0.0000000E+00
 -0.1386271E-01  0.2983690E-02 -0.3230260E-02  0.0000000E+00
 -0.1365549E-01  0.2605109E-02 -0.3197683E-02  0.0000000E+00
  0.1815160E-01 -0.1378567E-03 -0.1916502E-03  0.0000000E+00
  0.1772992E-01 -0.2423632E-03  0.9380289E-04  0.0000000E+00
 -0.8302642E-02  0.8105069E-03 -0.2710294E-03  0.0000000E+00
  0.1929779E-01 -0.1079778E-02  0.7324589E-04  0.0000000E+00
  0.1511785E-02  0.9484182E-03 -0.3420606E-03  0.0000000E+00
  0.6533228E-02 -0.1893156E-02  0.1111662E-02  0.0000000E+00
 -0.3913711E-02  0.5135601E-02 -0.3136603E-03  0.0000000E+00
 -0.1342996E-01  0.5670971E-02  0.1025318E-02  0.0000000E+00
 -0.3096839E-02  0.3160387E-02  0.2816243E-02  0.0000000E+00
 -0.5313969E-02 -0.1852233E-02 -0.2901985E-02  0.0000000E+00
  0.6069329E-03  0.3455751E-03  0.2089693E-03  0.0000000E+00
  0.2712875E-03  0.1627838E-03  0.9629512E-04  0.0000000E+00
  0.2823941E-04  0.3046999E-04  0.1327254E-04  0.0000000E+00
 -0.7647271E-04 -0.2653563E-04 -0.2244451E-04  0.0000000E+00
  0.1866925E-01 -0.7230941E-03 -0.1270002E-03  0.0000000E+00
  0.1401583E-01  0.7877924E-03  0.6706020E-04  0.0000000E+00
 -0.9818496E-02 -0.1808407E-02 -0.2724752E-03  0.0000000E+00
  0.2645320E-01  0.1804814E-02 -0.2170420E-04  0.0000000E+00
  0.7664882E-02 -0.2560509E-02 -0.2680056E-03  0.0000000E+00
 -0.1253156E-01  0.6269750E-02  0.7248444E-03  0.0000000E+00
 -0.2164138E-02 -0.3908350E-02 -0.2472077E-02  0.0000000E+00
 -0.6597012E-02 -0.2343477E-02  0.1886865E-02  0.0000000E+00
 -0.2715661E-02 -0.4731040E-02  0.5262081E-02  0.0000000E+00
 -0.1412357E-01  0.3904057E-02 -0.2580231E-03  0.0000000E+00
  0.1130329E-03  0.2371175E-03 -0.1090101E-02  0.0000000E+00
  0.6350091E-04  0.2448130E-04 -0.4797539E-03  0.0000000E+00
  0.1215025E-04 -0.1187234E-03 -0.5200121E-04  0.0000000E+00
 -0.9417844E-05 -0.1808078E-03  0.1327985E-03  0.0000000E+00
 -0.8768556E-02  0.6963703E-03 -0.3936411E-04  0.0000000E+00
  0.1061682E-01 -0.1629348E-02  0.7586874E-04  0.0000000E+00
 -0.3219544E-02  0.1631534E-02 -0.9537437E-04  0.0000000E+00
 -0.1305170E-01 -0.1381869E-02 -0.2980964E-04  0.0000000E+00
  0.6407093E-02  0.1909901E-02  0.5063197E-04  0.0000000E+00
  0.1129078E-01 -0.2759787E-02 -0.5709711E-03  0.0000000E+00
  0.2938748E-03  0.4285906E-02 -0.9875327E-03  0.0000000E+00
 -0.1679030E-02  0.1143097E-03 -0.4876179E-03  0.0000000E+00
  0.6423271E-02  0.1856959E-02 -0.8342770E-03  0.0000000E+00
  0.1638485E-02 -0.2020215E-02  0.7563303E-04  0.0000000E+00
 -0.9401312E-03  0.6437813E-03 -0.2401872E-03  0.0000000E+00
 -0.3602470E-03  0.2405589E-03 -0.1123463E-03  0.0000000E+00
  0.4977350E-04 -0.4550071E-04 -0.2224459E-04  0.0000000E+00
  0.2267774E-03 -0.1689563E-03  0.1666257E-04  0.0000000E+00
  0.8611679E-02 -0.4935555E-03 -0.2101401E-03  0.0000000E+00
  0.9241585E-02  0.2032091E-04 -0.7831758E-04  0.0000000E+00
 -0.1826340E-01 -0.9439910E-03  0.1089549E-03  0.0000000E+00
  0.2622814E-01  0.1472943E-03 -0.7991918E-03  0.0000000E+00
  0.4066988E-02  0.1445199E-02  0.9197278E-03  0.0000000E+00
  0.1306715E-02 -0.3336960E-02 -0.1303878E-02  0.0000000E+00
  0.2444942E-02 -0.4897853E-02  0.2467395E-02  0.0000000E+00
  0.1146392E-02  0.2199282E-02 -0.4821504E-02  0.0000000E+00
  0.3402002E-02 -0.9250064E-03 -0.1065804E-02  0.0000000E+00
 -0.1338370E-02  0.3420986E-02  0.2560837E-02  0.0000000E+00
  0.8374682E-05  0.1415447E-02 -0.2925629E-03  0.0000000E+00
  0.1593240E-04  0.5546645E-03 -0.1000473E-03  0.0000000E+00
  0.1953579E-04 -0.4701370E-04  0.3668717E-04  0.0000000E+00
  0.2115537E-04 -0.3070109E-03  0.9569345E-04  0.0000000E+00
 -0.1998149E-01  0.7440736E-03  0.8958297E-04  0.0000000E+00
 -0.4721770E-02 -0.5403220E-03 -0.5315737E-04  0.0000000E+00
 -0.7478702E-02  0.7540581E-03 -0.3463815E-04  0.0000000E+00
 -0.7148496E-02  0.4374018E-03  0.2060434E-03  0.0000000E+00
 -0.7332845E-02 -0.1173258E-02 -0.2491378E-03  0.0000000E+00
 -0.2899382E-02  0.1979085E-02  0.6934279E-03  0.0000000E+00
  0.8632944E-03  0.1098600E-02  0.3344604E-03  0.0000000E+00
  0.2721581E-02  0.6658881E-03 -0.1339809E-02  0.0000000E+00
  0.1270980E-02 -0.9649938E-03 -0.4517152E-03  0.0000000E+00
  0.1945835E-02 -0.1124907E-02  0.1125417E-02  0.0000000E+00
  0.9230847E-04  0.6106295E-03 -0.3774785E-03  0.0000000E+00
  0.3585135E-05  0.2674169E-03 -0.1469354E-03  0.0000000E+00
 -0.5686386E-04  0.2392821E-04  0.1718866E-04  0.0000000E+00
 -0.8304310E-04 -0.8115448E-04  0.8799896E-04  0.0000000E+00
 -0.5660240E-02 -0.5242338E-04 -0.2036621E-03  0.0000000E+00
  0.1384877E-01 -0.3444543E-06  0.2178797E-03  0.0000000E+00
 -0.1819735E-01 -0.1248194E-02 -0.3152391E-03  0.0000000E+00
  0.3837409E-02  0.1080751E-02 -0.1719230E-03  0.0000000E+00
  0.6154330E-02 -0.7816404E-03  0.1667673E-03  0.0000000E+00
  0.3974282E-02  0.1413607E-02  0.2651986E-04  0.0000000E+00
  0.4717390E-03 -0.7363807E-03  0.5599248E-05  0.0000000E+00
  0.6764742E-02 -0.1695009E-02  0.2687569E-02  0.0000000E+00
  0.3595140E-02 -0.2701640E-02  0.9353812E-03  0.0000000E+00
  0.2090690E-02  0.1568609E-02 -0.5211146E-03  0.0000000E+00
 -0.4030597E-03  0.2424041E-03 -0.3213479E-03  0.0000000E+00
 -0.1477895E-03  0.7592065E-04 -0.1509181E-03  0.0000000E+00
  0.3394480E-04 -0.4000858E-04 -0.3143967E-04  0.0000000E+00
  0.1123533E-03 -0.9011988E-04  0.2017626E-04  0.0000000E+00
 -0.2576769E-01  0.2318058E-01 -0.2499998E-02  0.0000000E+00
 -0.1372587E-01  0.1073761E-01  0.4963057E-02  0.0000000E+00
 -0.3138725E-02  0.1089884E-01  0.8489494E-03  0.0000000E+00
 -0.1198376E-01  0.3829528E-02  0.4508519E-02  0.0000000E+00
 -0.1743147E-01 -0.1502925E-03  0.2609413E-02  0.0000000E+00
  0.1259770E-02 -0.1804097E-02 -0.6610917E-03  0.0000000E+00
 -0.2832085E-02 -0.5053248E-02 -0.2306080E-03  0.0000000E+00
 -0.3951748E-02 -0.1648839E-02  0.3563433E-03  0.0000000E+00
 -0.4117863E-03 -0.1389828E-02  0.2418637E-02  0.0000000E+00
 -0.9223689E-02  0.4164185E-02 -0.3645475E-02  0.0000000E+00
 -0.9175465E-02  0.8929572E-03 -0.2611945E-02  0.0000000E+00
 -0.8779580E-02  0.1412118E-02 -0.2501331E-02  0.0000000E+00
 -0.8502048E-02  0.1779319E-02 -0.2426268E-02  0.0000000E+00
 -0.8382151E-02  0.1937835E-02 -0.2393747E-02  0.0000000E+00
 -0.7476648E-02  0.2621957E-01 -0.6279168E-02  0.0000000E+00
 -0.4446529E-02  0.1776217E-01 -0.1698378E-02  0.0000000E+00
  0.4200422E-02  0.2290888E-02 -0.3686520E-02  0.0000000E+00
 -0.1840177E-01  0.1057455E-01  0.3293557E-02  0.0000000E+00
 -0.1235737E-01 -0.5183196E-02 -0.1778955E-02  0.0000000E+00
 -0.5815020E-02  0.3717412E-02  0.1085628E-02  0.0000000E+00
 -0.5628146E-02  0.2164273E-03 -0.1179452E-02  0.0000000E+00
  0.1948274E-02  0.2851245E-02  0.6771090E-03  0.0000000E+00
  0.7492340E-02  0.2063091E-02  0.1124535E-02  0.0000000E+00
 -0.7635117E-02 -0.3545969E-02 -0.2984065E-02  0.0000000E+00
  0.8191010E-03 -0.2284404E-02 -0.5610857E-02  0.0000000E+00
  0.1378761E-02 -0.2706472E-02 -0.5668151E-02  0.0000000E+00
  0.1761212E-02 -0.3003469E-02 -0.5704309E-02  0.0000000E+00
  0.1926802E-02 -0.3131735E-02 -0.5720079E-02  0.0000000E+00
 -0.4347478E-02  0.1673462E-01 -0.5701691E-03  0.0000000E+00
 -0.1148716E-01 -0.6652970E-02  0.2662919E-02  0.0000000E+00
 -0.5621621E-02 -0.4784152E-02  0.2084262E-03  0.0000000E+00
 -0.3803592E-02  0.1979607E-01  0.2938495E-02  0.0000000E+00
 -0.3106740E-02 -0.9952537E-03  0.8772698E-04  0.0000000E+00
  0.8986873E-02 -0.4382804E-03 -0.1118869E-03  0.0000000E+00
 -0.3922354E-02  0.1081188E-01  0.1063653E-02  0.0000000E+00
  0.6826103E-02 -0.1267798E-02 -0.5359054E-03  0.0000000E+00
 -0.1220657E-02  0.6020963E-02  0.3247617E-02  0.0000000E+00
 -0.4101792E-03 -0.8978214E-03 -0.4730025E-02  0.0000000E+00
 -0.4183285E-02 -0.2760788E-02 -0.3481135E-02  0.0000000E+00
 -0.4610264E-02 -0.2666340E-02 -0.3664680E-02  0.0000000E+00
 -0.4905680E-02 -0.2598851E-02 -0.3795689E-02  0.0000000E+00
 -0.5033448E-02 -0.2569741E-02 -0.3852199E-02  0.0000000E+00
  0.2186059E-01 -0.6289253E-03  0.2821529E-05  0.0000000E+00
  0.9439019E-02  0.1089757E-04 -0.1207445E-03  0.0000000E+00
  0.1191475E-01 -0.5342229E-04  0.3939269E-03  0.0000000E+00
 -0.1104221E-01 -0.9308786E-03 -0.5188446E-04  0.0000000E+00
  0.1774723E-01  0.9971020E-03  0.1438376E-03  0.0000000E+00
 -0.4047229E-03 -0.1154620E-02 -0.2080512E-03  0.0000000E+00
 -0.5134091E-02  0.5319259E-02  0.7295210E-03  0.0000000E+00
  0.7918591E-03  0.3443225E-02  0.7396852E-03  0.0000000E+00
  0.8204837E-04 -0.1092933E-02  0.2781223E-02  0.0000000E+00
 -0.2849374E-02 -0.6733137E-04  0.4335408E-03  0.0000000E+00
 -0.5561008E-03 -0.2499699E-03 -0.3879971E-03  0.0000000E+00
 -0.2315074E-03 -0.1064172E-03 -0.1278728E-03  0.0000000E+00
 -0.5633424E-05 -0.6706123E-05  0.5544910E-04  0.0000000E+00
  0.9200840E-04  0.3640529E-04  0.1346106E-03  0.0000000E+00
  0.3789699E-02 -0.3840009E-04 -0.4748002E-04  0.0000000E+00
  0.1754364E-02 -0.6027833E-03 -0.8559200E-04  0.0000000E+00
 -0.3649389E-03  0.2792317E-03 -0.5430391E-04  0.0000000E+00
 -0.3572142E-02  0.6335896E-04  0.1827372E-03  0.0000000E+00
  0.7693273E-02  0.4396703E-03 -0.1995270E-03  0.0000000E+00
 -0.1246707E-02 -0.5265270E-03  0.4280237E-03  0.0000000E+00
  0.4687510E-02  0.4621134E-02 -0.1265397E-02  0.0000000E+00
  0.4614904E-02 -0.3335029E-02  0.2431125E-03  0.0000000E+00
 -0.2203638E-04  0.2584419E-04  0.2454062E-03  0.0000000E+00
 -0.8976880E-03  0.3885185E-03 -0.9549285E-05  0.0000000E+00
  0.4579775E-03  0.7897644E-03 -0.8942953E-03  0.0000000E+00
  0.2138455E-03  0.3125763E-03 -0.3613384E-03  0.0000000E+00
  0.4043634E-04 -0.2186797E-04  0.1291132E-04  0.0000000E+00
 -0.3439421E-04 -0.1663554E-03  0.1745688E-03  0.0000000E+00
  0.2292721E-01 -0.1991815E-03  0.6587706E-04  0.0000000E+00
  0.9712246E-02  0.3116501E-04  0.4792945E-05  0.0000000E+00
  0.1876033E-02 -0.1907877E-03  0.2229127E-03  0.0000000E+00
  0.6417383E-03 -0.3186036E-03 -0.5982087E-04  0.0000000E+00
  0.1056298E-01  0.4667020E-03  0.9863998E-04  0.0000000E+00
  0.2245012E-02 -0.5969363E-03 -0.4105756E-03  0.0000000E+00
 -0.4932520E-02  0.2927156E-02  0.3472894E-03  0.0000000E+00
  0.7042297E-02 -0.8827655E-02  0.2866068E-03  0.0000000E+00
  0.9357405E-03 -0.5551811E-02 -0.4111834E-03  0.0000000E+00
  0.6987413E-03 -0.4100882E-03 -0.1878548E-02  0.0000000E+00
  0.1621841E-04 -0.6537583E-03  0.1870845E-03  0.0000000E+00
  0.1325055E-04 -0.2481410E-03  0.9892063E-04  0.0000000E+00
  0.1219794E-04  0.3623165E-04  0.3391659E-04  0.0000000E+00
  0.1170496E-04  0.1590836E-03  0.5953059E-05  0.0000000E+00
  0.8688048E-02  0.3287960E-03  0.7595334E-04  0.0000000E+00
  0.2927020E-02  0.5042501E-03 -0.5487166E-04  0.0000000E+00
  0.5026155E-02  0.7065483E-04  0.9886883E-04  0.0000000E+00
 -0.4679017E-02  0.1007161E-03 -0.1842983E-04  0.0000000E+00
  0.4972870E-02  0.8372759E-03  0.6848866E-04  0.0000000E+00
 -0.5172216E-02 -0.1102355E-02 -0.1917866E-03  0.0000000E+00
 -0.3970263E-03  0.3100905E-02  0.5370790E-03  0.0000000E+00
 -0.2422552E-02  0.4315859E-02 -0.1213715E-03  0.0000000E+00
  0.5965565E-03 -0.5519116E-02  0.2102882E-03  0.0000000E+00
  0.3774688E-03  0.1209633E-02  0.6620143E-03  0.0000000E+00
 -0.6722574E-04 -0.4948601E-03 -0.5017163E-03  0.0000000E+00
 -0.1241450E-04 -0.1895807E-03 -0.2081222E-03  0.0000000E+00
  0.2721675E-04  0.2714865E-04 -0.1313504E-05  0.0000000E+00
  0.4429278E-04  0.1206772E-03  0.8799402E-04  0.0000000E+00
  0.3870994E-02 -0.4315812E-03  0.1460539E-03  0.0000000E+00
 -0.3570809E-03  0.2085867E-03  0.4300400E-04  0.0000000E+00
 -0.4264707E-02 -0.8900190E-03  0.8906846E-06  0.0000000E+00
  0.5720218E-02  0.6471840E-03  0.1288845E-03  0.0000000E+00
 -0.4689897E-02 -0.4009957E-03 -0.3016370E-03  0.0000000E+00
  0.6328996E-02  0.1359735E-03  0.4572539E-03  0.0000000E+00
 -0.1816120E-02 -0.1205244E-02 -0.4250499E-03  0.0000000E+00
  0.2817658E-02 -0.1600487E-02  0.9166194E-03  0.0000000E+00
 -0.3113402E-02  0.4509408E-02  0.4968518E-03  0.0000000E+00
  0.2204928E-02 -0.2395691E-03  0.1118381E-02  0.0000000E+00
  0.1378144E-03  0.2073328E-03 -0.2558445E-04  0.0000000E+00
  0.6690666E-04  0.4844055E-04 -0.1171848E-04  0.0000000E+00
  0.1936985E-04 -0.6305453E-04  0.1161595E-06  0.0000000E+00
 -0.1246951E-05 -0.1112181E-03  0.5150026E-05  0.0000000E+00
  0.8571738E-02  0.2496538E-03  0.1110598E-03  0.0000000E+00
 -0.1381772E-02 -0.4694925E-03 -0.1299443E-03  0.0000000E+00
 -0.2186793E-02  0.4092733E-03  0.1926399E-03  0.0000000E+00
  0.4147932E-04  0.3101867E-03 -0.1444951E-03  0.0000000E+00
 -0.4412256E-02 -0.1260146E-04  0.9649397E-04  0.0000000E+00
  0.7613232E-02  0.1536695E-02  0.1422118E-03  0.0000000E+00
  0.3006289E-02 -0.2408093E-02  0.3300368E-03  0.0000000E+00
  0.2792583E-02 -0.1126492E-02 -0.4431117E-03  0.0000000E+00
 -0.1388742E-02  0.3701576E-02  0.8828666E-03  0.0000000E+00
  0.2125510E-02  0.1191998E-02  0.4560471E-03  0.0000000E+00
 -0.1250352E-02  0.3800511E-04  0.1294959E-03  0.0000000E+00
 -0.5126352E-03  0.3354598E-04  0.6277481E-04  0.0000000E+00
  0.9132949E-05  0.3225019E-04  0.1635137E-04  0.0000000E+00
  0.2343722E-03  0.3162227E-04 -0.3717093E-05  0.0000000E+00
  0.5632642E-02  0.4123436E-02  0.1868178E-02  0.0000000E+00
  0.3349886E-02 -0.2188933E-01  0.7243350E-03  0.0000000E+00
  0.4670948E-02  0.1124216E-01  0.1290930E-02  0.0000000E+00
  0.5125220E-02 -0.2201334E-01 -0.1339939E-02  0.0000000E+00
 -0.7220665E-02  0.1310501E-01 -0.9444733E-03  0.0000000E+00
  0.4568351E-02  0.5321487E-02  0.3732599E-03  0.0000000E+00
 -0.5373572E-02  0.8352302E-02 -0.1232289E-02  0.0000000E+00
 -0.1177190E-02 -0.1951274E-02  0.2636686E-02  0.0000000E+00
 -0.4247553E-02 -0.2402620E-03  0.2128495E-02  0.0000000E+00
  0.1417761E-02  0.9193039E-03  0.3299323E-02  0.0000000E+00
  0.7358250E-03 -0.1084526E-02  0.1622684E-02  0.0000000E+00
  0.5951531E-03 -0.6925495E-03  0.1457798E-02  0.0000000E+00
  0.4970379E-03 -0.4171220E-03  0.1344049E-02  0.0000000E+00
  0.4546326E-03 -0.2981564E-03  0.1294840E-02  0.0000000E+00
 -0.1949319E-01 -0.7571493E-02 -0.1867571E-02  0.0000000E+00
 -0.6427801E-02 -0.4025181E-02  0.4005460E-03  0.0000000E+00
 -0.2784012E-02 -0.1485844E-01 -0.1659422E-02  0.0000000E+00
 -0.3982612E-02 -0.2260726E-01 -0.1860098E-03  0.0000000E+00
 -0.1197111E-01  0.1350374E-01 -0.1049178E-04  0.0000000E+00
  0.7619033E-02  0.6320612E-02 -0.8412616E-03  0.0000000E+00
 -0.3785243E-02  0.1819085E-02  0.1727444E-02  0.0000000E+00
  0.4117199E-02  0.5379412E-02 -0.4381145E-02  0.0000000E+00
 -0.5333208E-02  0.4054222E-03 -0.3807854E-02  0.0000000E+00
  0.1577738E-02  0.7498099E-03  0.2316882E-02  0.0000000E+00
  0.3191857E-02 -0.1654112E-02  0.2891239E-02  0.0000000E+00
  0.2632779E-02 -0.1531990E-02  0.3193474E-02  0.0000000E+00
  0.2238721E-02 -0.1442213E-02  0.3405237E-02  0.0000000E+00
  0.2068562E-02 -0.1403583E-02  0.3496725E-02  0.0000000E+00
  0.2924025E-02 -0.8151473E-02 -0.6652397E-03  0.0000000E+00
  0.6648328E-02  0.1432864E-01  0.4271103E-02  0.0000000E+00
  0.1677289E-02 -0.4467193E-02 -0.6095584E-03  0.0000000E+00
 -0.2714315E-02  0.1973848E-01 -0.5446753E-02  0.0000000E+00
 -0.1141381E-01  0.1046179E-01  0.1952127E-02  0.0000000E+00
  0.1877655E-01  0.1505105E-03  0.3282541E-04  0.0000000E+00
  0.2033065E-02 -0.8680789E-02  0.1430071E-02  0.0000000E+00
  0.8023659E-02 -0.1114919E-01 -0.2946642E-02  0.0000000E+00
 -0.8179508E-03  0.2939580E-03  0.1420623E-02  0.0000000E+00
 -0.9258708E-03 -0.7250851E-02  0.1903809E-02  0.0000000E+00
  0.6327776E-02  0.3482911E-02  0.2986792E-02  0.0000000E+00
  0.6555542E-02  0.2402342E-02  0.3152496E-02  0.0000000E+00
  0.6706536E-02  0.1630736E-02  0.3266176E-02  0.0000000E+00
  0.6772090E-02  0.1297916E-02  0.3315380E-02  0.0000000E+00
 -0.8210278E-02  0.1110948E-04 -0.3568499E-04  0.0000000E+00
  0.8075635E-02 -0.6351836E-04  0.4470874E-04  0.0000000E+00
 -0.1626544E-02 -0.2038391E-03 -0.3000059E-03  0.0000000E+00
  0.9683026E-02  0.1575084E-04  0.1185624E-03  0.0000000E+00
 -0.8216342E-02 -0.1774501E-03 -0.1680194E-03  0.0000000E+00
 -0.1116470E-01  0.4815164E-03  0.1346359E-04  0.0000000E+00
 -0.7064509E-02 -0.9014085E-02 -0.5170704E-03  0.0000000E+00
  0.1893780E-02 -0.3993215E-02  0.1819941E-02  0.0000000E+00
  0.2867565E-03 -0.2594325E-02  0.3275817E-03  0.0000000E+00
  0.6105526E-02  0.4317638E-02 -0.7076242E-03  0.0000000E+00
  0.2826885E-03 -0.1838787E-02  0.1566967E-03  0.0000000E+00
  0.8719372E-04 -0.7477094E-03  0.5254788E-04  0.0000000E+00
 -0.4150869E-04  0.2420672E-04 -0.2074129E-04  0.0000000E+00
 -0.9741997E-04  0.3574235E-03 -0.5239334E-04  0.0000000E+00
 -0.5039122E-02  0.7320467E-03  0.2488147E-04  0.0000000E+00
  0.5208556E-03 -0.8706995E-04 -0.2135978E-03  0.0000000E+00
 -0.4181524E-03  0.6680968E-04  0.2128076E-03  0.0000000E+00
 -0.1865267E-02  0.5568319E-03 -0.1408852E-03  0.0000000E+00
 -0.1833163E-01 -0.8894674E-03  0.9790544E-04  0.0000000E+00
  0.1426615E-01  0.2448949E-02 -0.1184049E-03  0.0000000E+00
 -0.4579738E-02  0.4051153E-02  0.4033780E-03  0.0000000E+00
  0.4043724E-02  0.2753117E-02  0.1503848E-02  0.0000000E+00
 -0.1717858E-02 -0.6624964E-03  0.5745235E-03  0.0000000E+00
  0.8074864E-02  0.5951818E-02 -0.2988496E-02  0.0000000E+00
 -0.2085805E-03 -0.1794302E-03 -0.4206448E-03  0.0000000E+00
 -0.7687942E-04 -0.1180265E-03 -0.1435104E-03  0.0000000E+00
  0.2479168E-04 -0.6648171E-04  0.4722238E-04  0.0000000E+00
  0.6836888E-04 -0.4452948E-04  0.1297531E-03  0.0000000E+00
  0.1224513E-02  0.2582189E-03 -0.1078841E-03  0.0000000E+00
 -0.1573830E-03  0.2476971E-03  0.1656496E-03  0.0000000E+00
 -0.9487145E-02 -0.7574896E-03 -0.2744722E-03  0.0000000E+00
 -0.4794275E-02  0.8059986E-03  0.3622259E-04  0.0000000E+00
 -0.5780915E-02 -0.1441985E-02  0.1757439E-03  0.0000000E+00
  0.5042235E-02  0.2196954E-02 -0.2634110E-03  0.0000000E+00
 -0.9264730E-03 -0.1035603E-02  0.1059457E-02  0.0000000E+00
  0.7461164E-02 -0.2823556E-03 -0.5010693E-03  0.0000000E+00
 -0.1305320E-02  0.3032224E-02  0.1071544E-02  0.0000000E+00
  0.2747962E-02 -0.1831716E-02 -0.7431745E-03  0.0000000E+00
  0.7762935E-04 -0.4299842E-03  0.7820815E-03  0.0000000E+00
  0.3168065E-04 -0.1768122E-03  0.3036202E-03  0.0000000E+00
  0.2793290E-05 -0.2475874E-05 -0.3516555E-04  0.0000000E+00
 -0.9809708E-05  0.7295715E-04 -0.1813993E-03  0.0000000E+00
 -0.2598907E-02  0.2188462E-03 -0.2286810E-03  0.0000000E+00
  0.6506947E-02 -0.3203298E-03 -0.2103687E-04  0.0000000E+00
  0.1728033E-02  0.2763523E-03  0.6970714E-04  0.0000000E+00
 -0.3631138E-02  0.1197111E-03 -0.1654822E-03  0.0000000E+00
 -0.6342498E-02  0.7787784E-03  0.1362917E-03  0.0000000E+00
  0.2425712E-02 -0.2546102E-02 -0.5130453E-04  0.0000000E+00
 -0.1284428E-03  0.9823863E-03  0.4924200E-03  0.0000000E+00
  0.6844917E-03 -0.7487384E-03 -0.2405546E-02  0.0000000E+00
  0.2503314E-02  0.2264741E-02  0.3107131E-02  0.0000000E+00
  0.5320617E-02 -0.1290654E-02  0.1332151E-02  0.0000000E+00
  0.5101920E-03 -0.1379024E-02 -0.2326469E-03  0.0000000E+00
  0.1885674E-03 -0.5533372E-03 -0.1097700E-03  0.0000000E+00
 -0.3095418E-04  0.2509632E-04 -0.2287413E-04  0.0000000E+00
 -0.1260108E-03  0.2750020E-03  0.1463869E-04  0.0000000E+00
  0.1495528E-01 -0.1492703E-03  0.2384005E-04  0.0000000E+00
  0.5203738E-02 -0.8017989E-03  0.1946361E-03  0.0000000E+00
  0.5740789E-03 -0.1135789E-03 -0.2759660E-03  0.0000000E+00
  0.6804670E-02  0.8490817E-04  0.3687197E-03  0.0000000E+00
 -0.1931289E-02 -0.4336876E-04 -0.2938654E-03  0.0000000E+00
  0.6393571E-02 -0.1108719E-02  0.2031303E-03  0.0000000E+00
  0.1342325E-02  0.1742921E-02 -0.1361349E-02  0.0000000E+00
 -0.1583819E-02 -0.2080372E-02  0.8253972E-03  0.0000000E+00
 -0.3846384E-02  0.7435715E-03  0.7336003E-03  0.0000000E+00
 -0.3543823E-03  0.1501670E-03 -0.1150392E-02  0.0000000E+00
  0.8260494E-03  0.2928043E-03 -0.3504634E-04  0.0000000E+00
  0.3031025E-03  0.1288994E-03 -0.4010096E-04  0.0000000E+00
 -0.6503308E-04  0.1312535E-04 -0.4529067E-04  0.0000000E+00
 -0.2240153E-03 -0.3685772E-04 -0.4747147E-04  0.0000000E+00
 -0.1774746E-02  0.2474512E-03 -0.2168818E-03  0.0000000E+00
  0.5523559E-02 -0.6753891E-03  0.1250571E-03  0.0000000E+00
  0.4030721E-02  0.5549571E-03  0.7630645E-05  0.0000000E+00
 -0.6429415E-02 -0.4442129E-03 -0.2921775E-03  0.0000000E+00
  0.5894357E-02  0.5051995E-03  0.9702083E-04  0.0000000E+00
 -0.4601484E-02 -0.5204599E-03  0.1095985E-03  0.0000000E+00
  0.4066146E-02  0.3351685E-03  0.5490687E-03  0.0000000E+00
 -0.7442124E-04  0.7821366E-03 -0.5569511E-03  0.0000000E+00
 -0.1034412E-02 -0.2169455E-02 -0.1634609E-02  0.0000000E+00
 -0.1651270E-02  0.5754968E-03  0.7623974E-03  0.0000000E+00
 -0.4308955E-03 -0.7085681E-04  0.1220480E-03  0.0000000E+00
 -0.1656523E-03 -0.2171329E-04  0.3261964E-04  0.0000000E+00
  0.1815551E-04  0.1391293E-04 -0.3016167E-04  0.0000000E+00
  0.9764241E-04  0.2926009E-04 -0.5728012E-04  0.0000000E+00
