  4  2   882 12096  4  4  9 14  7  1    0.00   24.00  100.00 1000.00    0.00    6.28   45.00   45.00
  100.0  100.0  100.0  100.0  125.0  150.0  190.0  230.0  275.0  350.0  450.0  550.0  650.0  850.0 1000.0 1000.0 1000.0 1000.0
 -0.5162602E+01 -0.4077058E+01 -0.5724890E+00  0.0000000E+00
  0.1009948E+02  0.1295919E+02 -0.3049659E+01  0.0000000E+00
 -0.1555212E+02  0.8710431E+01  0.7872455E+00  0.0000000E+00
 -0.1785192E+02  0.9514728E+00  0.5300361E+00  0.0000000E+00
 -0.1567965E+02  0.4338644E+01 -0.1985882E+01  0.0000000E+00
 -0.1850229E+02 -0.4343988E+01  0.2348861E+01  0.0000000E+00
 -0.1909135E+02 -0.5464599E+01 -0.4059286E+00  0.0000000E+00
 -0.1342012E+02 -0.9787406E+01  0.9322466E+00  0.0000000E+00
 -0.7634817E+01 -0.1298010E+02 -0.5875999E-01  0.0000000E+00
 -0.3500482E+00 -0.6939963E+01  0.8929210E+00  0.0000000E+00
 -0.3427231E+01 -0.4809603E+01  0.1399334E+01  0.0000000E+00
 -0.3338890E+01 -0.5237608E+01  0.1301984E+01  0.0000000E+00
 -0.3272834E+01 -0.5539175E+01  0.1232915E+01  0.0000000E+00
 -0.3244451E+01 -0.5669400E+01  0.1203106E+01  0.0000000E+00
  0.6974155E+01 -0.3247788E+01 -0.1073560E+01  0.0000000E+00
  0.3766946E+02  0.1033109E+02 -0.2511270E+01  0.0000000E+00
 -0.9403551E+01  0.2002689E+01  0.2661169E+01  0.0000000E+00
 -0.9511150E+01 -0.7338510E+01  0.1359798E+01  0.0000000E+00
  0.3066775E+01 -0.1185114E+01 -0.2165345E+01  0.0000000E+00
  0.8047397E+01  0.2726270E+00  0.8655422E+00  0.0000000E+00
  0.4583001E+01  0.1063789E+01 -0.3937099E+00  0.0000000E+00
 -0.1027552E+01  0.9227197E+01  0.1175564E+01  0.0000000E+00
 -0.6834476E+01  0.9481880E+01  0.8808631E+00  0.0000000E+00
 -0.1290949E+02  0.5461271E+01  0.1874648E+01  0.0000000E+00
 -0.1311092E+02  0.4701722E+01  0.2150871E+01  0.0000000E+00
 -0.1259314E+02  0.4821705E+01  0.2112922E+01  0.0000000E+00
 -0.1223003E+02  0.4906704E+01  0.2085898E+01  0.0000000E+00
 -0.1207317E+02  0.4943391E+01  0.2074239E+01  0.0000000E+00
  0.1300013E+02 -0.2087735E+01 -0.3088919E-02  0.0000000E+00
 -0.3490100E+01  0.2349323E+01 -0.4652297E+00  0.0000000E+00
 -0.1018530E+02 -0.4251952E+01  0.8746605E+00  0.0000000E+00
 -0.1170030E+02 -0.8958387E+01  0.1420176E+01  0.0000000E+00
 -0.6102660E+01 -0.1836731E+01  0.2422754E+01  0.0000000E+00
 -0.6081992E+01 -0.4097783E+00  0.1046924E+01  0.0000000E+00
 -0.2500317E+01 -0.1549060E+01  0.1697185E+01  0.0000000E+00
  0.2172850E+01 -0.3372635E+01  0.1905180E+01  0.0000000E+00
  0.4765865E+01 -0.4229797E+01  0.1606036E+01  0.0000000E+00
  0.1496917E+02 -0.3771917E+01  0.1321267E+01  0.0000000E+00
  0.8351206E+01 -0.4022083E+01  0.2558710E+01  0.0000000E+00
  0.8501037E+01 -0.4077991E+01  0.2385354E+01  0.0000000E+00
  0.8615207E+01 -0.4116703E+01  0.2262066E+01  0.0000000E+00
  0.8664190E+01 -0.4133445E+01  0.2208869E+01  0.0000000E+00
 -0.7300243E-02  0.7667274E-02  0.2972784E-02  0.0000000E+00
 -0.1067797E+00 -0.1204375E-01 -0.1944160E-02  0.0000000E+00
  0.7561538E-01  0.1451018E-01  0.5988870E-03  0.0000000E+00
 -0.3208344E-01 -0.9378179E-01 -0.1427024E-01  0.0000000E+00
  0.1474995E+00  0.1736171E+00  0.3475476E-01  0.0000000E+00
 -0.2861840E+00 -0.1921147E+00 -0.9628488E-01  0.0000000E+00
  0.1333114E+01  0.1796643E+01 -0.8295719E-01  0.0000000E+00
 -0.1034785E+01  0.1289342E+01 -0.2810757E+00  0.0000000E+00
 -0.2008204E-01  0.2599449E+01 -0.1230563E+00  0.0000000E+00
 -0.3555522E+01 -0.2654138E+00 -0.4915706E+00  0.0000000E+00
 -0.1496031E+00  0.5905578E-01 -0.1966932E+00  0.0000000E+00
 -0.4518095E-01  0.2405537E-01 -0.7655861E-01  0.0000000E+00
  0.2335607E-01 -0.1394813E-02  0.7473005E-02  0.0000000E+00
  0.5313827E-01 -0.1235540E-01  0.4378252E-01  0.0000000E+00
 -0.4747055E-03  0.5656647E-02  0.1218443E-02  0.0000000E+00
 -0.1315951E-03 -0.4253415E-01  0.6963249E-02  0.0000000E+00
  0.1842860E-01  0.1018121E+00 -0.1325442E-01  0.0000000E+00
  0.2743007E-01 -0.1045838E+00  0.2094071E-01  0.0000000E+00
 -0.1138160E+00  0.1514906E+00 -0.4740038E-01  0.0000000E+00
  0.1151229E+01 -0.1406012E+00  0.1290861E+00  0.0000000E+00
  0.1535670E+01  0.1896776E+01 -0.1106237E+00  0.0000000E+00
  0.8371423E+00  0.3278869E+01  0.3370560E-01  0.0000000E+00
 -0.1509330E+01  0.3262422E+01  0.8149732E-01  0.0000000E+00
  0.1697602E+00  0.1607558E+01 -0.3715425E+00  0.0000000E+00
  0.2772515E-01 -0.4602935E+00  0.8744475E-01  0.0000000E+00
  0.1323415E-01 -0.1859317E+00  0.3458095E-01  0.0000000E+00
  0.3413391E-02  0.9174622E-02 -0.3063620E-02  0.0000000E+00
 -0.8419336E-03  0.9336011E-01 -0.1930482E-01  0.0000000E+00
  0.1888222E-01  0.3615299E-02  0.1101262E-02  0.0000000E+00
  0.9160277E-01 -0.2198878E-01 -0.7928204E-02  0.0000000E+00
 -0.9294332E-02  0.6997275E-01  0.9184223E-02  0.0000000E+00
 -0.5762861E-01 -0.2965389E-01 -0.3861359E-02  0.0000000E+00
  0.1292190E+00  0.4854461E-01 -0.7419499E-02  0.0000000E+00
 -0.2809416E+00 -0.2871909E+00  0.3365000E-01  0.0000000E+00
  0.6902040E+00 -0.4662351E+00  0.2196005E+00  0.0000000E+00
  0.3223753E+01 -0.1633850E+01  0.2503879E+00  0.0000000E+00
  0.4423862E+01 -0.2679982E+01  0.8283486E-01  0.0000000E+00
  0.8320757E+01 -0.2556748E+01  0.3527906E+00  0.0000000E+00
  0.1054613E+00  0.9058995E+00 -0.8077284E-01  0.0000000E+00
  0.1221297E-01  0.3640197E+00 -0.3181574E-01  0.0000000E+00
 -0.4295528E-01 -0.2060914E-01  0.3023831E-02  0.0000000E+00
 -0.6716703E-01 -0.1865970E+00  0.1805572E-01  0.0000000E+00
  0.2128355E-01  0.1332012E-01 -0.4406448E-02  0.0000000E+00
 -0.7521541E-01 -0.1929621E-01  0.9978293E-02  0.0000000E+00
  0.5253923E-01  0.5618716E-01 -0.9419195E-02  0.0000000E+00
 -0.1475365E+00 -0.1204312E+00  0.1237130E-01  0.0000000E+00
  0.2207428E+00  0.2153682E+00 -0.2143039E-01  0.0000000E+00
 -0.8859388E+00 -0.5544800E+00  0.5030121E-01  0.0000000E+00
  0.1590539E+00  0.2058270E+00 -0.5168225E-01  0.0000000E+00
 -0.2273902E+01  0.8798901E+00 -0.4603499E-01  0.0000000E+00
 -0.2112850E+01  0.1617348E+01 -0.4269423E-01  0.0000000E+00
 -0.8185267E+01  0.1111210E+01  0.6002715E-01  0.0000000E+00
 -0.1099578E+00  0.1716963E+00 -0.4015765E-02  0.0000000E+00
 -0.1490565E-01  0.6247047E-01 -0.1556822E-02  0.0000000E+00
  0.4123203E-01 -0.1305762E-01  0.3326333E-03  0.0000000E+00
  0.6587382E-01 -0.4572529E-01  0.1142704E-02  0.0000000E+00
 -0.6700352E-02 -0.1166747E-01 -0.3664002E-02  0.0000000E+00
 -0.5195259E-01  0.2637002E-01 -0.4045665E-02  0.0000000E+00
  0.6053289E-01 -0.4524301E-01  0.1068488E-01  0.0000000E+00
 -0.1016015E+00  0.5700625E-01 -0.1520501E-01  0.0000000E+00
  0.2521644E-01 -0.1213983E+00  0.2822369E-01  0.0000000E+00
  0.1009574E+00  0.3594865E+00 -0.5399851E-01  0.0000000E+00
  0.3984837E-01 -0.2169528E+00  0.1198036E+00  0.0000000E+00
  0.6934627E+00 -0.4878689E+00  0.1863247E+00  0.0000000E+00
 -0.1003300E+00 -0.1017406E+01 -0.6641471E-01  0.0000000E+00
  0.3010762E+01 -0.3263263E-01  0.2114854E+00  0.0000000E+00
  0.6692070E-01  0.2067132E+00  0.4706391E-02  0.0000000E+00
  0.1450082E-01  0.8171102E-01  0.2129359E-02  0.0000000E+00
 -0.1861081E-01 -0.6141716E-02  0.5318872E-03  0.0000000E+00
 -0.3305031E-01 -0.4408700E-01 -0.1659667E-03  0.0000000E+00
 -0.9902097E-02 -0.1248753E-01 -0.1624251E-02  0.0000000E+00
  0.4151561E-01  0.1201252E-01 -0.5096960E-02  0.0000000E+00
 -0.2337680E-01 -0.5969869E-01  0.7130827E-02  0.0000000E+00
  0.6553834E-01  0.5513945E-01 -0.1620969E-02  0.0000000E+00
 -0.4691507E-01 -0.1258152E+00  0.1832106E-01  0.0000000E+00
  0.4144579E-01  0.2824744E+00 -0.5657132E-01  0.0000000E+00
 -0.1472709E+00 -0.1964748E+00 -0.7746663E-01  0.0000000E+00
 -0.4428905E+00 -0.2769279E+00 -0.2956858E-01  0.0000000E+00
  0.1846208E+01 -0.6673291E+00 -0.2479232E-01  0.0000000E+00
 -0.2632607E+00  0.6169225E+00  0.9649953E-01  0.0000000E+00
 -0.2010701E+00  0.2372124E+00 -0.6075765E-01  0.0000000E+00
 -0.8383772E-01  0.9311331E-01 -0.2336262E-01  0.0000000E+00
 -0.2017508E-02 -0.7213751E-02  0.3030438E-02  0.0000000E+00
  0.3334350E-01 -0.5058206E-01  0.1442598E-01  0.0000000E+00
  0.4064542E+01 -0.9371174E+01  0.1389284E+01  0.0000000E+00
 -0.8368168E+01 -0.2866454E+01 -0.4510070E+00  0.0000000E+00
  0.1576167E+02  0.1259929E+02 -0.1002386E+01  0.0000000E+00
 -0.1415380E+02  0.8530353E+01  0.2536290E+01  0.0000000E+00
 -0.1208335E+02 -0.6459113E+01 -0.2007764E+00  0.0000000E+00
  0.1882610E+01  0.8837043E+01 -0.1020650E+01  0.0000000E+00
 -0.3087629E+01  0.4934157E+01 -0.8595155E+00  0.0000000E+00
  0.4504690E+00  0.5879727E+01 -0.7328138E+00  0.0000000E+00
 -0.1237184E+01  0.4688329E+01 -0.7341610E+00  0.0000000E+00
  0.2462415E+01 -0.1059463E+01 -0.7157873E+00  0.0000000E+00
  0.5029620E+01 -0.5098108E+01 -0.5159955E+00  0.0000000E+00
  0.5077370E+01 -0.4287161E+01 -0.5745742E+00  0.0000000E+00
  0.5107771E+01 -0.3714310E+01 -0.6157996E+00  0.0000000E+00
  0.5121019E+01 -0.3466993E+01 -0.6336037E+00  0.0000000E+00
  0.9546470E+01 -0.8328734E+01  0.9957024E+00  0.0000000E+00
 -0.1883843E+02 -0.8429407E+01 -0.5194307E+00  0.0000000E+00
  0.2241532E+02  0.6702391E+01  0.1285845E+01  0.0000000E+00
 -0.7752271E+01 -0.9490585E+00  0.2677531E+01  0.0000000E+00
 -0.3183228E+01 -0.1099276E+02  0.1540585E+00  0.0000000E+00
  0.3771162E+01  0.3219086E+01  0.8488563E-01  0.0000000E+00
  0.3748895E+00 -0.3180313E+01 -0.1168782E+00  0.0000000E+00
  0.1165472E+01 -0.2425296E+00 -0.1072705E+00  0.0000000E+00
  0.4941116E+00  0.9332617E+00 -0.6766809E-01  0.0000000E+00
 -0.3457422E+01  0.1779584E+01  0.3244031E+00  0.0000000E+00
 -0.7801108E+00 -0.4520960E+01  0.1862571E+00  0.0000000E+00
 -0.6881597E+00 -0.3421806E+01  0.1929871E+00  0.0000000E+00
 -0.6273296E+00 -0.2642890E+01  0.1977325E+00  0.0000000E+00
 -0.6009154E+00 -0.2306699E+01  0.1997817E+00  0.0000000E+00
  0.4385870E+01 -0.1668715E+01  0.2910223E+00  0.0000000E+00
  0.2390141E+01  0.3034742E+01 -0.1010317E+00  0.0000000E+00
  0.3405334E+01  0.3621894E+01 -0.5221011E+00  0.0000000E+00
 -0.4399948E+01 -0.7151306E+01  0.1711838E+01  0.0000000E+00
  0.3880373E+01  0.3083313E+01  0.5349268E+00  0.0000000E+00
  0.2413066E+01  0.1808302E+01 -0.8637900E+00  0.0000000E+00
  0.3877080E+00  0.1590057E+01 -0.5606820E+00  0.0000000E+00
 -0.1413048E+01  0.1437895E+01 -0.4215737E+00  0.0000000E+00
  0.3967858E+00 -0.2720054E+00 -0.6018208E+00  0.0000000E+00
  0.2790839E+01  0.2773883E+00 -0.2632145E+00  0.0000000E+00
 -0.1377857E+01  0.4908941E+01  0.8158839E+00  0.0000000E+00
 -0.1440205E+00  0.4135746E+01  0.6891577E+00  0.0000000E+00
  0.7283432E+00  0.3586763E+01  0.5991049E+00  0.0000000E+00
  0.1104939E+01  0.3349855E+01  0.5602460E+00  0.0000000E+00
 -0.3471631E-01  0.1283503E-01 -0.3643949E-02  0.0000000E+00
  0.8834337E-01  0.3104189E-02 -0.7278287E-03  0.0000000E+00
 -0.4318613E-01 -0.3939661E-01 -0.8140294E-02  0.0000000E+00
  0.7835698E-01  0.2308111E-01  0.7493557E-02  0.0000000E+00
 -0.1426796E+00 -0.4637344E-01  0.1028570E-01  0.0000000E+00
  0.9526339E+00  0.2491341E+00 -0.1346636E+00  0.0000000E+00
  0.1489208E+01  0.6479674E+00 -0.4512213E+00  0.0000000E+00
  0.3487823E+01 -0.1155790E+01 -0.6443195E+00  0.0000000E+00
  0.2480171E+01  0.6931783E+00 -0.4345632E+00  0.0000000E+00
  0.3976456E+01 -0.1361883E+01 -0.7948639E+00  0.0000000E+00
  0.1419382E+01 -0.9483834E+00  0.2588125E-01  0.0000000E+00
  0.5455325E+00 -0.3677544E+00  0.1249167E-01  0.0000000E+00
 -0.6518462E-01  0.3956580E-01  0.1831056E-02  0.0000000E+00
 -0.3290910E+00  0.2155223E+00 -0.2727048E-02  0.0000000E+00
 -0.2638218E-02  0.3368609E-02 -0.3259709E-02  0.0000000E+00
  0.3968317E-01 -0.3675805E-01  0.1019324E-01  0.0000000E+00
 -0.3773245E-01  0.4902530E-01 -0.1466886E-01  0.0000000E+00
  0.7480453E-01 -0.3020131E-02  0.2509936E-01  0.0000000E+00
 -0.7678854E-01 -0.1723025E-01 -0.3398608E-01  0.0000000E+00
  0.4793176E-01  0.1101664E+00  0.5589228E-01  0.0000000E+00
 -0.1292040E+01  0.1833030E+00 -0.1611764E+00  0.0000000E+00
 -0.4419436E+01  0.1458068E+01  0.8694166E-01  0.0000000E+00
 -0.2119803E+01  0.1030732E+01  0.3541489E-01  0.0000000E+00
 -0.9514912E+01  0.1408915E+01  0.2285244E+00  0.0000000E+00
 -0.1312479E+01  0.3015927E+00  0.4075227E-01  0.0000000E+00
 -0.4862359E+00  0.1147790E+00  0.1541392E-01  0.0000000E+00
  0.8334861E-01 -0.1499687E-01 -0.2085120E-02  0.0000000E+00
  0.3297734E+00 -0.7110554E-01 -0.9654733E-02  0.0000000E+00
  0.2655784E-01 -0.4560431E-02  0.9055182E-03  0.0000000E+00
 -0.8674940E-01 -0.7532853E-01  0.1170116E-01  0.0000000E+00
  0.9983523E-01  0.7749754E-01 -0.1545086E-01  0.0000000E+00
 -0.1147190E+00 -0.6266835E-01  0.3531572E-01  0.0000000E+00
  0.2218353E+00  0.7668505E-01 -0.6823229E-01  0.0000000E+00
 -0.9695320E+00 -0.3030922E+00  0.2313205E+00  0.0000000E+00
 -0.7249012E+00 -0.3949567E+00 -0.3573849E-01  0.0000000E+00
  0.6410418E+00 -0.9961933E+00 -0.7727042E-01  0.0000000E+00
  0.1083050E+01 -0.1575326E+01  0.4069268E-01  0.0000000E+00
  0.5531441E+01 -0.3739805E+00 -0.2620684E+00  0.0000000E+00
  0.1480357E+01 -0.8066106E+00  0.8025051E-01  0.0000000E+00
  0.5639226E+00 -0.3166451E+00  0.3226418E-01  0.0000000E+00
 -0.7449921E-01  0.2816953E-01 -0.1877468E-02  0.0000000E+00
 -0.3504542E+00  0.1770838E+00 -0.1660843E-01  0.0000000E+00
  0.2389872E-02  0.1754897E-01  0.1728643E-02  0.0000000E+00
  0.1952963E-02  0.5702894E-02  0.5028789E-02  0.0000000E+00
  0.4621142E-01  0.5550218E-02 -0.6663060E-02  0.0000000E+00
 -0.5894315E-01  0.3404482E-01  0.1213539E-01  0.0000000E+00
  0.1296937E+00  0.2438112E-01 -0.4450236E-01  0.0000000E+00
 -0.5704317E+00 -0.6996584E-01  0.1274462E+00  0.0000000E+00
 -0.3660928E+00 -0.3878925E+00  0.2204268E-01  0.0000000E+00
  0.1915606E+00 -0.1476137E+01  0.1681621E+00  0.0000000E+00
  0.5989042E+00 -0.2063362E+00  0.1953405E+00  0.0000000E+00
 -0.1789193E+01 -0.8376157E+00  0.5102533E+00  0.0000000E+00
  0.9956648E+00 -0.3694612E+00  0.1164957E+00  0.0000000E+00
  0.3965355E+00 -0.1412473E+00  0.4469902E-01  0.0000000E+00
 -0.2794408E-01  0.1835729E-01 -0.5188518E-02  0.0000000E+00
 -0.2111581E+00  0.8732245E-01 -0.2675701E-01  0.0000000E+00
 -0.2526709E-02 -0.1914280E-01 -0.4685262E-03  0.0000000E+00
  0.6389554E-01  0.3380287E-01  0.2705671E-02  0.0000000E+00
 -0.1446786E+00 -0.5474735E-01 -0.5878667E-03  0.0000000E+00
  0.1891555E+00  0.3429822E-01 -0.2027359E-02  0.0000000E+00
 -0.3060484E+00 -0.6057095E-01  0.4826363E-02  0.0000000E+00
  0.5331440E+00  0.1921350E+00 -0.2556712E-01  0.0000000E+00
 -0.1089165E+01  0.2141478E+00 -0.1557105E+00  0.0000000E+00
 -0.2430102E+01  0.1181629E+01 -0.2353079E+00  0.0000000E+00
 -0.3690299E+01  0.6445046E+00 -0.4821163E-01  0.0000000E+00
 -0.2919044E+01 -0.7956558E-01 -0.6976246E-01  0.0000000E+00
 -0.6125163E+00 -0.2994257E+00 -0.5068489E-01  0.0000000E+00
 -0.2324525E+00 -0.1171131E+00 -0.1918496E-01  0.0000000E+00
  0.3179986E-01  0.1100740E-01  0.2891206E-02  0.0000000E+00
  0.1460408E+00  0.6634541E-01  0.1242861E-01  0.0000000E+00
 -0.6575241E-02 -0.1404492E-01  0.6056390E-02  0.0000000E+00
  0.2003095E-01 -0.1753350E-02 -0.1353998E-01  0.0000000E+00
 -0.4242075E-01 -0.4859002E-01  0.8787111E-02  0.0000000E+00
  0.1000563E+00 -0.5324018E-02 -0.1398287E-01  0.0000000E+00
 -0.2301239E+00 -0.4627265E-01  0.3585705E-01  0.0000000E+00
  0.7234722E+00  0.5474102E-01 -0.1256216E+00  0.0000000E+00
 -0.2092980E+00  0.5078469E-01 -0.4646465E-01  0.0000000E+00
  0.1207777E+01 -0.6378128E+00  0.6628186E-01  0.0000000E+00
  0.1411000E+01 -0.1075206E+01  0.1330790E+00  0.0000000E+00
  0.6083209E+01 -0.1029518E+01  0.2326960E+00  0.0000000E+00
  0.1161920E+01 -0.5931766E+00  0.3253127E-01  0.0000000E+00
  0.4369061E+00 -0.2300085E+00  0.1221560E-01  0.0000000E+00
 -0.6587190E-01  0.2398682E-01 -0.1775593E-02  0.0000000E+00
 -0.2832811E+00  0.1337381E+00 -0.7829263E-02  0.0000000E+00
  0.1461017E+01  0.3266485E+01  0.5977303E-01  0.0000000E+00
 -0.7321898E+01 -0.6264367E+00 -0.2307035E+01  0.0000000E+00
 -0.1485498E+00  0.5156831E+01  0.7800114E+00  0.0000000E+00
  0.1655589E+01  0.2534056E+01  0.2330978E+00  0.0000000E+00
 -0.5618760E+01  0.6506428E+01 -0.1998675E+01  0.0000000E+00
  0.5201589E+01 -0.1956311E+01  0.7161589E+00  0.0000000E+00
 -0.2997493E+01  0.1234541E+01 -0.5108171E+00  0.0000000E+00
  0.5104118E+00  0.4797124E-01  0.9984268E-01  0.0000000E+00
 -0.1810456E+01  0.1278977E+01 -0.1455136E+00  0.0000000E+00
 -0.5819202E+00  0.4374386E+00 -0.7805172E-01  0.0000000E+00
 -0.1944173E+01 -0.1464118E+01 -0.7411954E+00  0.0000000E+00
 -0.1677728E+01 -0.1204703E+01 -0.6281052E+00  0.0000000E+00
 -0.1489438E+01 -0.1019674E+01 -0.5479433E+00  0.0000000E+00
 -0.1408149E+01 -0.9398571E+00 -0.5133451E+00  0.0000000E+00
 -0.5172605E+01  0.3195754E+00 -0.1040969E+00  0.0000000E+00
 -0.3099013E+01  0.2605198E+00 -0.2766512E+00  0.0000000E+00
  0.7778914E+01  0.6192502E+00  0.2531121E+00  0.0000000E+00
  0.1326124E+02 -0.9165031E+01  0.2645292E+01  0.0000000E+00
 -0.2244888E+01  0.1498200E+00 -0.3960757E+00  0.0000000E+00
  0.5022662E+01 -0.1798295E+00  0.8771595E+00  0.0000000E+00
 -0.8716799E+00 -0.2604254E+01  0.5371870E-01  0.0000000E+00
  0.1832667E+01 -0.8268840E+00  0.2229012E+00  0.0000000E+00
  0.3873648E+00 -0.2478649E+01 -0.3701944E+00  0.0000000E+00
 -0.8181993E-01  0.1159681E+01  0.1848024E-01  0.0000000E+00
 -0.1308339E+01  0.1516362E+01  0.1210103E-01  0.0000000E+00
 -0.1216374E+01  0.1482468E+01  0.3689993E-01  0.0000000E+00
 -0.1150760E+01  0.1458995E+01  0.5424382E-01  0.0000000E+00
 -0.1122456E+01  0.1448843E+01  0.6173814E-01  0.0000000E+00
  0.3417037E+00 -0.2084817E+00  0.1833653E+01  0.0000000E+00
  0.3362172E+01 -0.6524299E+01  0.1667537E+01  0.0000000E+00
  0.2740449E+01 -0.5025173E+01 -0.4284955E+00  0.0000000E+00
  0.8716500E+01  0.3087547E+01  0.1271492E+01  0.0000000E+00
  0.5793767E-01 -0.4237292E+01 -0.9032121E+00  0.0000000E+00
  0.2101119E+01 -0.6304362E+00  0.4120269E+00  0.0000000E+00
  0.2294150E+00 -0.2006576E+01  0.1026096E+00  0.0000000E+00
  0.1034359E+01  0.8716248E+00  0.1500993E+00  0.0000000E+00
 -0.3945489E+00 -0.4873903E+00  0.2551659E+00  0.0000000E+00
 -0.1017965E+01  0.1113631E+01 -0.2865389E+00  0.0000000E+00
 -0.2250984E+01  0.1008753E+00 -0.1880478E+00  0.0000000E+00
 -0.2006200E+01  0.3715150E+00 -0.1813700E+00  0.0000000E+00
 -0.1833128E+01  0.5632596E+00 -0.1768200E+00  0.0000000E+00
 -0.1758414E+01  0.6460204E+00 -0.1748494E+00  0.0000000E+00
  0.1456847E-01 -0.5972443E-02  0.9427095E-03  0.0000000E+00
 -0.2444518E-01  0.1425834E-01 -0.6733170E-02  0.0000000E+00
  0.4352969E-01 -0.2812803E-01  0.7944032E-02  0.0000000E+00
 -0.2236625E-01 -0.2130900E-01 -0.4081395E-02  0.0000000E+00
  0.1134834E+00 -0.7050544E-01 -0.7573335E-03  0.0000000E+00
 -0.2213188E+00  0.2906753E+00  0.1534022E-01  0.0000000E+00
 -0.4397249E-01  0.1229544E+00  0.6465860E-01  0.0000000E+00
 -0.6360693E+00  0.1133975E+01  0.3344527E+00  0.0000000E+00
  0.2996731E+00  0.2026744E+00  0.7237725E-01  0.0000000E+00
 -0.2802225E+01  0.2830822E+01  0.1927536E+00  0.0000000E+00
  0.8102495E+00 -0.8803346E+00  0.7439363E-01  0.0000000E+00
  0.3275277E+00 -0.3551070E+00  0.2892715E-01  0.0000000E+00
 -0.1655878E-01  0.1910359E-01 -0.2936255E-02  0.0000000E+00
 -0.1649969E+00  0.1805435E+00 -0.1670193E-01  0.0000000E+00
  0.2170637E-01  0.1120125E-01  0.1432264E-03  0.0000000E+00
  0.4114838E-01  0.1328153E-01 -0.6612850E-02  0.0000000E+00
  0.6960575E-01 -0.5287658E-02  0.4931755E-02  0.0000000E+00
 -0.7256159E-01  0.8605080E-01 -0.1268249E-01  0.0000000E+00
  0.1552962E+00 -0.1680786E+00  0.1779096E-01  0.0000000E+00
 -0.2360660E-01  0.3870395E+00 -0.3890115E-01  0.0000000E+00
  0.7989799E+00 -0.1429881E-01  0.2320331E+00  0.0000000E+00
  0.1487895E+01 -0.5821308E+00  0.1364986E+00  0.0000000E+00
  0.1647508E+01 -0.1173114E+01 -0.6766933E-01  0.0000000E+00
  0.2475319E+01  0.1722243E+00  0.2863037E-01  0.0000000E+00
  0.4909251E+00 -0.2791514E-01  0.1110659E+00  0.0000000E+00
  0.1860356E+00 -0.1303659E-01  0.4370092E-01  0.0000000E+00
 -0.2584058E-01 -0.1778478E-02 -0.3613928E-02  0.0000000E+00
 -0.1174424E+00  0.3054104E-02 -0.2405121E-01  0.0000000E+00
 -0.1066948E-01 -0.9454868E-02 -0.2521587E-03  0.0000000E+00
  0.3519809E-01 -0.2117645E-01  0.7664941E-03  0.0000000E+00
 -0.4032538E-01  0.1003639E+00 -0.2396229E-02  0.0000000E+00
  0.9636088E-03 -0.8898154E-01 -0.6176221E-03  0.0000000E+00
 -0.2484637E-01  0.1282562E+00  0.6283204E-02  0.0000000E+00
  0.8978526E-02 -0.3123254E+00 -0.3135474E-01  0.0000000E+00
  0.6140691E-01  0.4809292E+00 -0.5756831E-02  0.0000000E+00
 -0.1363884E+00  0.9399691E+00 -0.2218230E+00  0.0000000E+00
  0.2372922E+00  0.6314067E+00  0.4159849E-01  0.0000000E+00
 -0.1534069E+01  0.1257607E+01 -0.1281105E+00  0.0000000E+00
 -0.4205486E+00  0.1733756E+00 -0.5390763E-01  0.0000000E+00
 -0.1603996E+00  0.6510390E-01 -0.2054984E-01  0.0000000E+00
  0.2089301E-01 -0.9646388E-02  0.2645246E-02  0.0000000E+00
  0.9925357E-01 -0.4198204E-01  0.1267291E-01  0.0000000E+00
 -0.6595931E-02  0.1716489E-03  0.6553143E-02  0.0000000E+00
 -0.7146539E-01 -0.1295391E-01 -0.1034882E-01  0.0000000E+00
  0.3256214E-01  0.1329834E-01  0.1969954E-01  0.0000000E+00
 -0.1684642E+00  0.4673099E-02 -0.2329713E-01  0.0000000E+00
  0.1293284E+00  0.1195953E+00  0.4464530E-01  0.0000000E+00
 -0.3789920E+00 -0.3779463E+00 -0.8299384E-01  0.0000000E+00
  0.8054364E+00  0.2632344E-01  0.3003047E+00  0.0000000E+00
  0.5642177E+00 -0.2111756E-02  0.2887324E+00  0.0000000E+00
  0.9020633E+00 -0.3889143E+00  0.1158018E+00  0.0000000E+00
  0.5161332E+00 -0.1858469E-01  0.9508106E-01  0.0000000E+00
  0.8973085E+00 -0.7332998E+00  0.7072102E-02  0.0000000E+00
  0.3503299E+00 -0.2880515E+00  0.2604328E-02  0.0000000E+00
 -0.3469679E-01  0.2595618E-01 -0.4415966E-03  0.0000000E+00
 -0.2009739E+00  0.1615413E+00 -0.1760654E-02  0.0000000E+00
  0.3905929E-02  0.1430967E-01  0.1105136E-02  0.0000000E+00
 -0.1339268E-01  0.8402123E-02 -0.5349578E-03  0.0000000E+00
  0.5075706E-01 -0.2206424E-01 -0.2039901E-05  0.0000000E+00
  0.8926806E-02  0.1758952E-01  0.6571095E-02  0.0000000E+00
 -0.6996161E-01  0.4420529E-01 -0.1216330E-01  0.0000000E+00
  0.3817170E+00 -0.8757112E-01  0.2919111E-01  0.0000000E+00
 -0.2591614E+00  0.1512093E+00 -0.7183969E-01  0.0000000E+00
  0.9743443E+00 -0.2129402E+00 -0.9678271E-01  0.0000000E+00
 -0.7580419E+00  0.3077961E+00 -0.2804298E-01  0.0000000E+00
  0.1880887E+01 -0.3528315E+00 -0.1341100E+00  0.0000000E+00
  0.2452404E+00 -0.2778652E+00 -0.7658868E-02  0.0000000E+00
  0.8878233E-01 -0.1069857E+00 -0.2498429E-02  0.0000000E+00
 -0.1844926E-01  0.1273205E-01  0.9524163E-03  0.0000000E+00
 -0.6486580E-01  0.6445435E-01  0.2449417E-02  0.0000000E+00
 -0.1449466E-02 -0.2303491E-01 -0.2643453E-02  0.0000000E+00
  0.4973003E-01  0.5578526E-03  0.4539243E-02  0.0000000E+00
 -0.2939668E-01 -0.3059179E-01 -0.2211221E-03  0.0000000E+00
  0.9706339E-01 -0.2595168E-01 -0.4870208E-03  0.0000000E+00
  0.2508139E-01 -0.1222714E-01  0.2055318E-01  0.0000000E+00
 -0.2180749E+00  0.1159844E+00 -0.3277477E-01  0.0000000E+00
 -0.9910548E-01  0.2442012E+00 -0.1993885E-01  0.0000000E+00
 -0.9989665E+00  0.3704732E+00 -0.7991577E-01  0.0000000E+00
 -0.4116240E+00  0.3008522E+00  0.4232336E-01  0.0000000E+00
 -0.3194999E+01  0.6429313E+00 -0.9109572E-01  0.0000000E+00
 -0.2629153E+00  0.9789334E-01  0.1966139E-01  0.0000000E+00
 -0.9343439E-01  0.3746886E-01  0.8086504E-02  0.0000000E+00
  0.2158537E-01 -0.4391518E-02 -0.1511797E-03  0.0000000E+00
  0.7141608E-01 -0.2249412E-01 -0.3705397E-02  0.0000000E+00
 -0.3956204E+01  0.2079633E+01  0.2328055E+00  0.0000000E+00
 -0.5450617E+01  0.1325772E+01 -0.6177363E+00  0.0000000E+00
  0.1168568E+01  0.5643559E+00  0.3775499E+00  0.0000000E+00
  0.7080609E+01 -0.1987094E+01  0.1309866E+00  0.0000000E+00
 -0.4188871E+01 -0.3368611E+01 -0.5052200E+00  0.0000000E+00
  0.3351872E+01  0.7073038E+00  0.2990248E+00  0.0000000E+00
 -0.7558673E+00 -0.1954403E+01 -0.1379641E+00  0.0000000E+00
  0.1068259E+01 -0.4476988E+00  0.1196879E+00  0.0000000E+00
 -0.8579515E+00 -0.2571400E+00 -0.1835290E+00  0.0000000E+00
  0.5782090E+00  0.1381209E+00 -0.6056964E-01  0.0000000E+00
 -0.2021939E+01  0.6817506E+00 -0.1171289E+00  0.0000000E+00
 -0.1722454E+01  0.6611156E+00 -0.1071741E+00  0.0000000E+00
 -0.1508929E+01  0.6458407E+00 -0.1001315E+00  0.0000000E+00
 -0.1416817E+01  0.6392718E+00 -0.9709144E-01  0.0000000E+00
 -0.3424563E+01  0.2862413E+01 -0.1781451E+00  0.0000000E+00
 -0.6918888E+01  0.2550568E+01 -0.4623132E+00  0.0000000E+00
  0.2471888E+01  0.2490121E+01  0.3761027E+00  0.0000000E+00
 -0.1861468E+01  0.3680584E+01 -0.5614034E+00  0.0000000E+00
 -0.9432530E+01  0.4368702E+00 -0.1032413E+01  0.0000000E+00
  0.4042256E+01 -0.5012097E+00  0.3982388E+00  0.0000000E+00
 -0.3146244E+01 -0.6891296E+00 -0.5006225E+00  0.0000000E+00
  0.1361810E+01 -0.1232779E+01  0.1012444E-01  0.0000000E+00
 -0.8232579E+00 -0.1349970E+01 -0.3938447E+00  0.0000000E+00
  0.1183316E+01 -0.8386359E+00 -0.1333322E-01  0.0000000E+00
 -0.8444866E+00  0.4063622E+00  0.1546435E+00  0.0000000E+00
 -0.8304385E+00  0.3125730E+00  0.1641634E+00  0.0000000E+00
 -0.8183777E+00  0.2452516E+00  0.1705998E+00  0.0000000E+00
 -0.8132491E+00  0.2162262E+00  0.1733892E+00  0.0000000E+00
  0.6135067E+00  0.1665660E+01  0.5148285E+00  0.0000000E+00
 -0.1732109E+00  0.4007700E-01  0.1945146E-01  0.0000000E+00
  0.1186585E+01 -0.4430394E+01 -0.4541095E+00  0.0000000E+00
 -0.4661469E+01  0.3116066E+01 -0.3881795E+00  0.0000000E+00
  0.4005177E+01 -0.2379523E+01  0.9448431E-01  0.0000000E+00
 -0.8470512E+00  0.9003529E+00 -0.7763877E-01  0.0000000E+00
  0.1668889E+01 -0.7292939E+00 -0.3803267E-01  0.0000000E+00
 -0.2627736E-01  0.1019295E+00 -0.6988699E-02  0.0000000E+00
  0.8739062E-01  0.3317386E+00 -0.7876308E-01  0.0000000E+00
 -0.3585301E-01  0.5177244E+00 -0.4944893E-01  0.0000000E+00
 -0.8645479E+00 -0.1036442E+01  0.1585735E+00  0.0000000E+00
 -0.2706645E+00 -0.8478469E+00  0.1494681E+00  0.0000000E+00
  0.1473723E+00 -0.7137286E+00  0.1428394E+00  0.0000000E+00
  0.3279058E+00 -0.6558586E+00  0.1399848E+00  0.0000000E+00
 -0.7177897E-02  0.1761261E-01  0.2164114E-02  0.0000000E+00
 -0.1500982E-01  0.1096564E-01  0.2083153E-02  0.0000000E+00
 -0.5707268E-01  0.1604828E-01 -0.3094679E-02  0.0000000E+00
  0.6487951E-01 -0.6050254E-01  0.2538936E-02  0.0000000E+00
 -0.2080198E+00  0.6923686E-01 -0.8904509E-02  0.0000000E+00
  0.2558239E+00 -0.2167691E+00  0.5273002E-01  0.0000000E+00
 -0.4915174E+00 -0.4198968E+00  0.4585885E-01  0.0000000E+00
  0.1414370E+00 -0.3719603E+00  0.1156305E-01  0.0000000E+00
  0.7614128E+00 -0.5685836E+00 -0.7932389E-01  0.0000000E+00
  0.3183672E+00 -0.3157717E+00 -0.4608463E-01  0.0000000E+00
  0.8943912E+00 -0.2122386E-01 -0.2743311E-01  0.0000000E+00
  0.3497515E+00 -0.7589832E-02 -0.1068727E-01  0.0000000E+00
 -0.3359042E-01  0.1747170E-02  0.1006258E-02  0.0000000E+00
 -0.1991416E+00  0.5788974E-02  0.6059721E-02  0.0000000E+00
  0.2872042E-01  0.3807322E-02 -0.9350651E-04  0.0000000E+00
 -0.1367796E-01  0.9687910E-02  0.1851633E-03  0.0000000E+00
 -0.9815144E-02 -0.8812435E-02 -0.2424984E-02  0.0000000E+00
  0.1730128E-01  0.3464574E-02 -0.7319068E-03  0.0000000E+00
 -0.7357032E-01  0.1249857E-01 -0.1690393E-02  0.0000000E+00
  0.6290242E-01 -0.1010893E+00  0.2327623E-01  0.0000000E+00
  0.2228712E+00  0.9828029E-01  0.1212812E+00  0.0000000E+00
  0.7786672E+00 -0.5578376E+00  0.9633126E-01  0.0000000E+00
 -0.5358218E-01  0.2736863E+00  0.5604774E-02  0.0000000E+00
  0.1185891E+01  0.6148404E-01  0.2109519E-01  0.0000000E+00
  0.5182790E+00 -0.5554642E+00 -0.2653890E-01  0.0000000E+00
  0.1989658E+00 -0.2170940E+00 -0.1016017E-01  0.0000000E+00
 -0.2411829E-01  0.2091320E-01  0.1414443E-02  0.0000000E+00
 -0.1205217E+00  0.1237056E+00  0.6411366E-02  0.0000000E+00
  0.2775414E-01 -0.2614760E-02 -0.1635777E-02  0.0000000E+00
 -0.1969828E-01 -0.5190743E-02  0.3442203E-02  0.0000000E+00
  0.4541767E-01 -0.2751666E-01 -0.8162659E-03  0.0000000E+00
 -0.5971566E-01  0.9338594E-01  0.9327626E-03  0.0000000E+00
  0.1603003E+00 -0.1610337E+00  0.1016886E-02  0.0000000E+00
 -0.1324777E+00  0.3262781E+00 -0.3283555E-01  0.0000000E+00
 -0.1382138E+00 -0.9494986E-01 -0.1025575E+00  0.0000000E+00
 -0.1428987E+01  0.4674714E+00 -0.1653643E+00  0.0000000E+00
 -0.7050766E+00  0.3124729E+00 -0.1406179E+00  0.0000000E+00
 -0.3307078E+01  0.1516380E+00 -0.5417900E-01  0.0000000E+00
 -0.4917617E+00  0.6160925E-01 -0.3475163E-01  0.0000000E+00
 -0.1823391E+00  0.2334724E-01 -0.1338664E-01  0.0000000E+00
  0.3082627E-01 -0.3135489E-02  0.1534786E-02  0.0000000E+00
  0.1230556E+00 -0.1458912E-01  0.7983128E-02  0.0000000E+00
  0.3085135E-02  0.1081534E-01 -0.2104908E-02  0.0000000E+00
 -0.4594751E-01  0.1568201E-01  0.3853928E-02  0.0000000E+00
  0.1969295E-03  0.1709310E-01  0.1205302E-01  0.0000000E+00
  0.9381678E-01 -0.7937535E-02 -0.2176194E-01  0.0000000E+00
 -0.7077557E-01 -0.3401488E-02  0.3637477E-01  0.0000000E+00
 -0.1919319E-01  0.1269290E+00 -0.9810996E-01  0.0000000E+00
 -0.1161206E+00  0.1419995E-01  0.1871952E-01  0.0000000E+00
  0.5955898E+00  0.7359230E-01 -0.4783374E-01  0.0000000E+00
 -0.1967398E-01  0.2830161E+00 -0.4007761E-01  0.0000000E+00
  0.1221665E+01 -0.6424852E-01 -0.1012465E+00  0.0000000E+00
  0.1236244E+01 -0.2231184E+00 -0.1718622E-01  0.0000000E+00
  0.4810299E+00 -0.8754177E-01 -0.6308090E-02  0.0000000E+00
 -0.4946940E-01  0.7830532E-02  0.1215440E-02  0.0000000E+00
 -0.2786114E+00  0.4902028E-01  0.4469496E-02  0.0000000E+00
 -0.2688007E-01 -0.1268396E-01 -0.4401386E-02  0.0000000E+00
  0.2621948E-01 -0.3010529E-02 -0.6822580E-02  0.0000000E+00
 -0.3409536E-01 -0.6447215E-02  0.2266269E-02  0.0000000E+00
  0.7511053E-02  0.2131726E-01  0.3181040E-02  0.0000000E+00
  0.7027970E-03  0.5363141E-02 -0.1318581E-01  0.0000000E+00
  0.3317288E-01 -0.3836377E-02  0.1192859E-01  0.0000000E+00
  0.4725869E+00 -0.2550506E+00  0.2241631E-01  0.0000000E+00
 -0.1436160E-01  0.2424612E+00 -0.3197433E-01  0.0000000E+00
 -0.4052857E+00  0.2335219E-01 -0.2281673E-01  0.0000000E+00
 -0.1157340E+01  0.3553241E+00  0.3569581E-01  0.0000000E+00
 -0.4301175E+00 -0.5552998E-01 -0.1546255E-01  0.0000000E+00
 -0.1647440E+00 -0.2278353E-01 -0.5743989E-02  0.0000000E+00
  0.2053221E-01  0.8628629E-03  0.1111655E-02  0.0000000E+00
  0.1006019E+00  0.1105269E-01  0.4071811E-02  0.0000000E+00
 -0.1595143E-01 -0.4925871E-03 -0.8672026E-03  0.0000000E+00
  0.3627701E-01 -0.2315368E-01  0.1312344E-03  0.0000000E+00
 -0.1324030E-01 -0.1475481E-01 -0.8412640E-02  0.0000000E+00
 -0.4877700E-01  0.5872770E-02  0.1331030E-01  0.0000000E+00
  0.3175810E-01 -0.1084503E-01 -0.2058290E-01  0.0000000E+00
 -0.8525654E-01 -0.1034900E+00  0.7469022E-01  0.0000000E+00
  0.2267768E-01 -0.4482344E-01  0.3640464E-01  0.0000000E+00
 -0.3546109E+00 -0.2536218E+00 -0.9082295E-02  0.0000000E+00
 -0.2459707E+00  0.8723042E-02  0.4367692E-01  0.0000000E+00
 -0.7547938E+00 -0.5351732E-01 -0.4866168E-01  0.0000000E+00
 -0.2505340E-01  0.7977828E-01  0.1036184E-01  0.0000000E+00
 -0.7022322E-02  0.3076880E-01  0.4371256E-02  0.0000000E+00
  0.4086223E-02 -0.3396658E-02  0.7692848E-04  0.0000000E+00
  0.8942458E-02 -0.1816390E-01 -0.1774747E-02  0.0000000E+00
  0.1575535E+00 -0.4436197E-01  0.6887601E-02  0.0000000E+00
  0.1827141E+01 -0.7731650E+00 -0.1989303E+00  0.0000000E+00
 -0.3295680E+01  0.1315607E+01  0.1180508E-01  0.0000000E+00
  0.1068584E+02  0.1007377E+01  0.7106180E+00  0.0000000E+00
  0.8459474E+00 -0.1438014E+01 -0.8249541E+00  0.0000000E+00
 -0.2185000E+01  0.1089653E-03  0.3898881E+00  0.0000000E+00
 -0.1752422E+00 -0.7198327E+00 -0.2253029E+00  0.0000000E+00
 -0.5548784E+00 -0.1845345E+00 -0.9913636E-02  0.0000000E+00
 -0.3782821E+00 -0.7162705E+00 -0.9990005E-02  0.0000000E+00
  0.7090759E-01 -0.1907104E+00 -0.7432933E-01  0.0000000E+00
 -0.2284523E+01  0.1206311E+01 -0.1097722E+00  0.0000000E+00
 -0.2114787E+01  0.1015800E+01 -0.9843087E-01  0.0000000E+00
 -0.1992400E+01  0.8804429E+00 -0.9042341E-01  0.0000000E+00
 -0.1939654E+01  0.8220339E+00 -0.8696621E-01  0.0000000E+00
 -0.1927785E+01  0.3918175E-01  0.7356525E-01  0.0000000E+00
  0.4093636E+01 -0.1546755E+01  0.2297127E+00  0.0000000E+00
 -0.4649720E+01 -0.3383278E+00  0.1134131E+00  0.0000000E+00
  0.1140493E+02 -0.2589226E+01  0.1862568E+01  0.0000000E+00
  0.2424549E+01 -0.2941566E+01 -0.2413953E+00  0.0000000E+00
 -0.1703693E+01  0.1458968E+01  0.2083838E+00  0.0000000E+00
  0.3983338E+00 -0.1442382E+00 -0.6334921E-02  0.0000000E+00
 -0.8225710E+00  0.3895306E+00  0.8621520E-01  0.0000000E+00
 -0.4229396E+00 -0.3427274E+00 -0.7851988E-01  0.0000000E+00
 -0.8295608E+00 -0.4177882E-02 -0.1178669E+00  0.0000000E+00
 -0.2763639E+01  0.1806431E+01 -0.4276228E-01  0.0000000E+00
 -0.2565056E+01  0.1632799E+01 -0.3483034E-01  0.0000000E+00
 -0.2423045E+01  0.1508562E+01 -0.2933348E-01  0.0000000E+00
 -0.2361798E+01  0.1454983E+01 -0.2695643E-01  0.0000000E+00
  0.6132380E+00 -0.2984872E+01  0.2039544E+00  0.0000000E+00
  0.2444249E+01  0.2562939E+01  0.1988541E+00  0.0000000E+00
 -0.1285869E+01 -0.4227224E+01  0.8771251E-01  0.0000000E+00
  0.2590208E+01  0.1475988E+01  0.5608579E+00  0.0000000E+00
 -0.1919169E+01 -0.1154951E+01 -0.4819043E+00  0.0000000E+00
  0.5762702E-02  0.3402037E+00  0.2220789E+00  0.0000000E+00
 -0.1097073E+01 -0.1253900E+00 -0.6936508E-01  0.0000000E+00
  0.1633189E+00  0.3996582E+00  0.7579696E-01  0.0000000E+00
 -0.2638788E+00  0.7790665E-01 -0.6462787E-01  0.0000000E+00
 -0.8509035E-01 -0.2820908E+00 -0.1710220E-01  0.0000000E+00
  0.1448965E+01 -0.2956083E+00 -0.4658184E-01  0.0000000E+00
  0.1632665E+01 -0.2357611E+00 -0.3938682E-01  0.0000000E+00
  0.1759623E+01 -0.1935560E+00 -0.3429340E-01  0.0000000E+00
  0.1814538E+01 -0.1753323E+00 -0.3209483E-01  0.0000000E+00
  0.1713851E-01  0.2469729E-02  0.2555573E-02  0.0000000E+00
 -0.2629766E-02  0.9016750E-02 -0.3113689E-02  0.0000000E+00
  0.2836919E-01  0.2544024E-02  0.3678387E-03  0.0000000E+00
 -0.1782796E-01 -0.5251239E-01 -0.3288694E-02  0.0000000E+00
  0.4814569E-01  0.2699775E-01  0.1080945E-01  0.0000000E+00
 -0.4840425E-01  0.9261566E-02 -0.4983340E-01  0.0000000E+00
  0.2987725E+00  0.1743156E+00 -0.5807984E-01  0.0000000E+00
 -0.4713498E+00 -0.1081763E+00 -0.1016741E+00  0.0000000E+00
  0.6791359E+00  0.2445983E+00 -0.7575409E-01  0.0000000E+00
 -0.1490246E+01 -0.1243852E+00 -0.7351520E-01  0.0000000E+00
 -0.1302639E+00  0.1377792E+00  0.1010677E-01  0.0000000E+00
 -0.4553092E-01  0.5446938E-01  0.4286231E-02  0.0000000E+00
  0.1178345E-01 -0.4605732E-02  0.7170588E-04  0.0000000E+00
  0.3662159E-01 -0.3010177E-01 -0.1744027E-02  0.0000000E+00
 -0.5709743E-01  0.1365828E-01  0.1499973E-02  0.0000000E+00
 -0.4221640E-01 -0.6876573E-01  0.6920185E-02  0.0000000E+00
 -0.1184725E-01  0.3016150E-01 -0.1052121E-01  0.0000000E+00
  0.3289318E-01  0.5294526E-02  0.1398622E-01  0.0000000E+00
 -0.6134299E-01  0.1306566E-01 -0.1085244E-01  0.0000000E+00
  0.1740761E+00  0.2393957E-02  0.2805042E-01  0.0000000E+00
 -0.4950394E+00 -0.9013586E-01 -0.4851840E-01  0.0000000E+00
  0.1977875E+00 -0.2749428E+00 -0.8798419E-01  0.0000000E+00
 -0.2457579E+00 -0.3967732E+00 -0.1266740E+00  0.0000000E+00
  0.1233890E+01 -0.3013689E-01 -0.1111137E+00  0.0000000E+00
  0.2397599E+00 -0.1935957E-01  0.1951203E-01  0.0000000E+00
  0.9031126E-01 -0.7580036E-02  0.7746437E-02  0.0000000E+00
 -0.1319236E-01  0.8178633E-03 -0.6360162E-03  0.0000000E+00
 -0.5795415E-01  0.4440570E-02 -0.4252373E-02  0.0000000E+00
 -0.6278503E-01 -0.1124306E-01 -0.3408501E-02  0.0000000E+00
 -0.1903441E-01 -0.1859410E-01  0.1091613E-01  0.0000000E+00
  0.4748276E-01  0.3996119E-01 -0.7741277E-02  0.0000000E+00
 -0.5546038E-01  0.7717577E-02  0.1045457E-01  0.0000000E+00
  0.1649452E+00 -0.2656496E-01 -0.5461711E-02  0.0000000E+00
 -0.3885244E+00 -0.5400680E-01  0.5343522E-01  0.0000000E+00
  0.4968726E+00 -0.1334710E+00  0.2484307E-01  0.0000000E+00
 -0.3382659E+00 -0.1130551E+00  0.8254998E-02  0.0000000E+00
  0.1286069E+01  0.4004884E-01  0.2788361E-02  0.0000000E+00
 -0.1163304E+01  0.2402960E+00 -0.6497784E-01  0.0000000E+00
 -0.4519328E+00  0.1542049E+00 -0.3070541E-01  0.0000000E+00
 -0.1738804E+00  0.6019044E-01 -0.1173891E-01  0.0000000E+00
  0.1995475E-01 -0.5735218E-02  0.1483446E-02  0.0000000E+00
  0.1037344E+00 -0.3421516E-01  0.7198426E-02  0.0000000E+00
  0.2535790E-01 -0.1019212E-02  0.5141606E-03  0.0000000E+00
  0.5883464E-01  0.1369121E-01  0.1325403E-02  0.0000000E+00
  0.5504603E-01 -0.1266435E-01  0.7195020E-02  0.0000000E+00
 -0.6707249E-01  0.6442609E-01 -0.1002794E-01  0.0000000E+00
  0.9544822E-01 -0.1995748E-01  0.1509125E-01  0.0000000E+00
 -0.8603905E-01 -0.9272129E-02 -0.1469947E-01  0.0000000E+00
 -0.3425678E-02  0.9285462E-01  0.6631916E-01  0.0000000E+00
 -0.4498793E+00  0.2943692E+00  0.4672656E-01  0.0000000E+00
 -0.2760474E+00  0.3822468E+00  0.3650904E-01  0.0000000E+00
 -0.6784632E+00  0.1196744E+00  0.8958927E-01  0.0000000E+00
  0.5631946E-01  0.2628994E+00 -0.2014492E-01  0.0000000E+00
  0.2509864E-01  0.1025011E+00 -0.8250287E-02  0.0000000E+00
  0.2056411E-02 -0.1029011E-01  0.2448469E-03  0.0000000E+00
 -0.7855112E-02 -0.5900437E-01  0.3909029E-02  0.0000000E+00
  0.6556130E-01 -0.4290550E-02 -0.2421755E-02  0.0000000E+00
 -0.1488579E-01  0.2552771E-01 -0.4246431E-03  0.0000000E+00
 -0.3798298E-01 -0.6680159E-01  0.2675012E-02  0.0000000E+00
  0.1303952E-01  0.6597189E-01 -0.1325698E-03  0.0000000E+00
 -0.3219790E-01 -0.1889701E-01  0.2283542E-02  0.0000000E+00
  0.1578842E-01  0.4628349E-01 -0.1720698E-01  0.0000000E+00
 -0.6479994E-01  0.8709913E-01 -0.1891316E-01  0.0000000E+00
 -0.1317238E+00 -0.2127723E+00 -0.1521516E+00  0.0000000E+00
  0.4262225E+00 -0.1518891E+00 -0.6693706E-01  0.0000000E+00
  0.1237093E+00 -0.4949964E-01 -0.5622251E-01  0.0000000E+00
 -0.2425662E+00  0.6247897E-01 -0.2307440E-01  0.0000000E+00
 -0.9630753E-01  0.2493461E-01 -0.8707908E-02  0.0000000E+00
  0.6897277E-02 -0.1534534E-02  0.1308819E-02  0.0000000E+00
  0.5145795E-01 -0.1296399E-01  0.5638206E-02  0.0000000E+00
  0.2785369E-01 -0.7462450E-02 -0.1978028E-02  0.0000000E+00
 -0.3305562E-01  0.3022324E-01 -0.3845878E-02  0.0000000E+00
 -0.5253447E-01 -0.1345916E-01 -0.1774422E-02  0.0000000E+00
  0.4976069E-01 -0.6578087E-01  0.4872878E-03  0.0000000E+00
 -0.1219439E+00 -0.1453399E-01 -0.5871896E-02  0.0000000E+00
  0.3118919E-01 -0.3017511E-03  0.8141712E-03  0.0000000E+00
  0.1143833E+00 -0.6566957E-02 -0.1594180E-01  0.0000000E+00
  0.1162545E+00 -0.3167094E+00 -0.5264653E-01  0.0000000E+00
 -0.8057298E-02  0.1748773E+00  0.3500559E-01  0.0000000E+00
 -0.1278842E+01  0.5072822E+00  0.8041565E-01  0.0000000E+00
 -0.4166673E-01 -0.1117000E+00 -0.2768165E-01  0.0000000E+00
 -0.1378364E-01 -0.4450056E-01 -0.1101866E-01  0.0000000E+00
  0.4116815E-02  0.3410055E-02  0.7978091E-03  0.0000000E+00
  0.1191117E-01  0.2407829E-01  0.5897656E-02  0.0000000E+00
  0.1584436E+01  0.1113348E+01  0.6612497E+00  0.0000000E+00
 -0.3117889E+01 -0.6222592E+00 -0.4940961E+00  0.0000000E+00
  0.2688385E+01 -0.1628068E+01  0.2482277E+00  0.0000000E+00
 -0.1318574E+01 -0.8507278E+00 -0.7321692E+00  0.0000000E+00
 -0.5190539E+01 -0.1898871E+00  0.9278477E-01  0.0000000E+00
  0.2562384E+01 -0.9372366E-01  0.1364377E-01  0.0000000E+00
 -0.1441164E+01 -0.6773783E+00  0.2900779E-01  0.0000000E+00
  0.7162300E+00  0.1843000E+00  0.6099175E-01  0.0000000E+00
 -0.1214844E+00  0.1363713E+00 -0.2009846E-01  0.0000000E+00
  0.4107675E+00  0.4802614E+00  0.6668042E-01  0.0000000E+00
  0.2855657E+00  0.7652367E+00  0.6105517E-01  0.0000000E+00
  0.4219918E+00  0.7811559E+00  0.6125050E-01  0.0000000E+00
  0.5177795E+00  0.7920847E+00  0.6139680E-01  0.0000000E+00
  0.5591554E+00  0.7968146E+00  0.6145966E-01  0.0000000E+00
  0.1024475E+00  0.6675998E+00  0.4893049E+00  0.0000000E+00
 -0.3661711E+01 -0.4642968E+00 -0.3798675E+00  0.0000000E+00
  0.1748444E+01 -0.1139120E+01  0.2738171E+00  0.0000000E+00
  0.1122817E+01 -0.8560514E+00 -0.9240087E+00  0.0000000E+00
 -0.6210878E+01  0.8783486E+00  0.3257582E+00  0.0000000E+00
  0.3170749E+01 -0.3929369E+00 -0.1293363E+00  0.0000000E+00
 -0.2029667E+01  0.5718568E+00  0.1105473E+00  0.0000000E+00
  0.7467516E+00  0.1452568E+00  0.7716038E-01  0.0000000E+00
 -0.8525771E+00  0.6463552E-01 -0.9772418E-02  0.0000000E+00
  0.1241979E+00  0.3888199E+00  0.7171957E-01  0.0000000E+00
 -0.1506628E+00  0.1143684E+01  0.1028233E-01  0.0000000E+00
 -0.1743728E+00  0.1097093E+01  0.2266734E-01  0.0000000E+00
 -0.1909620E+00  0.1063657E+01  0.3143695E-01  0.0000000E+00
 -0.1981298E+00  0.1049240E+01  0.3522229E-01  0.0000000E+00
  0.2944197E+01 -0.9129462E+00  0.2067991E+00  0.0000000E+00
 -0.1583985E+01 -0.4706039E-01  0.3303431E-01  0.0000000E+00
  0.4722603E+00 -0.6112548E+00 -0.4720769E-01  0.0000000E+00
  0.4500747E+00 -0.3714980E-01 -0.3172376E+00  0.0000000E+00
  0.7848043E-01  0.9015383E+00  0.1074977E+00  0.0000000E+00
 -0.3615111E-01 -0.7138089E+00 -0.4807135E-01  0.0000000E+00
 -0.1441797E-01 -0.1303981E+00 -0.4635956E-02  0.0000000E+00
 -0.3549255E+00 -0.1729999E+00 -0.7581625E-02  0.0000000E+00
 -0.8536598E-01  0.2084551E-01  0.3881058E-01  0.0000000E+00
 -0.4693027E+00  0.1950402E+00 -0.6295836E-01  0.0000000E+00
 -0.8204190E-01  0.3052298E+00  0.1155284E+00  0.0000000E+00
  0.1537186E+00  0.2891545E+00  0.8662498E-01  0.0000000E+00
  0.3187519E+00  0.2778425E+00  0.6610499E-01  0.0000000E+00
  0.3900572E+00  0.2729572E+00  0.5724968E-01  0.0000000E+00
  0.2658514E-03  0.1474880E-01 -0.1536227E-02  0.0000000E+00
 -0.3410368E-01 -0.2322758E-01 -0.3857285E-02  0.0000000E+00
  0.4730318E-01  0.5394525E-01 -0.1740553E-02  0.0000000E+00
 -0.3880264E-01 -0.4376096E-01  0.1541883E-02  0.0000000E+00
  0.4171355E-01  0.5339558E-01 -0.3632181E-02  0.0000000E+00
 -0.1882552E+00 -0.5759536E-01  0.1179696E-01  0.0000000E+00
  0.1477986E+00  0.1819973E+00  0.7647189E-01  0.0000000E+00
  0.2636563E+00  0.1392131E+00  0.5535267E-01  0.0000000E+00
 -0.5375063E-01  0.6511158E+00  0.2369876E-01  0.0000000E+00
  0.8154482E+00 -0.3154950E+00  0.1339239E+00  0.0000000E+00
  0.3813945E+00 -0.8240306E-03 -0.2541527E-01  0.0000000E+00
  0.1468713E+00  0.8600178E-03 -0.1026470E-01  0.0000000E+00
 -0.1714849E-01  0.1465794E-02  0.5775325E-03  0.0000000E+00
 -0.8802139E-01  0.1748931E-02  0.5253295E-02  0.0000000E+00
 -0.6422588E-02 -0.2688795E-02 -0.1136034E-03  0.0000000E+00
  0.9402224E-02  0.3605897E-01 -0.5883673E-02  0.0000000E+00
  0.1675391E-01 -0.4870319E-01  0.4606818E-02  0.0000000E+00
 -0.5476473E-01  0.8252379E-01 -0.6220158E-02  0.0000000E+00
 -0.9030522E-02 -0.8317779E-01  0.3430487E-02  0.0000000E+00
  0.2664194E+00  0.8040876E-01 -0.3079576E-01  0.0000000E+00
 -0.1656244E+00 -0.6144636E-02  0.4026570E-01  0.0000000E+00
  0.9616747E-01 -0.2373353E+00  0.3460461E-01  0.0000000E+00
 -0.5482249E+00 -0.6313291E+00  0.2116395E-01  0.0000000E+00
  0.2025730E+00  0.3889382E+00  0.1023620E+00  0.0000000E+00
  0.1981370E+00  0.1889462E+00  0.4379941E-01  0.0000000E+00
  0.7681280E-01  0.7202818E-01  0.1661912E-01  0.0000000E+00
 -0.8257299E-02 -0.9659103E-02 -0.2343832E-02  0.0000000E+00
 -0.4500796E-01 -0.4495928E-01 -0.1053946E-01  0.0000000E+00
  0.3881207E-02  0.4268646E-02  0.4759378E-02  0.0000000E+00
 -0.1332352E-01  0.6496639E-01 -0.9444701E-02  0.0000000E+00
  0.8783616E-02 -0.7090397E-01  0.5319462E-02  0.0000000E+00
 -0.6119538E-02  0.3752573E-01 -0.1061918E-01  0.0000000E+00
  0.7386145E-01 -0.2193224E-02  0.1293888E-01  0.0000000E+00
 -0.5885292E-01  0.1565387E-01 -0.4518996E-01  0.0000000E+00
  0.2460737E+00 -0.3496969E-02  0.5782418E-01  0.0000000E+00
  0.1005496E+00  0.2609174E+00  0.7083343E-02  0.0000000E+00
  0.6486885E-01  0.2221403E-01  0.4442172E-01  0.0000000E+00
  0.5946091E+00  0.4801252E-02 -0.2552923E-01  0.0000000E+00
 -0.8042782E-01  0.1879811E-01 -0.8509110E-02  0.0000000E+00
 -0.3345203E-01  0.7750636E-02 -0.2944737E-02  0.0000000E+00
  0.4768095E-03 -0.1978364E-04  0.9050739E-03  0.0000000E+00
  0.1509740E-01 -0.3375740E-02  0.2570150E-02  0.0000000E+00
  0.5838821E-02  0.1047895E-01  0.1069707E-02  0.0000000E+00
  0.2589083E-01 -0.1055198E-01  0.5716526E-02  0.0000000E+00
 -0.2164621E-01  0.4229097E-01  0.3392766E-02  0.0000000E+00
  0.6325008E-01 -0.4987372E-01 -0.4302457E-02  0.0000000E+00
 -0.6014672E-01  0.5386159E-01  0.7782417E-02  0.0000000E+00
 -0.7313650E-01 -0.2914894E-01 -0.1730338E-01  0.0000000E+00
  0.3814378E-01 -0.1342217E+00  0.5075887E-01  0.0000000E+00
  0.3253579E-01  0.2441403E+00  0.5381877E-01  0.0000000E+00
 -0.2620948E+00 -0.1931024E+00  0.4593513E-01  0.0000000E+00
  0.3037711E+00 -0.2331000E+00 -0.1172591E-01  0.0000000E+00
  0.4385357E+00  0.2888196E+00 -0.7443470E-02  0.0000000E+00
  0.1709985E+00  0.1143125E+00 -0.2197980E-02  0.0000000E+00
 -0.1700405E-01 -0.9065909E-02  0.1461825E-02  0.0000000E+00
 -0.9820662E-01 -0.6232796E-01  0.3043562E-02  0.0000000E+00
  0.3670140E-02 -0.1106234E-01 -0.1130166E-02  0.0000000E+00
  0.4785264E-01 -0.3019573E-01  0.2268236E-02  0.0000000E+00
 -0.5772163E-01  0.5287924E-01  0.7195491E-02  0.0000000E+00
  0.2585738E-01 -0.3046603E-01 -0.3206353E-02  0.0000000E+00
 -0.1083458E+00  0.5399060E-01  0.2283392E-02  0.0000000E+00
  0.1879193E+00 -0.1072796E+00 -0.5853486E-02  0.0000000E+00
 -0.2245779E+00  0.5947811E-01  0.2196273E-01  0.0000000E+00
 -0.1526240E+00 -0.2498130E+00 -0.5431482E-01  0.0000000E+00
  0.3406844E+00 -0.4206116E+00 -0.3366187E-01  0.0000000E+00
 -0.2770789E-01  0.3392441E+00  0.6156294E-02  0.0000000E+00
 -0.1422363E+00 -0.1258297E+00 -0.8726396E-02  0.0000000E+00
 -0.5586044E-01 -0.4958545E-01 -0.3103391E-02  0.0000000E+00
  0.4827915E-02  0.4574230E-02  0.8351079E-03  0.0000000E+00
  0.3104100E-01  0.2794547E-01  0.2536729E-02  0.0000000E+00
 -0.8945673E-02 -0.4974084E-02  0.1993010E-02  0.0000000E+00
 -0.9903624E-02  0.1153499E-01 -0.2352348E-02  0.0000000E+00
 -0.2343337E-01 -0.6362247E-02 -0.2198236E-03  0.0000000E+00
  0.6554002E-01  0.3322894E-01  0.4806527E-02  0.0000000E+00
 -0.2217970E-01 -0.5375009E-01 -0.5475599E-02  0.0000000E+00
 -0.1938495E-01  0.8538121E-01  0.4355766E-02  0.0000000E+00
 -0.1136102E-01 -0.2295149E+00  0.1799815E-02  0.0000000E+00
 -0.8753935E-02  0.3944721E+00 -0.3786048E-01  0.0000000E+00
 -0.2848977E+00 -0.2196887E-01 -0.4538452E-01  0.0000000E+00
  0.9699016E-02 -0.3918786E-02 -0.5643217E-01  0.0000000E+00
 -0.2008772E+00  0.2293396E+00  0.1450366E-01  0.0000000E+00
 -0.7833262E-01  0.9024411E-01  0.5865262E-02  0.0000000E+00
  0.7926148E-02 -0.7704281E-02 -0.2948020E-03  0.0000000E+00
  0.4517793E-01 -0.5000287E-01 -0.2952149E-02  0.0000000E+00
 -0.9887408E+00 -0.3624316E-01 -0.2963622E+00  0.0000000E+00
  0.2389225E+01 -0.9752906E+00 -0.1582876E+00  0.0000000E+00
  0.8148313E+00  0.1645377E+01 -0.1523447E+00  0.0000000E+00
  0.1128144E+01 -0.1012445E+01  0.3671324E+00  0.0000000E+00
 -0.2161580E+00 -0.1945741E+01 -0.3525015E+00  0.0000000E+00
 -0.6627664E-01  0.7307228E+00  0.1473182E+00  0.0000000E+00
  0.2585555E+00 -0.3794571E+00 -0.1099455E+00  0.0000000E+00
 -0.6971960E-01  0.2301933E+00  0.1990431E-02  0.0000000E+00
 -0.1219871E+00 -0.3361698E+00 -0.6052883E-01  0.0000000E+00
  0.1255257E+00  0.3575947E+00 -0.7302888E-01  0.0000000E+00
  0.2446259E+00 -0.2826147E+00 -0.2763803E-01  0.0000000E+00
  0.2870684E+00 -0.1681513E+00 -0.3128377E-01  0.0000000E+00
  0.3169719E+00 -0.8694479E-01 -0.3391474E-01  0.0000000E+00
  0.3298849E+00 -0.5189841E-01 -0.3504855E-01  0.0000000E+00
 -0.1207697E+01  0.2083231E+00 -0.2356680E+00  0.0000000E+00
  0.1513119E+01 -0.1755743E+01 -0.1712574E+00  0.0000000E+00
  0.5497387E+00  0.2587500E+01  0.1887378E+00  0.0000000E+00
  0.2963290E+01  0.5236351E+00  0.5904498E+00  0.0000000E+00
  0.9213789E+00 -0.3661005E-01 -0.1487896E+00  0.0000000E+00
 -0.7766188E+00  0.3653572E+00 -0.1233781E-01  0.0000000E+00
  0.5269683E+00  0.3815953E+00 -0.9364047E-01  0.0000000E+00
 -0.3570796E+00  0.4468852E+00 -0.1015826E-02  0.0000000E+00
  0.3082871E+00  0.7239097E-01 -0.2361224E-01  0.0000000E+00
 -0.5607632E+00 -0.7973902E-01 -0.5091768E-01  0.0000000E+00
 -0.1066210E+01 -0.2233994E+00 -0.1226942E+00  0.0000000E+00
 -0.9518005E+00 -0.1874387E+00 -0.1240619E+00  0.0000000E+00
 -0.8707598E+00 -0.1619854E+00 -0.1249000E+00  0.0000000E+00
 -0.8357803E+00 -0.1509984E+00 -0.1252666E+00  0.0000000E+00
 -0.5047991E+00  0.1040565E+01 -0.1138082E+00  0.0000000E+00
  0.1025808E+01 -0.1441907E+01 -0.1720680E-01  0.0000000E+00
  0.2680142E+00  0.2884305E+01  0.2374241E-01  0.0000000E+00
  0.1274605E+01 -0.1105180E+01  0.1372315E+00  0.0000000E+00
  0.3439934E+00 -0.1533990E+01 -0.9042889E-01  0.0000000E+00
 -0.5980232E+00  0.1164964E+01  0.1400383E+00  0.0000000E+00
  0.1784683E+00 -0.4316079E-01  0.5555223E-01  0.0000000E+00
  0.1146331E+00  0.3475378E-01  0.7730480E-01  0.0000000E+00
 -0.3413056E+00 -0.1902601E+00  0.1115265E+00  0.0000000E+00
  0.4389227E+00  0.2064729E+00  0.1085498E+00  0.0000000E+00
 -0.1033662E+01  0.2329512E+00 -0.1274787E+00  0.0000000E+00
 -0.9324362E+00  0.3040848E+00 -0.1242438E+00  0.0000000E+00
 -0.8593113E+00  0.3539812E+00 -0.1216908E+00  0.0000000E+00
 -0.8278009E+00  0.3755359E+00 -0.1205984E+00  0.0000000E+00
  0.5374638E-02  0.3280605E-02  0.8642260E-03  0.0000000E+00
  0.2482781E-01  0.3647678E-01 -0.3888373E-02  0.0000000E+00
 -0.5155885E-01 -0.4032385E-01 -0.8928682E-02  0.0000000E+00
 -0.3636108E-01  0.2647321E-01  0.1162565E-01  0.0000000E+00
 -0.2814107E-01 -0.4633668E-01 -0.1018173E-01  0.0000000E+00
  0.3200107E-01  0.8191134E-01  0.1354631E-01  0.0000000E+00
  0.1054644E+00 -0.2764162E+00  0.5663232E-02  0.0000000E+00
 -0.1750768E+00 -0.6929689E-01 -0.7805960E-02  0.0000000E+00
  0.4137011E+00  0.2893963E+00 -0.9212828E-01  0.0000000E+00
 -0.4551799E+00 -0.9668291E-01 -0.3238758E-01  0.0000000E+00
  0.1124332E+00  0.3937916E-02 -0.2225644E-01  0.0000000E+00
  0.4612225E-01  0.2355763E-02 -0.8664938E-02  0.0000000E+00
 -0.1321842E-02  0.1108097E-02  0.9008346E-03  0.0000000E+00
 -0.2178259E-01  0.5742358E-03  0.5031938E-02  0.0000000E+00
 -0.7958544E-03 -0.1933530E-03  0.2746797E-02  0.0000000E+00
 -0.8880122E-01 -0.2817732E-01  0.3153744E-02  0.0000000E+00
  0.1040613E+00  0.2317808E-01 -0.5414002E-02  0.0000000E+00
 -0.1840365E+00  0.1557748E-01  0.6447296E-02  0.0000000E+00
  0.1420213E+00 -0.1864369E-01 -0.1159183E-01  0.0000000E+00
 -0.2250904E+00  0.1784828E-01  0.2676856E-01  0.0000000E+00
 -0.2319674E-01  0.8265976E-01 -0.6423851E-02  0.0000000E+00
 -0.1433100E+00  0.7493164E-01  0.2382600E-01  0.0000000E+00
  0.1707263E+00 -0.3359285E-01 -0.5098918E-01  0.0000000E+00
 -0.6957347E+00 -0.1748267E+00 -0.1726653E-01  0.0000000E+00
 -0.3036441E+00  0.7143877E-01  0.4438963E-02  0.0000000E+00
 -0.1165601E+00  0.2891214E-01  0.2006210E-02  0.0000000E+00
  0.1419315E-01 -0.1117929E-02  0.2912425E-03  0.0000000E+00
  0.7069494E-01 -0.1408328E-01 -0.4493021E-03  0.0000000E+00
 -0.5640448E-02  0.8268589E-02  0.6438765E-03  0.0000000E+00
 -0.3768238E-01  0.4777330E-02 -0.2788542E-02  0.0000000E+00
  0.2333735E-01  0.3023796E-01  0.8810462E-02  0.0000000E+00
  0.5898106E-02  0.1358967E-01 -0.8102787E-02  0.0000000E+00
  0.3216184E-01 -0.6625540E-01  0.1063235E-01  0.0000000E+00
  0.4023401E-01  0.8033296E-01 -0.2114445E-01  0.0000000E+00
  0.1628643E-01 -0.1547621E+00  0.4135853E-01  0.0000000E+00
  0.3926564E-01  0.6798896E-01 -0.8705374E-02  0.0000000E+00
  0.1654485E+00  0.1831122E+00 -0.2062714E-01  0.0000000E+00
 -0.7891177E-01  0.1458954E+00 -0.6166000E-02  0.0000000E+00
  0.2975723E+00 -0.1364583E-02  0.2037154E-02  0.0000000E+00
  0.1171124E+00 -0.8568056E-03  0.1188101E-02  0.0000000E+00
 -0.1026545E-01 -0.2825518E-03  0.5790876E-03  0.0000000E+00
 -0.6526175E-01 -0.4258525E-04  0.3165002E-03  0.0000000E+00
  0.2896483E-02  0.1316110E-01  0.2283104E-02  0.0000000E+00
  0.3683354E-01  0.2760564E-01 -0.8320348E-02  0.0000000E+00
 -0.4663962E-01  0.7568277E-02  0.8308983E-02  0.0000000E+00
  0.2731480E-01  0.1728563E-01 -0.7136465E-02  0.0000000E+00
 -0.7110903E-02 -0.2306676E-01  0.2163088E-02  0.0000000E+00
  0.8491163E-01  0.9972494E-01 -0.3644709E-01  0.0000000E+00
  0.2426578E+00 -0.2596123E+00  0.2427512E-01  0.0000000E+00
 -0.2567128E-02  0.2565537E+00 -0.9171409E-01  0.0000000E+00
  0.8047048E+00  0.1966302E+00 -0.3050569E-01  0.0000000E+00
 -0.4965703E+00  0.1210868E+00 -0.1764135E-01  0.0000000E+00
  0.1936242E+00  0.5612152E-01  0.4460517E-02  0.0000000E+00
  0.7735397E-01  0.2179238E-01  0.1583442E-02  0.0000000E+00
 -0.5297139E-02 -0.2114456E-02 -0.4404603E-03  0.0000000E+00
 -0.4096092E-01 -0.1244845E-01 -0.1314565E-02  0.0000000E+00
 -0.7453343E-03 -0.1683470E-01 -0.1351189E-02  0.0000000E+00
  0.4601616E-01 -0.2035028E-01  0.2851752E-02  0.0000000E+00
 -0.4612207E-02  0.1782998E-01  0.2095892E-02  0.0000000E+00
  0.4843699E-01 -0.3931762E-01 -0.1074168E-01  0.0000000E+00
 -0.5248140E-01  0.4990267E-01 -0.6842924E-02  0.0000000E+00
 -0.1079623E+00 -0.2883406E-01 -0.5200649E-03  0.0000000E+00
 -0.4330763E-01  0.1380074E+00  0.3457635E-01  0.0000000E+00
  0.1751648E+00 -0.2661165E+00  0.8275041E-02  0.0000000E+00
 -0.3964799E+00 -0.3209886E+00  0.2621547E-01  0.0000000E+00
  0.1102982E+00  0.1063970E+00 -0.3195881E-01  0.0000000E+00
 -0.2438365E+00 -0.2012342E-01 -0.1633670E-01  0.0000000E+00
 -0.9635300E-01 -0.7963106E-02 -0.5977135E-02  0.0000000E+00
  0.7718712E-02  0.7102731E-03  0.1265512E-02  0.0000000E+00
  0.5265358E-01  0.4451775E-02  0.4395159E-02  0.0000000E+00
  0.8268670E-03 -0.1478212E-02 -0.4036207E-03  0.0000000E+00
  0.1497096E-01  0.1562751E-01  0.1981185E-02  0.0000000E+00
 -0.3008838E-01 -0.4498185E-01 -0.2959958E-02  0.0000000E+00
  0.5919950E-01 -0.9547453E-03  0.3409092E-02  0.0000000E+00
  0.1842492E-02 -0.1890225E-01 -0.8267814E-02  0.0000000E+00
 -0.7869680E-01 -0.1434275E-01  0.1416692E-01  0.0000000E+00
  0.4450899E-01 -0.5175493E-01  0.3273707E-01  0.0000000E+00
  0.1370997E+00 -0.1152483E-02  0.7861754E-01  0.0000000E+00
  0.4049205E+00  0.1073923E+00  0.8686989E-02  0.0000000E+00
  0.9618782E-01  0.8707491E-01  0.2725552E-01  0.0000000E+00
  0.2521164E+00  0.6333885E-01  0.1715817E-02  0.0000000E+00
  0.9830749E-01  0.2460804E-01  0.4931959E-03  0.0000000E+00
 -0.9868636E-02 -0.2647710E-02 -0.3109169E-03  0.0000000E+00
 -0.5658895E-01 -0.1441858E-01 -0.6602821E-03  0.0000000E+00
