  3  2   882 12096  4  4  9 14  7  1    0.00   24.00  100.00 1000.00    0.00    6.28   45.00   45.00
  100.0  100.0  100.0  100.0  125.0  150.0  190.0  230.0  275.0  350.0  450.0  550.0  650.0  850.0 1000.0 1000.0 1000.0 1000.0
  0.1747579E+03 -0.2337380E+02 -0.2076018E+01  0.0000000E+00
  0.2290695E+03  0.9076764E+01  0.9594001E+00  0.0000000E+00
  0.4446403E+03  0.5639782E+01  0.7146034E+01  0.0000000E+00
  0.7292750E+03  0.1270813E+03  0.2496616E+01  0.0000000E+00
  0.1049619E+04  0.1757127E+03 -0.1659108E+02  0.0000000E+00
  0.1339553E+04  0.1308416E+03 -0.4696415E+01  0.0000000E+00
  0.1505423E+04  0.1088778E+03  0.2496292E+02  0.0000000E+00
  0.1639044E+04  0.2121008E+01  0.4030525E+02  0.0000000E+00
  0.1845115E+04  0.8766350E+02  0.5949401E+02  0.0000000E+00
  0.2087644E+04  0.1120720E+03  0.4969598E+02  0.0000000E+00
  0.2105918E+04  0.1089484E+03  0.5055432E+02  0.0000000E+00
  0.2089731E+04  0.1130303E+03  0.5104487E+02  0.0000000E+00
  0.2078364E+04  0.1158903E+03  0.5138971E+02  0.0000000E+00
  0.2073454E+04  0.1171260E+03  0.5153865E+02  0.0000000E+00
 -0.5386320E+01 -0.1331502E+02 -0.3444117E+01  0.0000000E+00
 -0.1647968E+02  0.1190502E+02  0.3979339E+01  0.0000000E+00
  0.7433184E+02  0.1302070E+01 -0.5695658E+01  0.0000000E+00
 -0.2727320E+03 -0.4963262E+02  0.7045929E+01  0.0000000E+00
 -0.4942304E+03 -0.1220435E+03  0.2728945E+02  0.0000000E+00
 -0.4365629E+03  0.1134046E+03  0.7534918E+01  0.0000000E+00
 -0.6020431E+03  0.1274657E+03  0.2884305E+02  0.0000000E+00
 -0.5558444E+03  0.1915230E+03  0.3510725E+02  0.0000000E+00
 -0.6709147E+03  0.1642356E+03  0.5538208E+02  0.0000000E+00
 -0.7163777E+03  0.1017093E+03  0.5670961E+02  0.0000000E+00
 -0.7037889E+03  0.3205843E+02  0.5048547E+02  0.0000000E+00
 -0.7016100E+03  0.4855484E+02  0.5071433E+02  0.0000000E+00
 -0.7000983E+03  0.6020773E+02  0.5088617E+02  0.0000000E+00
 -0.6994447E+03  0.6523865E+02  0.5095998E+02  0.0000000E+00
 -0.3307453E+01  0.2181985E+01 -0.3019252E+00  0.0000000E+00
  0.2051043E+02  0.1270751E+02 -0.1491679E+01  0.0000000E+00
 -0.6633300E+01  0.1560521E+02  0.1390149E+01  0.0000000E+00
  0.7290852E+01  0.5401273E+01  0.5532028E+01  0.0000000E+00
 -0.3058860E+02 -0.2033521E+02 -0.4730994E+01  0.0000000E+00
 -0.1132362E+02 -0.3943206E+02  0.3332531E+01  0.0000000E+00
  0.5263491E+02  0.7231276E+01  0.1978862E+02  0.0000000E+00
  0.1474341E+03 -0.6014794E+01  0.4593029E+02  0.0000000E+00
  0.1147658E+03  0.1437013E+03  0.3697292E+02  0.0000000E+00
  0.9154216E+02  0.2901092E+02  0.5904818E+02  0.0000000E+00
 -0.2150403E+02 -0.6290499E+01  0.5594912E+02  0.0000000E+00
 -0.2523281E+02  0.4605560E+01  0.5578881E+02  0.0000000E+00
 -0.2769719E+02  0.1226844E+02  0.5568112E+02  0.0000000E+00
 -0.2876739E+02  0.1557801E+02  0.5563442E+02  0.0000000E+00
  0.3640927E+00 -0.1100533E+00 -0.2307944E-01  0.0000000E+00
  0.2004041E+00  0.6581648E+00  0.1090682E+00  0.0000000E+00
 -0.3993729E+01 -0.1367180E+01 -0.2079049E+00  0.0000000E+00
  0.8105714E+01  0.2234093E+01  0.3232481E+00  0.0000000E+00
  0.1682868E+01 -0.2783688E+01 -0.5905914E+00  0.0000000E+00
 -0.1514413E+02  0.1043534E+02  0.1620401E+01  0.0000000E+00
 -0.7744419E+01 -0.4527413E+02 -0.4778032E+01  0.0000000E+00
 -0.9668469E+02 -0.4765729E+02 -0.1018274E+02  0.0000000E+00
 -0.5328544E+02 -0.4750041E+02 -0.1256470E+02  0.0000000E+00
 -0.1931118E+03 -0.1406094E+02 -0.1120326E+02  0.0000000E+00
 -0.1952349E+02  0.2837945E+01 -0.8402765E+00  0.0000000E+00
 -0.6859119E+01  0.1107855E+01 -0.3136143E+00  0.0000000E+00
  0.1797991E+01 -0.1153401E+00  0.4330172E-01  0.0000000E+00
  0.5546171E+01 -0.6433984E+00  0.1979494E+00  0.0000000E+00
  0.1300969E+00  0.6999179E-02  0.3092967E-02  0.0000000E+00
 -0.3257025E+01  0.2899870E+00 -0.1622595E-01  0.0000000E+00
  0.4618916E+01 -0.3841522E+00  0.4181321E-01  0.0000000E+00
  0.8391075E+01  0.1069594E+01 -0.2653329E-01  0.0000000E+00
 -0.7005899E+01 -0.1607927E+01  0.1083964E+00  0.0000000E+00
  0.1431745E+02  0.1212303E+02 -0.2928899E+00  0.0000000E+00
 -0.3308281E+02  0.3687619E+02 -0.4095533E+00  0.0000000E+00
 -0.7341317E+02 -0.1248803E+02  0.4095501E+00  0.0000000E+00
 -0.6716255E+02  0.1218590E+02  0.1359325E+01  0.0000000E+00
 -0.1050577E+03 -0.7436447E+02  0.2354748E+00  0.0000000E+00
 -0.1670534E+02  0.8599588E+00 -0.1634332E+01  0.0000000E+00
 -0.6047698E+01  0.5526888E+00 -0.6537167E+00  0.0000000E+00
  0.1325578E+01  0.2334240E+00  0.3723120E-01  0.0000000E+00
  0.4514555E+01  0.9935619E-01  0.3355986E+00  0.0000000E+00
 -0.9908846E+00  0.3574966E-01 -0.2230836E-01  0.0000000E+00
 -0.3367710E+01  0.1406390E-01  0.1182839E+00  0.0000000E+00
  0.1495213E+02  0.1449220E+00 -0.1928753E+00  0.0000000E+00
 -0.2745304E+02 -0.2843001E+00  0.2774949E+00  0.0000000E+00
  0.2504814E+02 -0.8799361E+00 -0.4645019E+00  0.0000000E+00
  0.2578758E+02 -0.1866162E+01  0.4557392E+00  0.0000000E+00
  0.1171977E+03 -0.1089514E+02 -0.2964318E+01  0.0000000E+00
  0.1525082E+03  0.1470801E+02 -0.1167849E+01  0.0000000E+00
  0.1182562E+03 -0.1329826E+01 -0.2089942E+01  0.0000000E+00
  0.1459358E+03  0.1500403E+02 -0.1376297E+01  0.0000000E+00
  0.4140512E+01  0.9938512E+01  0.1871932E+01  0.0000000E+00
  0.9028547E+00  0.3874221E+01  0.7526834E+00  0.0000000E+00
 -0.1190526E+01 -0.3756991E+00 -0.3707519E-01  0.0000000E+00
 -0.2101433E+01 -0.2211764E+01 -0.3780698E+00  0.0000000E+00
 -0.1391018E+01  0.3731279E-01  0.1029871E-01  0.0000000E+00
  0.1068728E+02 -0.3504539E+00 -0.3899142E-01  0.0000000E+00
 -0.1487972E+02  0.6384681E+00  0.5049730E-01  0.0000000E+00
 -0.1860142E+01 -0.1854774E+01 -0.1053198E+00  0.0000000E+00
 -0.3138724E+01  0.3212614E+01  0.5212202E-01  0.0000000E+00
 -0.1988853E+01 -0.1323989E+02 -0.1361261E-01  0.0000000E+00
 -0.1791248E+02 -0.1102239E+02  0.1036217E+01  0.0000000E+00
 -0.5080779E+02 -0.1877972E+02 -0.1027368E+01  0.0000000E+00
  0.9204148E+00 -0.1478449E+02  0.4174529E+01  0.0000000E+00
 -0.6083876E+02  0.5604817E+01  0.3083150E+01  0.0000000E+00
 -0.8575613E+01 -0.7313928E+01 -0.9704316E+00  0.0000000E+00
 -0.3149145E+01 -0.2879753E+01 -0.3741640E+00  0.0000000E+00
  0.5880255E+00  0.2494572E+00  0.5022853E-01  0.0000000E+00
  0.2205015E+01  0.1600544E+01  0.2333335E+00  0.0000000E+00
  0.1966369E+01 -0.1009457E+00 -0.7097887E-02  0.0000000E+00
 -0.1650256E+01  0.2786708E+00  0.2565291E-01  0.0000000E+00
 -0.5479780E+01 -0.7155494E+00 -0.4237650E-01  0.0000000E+00
  0.9076737E+01  0.1348843E+01  0.1457804E+00  0.0000000E+00
  0.3154047E+01 -0.2194619E+01 -0.3214949E+00  0.0000000E+00
 -0.2018332E+02  0.7164312E+01  0.8031938E+00  0.0000000E+00
 -0.1347253E+02  0.1393867E+02 -0.7258400E+00  0.0000000E+00
  0.7489479E+01  0.2115742E+02 -0.2031887E+01  0.0000000E+00
  0.2659420E+01 -0.2346325E+01 -0.1335563E+01  0.0000000E+00
  0.5180446E+02  0.2128635E+02 -0.6838846E+01  0.0000000E+00
 -0.7116389E+01  0.4833016E+01 -0.1315771E+00  0.0000000E+00
 -0.3216936E+01  0.1855605E+01 -0.3310837E-02  0.0000000E+00
 -0.3952097E+00 -0.2138064E+00  0.7785283E-01  0.0000000E+00
  0.8205348E+00 -0.1108479E+01  0.1132415E+00  0.0000000E+00
  0.7664341E+00 -0.4346306E-01 -0.1462835E-01  0.0000000E+00
 -0.6361282E+01  0.5057071E-01  0.6052693E-01  0.0000000E+00
  0.7013016E+01 -0.1492050E+00 -0.9263208E-01  0.0000000E+00
  0.2295254E+01  0.4423340E+00  0.1455558E+00  0.0000000E+00
 -0.3621477E+00 -0.1359355E+01 -0.1354764E+00  0.0000000E+00
 -0.1578143E+02  0.6286311E+01  0.3079181E+00  0.0000000E+00
  0.1731211E+02  0.6525239E+01 -0.1684436E+01  0.0000000E+00
  0.3182921E+02  0.1658210E+02 -0.2229812E+01  0.0000000E+00
  0.2680181E+02  0.9590552E+01 -0.1330388E+01  0.0000000E+00
  0.1911841E+02  0.1536401E+02  0.1222373E+00  0.0000000E+00
  0.5435146E+01 -0.2026750E+01  0.3827408E+00  0.0000000E+00
  0.1757370E+01 -0.8135496E+00  0.1687801E+00  0.0000000E+00
 -0.8106951E+00  0.6118602E-01  0.1911875E-01  0.0000000E+00
 -0.1920504E+01  0.4381819E+00 -0.4554956E-01  0.0000000E+00
  0.2181161E+02  0.1567412E+02 -0.4282984E+01  0.0000000E+00
 -0.4757262E+02 -0.1468894E+02  0.1135223E+01  0.0000000E+00
  0.1745774E+02 -0.1785979E+02  0.8068897E+00  0.0000000E+00
 -0.8470436E+02  0.2204826E+02 -0.2228636E+01  0.0000000E+00
 -0.1078878E+03  0.2839560E+01 -0.6342785E+01  0.0000000E+00
 -0.1101487E+03 -0.6558572E+02  0.1579926E+02  0.0000000E+00
 -0.1944555E+03 -0.1471755E+03  0.1721038E+01  0.0000000E+00
 -0.1527309E+03 -0.1338192E+03  0.5619620E+01  0.0000000E+00
 -0.9520098E+02 -0.2018601E+03 -0.7539418E+01  0.0000000E+00
 -0.6130715E+02 -0.7404902E+02 -0.4571715E+01  0.0000000E+00
 -0.1067319E+03 -0.9759617E+02  0.6322909E+00  0.0000000E+00
 -0.1024444E+03 -0.9548702E+02  0.1288267E+01  0.0000000E+00
 -0.9937645E+02 -0.9397630E+02  0.1740777E+01  0.0000000E+00
 -0.9805336E+02 -0.9332485E+02  0.1936540E+01  0.0000000E+00
  0.2401540E+02  0.1273778E+02 -0.5126010E+01  0.0000000E+00
 -0.2068098E+02  0.1179097E+02  0.2642980E+01  0.0000000E+00
 -0.1941050E+02 -0.4971687E+02 -0.2799368E+01  0.0000000E+00
  0.6890152E+02  0.4414049E+02 -0.4117528E+01  0.0000000E+00
 -0.2915965E+02  0.3192446E+02 -0.7149521E+01  0.0000000E+00
  0.1172182E+03 -0.1660941E+02 -0.6125823E+01  0.0000000E+00
  0.1858317E+03  0.1214540E+03 -0.6222222E+01  0.0000000E+00
  0.1944607E+03  0.1649290E+02 -0.7827298E+00  0.0000000E+00
  0.2224155E+03  0.1432719E+03  0.1283752E+02  0.0000000E+00
  0.1684095E+03 -0.5181845E+01  0.1025865E+02  0.0000000E+00
  0.1094552E+03  0.7008342E+02 -0.8610781E+01  0.0000000E+00
  0.1242097E+03  0.5819749E+02 -0.5181656E+01  0.0000000E+00
  0.1346345E+03  0.4976230E+02 -0.2753311E+01  0.0000000E+00
  0.1391351E+03  0.4612201E+02 -0.1705141E+01  0.0000000E+00
  0.2814898E+01  0.4859208E+01  0.3679594E+01  0.0000000E+00
 -0.2732429E+02 -0.3842133E+02 -0.2642992E+01  0.0000000E+00
  0.3079981E+02  0.3299524E+02  0.4632524E+01  0.0000000E+00
 -0.1020782E+02 -0.7513755E+01 -0.4424070E+01  0.0000000E+00
 -0.3446776E+02 -0.1646502E+02  0.7955632E+01  0.0000000E+00
  0.3272153E+02  0.1918231E+02 -0.1757298E+00  0.0000000E+00
 -0.1842494E+02  0.2670836E+02  0.1431855E+02  0.0000000E+00
 -0.4743435E+02  0.9512439E+02  0.9153099E+01  0.0000000E+00
 -0.4283885E+02  0.3851642E+02  0.1677836E+02  0.0000000E+00
 -0.6598896E+02  0.4268615E+02  0.6155404E+01  0.0000000E+00
 -0.1371155E+03 -0.1388428E+02  0.2247573E+02  0.0000000E+00
 -0.1349738E+03 -0.8596624E+01  0.1948746E+02  0.0000000E+00
 -0.1333849E+03 -0.4804059E+01  0.1737059E+02  0.0000000E+00
 -0.1327017E+03 -0.3168813E+01  0.1645690E+02  0.0000000E+00
  0.1025440E+01 -0.1656553E+00  0.5839255E-02  0.0000000E+00
 -0.2362361E+01  0.7567766E+00 -0.1029696E-01  0.0000000E+00
  0.2189653E+00 -0.1280606E+01  0.1770141E-01  0.0000000E+00
 -0.7119893E+01  0.1606488E+01 -0.2892890E-01  0.0000000E+00
  0.3556065E+02 -0.2738767E+01  0.1128305E-01  0.0000000E+00
  0.3351249E+02  0.1147108E+01 -0.1806976E+01  0.0000000E+00
  0.7868539E+02 -0.2363554E+02 -0.6116918E+01  0.0000000E+00
  0.6576768E+02  0.1298983E+02 -0.1867819E+02  0.0000000E+00
  0.5004673E+02 -0.2799721E+01 -0.1048485E+02  0.0000000E+00
  0.8181112E+02  0.2542233E+02 -0.2643062E+02  0.0000000E+00
 -0.1174355E+02  0.2572442E+00 -0.5156308E+01  0.0000000E+00
 -0.4861733E+01 -0.7377006E-03 -0.1933671E+01  0.0000000E+00
  0.8524848E-01 -0.1423400E+00  0.2984391E+00  0.0000000E+00
  0.2217855E+01 -0.2049748E+00  0.1263743E+01  0.0000000E+00
 -0.2026473E+01 -0.9298192E-01  0.8031097E-02  0.0000000E+00
  0.2309041E+01  0.3030421E+00 -0.2950806E-01  0.0000000E+00
 -0.3672842E+00 -0.6621342E+00  0.6744428E-01  0.0000000E+00
 -0.1331007E+00  0.9696254E+00 -0.3994758E-01  0.0000000E+00
 -0.1223670E+01 -0.2272539E+01  0.1097458E+00  0.0000000E+00
 -0.1228408E+02  0.1274533E+02  0.5338320E+00  0.0000000E+00
 -0.3497769E+02  0.3393446E+02 -0.3847516E+01  0.0000000E+00
 -0.5784112E+02  0.2479028E+02 -0.3159401E+01  0.0000000E+00
 -0.3035910E+02  0.6525130E+01  0.1947829E+01  0.0000000E+00
 -0.3462797E+02 -0.2111543E+02 -0.1021266E+01  0.0000000E+00
 -0.1575547E+02  0.2731382E+01 -0.4469497E+01  0.0000000E+00
 -0.6101001E+01  0.1132361E+01 -0.1741627E+01  0.0000000E+00
  0.6487213E+00 -0.2906546E-01  0.1748413E+00  0.0000000E+00
  0.3565364E+01 -0.5293086E+00  0.1002626E+01  0.0000000E+00
 -0.4146183E+00  0.6714391E-01 -0.1406239E-01  0.0000000E+00
  0.6499477E-01 -0.3292781E+00  0.6577527E-01  0.0000000E+00
  0.4554643E+01  0.6666455E+00 -0.1186599E+00  0.0000000E+00
 -0.2921242E+01 -0.7163181E+00  0.1391541E+00  0.0000000E+00
 -0.2261466E+02  0.1436496E+01 -0.2786538E+00  0.0000000E+00
 -0.2393639E+02 -0.1651092E+01  0.2274134E+01  0.0000000E+00
 -0.1946895E+02  0.9933018E+01  0.2614432E+01  0.0000000E+00
  0.1883549E+02 -0.1706220E+02 -0.1234311E+01  0.0000000E+00
  0.2723541E+01  0.1872985E+02 -0.9148891E+00  0.0000000E+00
  0.7786337E+02 -0.3454811E+02 -0.3951100E+01  0.0000000E+00
  0.1133108E+02 -0.4660986E+01  0.1660728E+00  0.0000000E+00
  0.4270246E+01 -0.1712268E+01  0.7791164E-01  0.0000000E+00
 -0.5972429E+00  0.3239070E+00  0.9768469E-02  0.0000000E+00
 -0.2703114E+01  0.1204705E+01 -0.1943434E-01  0.0000000E+00
  0.2421275E+01  0.8775546E-01 -0.2932118E-01  0.0000000E+00
 -0.5278576E+01 -0.4909692E+00  0.1359587E+00  0.0000000E+00
  0.4846419E+01  0.9470884E+00 -0.2756986E+00  0.0000000E+00
 -0.8695900E+01 -0.1986708E+01  0.4421557E+00  0.0000000E+00
  0.1426979E+02  0.4216535E+01 -0.1002944E+01  0.0000000E+00
 -0.3864738E+02 -0.1282101E+02  0.1788673E+01  0.0000000E+00
  0.2202053E+02 -0.1705550E+02 -0.9865019E+00  0.0000000E+00
  0.2690448E+02 -0.1417757E+02 -0.6187906E+01  0.0000000E+00
  0.4786136E+02 -0.1432033E+02  0.3180303E+01  0.0000000E+00
  0.4388523E+02 -0.3090382E+02 -0.1755708E+01  0.0000000E+00
 -0.2370999E+02  0.8756759E+01 -0.4294249E-01  0.0000000E+00
 -0.9474036E+01  0.3492794E+01  0.5980526E-03  0.0000000E+00
  0.6096215E+00 -0.2436129E+00  0.2685172E-01  0.0000000E+00
  0.4962025E+01 -0.1856076E+01  0.3835333E-01  0.0000000E+00
 -0.3666574E+00  0.7977693E-02  0.3126078E-01  0.0000000E+00
 -0.1274721E+01  0.1233447E+00 -0.1796347E+00  0.0000000E+00
 -0.1473052E+01 -0.3050552E+00  0.3018573E+00  0.0000000E+00
  0.5588376E+01  0.6159554E+00 -0.4379172E+00  0.0000000E+00
  0.3762953E+01 -0.9829070E-01  0.7953697E+00  0.0000000E+00
 -0.5882989E+00  0.2547696E+01 -0.2029484E+01  0.0000000E+00
 -0.7269936E+02  0.1133195E+02  0.2375831E+01  0.0000000E+00
 -0.9117011E+02  0.9670271E+01 -0.1372065E+01  0.0000000E+00
 -0.8014258E+02  0.2042288E+02 -0.1923491E+00  0.0000000E+00
 -0.9258317E+02 -0.3327008E+01 -0.5277211E+01  0.0000000E+00
  0.3371114E+01 -0.1321536E+01 -0.8862343E+00  0.0000000E+00
  0.1626038E+01 -0.4780275E+00 -0.3294585E+00  0.0000000E+00
  0.2785404E+00  0.1052330E+00  0.5502401E-01  0.0000000E+00
 -0.2989877E+00  0.3575114E+00  0.2213419E+00  0.0000000E+00
  0.1454084E-03  0.1833228E-01  0.1338330E-01  0.0000000E+00
  0.9778430E+00  0.2068310E+00 -0.1032234E+00  0.0000000E+00
  0.2522811E+01 -0.4068800E+00  0.2022119E+00  0.0000000E+00
 -0.3618871E+00  0.1179838E+01 -0.4070052E+00  0.0000000E+00
 -0.2175378E+01 -0.2503112E+01  0.9110725E+00  0.0000000E+00
  0.3177778E+02  0.5191732E+01 -0.1790849E+01  0.0000000E+00
  0.1339449E+02  0.2083127E+01  0.2504374E+01  0.0000000E+00
  0.2689604E+02 -0.2647806E+01 -0.3954606E+01  0.0000000E+00
  0.1150886E+02 -0.5926965E+01  0.2806206E+01  0.0000000E+00
  0.3197672E+02  0.1846454E+01 -0.2474166E+01  0.0000000E+00
  0.3070729E+01 -0.6372517E+01 -0.1020829E+01  0.0000000E+00
  0.1188948E+01 -0.2469402E+01 -0.3957545E+00  0.0000000E+00
 -0.9738490E-01  0.2782670E+00  0.4209330E-01  0.0000000E+00
 -0.6543137E+00  0.1464869E+01  0.2312611E+00  0.0000000E+00
  0.8205269E+01 -0.1279024E+02  0.3669112E+01  0.0000000E+00
  0.1567843E+01 -0.5543308E+01  0.2595304E-01  0.0000000E+00
 -0.5497602E+01  0.2624240E+02 -0.6206162E+01  0.0000000E+00
  0.2382315E+02 -0.5462470E+01  0.5771950E+01  0.0000000E+00
  0.4402845E+02  0.2879148E+02  0.5404622E+00  0.0000000E+00
  0.2872337E+02 -0.1660935E+02  0.1974043E+00  0.0000000E+00
  0.5267004E+02  0.1447466E+02  0.4205958E+01  0.0000000E+00
  0.2184116E+02  0.3073634E+02  0.1131980E+02  0.0000000E+00
  0.3730421E+02  0.2594342E+02  0.1437899E+02  0.0000000E+00
 -0.4555807E+01  0.2660217E+02  0.1234399E+02  0.0000000E+00
 -0.3808505E+02 -0.9875993E+01  0.4694637E+01  0.0000000E+00
 -0.3613915E+02 -0.4724401E+01  0.5347930E+01  0.0000000E+00
 -0.3473263E+02 -0.1063865E+01  0.5818078E+01  0.0000000E+00
 -0.3412657E+02  0.5157089E+00  0.6020735E+01  0.0000000E+00
  0.9542158E+01 -0.7362509E+01  0.2651974E+01  0.0000000E+00
  0.2031066E+01  0.1895647E+01 -0.5265732E+00  0.0000000E+00
  0.7752119E+01  0.3260810E+02 -0.4103420E+01  0.0000000E+00
 -0.2129912E+02 -0.3367280E+01  0.8413117E+01  0.0000000E+00
  0.2001167E+02  0.3499111E+02  0.9512586E+00  0.0000000E+00
 -0.2500308E+02 -0.5581065E+01 -0.6529444E+00  0.0000000E+00
 -0.4757335E+02  0.6340883E+02 -0.5019834E+01  0.0000000E+00
 -0.5886613E+02  0.2814324E+02 -0.1327956E+02  0.0000000E+00
 -0.3946782E+02  0.1065323E+03 -0.8955360E+01  0.0000000E+00
 -0.9489481E+02  0.6403277E+02 -0.1085695E+02  0.0000000E+00
 -0.1333997E+03 -0.1769290E+01 -0.5610306E+01  0.0000000E+00
 -0.1236892E+03  0.1352544E+01 -0.5734985E+01  0.0000000E+00
 -0.1168216E+03  0.3605014E+01 -0.5829578E+01  0.0000000E+00
 -0.1138570E+03  0.4575748E+01 -0.5870176E+01  0.0000000E+00
  0.5414161E+01  0.2520038E+01 -0.4634405E+01  0.0000000E+00
  0.1288761E+02 -0.7119622E+01  0.4349667E+01  0.0000000E+00
 -0.1675686E+02  0.6558531E+01 -0.5036998E+01  0.0000000E+00
  0.1993544E+01 -0.3630660E+02 -0.1250408E+01  0.0000000E+00
 -0.3080766E+02 -0.5512182E+00  0.7689377E+01  0.0000000E+00
 -0.1299561E+02 -0.3480445E+01 -0.2468013E+01  0.0000000E+00
 -0.1637962E+02 -0.1452330E+02 -0.3211802E+01  0.0000000E+00
 -0.1683577E+02 -0.2358669E+02 -0.8615296E+01  0.0000000E+00
  0.8888789E+00  0.2824486E+02  0.1546920E+01  0.0000000E+00
 -0.1279302E+02 -0.1610303E+02 -0.6212179E+01  0.0000000E+00
 -0.7503772E+02 -0.6069739E+02  0.4145197E+01  0.0000000E+00
 -0.7677659E+02 -0.5600918E+02  0.2804670E+01  0.0000000E+00
 -0.7791877E+02 -0.5267220E+02  0.1853934E+01  0.0000000E+00
 -0.7841505E+02 -0.5123245E+02  0.1443610E+01  0.0000000E+00
  0.3078984E+00 -0.1158262E+00  0.1744051E-01  0.0000000E+00
 -0.4928556E+00  0.6761078E+00 -0.7937620E-01  0.0000000E+00
  0.1714257E+01 -0.1317347E+01  0.1694648E+00  0.0000000E+00
 -0.6861049E+01  0.2321299E+01 -0.2686600E+00  0.0000000E+00
  0.7997111E+01 -0.1323444E+01  0.4630984E+00  0.0000000E+00
 -0.2100875E+02  0.6229680E+01 -0.8859943E+00  0.0000000E+00
 -0.1911378E+02 -0.4437896E+01  0.2189861E+01  0.0000000E+00
 -0.1150514E+02 -0.1001802E+02  0.1001140E+01  0.0000000E+00
 -0.2370108E+02  0.3950327E+01  0.1528501E+02  0.0000000E+00
 -0.3627156E+02  0.1236272E+02  0.6618987E+01  0.0000000E+00
 -0.9189809E+01 -0.1169529E+01 -0.7637016E+00  0.0000000E+00
 -0.3446277E+01 -0.5095152E+00 -0.3157204E+00  0.0000000E+00
  0.5464229E+00 -0.2163321E-01  0.5928090E-02  0.0000000E+00
  0.2272569E+01  0.1881983E+00  0.1446034E+00  0.0000000E+00
  0.1500785E+00  0.4191116E-01 -0.1140153E-01  0.0000000E+00
  0.9394049E+00 -0.2750377E+00  0.1229799E+00  0.0000000E+00
 -0.2424655E+01  0.2910974E+00 -0.2318509E+00  0.0000000E+00
  0.2538880E+00 -0.5776073E+00  0.3165555E+00  0.0000000E+00
  0.1171389E+01  0.5560631E+00 -0.6110355E+00  0.0000000E+00
  0.3394073E+01 -0.2485395E+01  0.1326036E+01  0.0000000E+00
  0.2402594E+02 -0.7171233E+01  0.3144169E+00  0.0000000E+00
  0.3312656E+00 -0.2750703E-01  0.4836009E+01  0.0000000E+00
  0.3510860E+02  0.2166954E+01  0.1178020E+02  0.0000000E+00
 -0.4394602E+02  0.6721258E+02  0.8310753E+01  0.0000000E+00
 -0.1141267E+02  0.7783202E+01  0.1843502E+01  0.0000000E+00
 -0.4286720E+01  0.2847872E+01  0.6956783E+00  0.0000000E+00
  0.6642980E+00 -0.5400396E+00 -0.1003218E+00  0.0000000E+00
  0.2804853E+01 -0.2006326E+01 -0.4445254E+00  0.0000000E+00
  0.5490747E+00  0.5918881E-01 -0.4701840E-02  0.0000000E+00
 -0.1236832E+00 -0.2384799E+00  0.3435625E-01  0.0000000E+00
 -0.7982987E+00  0.8615522E+00 -0.7924030E-01  0.0000000E+00
  0.4141472E+01 -0.1477285E+01  0.1564408E+00  0.0000000E+00
  0.2244971E+01 -0.7795365E-01 -0.2830877E+00  0.0000000E+00
  0.1780186E+02 -0.1987845E+01  0.5873158E+00  0.0000000E+00
  0.7502584E+01 -0.8739106E+01 -0.1724775E+01  0.0000000E+00
  0.1065141E+02 -0.9878035E+01 -0.4762515E+01  0.0000000E+00
 -0.3185084E+01 -0.4782517E+01 -0.3649210E+01  0.0000000E+00
  0.3072200E+02 -0.2325349E+02 -0.8732270E+01  0.0000000E+00
  0.8733722E+01 -0.9825301E+01 -0.5452511E+00  0.0000000E+00
  0.3300795E+01 -0.3799038E+01 -0.1893339E+00  0.0000000E+00
 -0.4903942E+00  0.4260267E+00  0.4914455E-01  0.0000000E+00
 -0.2128877E+01  0.2251280E+01  0.1525799E+00  0.0000000E+00
  0.1615289E+00 -0.7089448E-01  0.2016040E-01  0.0000000E+00
 -0.1184247E+01  0.4188677E+00 -0.1405846E+00  0.0000000E+00
  0.1762730E+01 -0.6775312E+00  0.2831510E+00  0.0000000E+00
  0.2267699E+00  0.1316117E+01 -0.3863180E+00  0.0000000E+00
 -0.4167814E+01 -0.6201814E+00  0.6270586E+00  0.0000000E+00
  0.8659475E+01  0.1379243E+01 -0.1186834E+01  0.0000000E+00
  0.1369231E+02  0.7596246E+00  0.9617846E+00  0.0000000E+00
  0.4279506E+01  0.8360689E+01  0.3409485E+00  0.0000000E+00
  0.1012207E+02 -0.1120567E+02 -0.1198267E+01  0.0000000E+00
 -0.2968675E+02 -0.2450242E+02  0.7212111E+00  0.0000000E+00
 -0.1816215E+02  0.3908319E+01 -0.7762084E-01  0.0000000E+00
 -0.7030051E+01  0.1585590E+01 -0.3032938E-01  0.0000000E+00
  0.7623112E+00 -0.8196637E-01  0.3692740E-02  0.0000000E+00
  0.4129137E+01 -0.8009135E+00  0.1835856E-01  0.0000000E+00
 -0.9773874E+00 -0.2983924E-01  0.1693296E-03  0.0000000E+00
 -0.8276854E+00 -0.5858989E-01 -0.2654324E-02  0.0000000E+00
  0.2111214E+01 -0.2372397E+00 -0.1991907E-01  0.0000000E+00
 -0.3328907E+01  0.6412743E+00 -0.6003585E-01  0.0000000E+00
 -0.3789129E+01  0.6064031E-01  0.2636103E+00  0.0000000E+00
  0.5091532E+01 -0.3123683E+00 -0.3451650E+00  0.0000000E+00
  0.7305660E+01  0.1731404E+01  0.5544760E-01  0.0000000E+00
  0.2223142E+02 -0.3670484E+01 -0.1858164E+01  0.0000000E+00
  0.1649140E+02 -0.5048835E+01 -0.1344400E+01  0.0000000E+00
  0.6414497E+02 -0.2685621E+01  0.2179985E+01  0.0000000E+00
  0.1153825E+02 -0.3227170E+01 -0.8354542E-03  0.0000000E+00
  0.4265323E+01 -0.1250063E+01 -0.7656410E-02  0.0000000E+00
 -0.7682059E+00  0.1341072E+00 -0.1026332E-01  0.0000000E+00
 -0.2945165E+01  0.7321560E+00 -0.1146986E-01  0.0000000E+00
 -0.6532575E+00  0.5259688E-01  0.4633742E-02  0.0000000E+00
  0.1596231E+01 -0.2357882E+00  0.2371575E-01  0.0000000E+00
 -0.1498266E+01  0.6518604E+00 -0.7247486E-01  0.0000000E+00
  0.1806551E+01 -0.8257174E+00  0.1017604E+00  0.0000000E+00
  0.7129054E+00  0.2852363E+00 -0.5491593E-01  0.0000000E+00
 -0.1539900E+02  0.1278391E+01 -0.8712855E-01  0.0000000E+00
 -0.1090263E+02 -0.2669435E+01  0.7722548E+00  0.0000000E+00
 -0.1612452E+02  0.2301236E+01  0.7685332E+00  0.0000000E+00
 -0.1246069E+02  0.1074614E+02 -0.3873852E+00  0.0000000E+00
  0.1351735E+02  0.5311459E+01  0.4304571E+00  0.0000000E+00
 -0.9715497E+01 -0.6036695E+01 -0.1364209E+01  0.0000000E+00
 -0.3888440E+01 -0.2385855E+01 -0.5389144E+00  0.0000000E+00
  0.2298823E+00  0.1982655E+00  0.4333483E-01  0.0000000E+00
  0.2007808E+01  0.1313713E+01  0.2947359E+00  0.0000000E+00
  0.8070612E+01 -0.7501665E+00 -0.1716900E+01  0.0000000E+00
 -0.2174888E+01 -0.2038597E+01  0.1336020E+01  0.0000000E+00
 -0.1289322E+02  0.2243358E+01 -0.6906107E+00  0.0000000E+00
  0.2460481E+02  0.7218446E+00 -0.1702148E+01  0.0000000E+00
  0.2401512E+02 -0.1502737E+00  0.1101439E+01  0.0000000E+00
  0.1545130E+02 -0.1254476E+02 -0.1816199E+01  0.0000000E+00
  0.4592367E+02  0.6138613E+01  0.1935143E+00  0.0000000E+00
  0.6190349E+02  0.1201516E+02  0.2598187E+01  0.0000000E+00
  0.3786272E+02  0.4721408E+02  0.2904827E+01  0.0000000E+00
  0.2942850E+02  0.5527230E+01  0.8479454E+00  0.0000000E+00
  0.8023924E+01  0.1034282E+02  0.4184960E+01  0.0000000E+00
  0.9879459E+01  0.1021957E+02  0.4553294E+01  0.0000000E+00
  0.1120728E+02  0.1012019E+02  0.4806673E+01  0.0000000E+00
  0.1177991E+02  0.1007775E+02  0.4916316E+01  0.0000000E+00
  0.9423276E+01 -0.1724607E+01 -0.2378128E+01  0.0000000E+00
  0.1022096E+01  0.6380722E+01  0.2282673E+01  0.0000000E+00
 -0.1078579E+02 -0.2086946E+01 -0.2774865E+01  0.0000000E+00
  0.2715443E+02  0.8845583E+01  0.2134476E+00  0.0000000E+00
  0.3289182E+02 -0.1325956E+02 -0.1056953E+01  0.0000000E+00
  0.4668061E+01  0.2431635E+02 -0.4200095E+00  0.0000000E+00
 -0.7850446E+01 -0.3285282E+02 -0.1537713E+01  0.0000000E+00
 -0.2654148E+02 -0.3161704E+02  0.2190183E+01  0.0000000E+00
 -0.2378683E+01 -0.1027280E+03 -0.1314895E+01  0.0000000E+00
 -0.1942216E+02 -0.3538904E+02  0.3732485E+01  0.0000000E+00
 -0.8744448E+01 -0.3637323E+02  0.2120381E+00  0.0000000E+00
 -0.8479053E+01 -0.4100646E+02  0.2612221E+00  0.0000000E+00
 -0.8304709E+01 -0.4425534E+02  0.3018997E+00  0.0000000E+00
 -0.8228957E+01 -0.4565887E+02  0.3192419E+00  0.0000000E+00
  0.4285443E+01  0.3723806E+01  0.6736535E+00  0.0000000E+00
 -0.8430348E+01 -0.5376916E+01  0.5975054E-01  0.0000000E+00
  0.1346391E+02  0.6677369E+01  0.3017744E+00  0.0000000E+00
 -0.2337879E+02 -0.1837371E+02 -0.1955427E+01  0.0000000E+00
  0.3253930E+01  0.2321913E+02  0.2383241E+00  0.0000000E+00
 -0.1524046E+02 -0.1070961E+02  0.3947716E+00  0.0000000E+00
 -0.1391684E+02  0.1085529E+02 -0.6470083E+00  0.0000000E+00
  0.6238831E+01 -0.1200067E+02 -0.6376658E-01  0.0000000E+00
 -0.1617031E+02  0.7326084E+01  0.8576718E+00  0.0000000E+00
 -0.2727204E+01  0.5618982E+01  0.2747875E+00  0.0000000E+00
  0.2130231E+02  0.1448266E+02  0.4080387E+01  0.0000000E+00
  0.2252640E+02  0.1238369E+02  0.3738106E+01  0.0000000E+00
  0.2335103E+02  0.1089806E+02  0.3493954E+01  0.0000000E+00
  0.2370852E+02  0.1025677E+02  0.3388633E+01  0.0000000E+00
 -0.2119451E+00 -0.2591475E-01  0.6846216E-02  0.0000000E+00
  0.6627665E+00  0.3194329E+00 -0.6428001E-01  0.0000000E+00
 -0.1280134E+00 -0.4930577E+00  0.1158946E+00  0.0000000E+00
  0.2905216E+01  0.4879527E+00 -0.1947925E+00  0.0000000E+00
 -0.3654308E+01  0.1078496E+01  0.4208124E+00  0.0000000E+00
 -0.5245871E+01 -0.3701686E+01 -0.1159490E+00  0.0000000E+00
 -0.1061551E+01  0.2776829E+01  0.2145208E+01  0.0000000E+00
  0.4069211E+01  0.9309592E+00  0.2995331E+00  0.0000000E+00
  0.3073877E+02  0.1714778E+02 -0.4514806E+00  0.0000000E+00
  0.4351386E+02 -0.6924208E+01 -0.2269428E+01  0.0000000E+00
 -0.7496695E+01  0.4024180E+01  0.2324953E+00  0.0000000E+00
 -0.3071744E+01  0.1598607E+01  0.1005501E+00  0.0000000E+00
  0.1051550E+00 -0.1121300E+00  0.4449657E-02  0.0000000E+00
  0.1474831E+01 -0.8508086E+00 -0.3693299E-01  0.0000000E+00
 -0.4082862E+00  0.9851333E-01 -0.4709704E-02  0.0000000E+00
 -0.2402753E+00 -0.2520624E+00  0.3288099E-01  0.0000000E+00
  0.2135182E+01  0.6348698E+00 -0.4926522E-01  0.0000000E+00
 -0.3160706E+01 -0.1391844E+01  0.1010210E+00  0.0000000E+00
  0.1960646E+01  0.2032118E+01 -0.4456424E-01  0.0000000E+00
 -0.7705084E+01 -0.5677601E+01  0.3317486E+00  0.0000000E+00
  0.2645402E+01 -0.2049291E+00  0.1180650E+01  0.0000000E+00
  0.8169231E+01  0.6622670E+01  0.2152192E+01  0.0000000E+00
 -0.5241711E+01  0.2593366E+02  0.4145282E+01  0.0000000E+00
  0.3407595E+01  0.5098258E+01  0.6974176E+00  0.0000000E+00
 -0.4760320E+00  0.4836291E+01 -0.8047440E-01  0.0000000E+00
 -0.1896532E+00  0.1890726E+01 -0.3625690E-01  0.0000000E+00
  0.1290157E-01 -0.1756849E+00 -0.4652150E-02  0.0000000E+00
  0.1003431E+00 -0.1068344E+01  0.8979213E-02  0.0000000E+00
  0.5500755E+00  0.1238546E-01 -0.1222225E-01  0.0000000E+00
 -0.5959168E+00  0.4062837E-01  0.5223957E-01  0.0000000E+00
 -0.1478503E+01 -0.1736909E+00 -0.8615294E-01  0.0000000E+00
  0.3336963E+01  0.7041621E+00  0.1167333E+00  0.0000000E+00
  0.1746344E+01 -0.1422375E+01 -0.2328914E+00  0.0000000E+00
 -0.5654650E+01  0.2614813E+01 -0.7700362E-01  0.0000000E+00
 -0.1701329E+02  0.9220159E+00 -0.8781916E+00  0.0000000E+00
 -0.3157553E+02  0.3305768E+01 -0.7123334E+00  0.0000000E+00
 -0.3200826E+02 -0.1414091E+01 -0.2260556E+01  0.0000000E+00
 -0.2912086E+02 -0.4387517E+01 -0.1202571E+01  0.0000000E+00
 -0.4723129E+00 -0.3643434E+01  0.5682525E+00  0.0000000E+00
 -0.9423275E-01 -0.1430595E+01  0.2245621E+00  0.0000000E+00
  0.1298607E+00  0.1204010E+00 -0.1887716E-01  0.0000000E+00
  0.2281942E+00  0.7904602E+00 -0.1239530E+00  0.0000000E+00
  0.3299423E+00 -0.1948194E-02  0.1553522E-01  0.0000000E+00
 -0.1639505E+01 -0.9897227E-01 -0.8514176E-01  0.0000000E+00
  0.5254179E+00  0.1099488E+00  0.1731902E+00  0.0000000E+00
 -0.2208036E+00  0.6571828E-01 -0.2970188E+00  0.0000000E+00
  0.6608983E+01 -0.3527062E+00  0.2906779E+00  0.0000000E+00
  0.2933739E+01  0.1779291E+01 -0.6407016E+00  0.0000000E+00
  0.2343065E+01  0.1044761E+02  0.2823763E+00  0.0000000E+00
 -0.1892790E+02  0.9288861E+01 -0.1674867E+01  0.0000000E+00
 -0.7997598E+01  0.1431107E+01 -0.2209637E+01  0.0000000E+00
 -0.1562573E+02  0.4107830E+01 -0.7049688E+00  0.0000000E+00
 -0.1650469E+02  0.2874567E+01 -0.1215280E+01  0.0000000E+00
 -0.6428348E+01  0.1118373E+01 -0.4720481E+00  0.0000000E+00
  0.6553643E+00 -0.1125480E+00  0.5122422E-01  0.0000000E+00
  0.3714868E+01 -0.6443290E+00  0.2772002E+00  0.0000000E+00
 -0.3211122E+00  0.8442878E-01 -0.1060640E-01  0.0000000E+00
 -0.1606600E+01 -0.5451039E+00  0.6459948E-01  0.0000000E+00
  0.4194592E+01  0.8973206E+00 -0.1095133E+00  0.0000000E+00
 -0.9197832E+01 -0.1348775E+01  0.1793524E+00  0.0000000E+00
  0.1276293E+02  0.2318325E+01 -0.3855078E+00  0.0000000E+00
 -0.6157741E+01 -0.3441303E+01  0.9414047E+00  0.0000000E+00
  0.1176269E+02  0.4158033E+01 -0.2082629E+01  0.0000000E+00
  0.7083614E+01  0.2102926E+01 -0.1152830E+01  0.0000000E+00
  0.6712055E+01  0.7841547E+01 -0.9019114E+00  0.0000000E+00
 -0.1569021E+01 -0.1011942E+02 -0.9594026E+00  0.0000000E+00
  0.4679658E+01 -0.7723593E+00  0.3985407E+00  0.0000000E+00
  0.1853053E+01 -0.2828174E+00  0.1614745E+00  0.0000000E+00
 -0.1448120E+00  0.4748981E-01 -0.8308485E-02  0.0000000E+00
 -0.1007304E+01  0.1906651E+00 -0.8152244E-01  0.0000000E+00
  0.6919870E-01 -0.6475151E-02  0.6740753E-02  0.0000000E+00
 -0.3606974E+00 -0.9592261E-01 -0.5288561E-02  0.0000000E+00
  0.1340881E+01  0.2343630E+00 -0.4684061E-01  0.0000000E+00
 -0.2698197E+01 -0.4576960E+00  0.5595212E-01  0.0000000E+00
 -0.4052751E+01  0.1990035E+01  0.1968414E+00  0.0000000E+00
  0.8611710E+01 -0.3906956E+01 -0.1818464E+00  0.0000000E+00
 -0.3878805E+01 -0.4150081E+01  0.7386571E+00  0.0000000E+00
 -0.1697829E+02 -0.3153112E+01 -0.6138056E+00  0.0000000E+00
  0.8264100E+00 -0.1145185E+02 -0.9566737E+00  0.0000000E+00
 -0.6424781E+01 -0.2802454E+01 -0.1144111E+00  0.0000000E+00
 -0.1078541E+02 -0.2626989E+01 -0.2664293E+00  0.0000000E+00
 -0.4209693E+01 -0.1038671E+01 -0.1034494E+00  0.0000000E+00
  0.4115211E+00  0.7423155E-01  0.1016232E-01  0.0000000E+00
  0.2407516E+01  0.5550402E+00  0.5926835E-01  0.0000000E+00
 -0.3183604E+01  0.9509323E+00  0.8942501E+00  0.0000000E+00
  0.4773383E+00 -0.9652154E+01  0.1349165E+01  0.0000000E+00
  0.7090941E+01  0.1160176E+02 -0.4483685E+01  0.0000000E+00
 -0.8586188E+01 -0.1837622E+02  0.5211069E+01  0.0000000E+00
  0.3128254E+02  0.8430918E+01  0.3509256E+01  0.0000000E+00
 -0.1551698E+02 -0.9606381E+01 -0.1778015E+01  0.0000000E+00
  0.1640775E+01 -0.8289435E+01  0.2085338E+01  0.0000000E+00
 -0.1082312E+02 -0.7094009E+01  0.9584493E+00  0.0000000E+00
  0.6394025E+01 -0.6410179E+01  0.3203805E+01  0.0000000E+00
  0.3468305E+01 -0.8786297E+01  0.2996003E+01  0.0000000E+00
 -0.1847120E+02 -0.2722055E+02  0.1345846E+01  0.0000000E+00
 -0.1804801E+02 -0.2552754E+02  0.1441470E+01  0.0000000E+00
 -0.1772641E+02 -0.2432110E+02  0.1509913E+01  0.0000000E+00
 -0.1758839E+02 -0.2380063E+02  0.1539430E+01  0.0000000E+00
 -0.4827788E+01  0.1883305E+01  0.3200029E-01  0.0000000E+00
  0.2359430E+00 -0.1181312E+02  0.1841113E+01  0.0000000E+00
 -0.1271259E+00  0.9856517E+01 -0.3742750E+01  0.0000000E+00
 -0.1395261E+02 -0.1253612E+02  0.5976254E+01  0.0000000E+00
  0.2816783E+02  0.1213285E+02  0.2825273E+01  0.0000000E+00
 -0.3015051E+02 -0.1049049E+02  0.2219354E+01  0.0000000E+00
 -0.1833935E+02  0.1569443E+02 -0.2139033E+01  0.0000000E+00
 -0.3065876E+02  0.1030991E+02  0.8896814E+00  0.0000000E+00
 -0.3504890E+02  0.1799692E+02 -0.7494622E+01  0.0000000E+00
 -0.4763836E+02  0.3779761E+00 -0.4605403E+01  0.0000000E+00
 -0.8257913E+02  0.4008875E+02  0.2648223E+01  0.0000000E+00
 -0.8092223E+02  0.3658696E+02  0.2781424E+01  0.0000000E+00
 -0.7970910E+02  0.3408132E+02  0.2865296E+01  0.0000000E+00
 -0.7918694E+02  0.3300074E+02  0.2901883E+01  0.0000000E+00
 -0.2093703E+01 -0.2607731E+01 -0.1624741E+01  0.0000000E+00
  0.4670795E+01  0.1077599E+01  0.2022227E+01  0.0000000E+00
 -0.3039436E+01 -0.5999514E+01 -0.2422522E+01  0.0000000E+00
  0.1362706E+02 -0.3094056E+01  0.2197308E+01  0.0000000E+00
 -0.2350943E+02  0.9188361E+01  0.2332758E+00  0.0000000E+00
 -0.1435378E+01 -0.3547862E+01 -0.8411490E-01  0.0000000E+00
  0.3569720E+01  0.9478874E+01  0.1076367E+01  0.0000000E+00
  0.1198943E+02  0.8680400E+01  0.2276586E+01  0.0000000E+00
 -0.3038930E+01  0.2066932E+02 -0.1611228E+01  0.0000000E+00
  0.1773101E+01  0.3109986E+01  0.1473471E+00  0.0000000E+00
 -0.3533943E+02 -0.8731060E+01  0.2208627E+01  0.0000000E+00
 -0.3655294E+02 -0.6923646E+01  0.2297744E+01  0.0000000E+00
 -0.3736041E+02 -0.5644698E+01  0.2356887E+01  0.0000000E+00
 -0.3771084E+02 -0.5092616E+01  0.2382562E+01  0.0000000E+00
 -0.7194845E-01  0.4000627E-01 -0.1086766E-01  0.0000000E+00
  0.1012312E+01 -0.4256685E+00  0.3014252E-01  0.0000000E+00
 -0.2203965E+01  0.5476652E+00 -0.4805552E-01  0.0000000E+00
  0.2774079E+01 -0.9214195E+00  0.1092408E+00  0.0000000E+00
  0.1299124E+01 -0.5038161E+00 -0.2647398E+00  0.0000000E+00
  0.9659293E+00 -0.1406305E+01  0.9145168E+00  0.0000000E+00
  0.1588422E+02  0.6084833E+01 -0.2491059E+00  0.0000000E+00
  0.3675657E+01  0.1777856E+02  0.2812139E+01  0.0000000E+00
  0.9592084E+01 -0.2108256E+01 -0.7619732E-01  0.0000000E+00
 -0.2854502E+02  0.1884649E+02  0.5894418E+01  0.0000000E+00
 -0.3002559E+01  0.3140126E+01  0.1235864E+01  0.0000000E+00
 -0.1081901E+01  0.1178261E+01  0.4646287E+00  0.0000000E+00
  0.2408363E+00 -0.1837645E+00 -0.7041536E-01  0.0000000E+00
  0.8131494E+00 -0.7726661E+00 -0.3017693E+00  0.0000000E+00
  0.1711104E+00  0.1095168E+00 -0.1870674E-01  0.0000000E+00
 -0.8333125E+00 -0.2864726E+00  0.6246713E-01  0.0000000E+00
  0.1496411E+01  0.6280834E+00 -0.1029835E+00  0.0000000E+00
  0.2178992E+01 -0.9014725E+00  0.1271322E+00  0.0000000E+00
 -0.3038573E+01 -0.3318429E+00 -0.3477799E+00  0.0000000E+00
  0.2525239E+01  0.1678592E+01  0.6199097E-01  0.0000000E+00
 -0.2412719E+00  0.8405828E+00 -0.6456955E+00  0.0000000E+00
  0.1170655E+02 -0.2190616E+02  0.1135339E+01  0.0000000E+00
 -0.3372022E+01  0.2195765E+02  0.2355867E+01  0.0000000E+00
 -0.1135459E+02 -0.2140839E+02  0.1199173E+01  0.0000000E+00
  0.2683479E+01 -0.2560849E+01  0.6463012E+00  0.0000000E+00
  0.1097673E+01 -0.9414734E+00  0.2492168E+00  0.0000000E+00
 -0.3008563E-01  0.1663890E+00 -0.2918827E-01  0.0000000E+00
 -0.5166966E+00  0.6460171E+00 -0.1494609E+00  0.0000000E+00
  0.4074437E+00 -0.1603118E-01  0.1240279E-01  0.0000000E+00
 -0.2529589E+01  0.3910781E+00 -0.4794419E-01  0.0000000E+00
  0.3992289E+01 -0.6114340E+00  0.6884942E-01  0.0000000E+00
 -0.7366177E+01  0.5946357E+00 -0.2759597E-01  0.0000000E+00
  0.2193162E+01  0.1220197E+01  0.1060454E+00  0.0000000E+00
  0.4027889E+01 -0.4255145E+00 -0.6611641E+00  0.0000000E+00
  0.8943252E+01 -0.7934120E+01 -0.4319244E+00  0.0000000E+00
  0.9556471E+01  0.4478668E+01 -0.3966267E+01  0.0000000E+00
  0.1646664E+02  0.4895417E+01 -0.1075225E+01  0.0000000E+00
  0.1673835E+02 -0.1646098E+02 -0.2194527E+01  0.0000000E+00
  0.3520268E+01  0.2324273E-01 -0.3231754E-01  0.0000000E+00
  0.1301026E+01  0.7030055E-01 -0.4424161E-02  0.0000000E+00
 -0.2421921E+00  0.8291159E-01  0.1241099E-01  0.0000000E+00
 -0.9093444E+00  0.8911546E-01  0.1978485E-01  0.0000000E+00
  0.1172963E+00 -0.4430970E-01  0.4799607E-03  0.0000000E+00
 -0.1933794E+00  0.1037342E+00 -0.3080875E-01  0.0000000E+00
 -0.1685238E+00 -0.1014747E+00  0.6342050E-01  0.0000000E+00
 -0.4444756E+01  0.6443093E+00 -0.3803734E-01  0.0000000E+00
  0.1985008E+01  0.6324949E+00  0.9437063E-01  0.0000000E+00
  0.5003951E+00 -0.5228547E+00 -0.2052403E-02  0.0000000E+00
 -0.6788196E+00 -0.4749246E+01 -0.2874774E+00  0.0000000E+00
  0.4274431E+01 -0.1648973E+02 -0.1547263E+00  0.0000000E+00
  0.1919376E+01 -0.6608501E+01 -0.2417295E+00  0.0000000E+00
  0.4787930E+01 -0.7112601E+01  0.4507099E+00  0.0000000E+00
  0.5527244E+01  0.1045540E+01 -0.1292125E+01  0.0000000E+00
  0.2132613E+01  0.4312637E+00 -0.5072592E+00  0.0000000E+00
 -0.2473024E+00 -0.1277583E-01  0.4570683E-01  0.0000000E+00
 -0.1275450E+01 -0.2041069E+00  0.2844927E+00  0.0000000E+00
  0.5717433E-01 -0.2421842E-01 -0.1297559E-01  0.0000000E+00
  0.1564679E+01  0.1712240E-02  0.9055993E-01  0.0000000E+00
 -0.1563186E+01  0.3309290E-01 -0.1615218E+00  0.0000000E+00
  0.3012633E+01  0.1640490E+00  0.1928822E+00  0.0000000E+00
  0.2793274E+01 -0.1548700E+01 -0.4727898E+00  0.0000000E+00
 -0.4479753E+01  0.3223996E+01  0.8367858E+00  0.0000000E+00
 -0.2233760E+01 -0.4583207E+01 -0.5453951E+00  0.0000000E+00
 -0.1325896E+02 -0.1933405E+01  0.2500588E+01  0.0000000E+00
 -0.5548311E+00  0.1730904E+01 -0.3262945E+01  0.0000000E+00
  0.1775266E+02  0.3564828E+01  0.7777633E+00  0.0000000E+00
 -0.2400711E+01  0.2963010E+01  0.1200324E+01  0.0000000E+00
 -0.1014616E+01  0.1156897E+01  0.4691349E+00  0.0000000E+00
 -0.2172517E-01 -0.1072194E+00 -0.4426800E-01  0.0000000E+00
  0.4064323E+00 -0.6534094E+00 -0.2660340E+00  0.0000000E+00
 -0.2504494E+00 -0.4901422E-01 -0.1602916E-06  0.0000000E+00
  0.1411852E+01  0.4885585E-01  0.3495467E-02  0.0000000E+00
 -0.1529200E+01 -0.3802320E+00 -0.9160758E-02  0.0000000E+00
  0.3610565E+01  0.4414869E+00  0.4581462E-01  0.0000000E+00
 -0.1161569E+01 -0.2276494E+01 -0.1445981E+00  0.0000000E+00
 -0.1221002E+01  0.3567746E+01  0.3038879E+00  0.0000000E+00
  0.3379480E+01 -0.8955831E+01 -0.5409681E+00  0.0000000E+00
 -0.5624073E+01  0.1346461E+02 -0.2624019E+01  0.0000000E+00
  0.5366721E+01 -0.1444631E+02 -0.1752099E+01  0.0000000E+00
 -0.4258654E+01 -0.7163957E+00 -0.8642129E+00  0.0000000E+00
 -0.8393220E+00  0.5151963E+00  0.2707375E+00  0.0000000E+00
 -0.3442388E+00  0.2160780E+00  0.1156746E+00  0.0000000E+00
 -0.4659168E-02  0.6972010E-02  0.4566981E-02  0.0000000E+00
  0.1423233E+00 -0.8338741E-01 -0.4334312E-01  0.0000000E+00
  0.6171754E+01 -0.2540492E+00 -0.1926484E+01  0.0000000E+00
 -0.6274697E+01  0.2838294E+01  0.1275242E+01  0.0000000E+00
  0.3033957E+01 -0.4065391E+01 -0.1238612E+01  0.0000000E+00
 -0.1505968E+02  0.2077651E+01  0.6167399E+00  0.0000000E+00
  0.4108828E+01 -0.2956426E+01  0.2384704E+01  0.0000000E+00
  0.4827726E+01  0.7997149E+01 -0.2134561E+01  0.0000000E+00
  0.4210460E+01 -0.8693852E-02  0.1142756E+01  0.0000000E+00
 -0.1234007E+02  0.8466834E+01  0.5695572E+00  0.0000000E+00
  0.8578232E+00 -0.1951347E+02  0.2881149E+01  0.0000000E+00
 -0.1360849E+02 -0.1447656E+02  0.1138555E+01  0.0000000E+00
 -0.6961080E+01  0.9058778E+01  0.4212550E+01  0.0000000E+00
 -0.3789631E+01  0.5791085E+01  0.4339631E+01  0.0000000E+00
 -0.1571735E+01  0.3472047E+01  0.4424921E+01  0.0000000E+00
 -0.6133782E+00  0.2471242E+01  0.4461908E+01  0.0000000E+00
  0.7241435E+01  0.6584719E-02 -0.2566560E+01  0.0000000E+00
 -0.4175381E+01  0.2608221E+01  0.1678873E+01  0.0000000E+00
 -0.4834459E+00 -0.3913738E+01 -0.1807943E+01  0.0000000E+00
 -0.1128554E+02  0.1806980E+01  0.2765481E+01  0.0000000E+00
  0.1519668E+01  0.5421666E+00  0.1379361E+01  0.0000000E+00
  0.4231489E+01  0.5467960E+00 -0.3519866E+00  0.0000000E+00
 -0.6413417E+00 -0.6088998E+01  0.1163123E+01  0.0000000E+00
  0.1077598E+02 -0.1374119E+02  0.3213567E+00  0.0000000E+00
  0.8309928E+01  0.1816223E+02  0.2197019E+01  0.0000000E+00
  0.2145156E+02  0.1575403E+02  0.1114997E+01  0.0000000E+00
 -0.2465406E+02  0.4583078E+01  0.2853134E+01  0.0000000E+00
 -0.2300815E+02  0.6870847E+01  0.3138915E+01  0.0000000E+00
 -0.2179000E+02  0.8489170E+01  0.3338354E+01  0.0000000E+00
 -0.2126614E+02  0.9187767E+01  0.3424546E+01  0.0000000E+00
 -0.8861248E-01  0.2787211E+01  0.7229467E+00  0.0000000E+00
 -0.6915924E+01  0.7278676E+00 -0.4321312E+00  0.0000000E+00
  0.5637710E+01 -0.2846370E+00  0.3000201E-01  0.0000000E+00
 -0.1110825E+02 -0.4584733E+01 -0.1863392E+01  0.0000000E+00
  0.4283891E+01  0.1613701E+02  0.1335005E+01  0.0000000E+00
 -0.1051638E+01 -0.1442372E+02 -0.1340933E+01  0.0000000E+00
  0.1949100E+01  0.1100288E+02  0.2721623E+00  0.0000000E+00
 -0.8415533E+01 -0.8932444E+01  0.1595621E+01  0.0000000E+00
  0.8321222E+01  0.1201823E+02 -0.1412998E+01  0.0000000E+00
 -0.9355031E+00  0.9457314E+01 -0.9093701E+00  0.0000000E+00
  0.1805801E+02 -0.3235449E+01  0.1507161E+01  0.0000000E+00
  0.2036465E+02  0.1440752E+00  0.1741770E+01  0.0000000E+00
  0.2195915E+02  0.2525231E+01  0.1904303E+01  0.0000000E+00
  0.2264883E+02  0.3553477E+01  0.1974591E+01  0.0000000E+00
  0.2387552E+00  0.4671828E-01  0.4224301E-02  0.0000000E+00
  0.5588075E+00 -0.1262610E+00 -0.8616550E-02  0.0000000E+00
  0.2479883E+00  0.2163809E+00  0.1466557E-01  0.0000000E+00
 -0.2206096E+01 -0.5578247E-01 -0.2249309E-02  0.0000000E+00
  0.2788284E+01 -0.1356373E+01 -0.3217209E-01  0.0000000E+00
 -0.4125066E+01  0.2272919E+01  0.1927613E+00  0.0000000E+00
  0.2334112E+01 -0.1040043E+01 -0.6007377E+00  0.0000000E+00
  0.9290658E+01  0.1508065E+01 -0.1254518E+00  0.0000000E+00
  0.3963585E+01 -0.1321214E+02 -0.2393891E+01  0.0000000E+00
 -0.4285397E+01 -0.1603636E+02  0.1068607E+01  0.0000000E+00
 -0.2859839E+01  0.2075254E+01  0.8000776E+00  0.0000000E+00
 -0.1100807E+01  0.8438275E+00  0.3102503E+00  0.0000000E+00
  0.1320168E+00 -0.3802001E-01 -0.3345719E-01  0.0000000E+00
  0.6646229E+00 -0.4183025E+00 -0.1819307E+00  0.0000000E+00
 -0.3936889E-01 -0.1056673E+00  0.2276912E-02  0.0000000E+00
  0.8909890E+00  0.4968968E+00  0.5186687E-02  0.0000000E+00
 -0.1686125E+01 -0.8731215E+00 -0.2388166E-01  0.0000000E+00
  0.6544599E+00  0.1687598E+01  0.2331558E-01  0.0000000E+00
 -0.1292087E+01 -0.1889139E+01  0.2943344E-01  0.0000000E+00
  0.2581641E+01  0.3051656E+01 -0.3267243E+00  0.0000000E+00
 -0.6292271E+01 -0.6839975E+01  0.2002327E+00  0.0000000E+00
 -0.1650742E+02 -0.4087095E+00 -0.2614550E+00  0.0000000E+00
 -0.1390769E+02 -0.1979789E+02 -0.3085615E+00  0.0000000E+00
 -0.4950966E+01 -0.1434135E+02 -0.2965642E+00  0.0000000E+00
 -0.5839540E+01  0.5399757E+01  0.9203181E+00  0.0000000E+00
 -0.2269771E+01  0.2131408E+01  0.3591635E+00  0.0000000E+00
  0.2383686E+00 -0.1758169E+00 -0.3577473E-01  0.0000000E+00
  0.1321705E+01 -0.1171979E+01 -0.2063354E+00  0.0000000E+00
 -0.3942278E+00 -0.3422742E-01 -0.4948187E-02  0.0000000E+00
 -0.1183083E+01 -0.1048692E+00  0.5407356E-01  0.0000000E+00
  0.2012811E+01  0.2789804E+00 -0.1079359E+00  0.0000000E+00
 -0.1639212E+01 -0.9262916E+00  0.1185357E+00  0.0000000E+00
  0.4063254E+01  0.1703027E+01 -0.1995430E+00  0.0000000E+00
  0.8146323E+00 -0.2172828E+01  0.3911671E+00  0.0000000E+00
  0.6058363E+01  0.5262417E+00 -0.1415487E+01  0.0000000E+00
  0.1293670E+02 -0.7441781E+00 -0.7943182E+00  0.0000000E+00
  0.7749111E+01 -0.1208820E+01  0.6297027E+00  0.0000000E+00
 -0.3038031E+01  0.1216715E+02 -0.1024745E+01  0.0000000E+00
 -0.3425138E+00 -0.3123640E+01  0.1627493E+00  0.0000000E+00
 -0.1302499E+00 -0.1247382E+01  0.6895656E-01  0.0000000E+00
  0.1260452E-01  0.8623443E-01  0.1687856E-02  0.0000000E+00
  0.7454171E-01  0.6616949E+00 -0.2731677E-01  0.0000000E+00
 -0.4166617E+00  0.7345849E-02 -0.1834854E-01  0.0000000E+00
  0.9890089E+00 -0.1624274E+00  0.1311136E-01  0.0000000E+00
 -0.1041001E+01  0.2798481E+00 -0.1967522E-01  0.0000000E+00
  0.3973444E+01 -0.3447728E+00  0.5489877E-01  0.0000000E+00
 -0.2515350E+01  0.3571542E+00 -0.1406103E+00  0.0000000E+00
 -0.9797744E+00  0.2679040E-02  0.2914964E+00  0.0000000E+00
 -0.1958775E+01  0.3694759E+01 -0.1039876E+01  0.0000000E+00
 -0.7065718E+01 -0.1104925E+01  0.1294184E+01  0.0000000E+00
 -0.1275965E+01  0.5503180E+01 -0.4757940E+00  0.0000000E+00
  0.8010973E+01  0.6689558E+01  0.2012408E+01  0.0000000E+00
 -0.4994612E+01  0.4372713E+00 -0.1202540E+01  0.0000000E+00
 -0.1971653E+01  0.1439071E+00 -0.4744975E+00  0.0000000E+00
  0.1679638E+00 -0.4979253E-01  0.4049790E-01  0.0000000E+00
  0.1091545E+01 -0.1339193E+00  0.2628108E+00  0.0000000E+00
  0.8000656E+00 -0.2076385E-01  0.4503286E-02  0.0000000E+00
 -0.4280890E+00  0.2962482E+00 -0.9009955E-02  0.0000000E+00
  0.3871711E+00 -0.5924629E+00  0.2690201E-02  0.0000000E+00
 -0.1303168E+01  0.1023210E+01 -0.2585038E-01  0.0000000E+00
 -0.2733242E+00 -0.9626107E+00  0.1360283E+00  0.0000000E+00
  0.3243087E+01  0.2117833E+01 -0.1630069E+00  0.0000000E+00
  0.4197444E+01  0.1087056E+01  0.3566915E+00  0.0000000E+00
 -0.6611451E+01  0.6624360E+00  0.2692691E+00  0.0000000E+00
 -0.5063923E+01 -0.4030651E+01 -0.1023104E+00  0.0000000E+00
 -0.1153785E+02 -0.1968382E+01 -0.1807518E+01  0.0000000E+00
  0.2850956E+00  0.3940975E-01  0.1046966E+01  0.0000000E+00
  0.1453226E+00  0.2489026E-01  0.4184081E+00  0.0000000E+00
  0.2849858E-01  0.1249396E-01 -0.2661622E-01  0.0000000E+00
 -0.2126954E-01  0.7220679E-02 -0.2187091E+00  0.0000000E+00
  0.5547874E+00  0.8143598E-01 -0.1049213E-01  0.0000000E+00
 -0.1405933E+01 -0.1375614E+00  0.5344167E-01  0.0000000E+00
  0.1115865E+01  0.2243756E+00 -0.9460467E-01  0.0000000E+00
 -0.2077242E+01 -0.5782726E+00  0.1741485E+00  0.0000000E+00
 -0.1716210E+01  0.5650582E+00 -0.3444285E+00  0.0000000E+00
 -0.5126417E+01 -0.1953717E+01  0.5618284E+00  0.0000000E+00
  0.4272226E+01  0.5169266E+01 -0.7714394E+00  0.0000000E+00
  0.8793711E+01  0.8458696E+01 -0.2700477E-01  0.0000000E+00
 -0.3790270E+01  0.6005605E+01 -0.2719971E+01  0.0000000E+00
 -0.1045606E+02  0.2645651E+01  0.7221843E-01  0.0000000E+00
 -0.2652782E+01 -0.3637766E+00  0.4501617E+00  0.0000000E+00
 -0.1019604E+01 -0.1395563E+00  0.1769876E+00  0.0000000E+00
  0.1167913E+00  0.1773591E-01 -0.1574126E-01  0.0000000E+00
  0.6080435E+00  0.8568642E-01 -0.9895663E-01  0.0000000E+00
 -0.4998953E+00  0.4430173E+01  0.4648893E+00  0.0000000E+00
  0.5202665E+01 -0.2931218E+01  0.9281612E+00  0.0000000E+00
  0.3681740E+01  0.4137237E-01 -0.2408380E+01  0.0000000E+00
  0.1479304E+02 -0.6301232E+01  0.4763325E+01  0.0000000E+00
  0.3677288E+01  0.7353905E+01 -0.6727577E+00  0.0000000E+00
 -0.1209387E+02  0.7086119E+00  0.7756188E+00  0.0000000E+00
  0.2547704E+00  0.5384125E+01 -0.5242336E+00  0.0000000E+00
 -0.8979279E+01 -0.7531668E+00  0.7651581E+00  0.0000000E+00
 -0.3333804E+01  0.2215226E+01 -0.1403331E+01  0.0000000E+00
 -0.1991156E+00  0.1928186E+01 -0.5876612E-01  0.0000000E+00
  0.8010224E+01  0.2237592E+02 -0.3637998E+01  0.0000000E+00
  0.7475347E+01  0.1991378E+02 -0.3772076E+01  0.0000000E+00
  0.7090806E+01  0.1815786E+02 -0.3861291E+01  0.0000000E+00
  0.6925034E+01  0.1740040E+02 -0.3900010E+01  0.0000000E+00
  0.3588441E+00  0.5969874E+01  0.5371140E+00  0.0000000E+00
  0.1802924E+01 -0.4666222E+01  0.1104337E+01  0.0000000E+00
  0.6788669E+01 -0.2234782E+01 -0.2489016E+01  0.0000000E+00
  0.6042843E+01  0.2535817E+01  0.5634207E+01  0.0000000E+00
  0.8343681E+01  0.4090331E+01  0.4230206E-01  0.0000000E+00
 -0.5974924E+00 -0.1397756E+01  0.1701957E+00  0.0000000E+00
  0.8292428E+01 -0.1052937E+02  0.1223679E+01  0.0000000E+00
  0.1191777E+02 -0.1119384E+02  0.3474154E+00  0.0000000E+00
  0.7529323E+01 -0.1200064E+02  0.1219381E+01  0.0000000E+00
  0.3284082E+01 -0.1635610E+02 -0.2151572E+01  0.0000000E+00
 -0.7885740E+01 -0.1667646E+02  0.1883106E+01  0.0000000E+00
 -0.6383036E+01 -0.1725545E+02  0.1791896E+01  0.0000000E+00
 -0.5308983E+01 -0.1766329E+02  0.1722054E+01  0.0000000E+00
 -0.4845747E+01 -0.1783941E+02  0.1692101E+01  0.0000000E+00
 -0.7203708E+00  0.8210296E+00 -0.3713616E+00  0.0000000E+00
  0.4029371E+01 -0.2172379E+01  0.4807866E+00  0.0000000E+00
 -0.1060248E+01  0.2268832E+01 -0.7246199E+00  0.0000000E+00
  0.3514464E+01  0.6892046E+00  0.9188588E+00  0.0000000E+00
 -0.7811768E+01 -0.1677827E+01  0.4220227E+00  0.0000000E+00
 -0.6856932E-01  0.4329552E+01  0.2348356E+00  0.0000000E+00
  0.3875153E+00 -0.2964281E+00  0.1160840E+01  0.0000000E+00
  0.1519441E+01  0.4653843E+00  0.3465227E+00  0.0000000E+00
  0.1992955E+01 -0.1248150E+02  0.3118967E+01  0.0000000E+00
 -0.1888665E+01 -0.1239865E+02  0.8299937E+00  0.0000000E+00
 -0.6917784E+00 -0.1235794E+02  0.7438987E+00  0.0000000E+00
  0.1546807E+01 -0.1219929E+02  0.8879009E+00  0.0000000E+00
  0.3116913E+01 -0.1209355E+02  0.9891461E+00  0.0000000E+00
  0.3795187E+01 -0.1204766E+02  0.1032874E+01  0.0000000E+00
 -0.1890874E+00  0.8519482E-01 -0.4406569E-02  0.0000000E+00
  0.1711161E+00 -0.3967646E+00  0.3396473E-01  0.0000000E+00
  0.2974780E+00  0.7057890E+00 -0.5779952E-01  0.0000000E+00
 -0.1586721E+01 -0.6851728E+00  0.6712453E-01  0.0000000E+00
 -0.7243995E+00  0.1856977E+01  0.6823501E-01  0.0000000E+00
  0.7984955E+01 -0.4045208E+01 -0.3839934E-01  0.0000000E+00
  0.2568312E+01  0.1021306E+02 -0.1897638E+00  0.0000000E+00
 -0.3317201E+01  0.7671006E+01  0.4966145E+00  0.0000000E+00
  0.1488641E+01  0.1119415E+02 -0.1005467E+01  0.0000000E+00
 -0.5625045E+01 -0.1606246E+02  0.1764639E+01  0.0000000E+00
  0.5271782E+01 -0.8201559E+00 -0.7314256E-01  0.0000000E+00
  0.2083690E+01 -0.2690230E+00 -0.3826825E-01  0.0000000E+00
 -0.1697248E+00  0.9887706E-01 -0.1013008E-01  0.0000000E+00
 -0.1142540E+01  0.2584989E+00  0.1888212E-02  0.0000000E+00
  0.4054985E+00 -0.1209557E-02 -0.1230358E-02  0.0000000E+00
 -0.1571475E+01 -0.5976551E-01  0.1407180E-01  0.0000000E+00
  0.3516583E+01  0.9307594E-01 -0.5533391E-01  0.0000000E+00
 -0.3141067E+01  0.2618752E+00  0.4635618E-01  0.0000000E+00
 -0.2457490E+01 -0.2466276E+00  0.4261771E-01  0.0000000E+00
 -0.2133075E+01  0.2303203E+01  0.3762441E+00  0.0000000E+00
 -0.9965884E+01  0.6346867E+01  0.3751536E-02  0.0000000E+00
 -0.9523148E+00  0.8982483E+01  0.2015119E+01  0.0000000E+00
 -0.9988724E+00  0.8728465E+01 -0.1118373E+01  0.0000000E+00
 -0.5163878E+01 -0.1748877E+00  0.1249799E+01  0.0000000E+00
 -0.2106608E+00  0.3144873E+01 -0.1554619E+00  0.0000000E+00
 -0.7417420E-01  0.1226582E+01 -0.6364783E-01  0.0000000E+00
  0.1826606E-01 -0.1195267E+00  0.2326028E-02  0.0000000E+00
  0.5831980E-01 -0.7010151E+00  0.3076795E-01  0.0000000E+00
 -0.2492901E+00  0.1405993E-01  0.1056235E-01  0.0000000E+00
 -0.5046485E+00 -0.1290784E+00 -0.3404143E-01  0.0000000E+00
  0.8333242E+00  0.3258708E+00  0.5287785E-01  0.0000000E+00
 -0.4199958E+01 -0.9856380E+00 -0.4726824E-01  0.0000000E+00
  0.6619307E+01  0.4743671E+00 -0.1761154E-01  0.0000000E+00
 -0.8017573E+01 -0.2411592E+00 -0.3779394E-01  0.0000000E+00
 -0.1372128E+02  0.2626546E+01 -0.5526097E+00  0.0000000E+00
 -0.1380277E+02 -0.8387225E-01 -0.8595853E+00  0.0000000E+00
 -0.4557760E+01  0.1470237E+02  0.5002039E+00  0.0000000E+00
 -0.3854298E+01  0.9656467E+01  0.9097729E+00  0.0000000E+00
 -0.8158034E+00 -0.4576994E+01 -0.3408164E-01  0.0000000E+00
 -0.3148131E+00 -0.1816860E+01 -0.1303008E-01  0.0000000E+00
  0.3373365E-01  0.1347928E+00  0.2212526E-02  0.0000000E+00
  0.1844083E+00  0.9773121E+00  0.8779972E-02  0.0000000E+00
 -0.4536025E+00 -0.2516005E-01 -0.9183578E-02  0.0000000E+00
 -0.4367246E+00  0.4996429E-01  0.1778820E-01  0.0000000E+00
 -0.1030070E+01 -0.1620511E+00 -0.1659531E-01  0.0000000E+00
 -0.6073252E+00  0.2617122E+00  0.3447180E-01  0.0000000E+00
  0.1961433E+01 -0.2315376E+00 -0.5116758E-01  0.0000000E+00
 -0.2403628E+01 -0.1034770E+01 -0.1008484E+00  0.0000000E+00
  0.1849005E+01 -0.1182577E+01 -0.2606084E+00  0.0000000E+00
  0.6328557E+01 -0.3433316E+01  0.1248346E+00  0.0000000E+00
  0.5606670E+01  0.5384909E+01 -0.2902866E+00  0.0000000E+00
  0.8400953E+00 -0.2465458E+01  0.6054654E-01  0.0000000E+00
  0.3297942E+01 -0.2281315E+01  0.3662560E+00  0.0000000E+00
  0.1285740E+01 -0.8900308E+00  0.1422667E+00  0.0000000E+00
 -0.1293435E+00  0.8707508E-01 -0.1493258E-01  0.0000000E+00
 -0.7405109E+00  0.5091301E+00 -0.8283824E-01  0.0000000E+00
  0.6069667E+00 -0.6075935E-01 -0.1117949E-01  0.0000000E+00
  0.7663102E+00  0.2059035E+00  0.4846669E-01  0.0000000E+00
 -0.1547062E+01 -0.4724405E+00 -0.1115271E+00  0.0000000E+00
  0.5173193E+01  0.1197769E+01  0.1341483E+00  0.0000000E+00
 -0.4935191E+01 -0.1145066E+01 -0.2531385E+00  0.0000000E+00
 -0.2063931E+01  0.2329563E+01  0.4976205E+00  0.0000000E+00
  0.1283826E+01  0.9535270E+00 -0.2479020E+00  0.0000000E+00
 -0.3120160E+00 -0.1118753E+01  0.1110743E+01  0.0000000E+00
 -0.2529194E+01  0.4191769E+01 -0.1707799E+01  0.0000000E+00
 -0.8203117E+01 -0.7716212E+01 -0.1225658E+01  0.0000000E+00
 -0.5970319E+01  0.1469069E+01  0.7424528E+00  0.0000000E+00
 -0.2319978E+01  0.5875637E+00  0.2967038E+00  0.0000000E+00
  0.2410761E+00 -0.4114198E-01 -0.1816513E-01  0.0000000E+00
  0.1347405E+01 -0.3123527E+00 -0.1541040E+00  0.0000000E+00
  0.3162324E+00  0.6312499E-01 -0.1353015E-02  0.0000000E+00
  0.6330015E+00  0.1158652E-01 -0.5574146E-02  0.0000000E+00
 -0.8273555E+00  0.1803053E+00  0.2581010E-01  0.0000000E+00
  0.3931113E+01 -0.5511280E+00 -0.2545009E-01  0.0000000E+00
 -0.1897502E+01  0.3271754E+00  0.1210273E+00  0.0000000E+00
  0.6432148E+01 -0.2513878E+00 -0.4988795E-01  0.0000000E+00
  0.2156987E+00 -0.4375781E+00  0.4865917E+00  0.0000000E+00
  0.5062447E+01 -0.1328200E+02 -0.2268044E+00  0.0000000E+00
 -0.7630079E+01  0.8424386E+00 -0.8678794E+00  0.0000000E+00
  0.6715483E+01 -0.6786274E+01 -0.9751825E+00  0.0000000E+00
  0.4582901E+01  0.7600257E+00  0.1665675E+00  0.0000000E+00
  0.1770503E+01  0.3167213E+00  0.7279754E-01  0.0000000E+00
 -0.1987419E+00 -0.5968700E-02  0.5027217E-02  0.0000000E+00
 -0.1049567E+01 -0.1449311E+00 -0.2417456E-01  0.0000000E+00
